
WARNING: Support for the ADV license package will be ending with the 2022.03 release of IC Validator.



                                  ICV_Compare 

          Version S-2021.06-SP2 for linux64 - Aug 30, 2021 cl#6831572

                    Copyright (c) 1996 - 2021 Synopsys, Inc.
   This software and the associated documentation are proprietary to Synopsys,
 Inc. This software may only be used in accordance with the terms and conditions
 of a written license agreement with Synopsys, Inc. All other use, reproduction,
   or distribution of this software is strictly prohibited.  Licensed Products
     communicate with Synopsys servers for the purpose of providing software
    updates, detecting software piracy and verifying that customers are using
    Licensed Products in conformity with the applicable License Key for such
  Licensed Products. Synopsys will use information gathered in connection with
    this process to deliver software updates and pursue software pirates and
                                   infringers.

 Inclusivity & Diversity - Visit SolvNetPlus to read the "Synopsys Statement on
            Inclusivity and Diversity" (Refer to article 000036315 at
                        https://solvnetplus.synopsys.com)

LVS compare start time    : 2022-05-02 19:21:35
+------------------------------------------------------------------------+
|                            Environment Status                          |
+------------------------------------------------------------------------+

Hostname            = grendel32.ece.ncsu.edu
Platform type       = LINUX.64
Runset file         = /afs/unity.ncsu.edu/users/z/zwmurray/ece546/proj_working/synopsys_custom/inv_2.icv.lvs/FreePDK3_main.lvs.lvs.rs
Working directory   = /afs/unity.ncsu.edu/users/z/zwmurray/ece546/proj_working/synopsys_custom/tspc_flip_flop.icv.lvs
Top cell            = TSPC_FLIP_FLOP
Layout netlist      = /afs/unity.ncsu.edu/users/z/zwmurray/ece546/proj_working/synopsys_custom/tspc_flip_flop.icv.lvs/tspc_flip_flop.net
Schematic netlist   = /afs/unity.ncsu.edu/users/z/zwmurray/ece546/proj_working/synopsys_custom/tspc_flip_flop.icv.lvs/tspc_flip_flop.icv.sp
User functions file = /afs/eos.ncsu.edu/lockers/research/ece/wdavis/tech/FreePDK3/icv/FreePDK3_main.lvs.rs.user_functions
Compare directory   = run_details/compare
Equivalence file (-e) = [none]

+------------------------------------------------------------------------+
|                             Setting Overview                           |
|                 * = different from IC Validator default                |
+------------------------------------------------------------------------+

    == Global Settings ==                     
    schematic global_nets                     = {}
    power nets                                
*       schematic                             = {VDD vdd vdd! VDD!}
*       layout                                = {VDD VDD VDD! VDD!}
    ground nets                               
*       schematic                             = {VSS GND! gnd! vss}
*       layout                                = {VSS GND! GND! VSS}
    join nets                                 
        schematic                             = {}
        layout                                = {}
                                              
    == Merge & Filter ==                      
    filter                                    = 0 device_name
*   merge_parallel                            = 2 device_names
        exclude_functions                     = 0 device_name
*       property_functions                    = 2 device_names
        xref_parallel_map                     = 0 device_name
    merge_series                              = 0 device_name
        exclude_functions                     = 0 device_name
        property_functions                    = 0 device_name
        multiple_paths                        = 0 device_name
        merge_connected_gates                 = 0 device_name
*   short_equivalent_nodes                    = 2 device_names
        series_parallel_stack                 = 0 device_name
    short_equivalent_stack_nodes              = 0 device_name
        exclude_tolerances                    = 0 device_name
*   recognize_gate                            = 2 device_names
        exclude_tolerances                    = 0 device_name
                                              
    == Property ==                            
    check_property                            = 0 device_name
        check_function                        = 0 device_name
    check_property_for_failed_equiv           = false
    lvs_property_epsilon                      = E6
    multiply_width                            = true
    recalculate_property                      = 0 device_name
                                              
    == Hierarchy ==                           
    memory_array_compare                      = true
    push_down_devices                         = false
    push_down_pins                            = true
    remove_dangling_net                       = LAYOUT_UNTEXTED
                                              
    == Netlist Definition ==                  
    delete cells                              
        schematic                             = {}
        layout                                = {}
    pin configuration                         
*       swappable_pins                        = 2 device_names
        ignore pins                           = 0 device_name
    top_cell_ports_static                     = NAME_MATCHED
    define_empty_cell_as_device               = NONE
                                              
    == Report ==                              
    print_messages                            
        equated_nets_list                     = true
        equivalent_cell_list                  = true
        invalid_user_equivs                   = true
        matched_devices_unmatched_nets        = true
        merged_nets_referenced                = true
        netlist_stats                         = true
        nets_promoted_to_pwr_gnd              = true
        non_equivalent_cell_list              = true
        port_xref_table                       = true
        post_compare_stats                    = true
        referenced_merged_devices             = true
        swapped_pin_analysis                  = true
        symmetrical_nodes_found               = true
        uncompared_cell_list                  = true
        all_merged_device_list                = false
        instance_xref_table                   = false
        filtered_device_list                  = false
        series_device_list                    = false
        net_xref_table                        = false
        parallel_device_list                  = false
        pre_merge_stats                       = false
        black_box_signoff                     = true
    wrap_print_message_text                   = true
    print_devices_per_net_max                 = 10
    error_limit_per_check                     = 1000
    write_equiv_netlists                      = FAILED
    print_detail                              
        property                              = COORDINATES_AND_DEVICE_TYPES
        xref_pin                              = NONE
        device_pin                            = ALL
    black_box_file                            = NONE
    ignore_equiv_file                         = NONE
                                              
    == Equiv Control ==                       
    generate_user_equivs                      = NONE
    generate_system_equivs                    = true
*   spice_flow                                = true
*   user_unit_meter                           = true
    ignore_equivs_with_devices_leveled_out    = false
    equivs management                         
        action_on_error                       = NO_EXPLODE
        no_explode_condition                  = NONE
        resolve_duplicate_equivs              = false
        explode_imbalanced_equivs             = true
    matching                                  
        detect_permutable_ports               = false
        match_by_net_name                     = false
        texted_zero_connection_ports          = IGNORE
        black_box_static_ports                = NONE
    match_condition                           
        black_box_duplicates_equiv            = WARNING
        property_mismatch                     = ERROR
        missing_required_property             = ERROR
        illegal_multiplier                    = ERROR
        equate_by_net_name_fails              = WARNING
        equate_nets_fails                     = WARNING
        filtered_schematic_devices            = WARNING
        generate_global_nets                  = WARNING
        matches_must_be_assumed               = WARNING
        merging_without_pwr_gnd               = WARNING
        missing_black_box_cell                = WARNING
        missing_black_box_port                = WARNING
        missing_pin_connection                = WARNING
        new_cell_created                      = WARNING
        no_global_nets_found                  = WARNING
        undefined_property_for_merged_device  = WARNING
        zero_value_property                   = WARNING
        empty_cell_not_defined_as_device      = NONE
        layout_ports_without_name             = NONE
        top_layout_ports_without_name         = NONE
        nets_matched_with_different_name      = NONE
        ports_matched_with_different_name     = NONE
        properties_contradict_connections     = NONE
        port_net_match_non_port_net           = NONE
        top_schematic_port_net_match_non_port_net= NONE
        top_layout_port_net_match_non_port_net= NONE
        top_ports_matched_with_different_name = NONE
        top_schematic_ports_matched_with_different_or_missing_name= NONE
        one_connection_non_port_net           = NONE
        zero_connection_net                   = NONE
    report_black_box_errors                   
        extra_layout_ports                    = ERROR_NO_ABORT
        untexted_layout_ports                 = NONE
        extra_schematic_ports                 = ERROR_NO_ABORT
                                              
    == Case Sensitivity ==                    
    netlist case sensitivity                  
        schematic uppercase                   = false
*       layout uppercase                      = true
    LVS case_sensitive                        = {PROPERTY NET_PORT DEVICE_NAME}
Purging compare directory ... OK
+------------------------------------------------------------------------+
|                           Preprocessing Stage                          |
+------------------------------------------------------------------------+

Loading netlists ... 
Loading netlists Time=0:00:00  User=0.00 Sys=0.01 Mem=0.009 GB

Checking netlists ...
Checking netlists Time=0:00:00  User=0.01 Sys=0.00 Mem=0.009 GB

Prefiltering devices ... 
Prefiltering devices Time=0:00:00  User=0.00 Sys=0.00 Mem=0.009 GB

Removing dangling nets and pushing down connected pins ... 
Pushing down nets Time=0:00:00  User=0.00 Sys=0.00 Mem=0.009 GB

Memory array compare Time=0:00:00  User=0.00 Sys=0.00 Mem=0.010 GB

Creating tree files ... 
    Schematic netlist top cell: tspc_flip_flop        Unique cell count: 1
    Layout netlist top cell: TSPC_FLIP_FLOP        Unique cell count: 1
Creating tree files Time=0:00:00  User=0.00 Sys=0.00 Mem=0.009 GB

Determining system equivalence points ... 
    The final equivalence point file: run_details/equiv.run.

Determining system equivalence points Time=0:00:00  User=0.00 Sys=0.00 Mem=0.009 GB

Removed schematic cells: 
    [none].

Removed layout cells: 
    [none].

Checking equivalence points Time=0:00:00  User=0.00 Sys=0.00 Mem=0.009 GB

Setting equivalence points level Time=0:00:00  User=0.00 Sys=0.00 Mem=0.009 GB

Preprocessing stage finished successfully.
Preprocessing stage Time=0:00:00  User=0.02 Sys=0.01 Mem=0.010 GB

+------------------------------------------------------------------------+
|                             Comparing Stage                            |
+------------------------------------------------------------------------+

+------------------------------------------------------------+
|                           Level 0                          |
+------------------------------------------------------------+


TOP Equivalence point: [tspc_flip_flop, TSPC_FLIP_FLOP] Level = 0

    Flattening netlists ... 
        schematic total device and net count: 13 12 

        layout total device and net count: 13 12 

    Flattening Time=0:00:00  User=0.00 Sys=0.00 Mem=0.013 GB

    Merging and filtering devices ... 
    Merging and filtering Time=0:00:00  User=0.00 Sys=0.00 Mem=0.013 GB

    Recognizing gates ... 
        3 schematic series half gates are created.
        2 schematic cmos gates are created.
        3 layout series half gates are created.
        2 layout cmos gates are created.
    Recognizing gates Time=0:00:00  User=0.00 Sys=0.00 Mem=0.013 GB

    Comparing circuit logic ... 
        Matching unique nets/devices ... 
        Matching 100% elements Time=0:00:00  User=0.00 Sys=0.00 Mem=0.013 GB

    Writing equiv netlists data...
    Writing Time=0:00:00  User=0.01 Sys=0.00 Mem=0.015 GB

    Writing cross-reference database ... 
    Writing Time=0:00:00  User=0.00 Sys=0.00 Mem=0.015 GB

Result: PASS [tspc_flip_flop, TSPC_FLIP_FLOP]
    Summary file: run_details/compare/tspc_flip_flop/sum.tspc_flip_flop.tspc_flip_flop

Elapsed Time=0:00:00  User=0.04 Sys=0.01 Mem=0.015 GB


--------------------------------------------------------------
+------------------------------------------------------------+
|                                                            |
|Level 0:                                                    |
|                                                            |
|    Passed equivalence point(s):                            |
|        tspc_flip_flop == TSPC_FLIP_FLOP                    |
|                                                            |
|    Level 0 Time=0:00:00  User=0.04 Sys=0.02 Mem=0.015 GB   |
|                                                            |
+------------------------------------------------------------+

Clean-up all unresolved suspended equivalence points.
Elapsed Time=0:00:00  User=0.00 Sys=0.00 Mem=0.010 GB
+------------------------------------------------------------------------+
|                           ICV_Compare Summary                          |
+------------------------------------------------------------------------+

    Categorized by pass or fail: 

        1 passed equivalence point(s): 
            tspc_flip_flop == TSPC_FLIP_FLOP  (level 0)


0 blackbox cells checked:
    0 passed
    0 failed

1 equivalence points checked:
    1 passed
    0 failed
Final Comparison Result:PASS

LVS compare end time      : 2022-05-02 19:21:36
Total runtime for LVS compare Time=0:00:01  User=0.35 Sys=0.08 Mem=0.015 GB
