*****************************************************************************
Tool:		exportStream        S-2021.09
*****************************************************************************
Running: exportStream -logFile /afs/unity.ncsu.edu/users/z/zwmurray/ece546/proj_working/synopsys_custom/rowdecoder.icv.lvs/rowdecoder.exportStream.log -lib mylib -libDefFile /afs/unity.ncsu.edu/users/z/zwmurray/ece546/proj_working/lib.defs -cell "rowdecoder" -hierDepth 256 -view "layout" -referenceMap /afs/unity.ncsu.edu/users/z/zwmurray/ece546/proj_working/synopsys_custom/rowdecoder.icv.lvs/rowdecoder.custom_compiler.xml -keepPcells -keepVias -keepAbuts -useTechLayerMap -useTechObjectMap -textHeight matchOABBox -gds /afs/unity.ncsu.edu/users/z/zwmurray/ece546/proj_working/synopsys_custom/rowdecoder.icv.lvs/rowdecoder.custom_compiler.gds -colorMapping honor
Started: Wed Apr 20 01:54:31 2022 (Hostname: grendel25.ece.ncsu.edu)
Reading layer map /afs/eos.ncsu.edu/lockers/research/ece/wdavis/tech/FreePDK3/syncust/NCSU_TechLib_FreePDK3/NCSU_TechLib_FreePDK3.layermap

INFO: (EXPORT_STREAM-80033): Translating design NCSU_TechLib_FreePDK3/nmos/layout as "nmos".
INFO: (EXPORT_STREAM-80033): Translating design NCSU_TechLib_FreePDK3/pmos/layout as "pmos".
INFO: (EXPORT_STREAM-80033): Translating design NCSU_TechLib_FreePDK3/BPR_M0A/layout as "BPR_M0A".
INFO: (EXPORT_STREAM-80033): Translating design NCSU_TechLib_FreePDK3/M0A_M0B/layout as "M0A_M0B".
INFO: (EXPORT_STREAM-80033): Translating design NCSU_TechLib_FreePDK3/GATE_M0B/layout as "GATE_M0B".
INFO: (EXPORT_STREAM-80033): Translating design mylib/inv_2/layout as "inv_2".
INFO: (EXPORT_STREAM-80033): Translating design NCSU_TechLib_FreePDK3/M0B_M1/layout as "M0B_M1".
INFO: (EXPORT_STREAM-80033): Translating design NCSU_TechLib_FreePDK3/M1_M2/layout as "M1_M2".
INFO: (EXPORT_STREAM-80033): Translating design mylib/nor_5/layout as "nor_5".
INFO: (EXPORT_STREAM-80033): Translating design mylib/rowdecoder/layout as "rowdecoder".

Primary Cell(s):
	1.rowdecoder

Cell Statistics:
	CellName    Rectangles  Polygons    Paths       PathSegs    Labels      Instances   Arrays      Nodes       
	BPR_M0A     3           0           0           0           0           0           0           0           
	GATE_M0B    3           0           0           0           0           0           0           0           
	M0A_M0B     3           0           0           0           0           0           0           0           
	M0B_M1      3           0           0           0           0           0           0           0           
	M1_M2       3           0           0           0           0           0           0           0           
	inv_2       14          0           0           0           4           7           0           0           
	nmos        7           0           0           0           0           0           0           0           
	nor_5       28          0           0           0           6           24          0           0           
	pmos        8           0           0           0           0           0           0           0           
	rowdecoder  344         0           0           0           13          147         0           0           

Layer Statistics:
	Layer       Purpose  StreamLayer     StreamDataType  Rectangles  Polygons    Paths       PathSegs    Labels      Nodes       
	M1          drawing  14              0               30          0           0           0           0           0
	GCON        drawing  11              0               1           0           0           0           0           0
	V0A         drawing  10              0               1           0           0           0           0           0
	V1          drawing  15              0               1           0           0           0           0           0
	M0B         drawing  12              0               47          0           0           0           17          0
	BPR         drawing  0               0               31          0           0           0           6           0
	DUMMY       drawing  6               0               81          0           0           0           0           0
	NW          drawing  2               0               3           0           0           0           0           0
	PIM         drawing  8               0               13          0           0           0           0           0
	M2          drawing  16              0               44          0           0           0           0           0
	V0B         drawing  13              0               1           0           0           0           0           0
	NIM         drawing  7               0               13          0           0           0           0           0
	ACT         drawing  3               0               32          0           0           0           0           0
	M0A         drawing  9               0               35          0           0           0           0           0
	VBPR        drawing  1               0               1           0           0           0           0           0
	GATE        drawing  4               0               82          0           0           0           0           0

Summary of Objects:
	Scalar Instances:             178
	Array Instances:              0
	Vector Instances:             0
	Vector Instance Bits:         0
	Polygons:                     0
	Paths:                        0
	Rectangles:                   416
	Lines:                        0
	Arcs:                         0
	Donuts:                       0
	Dots:                         0
	Ellipses:                     0
	Blockages:                    0
	Boundaries:                   0
	Routes:                       0
	Text:                         4
	Text Displays:                
	  PropDisplay:                0
	  AttrDisplay:                19
	  TextOverride:               0
	PathSeg:                      0
	StdVia:                       0
	CustomVia:                    0
	Cells:                        10


Finished:     exportStream
Time Elapsed: 1.14 seconds
CPU Time:     1.01352 seconds
System Time:  0.108269 seconds
Peak VM:      12636160 bytes
Messages:     0 error, 0 warning
