7221:19 Apr 20:24:13.973 : Launched Redis process 7222 on port 39743. Attempting to connect...
7222:C 19 Apr 2022 20:24:13.980 # oO0OoO0OoO0Oo Redis is starting oO0OoO0OoO0Oo
7222:C 19 Apr 2022 20:24:13.980 # Redis version=6.0.9, bits=64, commit=00000000, modified=0, pid=7222, just started
7222:C 19 Apr 2022 20:24:13.980 # Configuration loaded
7222:M 19 Apr 2022 20:24:13.981 # You requested maxclients of 10000 requiring at least 10032 max file descriptors.
7222:M 19 Apr 2022 20:24:13.981 # Server can't set maximum open files to 10032 because of OS error: Operation not permitted.
7222:M 19 Apr 2022 20:24:13.981 # Current maximum open files is 4096. maxclients has been reduced to 4064 to compensate for low ulimit. If you need higher maxclients increase 'ulimit -n'.
7222:M 19 Apr 2022 20:24:13.982 * Running mode=standalone, port=39743.
7222:M 19 Apr 2022 20:24:13.982 # WARNING: The TCP backlog setting of 511 cannot be enforced because /proc/sys/net/core/somaxconn is set to the lower value of 128.
7222:M 19 Apr 2022 20:24:13.982 # Server initialized
7222:M 19 Apr 2022 20:24:13.982 # WARNING overcommit_memory is set to 0! Background save may fail under low memory condition. To fix this issue add 'vm.overcommit_memory = 1' to /etc/sysctl.conf and then reboot or run the command 'sysctl vm.overcommit_memory=1' for this to take effect.
7222:M 19 Apr 2022 20:24:13.982 # WARNING you have Transparent Huge Pages (THP) support enabled in your kernel. This will create latency and memory usage issues with Redis. To fix this issue run the command 'echo madvise > /sys/kernel/mm/transparent_hugepage/enabled' as root, and add it to your /etc/rc.local in order to retain the setting after a reboot. Redis must be restarted after THP is disabled (set to 'madvise' or 'never').
7222:M 19 Apr 2022 20:24:13.982 * Ready to accept connections
7221:19 Apr 20:24:13.984 : Successfully connected to Redis at 127.0.0.1:39743
7221:19 Apr 20:24:13.992 : Successfully connected to local Redis instance at grendel31.ece.ncsu.edu:39743
7227:19 Apr 20:24:20.901 : [19 Apr 20:24:14.028] Service 'cluster' registered on grendel31.ece.ncsu.edu:39391
7228:19 Apr 20:24:20.902 : [19 Apr 20:24:14.029] Service 'lock_manager' registered on grendel31.ece.ncsu.edu:32860
7231:19 Apr 20:24:20.902 : [19 Apr 20:24:14.035] Service 'cleanup' registered on grendel31.ece.ncsu.edu:47505
7230:19 Apr 20:24:20.902 : [19 Apr 20:24:14.035] Service 'memory_manager' registered on grendel31.ece.ncsu.edu:45295
7229:19 Apr 20:24:20.902 : [19 Apr 20:24:14.063] Service 'hdb' registered on grendel31.ece.ncsu.edu:59619
7281:19 Apr 20:24:20.902 : [19 Apr 20:24:16.351] Service 'license_manager' registered on grendel31.ece.ncsu.edu:38342
7212:19 Apr 20:24:20.902 : [19 Apr 20:24:16.605] Service 'add_host' registered on grendel31.ece.ncsu.edu:56017
7299:19 Apr 20:24:20.902 : [19 Apr 20:24:16.617] Per-host service 'worker_pool' registered on grendel31.ece.ncsu.edu:48118
7299:19 Apr 20:24:20.902 : [19 Apr 20:24:16.623] Per-host service 'host_stats' registered on grendel31.ece.ncsu.edu:46290
7228:19 Apr 20:24:20.902 : [19 Apr 20:24:20.815] Removing service 'service:lock_manager'
7227:19 Apr 20:24:20.902 : [19 Apr 20:24:20.815] Removing service 'service:cluster'
7230:19 Apr 20:24:20.903 : [19 Apr 20:24:20.815] Removing service 'service:memory_manager'
7229:19 Apr 20:24:20.903 : [19 Apr 20:24:20.815] Removing service 'service:hdb'
7281:19 Apr 20:24:20.903 : [19 Apr 20:24:20.817] Removing service 'service:license_manager'
7299:19 Apr 20:24:20.903 : [19 Apr 20:24:20.818] Removing service 'service:worker_pool:grendel31.ece.ncsu.edu'
7299:19 Apr 20:24:20.903 : [19 Apr 20:24:20.818] Removing service 'service:host_stats:grendel31.ece.ncsu.edu'
7212:19 Apr 20:24:20.903 : [19 Apr 20:24:20.857] Removing service 'service:add_host'
7221:19 Apr 20:24:20.903 : Parent died. Exiting.
7222:M 19 Apr 2022 20:24:20.903 # User requested shutdown...
7222:M 19 Apr 2022 20:24:20.903 # Redis is now ready to exit, bye bye...
