[JudicatorDaemon] Daemon started with pid = 18592
bind to socket file /tmp/judisock_Kl9YML, socklen = 22.
started listen() on socket 18
  New connection to poll - 18
  New connection to poll - 19
  Listening socket is readable
  New connection to poll - 20
added new engine pid=18608,rank=1,slot=0
  Listening socket is readable
  New connection to poll - 21
Adding fd 21 (pid=18608,rank=1,slot=0) to connection catalog
Engine 1 (pid 18608) host memory = 96508MB.
  Listening socket is readable
  New connection to poll - 23
added new engine pid=18629,rank=0,slot=1
  Listening socket is readable
  New connection to poll - 24
Adding fd 24 (pid=18629,rank=0,slot=1) to connection catalog
Engine 0 (pid 18629) host memory = 96508MB.
Auto thread command 1383 387.0.0 (w=0.0 aw=0.0 lp=0 grd=0) started on engine pid=18608,rank=1,slot=0
command 1383 387.0.0 ended on engine pid=18608,rank=1,slot=0
Auto thread command 1383 387.0.0 (w=0.0 aw=0.0 lp=0 grd=0) started on engine pid=18629,rank=0,slot=1
command 1383 387.0.0 ended on engine pid=18629,rank=0,slot=1
Auto thread command 1147 317.0.0 (w=0.0 aw=0.0 lp=0 grd=0) started on engine pid=18629,rank=0,slot=1
command 1147 317.0.0 ended on engine pid=18629,rank=0,slot=1
Auto thread command 1154 319.0.0 (w=0.0 aw=0.0 lp=0 grd=0) started on engine pid=18629,rank=0,slot=1
command 1154 319.0.0 ended on engine pid=18629,rank=0,slot=1
Removing fd 24 from connection catalog
  Descriptor 24 hang up
Cannot identify connection with fd 24. No engine to shutdown.
Closing socket 24
  Listening socket is readable
  New connection to poll - 24
Adding fd 24 (pid=18629,rank=0,slot=1) to connection catalog
Engine 0 (pid 18629) host memory = 96508MB.
Auto thread command 1161 322.0.0 (w=0.0 aw=0.0 lp=0 grd=0) started on engine pid=18608,rank=1,slot=0
command 1161 322.0.0 ended on engine pid=18608,rank=1,slot=0
Removing fd 21 from connection catalog
  Descriptor 21 hang up
Cannot identify connection with fd 21. No engine to shutdown.
Closing socket 21
[1.000552s] usr=0.0s, sys=0.0s
Auto thread command 1383 387.0.0 (w=0.0 aw=0.0 lp=0 grd=0) started on engine pid=18629,rank=0,slot=1
command 1383 387.0.0 ended on engine pid=18629,rank=0,slot=1
  Listening socket is readable
  New connection to poll - 21
Adding fd 21 (pid=18608,rank=1,slot=0) to connection catalog
Engine 1 (pid 18608) host memory = 96508MB.
Auto thread command 1169 324.0.0 (w=0.0 aw=0.0 lp=0 grd=0) started on engine pid=18629,rank=0,slot=1
Auto thread command 1383 387.0.0 (w=0.0 aw=0.0 lp=0 grd=0) started on engine pid=18608,rank=1,slot=0
command 1383 387.0.0 ended on engine pid=18608,rank=1,slot=0
Auto thread command 0 0 (w=0.0 aw=0.0 lp=0 grd=0) started on engine pid=18608,rank=1,slot=0
command 0 0 ended on engine pid=18608,rank=1,slot=0
Removing fd 21 from connection catalog
  Descriptor 21 hang up
Cannot identify connection with fd 21. No engine to shutdown.
Closing socket 21
command 1169 324.0.0 ended on engine pid=18629,rank=0,slot=1
  Listening socket is readable
  New connection to poll - 21
Adding fd 21 (pid=18608,rank=1,slot=0) to connection catalog
Engine 1 (pid 18608) host memory = 96508MB.
Auto thread command 1391 391.0.0 (w=0.0 aw=0.0 lp=0 grd=0) started on engine pid=18629,rank=0,slot=1
command 1391 391.0.0 ended on engine pid=18629,rank=0,slot=1
Auto thread command 1400 392.0.0 (w=0.0 aw=0.0 lp=0 grd=0) started on engine pid=18629,rank=0,slot=1
command 1400 392.0.0 ended on engine pid=18629,rank=0,slot=1
Removing fd 24 from connection catalog
  Descriptor 24 hang up
Cannot identify connection with fd 24. No engine to shutdown.
Closing socket 24
Auto thread command 1383 387.0.0 (w=0.0 aw=0.0 lp=0 grd=0) started on engine pid=18608,rank=1,slot=0
command 1383 387.0.0 ended on engine pid=18608,rank=1,slot=0
Auto thread command 1709 472.0.0 (w=0.0 aw=0.0 lp=0 grd=0) started on engine pid=18608,rank=1,slot=0
command 1709 472.0.0 ended on engine pid=18608,rank=1,slot=0
Auto thread command 1693 468.0.0 (w=0.0 aw=0.0 lp=0 grd=0) started on engine pid=18608,rank=1,slot=0
command 1693 468.0.0 ended on engine pid=18608,rank=1,slot=0
Auto thread command 1659 459.0.0 (w=0.0 aw=0.0 lp=0 grd=0) started on engine pid=18608,rank=1,slot=0
command 1659 459.0.0 ended on engine pid=18608,rank=1,slot=0
Auto thread command 1643 455.0.0 (w=0.0 aw=0.0 lp=0 grd=0) started on engine pid=18608,rank=1,slot=0
command 1643 455.0.0 ended on engine pid=18608,rank=1,slot=0
Auto thread command 1627 451.0.0 (w=0.0 aw=0.0 lp=0 grd=0) started on engine pid=18608,rank=1,slot=0
command 1627 451.0.0 ended on engine pid=18608,rank=1,slot=0
Auto thread command 1611 447.0.0 (w=0.0 aw=0.0 lp=0 grd=0) started on engine pid=18608,rank=1,slot=0
command 1611 447.0.0 ended on engine pid=18608,rank=1,slot=0
Auto thread command 1595 443.0.0 (w=0.0 aw=0.0 lp=0 grd=0) started on engine pid=18608,rank=1,slot=0
command 1595 443.0.0 ended on engine pid=18608,rank=1,slot=0
Auto thread command 1579 439.0.0 (w=0.0 aw=0.0 lp=0 grd=0) started on engine pid=18608,rank=1,slot=0
command 1579 439.0.0 ended on engine pid=18608,rank=1,slot=0
Auto thread command 1563 435.0.0 (w=0.0 aw=0.0 lp=0 grd=0) started on engine pid=18608,rank=1,slot=0
command 1563 435.0.0 ended on engine pid=18608,rank=1,slot=0
Auto thread command 1547 431.0.0 (w=0.0 aw=0.0 lp=0 grd=0) started on engine pid=18608,rank=1,slot=0
command 1547 431.0.0 ended on engine pid=18608,rank=1,slot=0
Auto thread command 1531 427.0.0 (w=0.0 aw=0.0 lp=0 grd=0) started on engine pid=18608,rank=1,slot=0
command 1531 427.0.0 ended on engine pid=18608,rank=1,slot=0
Auto thread command 1515 423.0.0 (w=0.0 aw=0.0 lp=0 grd=0) started on engine pid=18608,rank=1,slot=0
command 1515 423.0.0 ended on engine pid=18608,rank=1,slot=0
Auto thread command 1499 419.0.0 (w=0.0 aw=0.0 lp=0 grd=0) started on engine pid=18608,rank=1,slot=0
command 1499 419.0.0 ended on engine pid=18608,rank=1,slot=0
Auto thread command 1483 415.0.0 (w=0.0 aw=0.0 lp=0 grd=0) started on engine pid=18608,rank=1,slot=0
command 1483 415.0.0 ended on engine pid=18608,rank=1,slot=0
Auto thread command 1467 411.0.0 (w=0.0 aw=0.0 lp=0 grd=0) started on engine pid=18608,rank=1,slot=0
command 1467 411.0.0 ended on engine pid=18608,rank=1,slot=0
Auto thread command 1444 407.0.0 (w=0.0 aw=0.0 lp=0 grd=0) started on engine pid=18608,rank=1,slot=0
command 1444 407.0.0 ended on engine pid=18608,rank=1,slot=0
Auto thread command 1388 390.0.0 (w=0.0 aw=0.0 lp=0 grd=0) started on engine pid=18608,rank=1,slot=0
command 1388 390.0.0 ended on engine pid=18608,rank=1,slot=0
Auto thread command 1456 408.0.0 (w=0.0 aw=0.0 lp=0 grd=0) started on engine pid=18608,rank=1,slot=0
command 1456 408.0.0 ended on engine pid=18608,rank=1,slot=0
Auto thread command 1472 412.0.0 (w=0.0 aw=0.0 lp=0 grd=0) started on engine pid=18608,rank=1,slot=0
command 1472 412.0.0 ended on engine pid=18608,rank=1,slot=0
Auto thread command 1488 416.0.0 (w=0.0 aw=0.0 lp=0 grd=0) started on engine pid=18608,rank=1,slot=0
command 1488 416.0.0 ended on engine pid=18608,rank=1,slot=0
Auto thread command 1504 420.0.0 (w=0.0 aw=0.0 lp=0 grd=0) started on engine pid=18608,rank=1,slot=0
command 1504 420.0.0 ended on engine pid=18608,rank=1,slot=0
Auto thread command 1520 424.0.0 (w=0.0 aw=0.0 lp=0 grd=0) started on engine pid=18608,rank=1,slot=0
command 1520 424.0.0 ended on engine pid=18608,rank=1,slot=0
Auto thread command 1536 428.0.0 (w=0.0 aw=0.0 lp=0 grd=0) started on engine pid=18608,rank=1,slot=0
command 1536 428.0.0 ended on engine pid=18608,rank=1,slot=0
Auto thread command 1552 432.0.0 (w=0.0 aw=0.0 lp=0 grd=0) started on engine pid=18608,rank=1,slot=0
command 1552 432.0.0 ended on engine pid=18608,rank=1,slot=0
Auto thread command 1568 436.0.0 (w=0.0 aw=0.0 lp=0 grd=0) started on engine pid=18608,rank=1,slot=0
command 1568 436.0.0 ended on engine pid=18608,rank=1,slot=0
Auto thread command 1584 440.0.0 (w=0.0 aw=0.0 lp=0 grd=0) started on engine pid=18608,rank=1,slot=0
  Listening socket is readable
  New connection to poll - 24
Adding fd 24 (pid=18629,rank=0,slot=1) to connection catalog
Engine 0 (pid 18629) host memory = 96508MB.
command 1584 440.0.0 ended on engine pid=18608,rank=1,slot=0
Auto thread command 1600 444.0.0 (w=0.0 aw=0.0 lp=0 grd=0) started on engine pid=18608,rank=1,slot=0
command 1600 444.0.0 ended on engine pid=18608,rank=1,slot=0
Auto thread command 1616 448.0.0 (w=0.0 aw=0.0 lp=0 grd=0) started on engine pid=18608,rank=1,slot=0
command 1616 448.0.0 ended on engine pid=18608,rank=1,slot=0
Auto thread command 1632 452.0.0 (w=0.0 aw=0.0 lp=0 grd=0) started on engine pid=18608,rank=1,slot=0
command 1632 452.0.0 ended on engine pid=18608,rank=1,slot=0
Auto thread command 1648 456.0.0 (w=0.0 aw=0.0 lp=0 grd=0) started on engine pid=18608,rank=1,slot=0
command 1648 456.0.0 ended on engine pid=18608,rank=1,slot=0
Auto thread command 1664 460.0.0 (w=0.0 aw=0.0 lp=0 grd=0) started on engine pid=18608,rank=1,slot=0
command 1664 460.0.0 ended on engine pid=18608,rank=1,slot=0
Auto thread command 1698 469.0.0 (w=0.0 aw=0.0 lp=0 grd=0) started on engine pid=18608,rank=1,slot=0
command 1698 469.0.0 ended on engine pid=18608,rank=1,slot=0
Auto thread command 1714 473.0.0 (w=0.0 aw=0.0 lp=0 grd=0) started on engine pid=18608,rank=1,slot=0
command 1714 473.0.0 ended on engine pid=18608,rank=1,slot=0
Auto thread command 4414 1186.0.0 (w=0.0 aw=0.0 lp=0 grd=0) started on engine pid=18608,rank=1,slot=0
command 4414 1186.0.0 ended on engine pid=18608,rank=1,slot=0
Auto thread command 1403 393.0.0 (w=0.0 aw=0.0 lp=0 grd=0) started on engine pid=18608,rank=1,slot=0
command 1403 393.0.0 ended on engine pid=18608,rank=1,slot=0
Auto thread command 1719 474.0.0 (w=0.0 aw=0.0 lp=0 grd=0) started on engine pid=18608,rank=1,slot=0
command 1719 474.0.0 ended on engine pid=18608,rank=1,slot=0
Auto thread command 3690 960.0.0 (w=0.0 aw=0.0 lp=0 grd=0) started on engine pid=18608,rank=1,slot=0
command 3690 960.0.0 ended on engine pid=18608,rank=1,slot=0
Auto thread command 3694 961.0.0 (w=0.0 aw=0.0 lp=0 grd=0) started on engine pid=18608,rank=1,slot=0
command 3694 961.0.0 ended on engine pid=18608,rank=1,slot=0
Auto thread command 3701 963.0.0 (w=0.0 aw=0.0 lp=0 grd=0) started on engine pid=18608,rank=1,slot=0
command 3701 963.0.0 ended on engine pid=18608,rank=1,slot=0
Auto thread command 3566 929.0.0 (w=0.0 aw=0.0 lp=0 grd=0) started on engine pid=18608,rank=1,slot=0
command 3566 929.0.0 ended on engine pid=18608,rank=1,slot=0
Auto thread command 3570 930.0.0 (w=0.0 aw=0.0 lp=0 grd=0) started on engine pid=18608,rank=1,slot=0
command 3570 930.0.0 ended on engine pid=18608,rank=1,slot=0
Auto thread command 3582 933.0.0 (w=0.0 aw=0.0 lp=0 grd=0) started on engine pid=18608,rank=1,slot=0
command 3582 933.0.0 ended on engine pid=18608,rank=1,slot=0
Auto thread command 3578 932.0.0 (w=0.0 aw=0.0 lp=0 grd=0) started on engine pid=18608,rank=1,slot=0
command 3578 932.0.0 ended on engine pid=18608,rank=1,slot=0
Auto thread command 3588 935.0.0 (w=0.0 aw=0.0 lp=0 grd=0) started on engine pid=18608,rank=1,slot=0
command 3588 935.0.0 ended on engine pid=18608,rank=1,slot=0
Auto thread command 3653 947.0.0 (w=0.0 aw=0.0 lp=0 grd=0) started on engine pid=18608,rank=1,slot=0
command 3653 947.0.0 ended on engine pid=18608,rank=1,slot=0
Auto thread command 3645 946.0.0 (w=0.0 aw=0.0 lp=0 grd=0) started on engine pid=18608,rank=1,slot=0
command 3645 946.0.0 ended on engine pid=18608,rank=1,slot=0
Auto thread command 3661 948.0.0 (w=0.0 aw=0.0 lp=0 grd=0) started on engine pid=18608,rank=1,slot=0
command 3661 948.0.0 ended on engine pid=18608,rank=1,slot=0
Auto thread command 3574 931.0.0 (w=0.0 aw=0.0 lp=0 grd=0) started on engine pid=18608,rank=1,slot=0
command 3574 931.0.0 ended on engine pid=18608,rank=1,slot=0
Auto thread command 3585 934.0.0 (w=0.0 aw=0.0 lp=0 grd=0) started on engine pid=18608,rank=1,slot=0
command 3585 934.0.0 ended on engine pid=18608,rank=1,slot=0
Auto thread command 3595 937.0.0 (w=0.0 aw=0.0 lp=0 grd=0) started on engine pid=18608,rank=1,slot=0
command 3595 937.0.0 ended on engine pid=18608,rank=1,slot=0
Auto thread command 3634 944.0.0 (w=0.0 aw=0.0 lp=0 grd=0) started on engine pid=18608,rank=1,slot=0
command 3634 944.0.0 ended on engine pid=18608,rank=1,slot=0
Auto thread command 3622 942.0.0 (w=0.0 aw=0.0 lp=0 grd=0) started on engine pid=18608,rank=1,slot=0
command 3622 942.0.0 ended on engine pid=18608,rank=1,slot=0
Auto thread command 3626 943.0.0 (w=0.0 aw=0.0 lp=0 grd=0) started on engine pid=18608,rank=1,slot=0
command 3626 943.0.0 ended on engine pid=18608,rank=1,slot=0
Auto thread command 3642 945.0.0 (w=0.0 aw=0.0 lp=0 grd=0) started on engine pid=18608,rank=1,slot=0
command 3642 945.0.0 ended on engine pid=18608,rank=1,slot=0
Auto thread command 3591 936.0.0 (w=0.0 aw=0.0 lp=0 grd=0) started on engine pid=18608,rank=1,slot=0
command 3591 936.0.0 ended on engine pid=18608,rank=1,slot=0
Auto thread command 3611 940.0.0 (w=0.0 aw=0.0 lp=0 grd=0) started on engine pid=18608,rank=1,slot=0
command 3611 940.0.0 ended on engine pid=18608,rank=1,slot=0
Auto thread command 3599 938.0.0 (w=0.0 aw=0.0 lp=0 grd=0) started on engine pid=18608,rank=1,slot=0
command 3599 938.0.0 ended on engine pid=18608,rank=1,slot=0
Auto thread command 3603 939.0.0 (w=0.0 aw=0.0 lp=0 grd=0) started on engine pid=18608,rank=1,slot=0
command 3603 939.0.0 ended on engine pid=18608,rank=1,slot=0
Auto thread command 3619 941.0.0 (w=0.0 aw=0.0 lp=0 grd=0) started on engine pid=18608,rank=1,slot=0
command 3619 941.0.0 ended on engine pid=18608,rank=1,slot=0
Auto thread command 3549 925.0.0 (w=0.0 aw=0.0 lp=0 grd=0) started on engine pid=18608,rank=1,slot=0
command 3549 925.0.0 ended on engine pid=18608,rank=1,slot=0
Auto thread command 3664 949.0.0 (w=0.0 aw=0.0 lp=0 grd=0) started on engine pid=18608,rank=1,slot=0
command 3664 949.0.0 ended on engine pid=18608,rank=1,slot=0
Auto thread command 3672 952.0.0 (w=0.0 aw=0.0 lp=0 grd=0) started on engine pid=18608,rank=1,slot=0
command 3672 952.0.0 ended on engine pid=18608,rank=1,slot=0
Auto thread command 3557 926.0.0 (w=0.0 aw=0.0 lp=0 grd=0) started on engine pid=18608,rank=1,slot=0
command 3557 926.0.0 ended on engine pid=18608,rank=1,slot=0
Auto thread command 3536 922.0.0 (w=0.0 aw=0.0 lp=0 grd=0) started on engine pid=18608,rank=1,slot=0
command 3536 922.0.0 ended on engine pid=18608,rank=1,slot=0
Auto thread command 3539 923.0.0 (w=0.0 aw=0.0 lp=0 grd=0) started on engine pid=18608,rank=1,slot=0
command 3539 923.0.0 ended on engine pid=18608,rank=1,slot=0
Auto thread command 3560 927.0.0 (w=0.0 aw=0.0 lp=0 grd=0) started on engine pid=18608,rank=1,slot=0
command 3560 927.0.0 ended on engine pid=18608,rank=1,slot=0
Auto thread command 3562 928.0.0 (w=0.0 aw=0.0 lp=0 grd=0) started on engine pid=18608,rank=1,slot=0
command 3562 928.0.0 ended on engine pid=18608,rank=1,slot=0
Auto thread command 3546 924.0.0 (w=0.0 aw=0.0 lp=0 grd=0) started on engine pid=18608,rank=1,slot=0
command 3546 924.0.0 ended on engine pid=18608,rank=1,slot=0
Auto thread command 3499 914.0.0 (w=0.0 aw=0.0 lp=0 grd=0) started on engine pid=18608,rank=1,slot=0
command 3499 914.0.0 ended on engine pid=18608,rank=1,slot=0
Auto thread command 3502 915.0.0 (w=0.0 aw=0.0 lp=0 grd=0) started on engine pid=18608,rank=1,slot=0
Auto thread command 1383 387.0.0 (w=0.0 aw=0.0 lp=0 grd=0) started on engine pid=18629,rank=0,slot=1
command 1383 387.0.0 ended on engine pid=18629,rank=0,slot=1
Auto thread command 1703 470.0.0 (w=0.0 aw=0.0 lp=0 grd=0) started on engine pid=18629,rank=0,slot=1
command 3502 915.0.0 ended on engine pid=18608,rank=1,slot=0
Auto thread command 1669 461.0.0 (w=0.0 aw=0.0 lp=0 grd=0) started on engine pid=18608,rank=1,slot=0
command 1669 461.0.0 ended on engine pid=18608,rank=1,slot=0
Auto thread command 3305 859.0.0 (w=0.0 aw=0.0 lp=0 grd=0) started on engine pid=18608,rank=1,slot=0
command 1703 470.0.0 ended on engine pid=18629,rank=0,slot=1
command 3305 859.0.0 ended on engine pid=18608,rank=1,slot=0
Auto thread command 3524 919.0.0 (w=0.0 aw=0.0 lp=0 grd=0) started on engine pid=18629,rank=0,slot=1
Auto thread command 3309 860.0.0 (w=0.0 aw=0.0 lp=0 grd=0) started on engine pid=18608,rank=1,slot=0
command 3309 860.0.0 ended on engine pid=18608,rank=1,slot=0
Auto thread command 3316 862.0.0 (w=0.0 aw=0.0 lp=0 grd=0) started on engine pid=18608,rank=1,slot=0
command 3316 862.0.0 ended on engine pid=18608,rank=1,slot=0
Auto thread command 3520 918.0.0 (w=0.0 aw=0.0 lp=0 grd=0) started on engine pid=18608,rank=1,slot=0
command 3524 919.0.0 ended on engine pid=18629,rank=0,slot=1
Auto thread command 3528 920.0.0 (w=0.0 aw=0.0 lp=0 grd=0) started on engine pid=18629,rank=0,slot=1
command 3528 920.0.0 ended on engine pid=18629,rank=0,slot=1
Auto thread command 3533 921.0.0 (w=0.0 aw=0.0 lp=0 grd=0) started on engine pid=18629,rank=0,slot=1
command 3520 918.0.0 ended on engine pid=18608,rank=1,slot=0
Auto thread command 3516 917.0.0 (w=0.0 aw=0.0 lp=0 grd=0) started on engine pid=18608,rank=1,slot=0
command 3533 921.0.0 ended on engine pid=18629,rank=0,slot=1
Auto thread command 3492 912.0.0 (w=0.0 aw=0.0 lp=0 grd=0) started on engine pid=18629,rank=0,slot=1
command 3516 917.0.0 ended on engine pid=18608,rank=1,slot=0
Auto thread command 3469 907.0.0 (w=0.0 aw=0.0 lp=0 grd=0) started on engine pid=18608,rank=1,slot=0
command 3469 907.0.0 ended on engine pid=18608,rank=1,slot=0
Auto thread command 3472 908.0.0 (w=0.0 aw=0.0 lp=0 grd=0) started on engine pid=18608,rank=1,slot=0
command 3492 912.0.0 ended on engine pid=18629,rank=0,slot=1
Auto thread command 3465 906.0.0 (w=0.0 aw=0.0 lp=0 grd=0) started on engine pid=18629,rank=0,slot=1
command 3472 908.0.0 ended on engine pid=18608,rank=1,slot=0
Auto thread command 3496 913.0.0 (w=0.0 aw=0.0 lp=0 grd=0) started on engine pid=18608,rank=1,slot=0
command 3496 913.0.0 ended on engine pid=18608,rank=1,slot=0
Auto thread command 3508 916.0.0 (w=0.0 aw=0.0 lp=0 grd=0) started on engine pid=18608,rank=1,slot=0
command 3465 906.0.0 ended on engine pid=18629,rank=0,slot=1
Auto thread command 3478 909.0.0 (w=0.0 aw=0.0 lp=0 grd=0) started on engine pid=18629,rank=0,slot=1
command 3478 909.0.0 ended on engine pid=18629,rank=0,slot=1
Auto thread command 3459 905.0.0 (w=0.0 aw=0.0 lp=0 grd=0) started on engine pid=18629,rank=0,slot=1
command 3508 916.0.0 ended on engine pid=18608,rank=1,slot=0
Auto thread command 3453 904.0.0 (w=0.0 aw=0.0 lp=0 grd=0) started on engine pid=18608,rank=1,slot=0
[2.000535s] usr=0.0s, sys=0.02s
command 3459 905.0.0 ended on engine pid=18629,rank=0,slot=1
Auto thread command 3442 902.0.0 (w=0.0 aw=0.0 lp=0 grd=0) started on engine pid=18629,rank=0,slot=1
command 3442 902.0.0 ended on engine pid=18629,rank=0,slot=1
command 3453 904.0.0 ended on engine pid=18608,rank=1,slot=0
Auto thread command 3445 903.0.0 (w=0.0 aw=0.0 lp=0 grd=0) started on engine pid=18629,rank=0,slot=1
Auto thread command 3431 900.0.0 (w=0.0 aw=0.0 lp=0 grd=0) started on engine pid=18608,rank=1,slot=0
command 3431 900.0.0 ended on engine pid=18608,rank=1,slot=0
Auto thread command 3434 901.0.0 (w=0.0 aw=0.0 lp=0 grd=0) started on engine pid=18608,rank=1,slot=0
command 3445 903.0.0 ended on engine pid=18629,rank=0,slot=1
Auto thread command 3415 897.0.0 (w=0.0 aw=0.0 lp=0 grd=0) started on engine pid=18629,rank=0,slot=1
command 3434 901.0.0 ended on engine pid=18608,rank=1,slot=0
Auto thread command 3409 896.0.0 (w=0.0 aw=0.0 lp=0 grd=0) started on engine pid=18608,rank=1,slot=0
command 3415 897.0.0 ended on engine pid=18629,rank=0,slot=1
Auto thread command 3421 898.0.0 (w=0.0 aw=0.0 lp=0 grd=0) started on engine pid=18629,rank=0,slot=1
command 3421 898.0.0 ended on engine pid=18629,rank=0,slot=1
command 3409 896.0.0 ended on engine pid=18608,rank=1,slot=0
Auto thread command 3427 899.0.0 (w=0.0 aw=0.0 lp=0 grd=0) started on engine pid=18629,rank=0,slot=1
Auto thread command 1927 568.0.0 (w=0.0 aw=0.0 lp=0 grd=0) started on engine pid=18608,rank=1,slot=0
command 3427 899.0.0 ended on engine pid=18629,rank=0,slot=1
Auto thread command 3180 828.0.0 (w=0.0 aw=0.0 lp=0 grd=0) started on engine pid=18629,rank=0,slot=1
command 3180 828.0.0 ended on engine pid=18629,rank=0,slot=1
command 1927 568.0.0 ended on engine pid=18608,rank=1,slot=0
Auto thread command 3184 829.0.0 (w=0.0 aw=0.0 lp=0 grd=0) started on engine pid=18629,rank=0,slot=1
Auto thread command 1931 569.0.0 (w=0.0 aw=0.0 lp=0 grd=0) started on engine pid=18608,rank=1,slot=0
command 3184 829.0.0 ended on engine pid=18629,rank=0,slot=1
Auto thread command 3196 832.0.0 (w=0.0 aw=0.0 lp=0 grd=0) started on engine pid=18629,rank=0,slot=1
command 3196 832.0.0 ended on engine pid=18629,rank=0,slot=1
Auto thread command 3192 831.0.0 (w=0.0 aw=0.0 lp=0 grd=0) started on engine pid=18629,rank=0,slot=1
command 3192 831.0.0 ended on engine pid=18629,rank=0,slot=1
Auto thread command 3202 834.0.0 (w=0.0 aw=0.0 lp=0 grd=0) started on engine pid=18629,rank=0,slot=1
command 1931 569.0.0 ended on engine pid=18608,rank=1,slot=0
command 3202 834.0.0 ended on engine pid=18629,rank=0,slot=1
Auto thread command 3188 830.0.0 (w=0.0 aw=0.0 lp=0 grd=0) started on engine pid=18608,rank=1,slot=0
command 3188 830.0.0 ended on engine pid=18608,rank=1,slot=0
Auto thread command 3267 846.0.0 (w=0.0 aw=0.0 lp=0 grd=0) started on engine pid=18629,rank=0,slot=1
Auto thread command 3199 833.0.0 (w=0.0 aw=0.0 lp=0 grd=0) started on engine pid=18608,rank=1,slot=0
command 3267 846.0.0 ended on engine pid=18629,rank=0,slot=1
command 3199 833.0.0 ended on engine pid=18608,rank=1,slot=0
Auto thread command 3209 836.0.0 (w=0.0 aw=0.0 lp=0 grd=0) started on engine pid=18629,rank=0,slot=1
Auto thread command 3205 835.0.0 (w=0.0 aw=0.0 lp=0 grd=0) started on engine pid=18608,rank=1,slot=0
command 3209 836.0.0 ended on engine pid=18629,rank=0,slot=1
command 3205 835.0.0 ended on engine pid=18608,rank=1,slot=0
Auto thread command 3248 843.0.0 (w=0.0 aw=0.0 lp=0 grd=0) started on engine pid=18629,rank=0,slot=1
command 3248 843.0.0 ended on engine pid=18629,rank=0,slot=1
Auto thread command 3225 839.0.0 (w=0.0 aw=0.0 lp=0 grd=0) started on engine pid=18608,rank=1,slot=0
Auto thread command 3236 841.0.0 (w=0.0 aw=0.0 lp=0 grd=0) started on engine pid=18629,rank=0,slot=1
command 3225 839.0.0 ended on engine pid=18608,rank=1,slot=0
Auto thread command 3259 845.0.0 (w=0.0 aw=0.0 lp=0 grd=0) started on engine pid=18608,rank=1,slot=0
command 3236 841.0.0 ended on engine pid=18629,rank=0,slot=1
command 3259 845.0.0 ended on engine pid=18608,rank=1,slot=0
Auto thread command 3240 842.0.0 (w=0.0 aw=0.0 lp=0 grd=0) started on engine pid=18629,rank=0,slot=1
Auto thread command 3275 847.0.0 (w=0.0 aw=0.0 lp=0 grd=0) started on engine pid=18608,rank=1,slot=0
command 3240 842.0.0 ended on engine pid=18629,rank=0,slot=1
Auto thread command 3256 844.0.0 (w=0.0 aw=0.0 lp=0 grd=0) started on engine pid=18629,rank=0,slot=1
command 3275 847.0.0 ended on engine pid=18608,rank=1,slot=0
Auto thread command 3213 837.0.0 (w=0.0 aw=0.0 lp=0 grd=0) started on engine pid=18608,rank=1,slot=0
command 3256 844.0.0 ended on engine pid=18629,rank=0,slot=1
Auto thread command 3169 826.0.0 (w=0.0 aw=0.0 lp=0 grd=0) started on engine pid=18629,rank=0,slot=1
command 3213 837.0.0 ended on engine pid=18608,rank=1,slot=0
Auto thread command 3217 838.0.0 (w=0.0 aw=0.0 lp=0 grd=0) started on engine pid=18608,rank=1,slot=0
command 3217 838.0.0 ended on engine pid=18608,rank=1,slot=0
Auto thread command 3233 840.0.0 (w=0.0 aw=0.0 lp=0 grd=0) started on engine pid=18608,rank=1,slot=0
command 3233 840.0.0 ended on engine pid=18608,rank=1,slot=0
Auto thread command 3159 824.0.0 (w=0.0 aw=0.0 lp=0 grd=0) started on engine pid=18608,rank=1,slot=0
command 3159 824.0.0 ended on engine pid=18608,rank=1,slot=0
command 3169 826.0.0 ended on engine pid=18629,rank=0,slot=1
Auto thread command 3162 825.0.0 (w=0.0 aw=0.0 lp=0 grd=0) started on engine pid=18629,rank=0,slot=1
Auto thread command 3278 848.0.0 (w=0.0 aw=0.0 lp=0 grd=0) started on engine pid=18608,rank=1,slot=0
command 3278 848.0.0 ended on engine pid=18608,rank=1,slot=0
Auto thread command 3287 851.0.0 (w=0.0 aw=0.0 lp=0 grd=0) started on engine pid=18608,rank=1,slot=0
command 3287 851.0.0 ended on engine pid=18608,rank=1,slot=0
Auto thread command 3177 827.0.0 (w=0.0 aw=0.0 lp=0 grd=0) started on engine pid=18608,rank=1,slot=0
command 3177 827.0.0 ended on engine pid=18608,rank=1,slot=0
command 3162 825.0.0 ended on engine pid=18629,rank=0,slot=1
Auto thread command 2816 753.0.0 (w=0.0 aw=0.0 lp=0 grd=0) started on engine pid=18608,rank=1,slot=0
Auto thread command 1653 457.0.0 (w=0.0 aw=0.0 lp=0 grd=0) started on engine pid=18629,rank=0,slot=1
command 2816 753.0.0 ended on engine pid=18608,rank=1,slot=0
Auto thread command 2819 754.0.0 (w=0.0 aw=0.0 lp=0 grd=0) started on engine pid=18608,rank=1,slot=0
command 1653 457.0.0 ended on engine pid=18629,rank=0,slot=1
Auto thread command 2846 760.0.0 (w=0.0 aw=0.0 lp=0 grd=0) started on engine pid=18629,rank=0,slot=1
command 2819 754.0.0 ended on engine pid=18608,rank=1,slot=0
Auto thread command 2835 758.0.0 (w=0.0 aw=0.0 lp=0 grd=0) started on engine pid=18608,rank=1,slot=0
command 2835 758.0.0 ended on engine pid=18608,rank=1,slot=0
Auto thread command 3481 910.0.0 (w=0.0 aw=0.0 lp=0 grd=0) started on engine pid=18608,rank=1,slot=0
command 3481 910.0.0 ended on engine pid=18608,rank=1,slot=0
Auto thread command 3484 911.0.0 (w=0.0 aw=0.0 lp=0 grd=0) started on engine pid=18608,rank=1,slot=0
command 2846 760.0.0 ended on engine pid=18629,rank=0,slot=1
Auto thread command 2825 755.0.0 (w=0.0 aw=0.0 lp=0 grd=0) started on engine pid=18629,rank=0,slot=1
command 2825 755.0.0 ended on engine pid=18629,rank=0,slot=1
Auto thread command 2828 756.0.0 (w=0.0 aw=0.0 lp=0 grd=0) started on engine pid=18629,rank=0,slot=1
command 3484 911.0.0 ended on engine pid=18608,rank=1,slot=0
Auto thread command 2782 745.0.0 (w=0.0 aw=0.0 lp=0 grd=0) started on engine pid=18608,rank=1,slot=0
command 2782 745.0.0 ended on engine pid=18608,rank=1,slot=0
Auto thread command 2785 746.0.0 (w=0.0 aw=0.0 lp=0 grd=0) started on engine pid=18608,rank=1,slot=0
command 2785 746.0.0 ended on engine pid=18608,rank=1,slot=0
command 2828 756.0.0 ended on engine pid=18629,rank=0,slot=1
Auto thread command 2832 757.0.0 (w=0.0 aw=0.0 lp=0 grd=0) started on engine pid=18629,rank=0,slot=1
Auto thread command 2791 747.0.0 (w=0.0 aw=0.0 lp=0 grd=0) started on engine pid=18608,rank=1,slot=0
command 2791 747.0.0 ended on engine pid=18608,rank=1,slot=0
command 2832 757.0.0 ended on engine pid=18629,rank=0,slot=1
Auto thread command 2776 744.0.0 (w=0.0 aw=0.0 lp=0 grd=0) started on engine pid=18608,rank=1,slot=0
Auto thread command 2838 759.0.0 (w=0.0 aw=0.0 lp=0 grd=0) started on engine pid=18629,rank=0,slot=1
command 2776 744.0.0 ended on engine pid=18608,rank=1,slot=0
Auto thread command 2762 742.0.0 (w=0.0 aw=0.0 lp=0 grd=0) started on engine pid=18608,rank=1,slot=0
command 2838 759.0.0 ended on engine pid=18629,rank=0,slot=1
Auto thread command 2715 732.0.0 (w=0.0 aw=0.0 lp=0 grd=0) started on engine pid=18629,rank=0,slot=1
command 2715 732.0.0 ended on engine pid=18629,rank=0,slot=1
command 2762 742.0.0 ended on engine pid=18608,rank=1,slot=0
Auto thread command 2754 741.0.0 (w=0.0 aw=0.0 lp=0 grd=0) started on engine pid=18629,rank=0,slot=1
Auto thread command 2744 739.0.0 (w=0.0 aw=0.0 lp=0 grd=0) started on engine pid=18608,rank=1,slot=0
command 2754 741.0.0 ended on engine pid=18629,rank=0,slot=1
command 2744 739.0.0 ended on engine pid=18608,rank=1,slot=0
Auto thread command 2731 736.0.0 (w=0.0 aw=0.0 lp=0 grd=0) started on engine pid=18629,rank=0,slot=1
Auto thread command 2718 733.0.0 (w=0.0 aw=0.0 lp=0 grd=0) started on engine pid=18608,rank=1,slot=0
command 2731 736.0.0 ended on engine pid=18629,rank=0,slot=1
command 2718 733.0.0 ended on engine pid=18608,rank=1,slot=0
Auto thread command 2738 737.0.0 (w=0.0 aw=0.0 lp=0 grd=0) started on engine pid=18629,rank=0,slot=1
Auto thread command 2725 734.0.0 (w=0.0 aw=0.0 lp=0 grd=0) started on engine pid=18608,rank=1,slot=0
command 2738 737.0.0 ended on engine pid=18629,rank=0,slot=1
command 2725 734.0.0 ended on engine pid=18608,rank=1,slot=0
Auto thread command 2709 731.0.0 (w=0.0 aw=0.0 lp=0 grd=0) started on engine pid=18629,rank=0,slot=1
Auto thread command 1637 453.0.0 (w=0.0 aw=0.0 lp=0 grd=0) started on engine pid=18608,rank=1,slot=0
command 1637 453.0.0 ended on engine pid=18608,rank=1,slot=0
command 2709 731.0.0 ended on engine pid=18629,rank=0,slot=1
Auto thread command 3015 794.0.0 (w=0.0 aw=0.0 lp=0 grd=0) started on engine pid=18608,rank=1,slot=0
Auto thread command 2989 789.0.0 (w=0.0 aw=0.0 lp=0 grd=0) started on engine pid=18629,rank=0,slot=1
command 3015 794.0.0 ended on engine pid=18608,rank=1,slot=0
Auto thread command 2978 787.0.0 (w=0.0 aw=0.0 lp=0 grd=0) started on engine pid=18608,rank=1,slot=0
command 2989 789.0.0 ended on engine pid=18629,rank=0,slot=1
command 2978 787.0.0 ended on engine pid=18608,rank=1,slot=0
Auto thread command 2968 785.0.0 (w=0.0 aw=0.0 lp=0 grd=0) started on engine pid=18629,rank=0,slot=1
command 2968 785.0.0 ended on engine pid=18629,rank=0,slot=1
Auto thread command 2981 788.0.0 (w=0.0 aw=0.0 lp=0 grd=0) started on engine pid=18608,rank=1,slot=0
Auto thread command 2971 786.0.0 (w=0.0 aw=0.0 lp=0 grd=0) started on engine pid=18629,rank=0,slot=1
command 2981 788.0.0 ended on engine pid=18608,rank=1,slot=0
command 2971 786.0.0 ended on engine pid=18629,rank=0,slot=1
Auto thread command 2957 783.0.0 (w=0.0 aw=0.0 lp=0 grd=0) started on engine pid=18608,rank=1,slot=0
Auto thread command 2947 781.0.0 (w=0.0 aw=0.0 lp=0 grd=0) started on engine pid=18629,rank=0,slot=1
command 2957 783.0.0 ended on engine pid=18608,rank=1,slot=0
command 2947 781.0.0 ended on engine pid=18629,rank=0,slot=1
Auto thread command 2960 784.0.0 (w=0.0 aw=0.0 lp=0 grd=0) started on engine pid=18608,rank=1,slot=0
Auto thread command 2950 782.0.0 (w=0.0 aw=0.0 lp=0 grd=0) started on engine pid=18629,rank=0,slot=1
command 2960 784.0.0 ended on engine pid=18608,rank=1,slot=0
Auto thread command 2805 750.0.0 (w=0.0 aw=0.0 lp=0 grd=0) started on engine pid=18608,rank=1,slot=0
command 2950 782.0.0 ended on engine pid=18629,rank=0,slot=1
Auto thread command 2770 743.0.0 (w=0.0 aw=0.0 lp=0 grd=0) started on engine pid=18629,rank=0,slot=1
command 2805 750.0.0 ended on engine pid=18608,rank=1,slot=0
Auto thread command 2588 705.0.0 (w=0.0 aw=0.0 lp=0 grd=0) started on engine pid=18608,rank=1,slot=0
command 2588 705.0.0 ended on engine pid=18608,rank=1,slot=0
command 2770 743.0.0 ended on engine pid=18629,rank=0,slot=1
Auto thread command 2591 706.0.0 (w=0.0 aw=0.0 lp=0 grd=0) started on engine pid=18629,rank=0,slot=1
Auto thread command 2410 669.0.0 (w=0.0 aw=0.0 lp=0 grd=0) started on engine pid=18608,rank=1,slot=0
command 2410 669.0.0 ended on engine pid=18608,rank=1,slot=0
Auto thread command 1935 570.0.0 (w=0.0 aw=0.0 lp=0 grd=0) started on engine pid=18608,rank=1,slot=0
command 2591 706.0.0 ended on engine pid=18629,rank=0,slot=1
Auto thread command 2809 751.0.0 (w=0.0 aw=0.0 lp=0 grd=0) started on engine pid=18629,rank=0,slot=1
command 2809 751.0.0 ended on engine pid=18629,rank=0,slot=1
Auto thread command 2812 752.0.0 (w=0.0 aw=0.0 lp=0 grd=0) started on engine pid=18629,rank=0,slot=1
command 1935 570.0.0 ended on engine pid=18608,rank=1,slot=0
Auto thread command 1939 571.0.0 (w=0.0 aw=0.0 lp=0 grd=0) started on engine pid=18608,rank=1,slot=0
command 2812 752.0.0 ended on engine pid=18629,rank=0,slot=1
Auto thread command 2597 707.0.0 (w=0.0 aw=0.0 lp=0 grd=0) started on engine pid=18629,rank=0,slot=1
command 1939 571.0.0 ended on engine pid=18608,rank=1,slot=0
command 2597 707.0.0 ended on engine pid=18629,rank=0,slot=1
Auto thread command 1621 449.0.0 (w=0.0 aw=0.0 lp=0 grd=0) started on engine pid=18608,rank=1,slot=0
Auto thread command 2995 790.0.0 (w=0.0 aw=0.0 lp=0 grd=0) started on engine pid=18629,rank=0,slot=1
command 2995 790.0.0 ended on engine pid=18629,rank=0,slot=1
command 1621 449.0.0 ended on engine pid=18608,rank=1,slot=0
Auto thread command 2794 748.0.0 (w=0.0 aw=0.0 lp=0 grd=0) started on engine pid=18629,rank=0,slot=1
command 2794 748.0.0 ended on engine pid=18629,rank=0,slot=1
Auto thread command 2998 791.0.0 (w=0.0 aw=0.0 lp=0 grd=0) started on engine pid=18608,rank=1,slot=0
Auto thread command 2797 749.0.0 (w=0.0 aw=0.0 lp=0 grd=0) started on engine pid=18629,rank=0,slot=1
command 2998 791.0.0 ended on engine pid=18608,rank=1,slot=0
Auto thread command 3001 792.0.0 (w=0.0 aw=0.0 lp=0 grd=0) started on engine pid=18608,rank=1,slot=0
command 3001 792.0.0 ended on engine pid=18608,rank=1,slot=0
Auto thread command 3007 793.0.0 (w=0.0 aw=0.0 lp=0 grd=0) started on engine pid=18608,rank=1,slot=0
command 2797 749.0.0 ended on engine pid=18629,rank=0,slot=1
Auto thread command 2475 683.0.0 (w=0.0 aw=0.0 lp=0 grd=0) started on engine pid=18629,rank=0,slot=1
command 3007 793.0.0 ended on engine pid=18608,rank=1,slot=0
Auto thread command 2469 682.0.0 (w=0.0 aw=0.0 lp=0 grd=0) started on engine pid=18608,rank=1,slot=0
command 2469 682.0.0 ended on engine pid=18608,rank=1,slot=0
command 2475 683.0.0 ended on engine pid=18629,rank=0,slot=1
Auto thread command 2466 681.0.0 (w=0.0 aw=0.0 lp=0 grd=0) started on engine pid=18608,rank=1,slot=0
Auto thread command 2481 684.0.0 (w=0.0 aw=0.0 lp=0 grd=0) started on engine pid=18629,rank=0,slot=1
command 2481 684.0.0 ended on engine pid=18629,rank=0,slot=1
Auto thread command 2486 685.0.0 (w=0.0 aw=0.0 lp=0 grd=0) started on engine pid=18629,rank=0,slot=1
command 2466 681.0.0 ended on engine pid=18608,rank=1,slot=0
Auto thread command 2377 662.0.0 (w=0.0 aw=0.0 lp=0 grd=0) started on engine pid=18608,rank=1,slot=0
command 2377 662.0.0 ended on engine pid=18608,rank=1,slot=0
command 2486 685.0.0 ended on engine pid=18629,rank=0,slot=1
Auto thread command 2435 675.0.0 (w=0.0 aw=0.0 lp=0 grd=0) started on engine pid=18608,rank=1,slot=0
Auto thread command 2425 673.0.0 (w=0.0 aw=0.0 lp=0 grd=0) started on engine pid=18629,rank=0,slot=1
command 2435 675.0.0 ended on engine pid=18608,rank=1,slot=0
command 2425 673.0.0 ended on engine pid=18629,rank=0,slot=1
Auto thread command 2415 671.0.0 (w=0.0 aw=0.0 lp=0 grd=0) started on engine pid=18608,rank=1,slot=0
Auto thread command 2393 666.0.0 (w=0.0 aw=0.0 lp=0 grd=0) started on engine pid=18629,rank=0,slot=1
command 2393 666.0.0 ended on engine pid=18629,rank=0,slot=1
Auto thread command 2400 667.0.0 (w=0.0 aw=0.0 lp=0 grd=0) started on engine pid=18629,rank=0,slot=1
command 2415 671.0.0 ended on engine pid=18608,rank=1,slot=0
Auto thread command 2380 663.0.0 (w=0.0 aw=0.0 lp=0 grd=0) started on engine pid=18608,rank=1,slot=0
command 2400 667.0.0 ended on engine pid=18629,rank=0,slot=1
command 2380 663.0.0 ended on engine pid=18608,rank=1,slot=0
Auto thread command 1605 445.0.0 (w=0.0 aw=0.0 lp=0 grd=0) started on engine pid=18629,rank=0,slot=1
Auto thread command 2387 664.0.0 (w=0.0 aw=0.0 lp=0 grd=0) started on engine pid=18608,rank=1,slot=0
command 1605 445.0.0 ended on engine pid=18629,rank=0,slot=1
Auto thread command 2618 712.0.0 (w=0.0 aw=0.0 lp=0 grd=0) started on engine pid=18629,rank=0,slot=1
command 2387 664.0.0 ended on engine pid=18608,rank=1,slot=0
Auto thread command 2614 711.0.0 (w=0.0 aw=0.0 lp=0 grd=0) started on engine pid=18608,rank=1,slot=0
command 2618 712.0.0 ended on engine pid=18629,rank=0,slot=1
Auto thread command 2622 713.0.0 (w=0.0 aw=0.0 lp=0 grd=0) started on engine pid=18629,rank=0,slot=1
command 2622 713.0.0 ended on engine pid=18629,rank=0,slot=1
command 2614 711.0.0 ended on engine pid=18608,rank=1,slot=0
Auto thread command 2630 715.0.0 (w=0.0 aw=0.0 lp=0 grd=0) started on engine pid=18629,rank=0,slot=1
Auto thread command 2626 714.0.0 (w=0.0 aw=0.0 lp=0 grd=0) started on engine pid=18608,rank=1,slot=0
command 2630 715.0.0 ended on engine pid=18629,rank=0,slot=1
command 2626 714.0.0 ended on engine pid=18608,rank=1,slot=0
Auto thread command 2576 702.0.0 (w=0.0 aw=0.0 lp=0 grd=0) started on engine pid=18629,rank=0,slot=1
Auto thread command 2570 701.0.0 (w=0.0 aw=0.0 lp=0 grd=0) started on engine pid=18608,rank=1,slot=0
command 2576 702.0.0 ended on engine pid=18629,rank=0,slot=1
Auto thread command 2579 703.0.0 (w=0.0 aw=0.0 lp=0 grd=0) started on engine pid=18629,rank=0,slot=1
command 2579 703.0.0 ended on engine pid=18629,rank=0,slot=1
Auto thread command 2652 720.0.0 (w=0.0 aw=0.0 lp=0 grd=0) started on engine pid=18629,rank=0,slot=1
command 2570 701.0.0 ended on engine pid=18608,rank=1,slot=0
command 2652 720.0.0 ended on engine pid=18629,rank=0,slot=1
Auto thread command 2585 704.0.0 (w=0.0 aw=0.0 lp=0 grd=0) started on engine pid=18629,rank=0,slot=1
Auto thread command 2556 699.0.0 (w=0.0 aw=0.0 lp=0 grd=0) started on engine pid=18608,rank=1,slot=0
command 2585 704.0.0 ended on engine pid=18629,rank=0,slot=1
Auto thread command 2634 716.0.0 (w=0.0 aw=0.0 lp=0 grd=0) started on engine pid=18629,rank=0,slot=1
command 2634 716.0.0 ended on engine pid=18629,rank=0,slot=1
Auto thread command 2608 709.0.0 (w=0.0 aw=0.0 lp=0 grd=0) started on engine pid=18629,rank=0,slot=1
command 2556 699.0.0 ended on engine pid=18608,rank=1,slot=0
Auto thread command 2600 708.0.0 (w=0.0 aw=0.0 lp=0 grd=0) started on engine pid=18608,rank=1,slot=0
command 2608 709.0.0 ended on engine pid=18629,rank=0,slot=1
Auto thread command 2545 697.0.0 (w=0.0 aw=0.0 lp=0 grd=0) started on engine pid=18629,rank=0,slot=1
command 2600 708.0.0 ended on engine pid=18608,rank=1,slot=0
command 2545 697.0.0 ended on engine pid=18629,rank=0,slot=1
Auto thread command 2611 710.0.0 (w=0.0 aw=0.0 lp=0 grd=0) started on engine pid=18608,rank=1,slot=0
Auto thread command 2548 698.0.0 (w=0.0 aw=0.0 lp=0 grd=0) started on engine pid=18629,rank=0,slot=1
command 2611 710.0.0 ended on engine pid=18608,rank=1,slot=0
Auto thread command 2534 695.0.0 (w=0.0 aw=0.0 lp=0 grd=0) started on engine pid=18608,rank=1,slot=0
command 2534 695.0.0 ended on engine pid=18608,rank=1,slot=0
Auto thread command 2537 696.0.0 (w=0.0 aw=0.0 lp=0 grd=0) started on engine pid=18608,rank=1,slot=0
command 2548 698.0.0 ended on engine pid=18629,rank=0,slot=1
Auto thread command 2518 692.0.0 (w=0.0 aw=0.0 lp=0 grd=0) started on engine pid=18629,rank=0,slot=1
command 2537 696.0.0 ended on engine pid=18608,rank=1,slot=0
Auto thread command 2512 691.0.0 (w=0.0 aw=0.0 lp=0 grd=0) started on engine pid=18608,rank=1,slot=0
command 2518 692.0.0 ended on engine pid=18629,rank=0,slot=1
Auto thread command 2524 693.0.0 (w=0.0 aw=0.0 lp=0 grd=0) started on engine pid=18629,rank=0,slot=1
command 2524 693.0.0 ended on engine pid=18629,rank=0,slot=1
Auto thread command 2530 694.0.0 (w=0.0 aw=0.0 lp=0 grd=0) started on engine pid=18629,rank=0,slot=1
command 2512 691.0.0 ended on engine pid=18608,rank=1,slot=0
Auto thread command 1589 441.0.0 (w=0.0 aw=0.0 lp=0 grd=0) started on engine pid=18608,rank=1,slot=0
command 2530 694.0.0 ended on engine pid=18629,rank=0,slot=1
Auto thread command 1573 437.0.0 (w=0.0 aw=0.0 lp=0 grd=0) started on engine pid=18629,rank=0,slot=1
command 1589 441.0.0 ended on engine pid=18608,rank=1,slot=0
command 1573 437.0.0 ended on engine pid=18629,rank=0,slot=1
Auto thread command 2944 780.0.0 (w=0.0 aw=0.0 lp=0 grd=0) started on engine pid=18608,rank=1,slot=0
Auto thread command 2101 606.0.0 (w=0.0 aw=0.0 lp=0 grd=0) started on engine pid=18629,rank=0,slot=1
command 2944 780.0.0 ended on engine pid=18608,rank=1,slot=0
Auto thread command 2077 600.0.0 (w=0.0 aw=0.0 lp=0 grd=0) started on engine pid=18608,rank=1,slot=0
command 2101 606.0.0 ended on engine pid=18629,rank=0,slot=1
Auto thread command 2056 596.0.0 (w=0.0 aw=0.0 lp=0 grd=0) started on engine pid=18629,rank=0,slot=1
command 2077 600.0.0 ended on engine pid=18608,rank=1,slot=0
command 2056 596.0.0 ended on engine pid=18629,rank=0,slot=1
Auto thread command 2080 601.0.0 (w=0.0 aw=0.0 lp=0 grd=0) started on engine pid=18608,rank=1,slot=0
Auto thread command 2059 597.0.0 (w=0.0 aw=0.0 lp=0 grd=0) started on engine pid=18629,rank=0,slot=1
command 2080 601.0.0 ended on engine pid=18608,rank=1,slot=0
command 2059 597.0.0 ended on engine pid=18629,rank=0,slot=1
Auto thread command 2045 594.0.0 (w=0.0 aw=0.0 lp=0 grd=0) started on engine pid=18608,rank=1,slot=0
Auto thread command 2013 588.0.0 (w=0.0 aw=0.0 lp=0 grd=0) started on engine pid=18629,rank=0,slot=1
command 2045 594.0.0 ended on engine pid=18608,rank=1,slot=0
command 2013 588.0.0 ended on engine pid=18629,rank=0,slot=1
Auto thread command 2048 595.0.0 (w=0.0 aw=0.0 lp=0 grd=0) started on engine pid=18608,rank=1,slot=0
Auto thread command 2016 589.0.0 (w=0.0 aw=0.0 lp=0 grd=0) started on engine pid=18629,rank=0,slot=1
command 2048 595.0.0 ended on engine pid=18608,rank=1,slot=0
command 2016 589.0.0 ended on engine pid=18629,rank=0,slot=1
Auto thread command 2909 773.0.0 (w=0.0 aw=0.0 lp=0 grd=0) started on engine pid=18608,rank=1,slot=0
Auto thread command 2898 771.0.0 (w=0.0 aw=0.0 lp=0 grd=0) started on engine pid=18629,rank=0,slot=1
command 2898 771.0.0 ended on engine pid=18629,rank=0,slot=1
Auto thread command 2901 772.0.0 (w=0.0 aw=0.0 lp=0 grd=0) started on engine pid=18629,rank=0,slot=1
command 2909 773.0.0 ended on engine pid=18608,rank=1,slot=0
Auto thread command 2888 769.0.0 (w=0.0 aw=0.0 lp=0 grd=0) started on engine pid=18608,rank=1,slot=0
command 2888 769.0.0 ended on engine pid=18608,rank=1,slot=0
Auto thread command 2891 770.0.0 (w=0.0 aw=0.0 lp=0 grd=0) started on engine pid=18608,rank=1,slot=0
command 2901 772.0.0 ended on engine pid=18629,rank=0,slot=1
Auto thread command 2860 763.0.0 (w=0.0 aw=0.0 lp=0 grd=0) started on engine pid=18629,rank=0,slot=1
command 2860 763.0.0 ended on engine pid=18629,rank=0,slot=1
Auto thread command 2850 761.0.0 (w=0.0 aw=0.0 lp=0 grd=0) started on engine pid=18629,rank=0,slot=1
command 2850 761.0.0 ended on engine pid=18629,rank=0,slot=1
command 2891 770.0.0 ended on engine pid=18608,rank=1,slot=0
Auto thread command 2853 762.0.0 (w=0.0 aw=0.0 lp=0 grd=0) started on engine pid=18629,rank=0,slot=1
Auto thread command 2697 728.0.0 (w=0.0 aw=0.0 lp=0 grd=0) started on engine pid=18608,rank=1,slot=0
command 2853 762.0.0 ended on engine pid=18629,rank=0,slot=1
Auto thread command 2564 700.0.0 (w=0.0 aw=0.0 lp=0 grd=0) started on engine pid=18629,rank=0,slot=1
command 2697 728.0.0 ended on engine pid=18608,rank=1,slot=0
Auto thread command 2701 729.0.0 (w=0.0 aw=0.0 lp=0 grd=0) started on engine pid=18608,rank=1,slot=0
command 2701 729.0.0 ended on engine pid=18608,rank=1,slot=0
Auto thread command 2706 730.0.0 (w=0.0 aw=0.0 lp=0 grd=0) started on engine pid=18608,rank=1,slot=0
command 2564 700.0.0 ended on engine pid=18629,rank=0,slot=1
Auto thread command 2445 677.0.0 (w=0.0 aw=0.0 lp=0 grd=0) started on engine pid=18629,rank=0,slot=1
command 2445 677.0.0 ended on engine pid=18629,rank=0,slot=1
Auto thread command 2448 678.0.0 (w=0.0 aw=0.0 lp=0 grd=0) started on engine pid=18629,rank=0,slot=1
command 2706 730.0.0 ended on engine pid=18608,rank=1,slot=0
Auto thread command 2314 649.0.0 (w=0.0 aw=0.0 lp=0 grd=0) started on engine pid=18608,rank=1,slot=0
command 2314 649.0.0 ended on engine pid=18608,rank=1,slot=0
Auto thread command 2317 650.0.0 (w=0.0 aw=0.0 lp=0 grd=0) started on engine pid=18608,rank=1,slot=0
command 2448 678.0.0 ended on engine pid=18629,rank=0,slot=1
Auto thread command 1943 572.0.0 (w=0.0 aw=0.0 lp=0 grd=0) started on engine pid=18629,rank=0,slot=1
command 2317 650.0.0 ended on engine pid=18608,rank=1,slot=0
Auto thread command 2637 717.0.0 (w=0.0 aw=0.0 lp=0 grd=0) started on engine pid=18608,rank=1,slot=0
command 2637 717.0.0 ended on engine pid=18608,rank=1,slot=0
Auto thread command 2877 767.0.0 (w=0.0 aw=0.0 lp=0 grd=0) started on engine pid=18608,rank=1,slot=0
command 2877 767.0.0 ended on engine pid=18608,rank=1,slot=0
Auto thread command 2648 719.0.0 (w=0.0 aw=0.0 lp=0 grd=0) started on engine pid=18608,rank=1,slot=0
command 1943 572.0.0 ended on engine pid=18629,rank=0,slot=1
Auto thread command 1947 573.0.0 (w=0.0 aw=0.0 lp=0 grd=0) started on engine pid=18629,rank=0,slot=1
command 2648 719.0.0 ended on engine pid=18608,rank=1,slot=0
Auto thread command 2640 718.0.0 (w=0.0 aw=0.0 lp=0 grd=0) started on engine pid=18608,rank=1,slot=0
command 1947 573.0.0 ended on engine pid=18629,rank=0,slot=1
Auto thread command 2323 651.0.0 (w=0.0 aw=0.0 lp=0 grd=0) started on engine pid=18629,rank=0,slot=1
command 2323 651.0.0 ended on engine pid=18629,rank=0,slot=1
Auto thread command 2655 721.0.0 (w=0.0 aw=0.0 lp=0 grd=0) started on engine pid=18629,rank=0,slot=1
command 2655 721.0.0 ended on engine pid=18629,rank=0,slot=1
Auto thread command 2658 722.0.0 (w=0.0 aw=0.0 lp=0 grd=0) started on engine pid=18629,rank=0,slot=1
command 2640 718.0.0 ended on engine pid=18608,rank=1,slot=0
Auto thread command 1557 433.0.0 (w=0.0 aw=0.0 lp=0 grd=0) started on engine pid=18608,rank=1,slot=0
command 1557 433.0.0 ended on engine pid=18608,rank=1,slot=0
Auto thread command 2107 608.0.0 (w=0.0 aw=0.0 lp=0 grd=0) started on engine pid=18608,rank=1,slot=0
command 2658 722.0.0 ended on engine pid=18629,rank=0,slot=1
Auto thread command 2104 607.0.0 (w=0.0 aw=0.0 lp=0 grd=0) started on engine pid=18629,rank=0,slot=1
command 2104 607.0.0 ended on engine pid=18629,rank=0,slot=1
Auto thread command 2087 602.0.0 (w=0.0 aw=0.0 lp=0 grd=0) started on engine pid=18629,rank=0,slot=1
command 2087 602.0.0 ended on engine pid=18629,rank=0,slot=1
command 2107 608.0.0 ended on engine pid=18608,rank=1,slot=0
Auto thread command 2094 604.0.0 (w=0.0 aw=0.0 lp=0 grd=0) started on engine pid=18629,rank=0,slot=1
Auto thread command 2067 598.0.0 (w=0.0 aw=0.0 lp=0 grd=0) started on engine pid=18608,rank=1,slot=0
command 2094 604.0.0 ended on engine pid=18629,rank=0,slot=1
Auto thread command 2034 592.0.0 (w=0.0 aw=0.0 lp=0 grd=0) started on engine pid=18629,rank=0,slot=1
command 2067 598.0.0 ended on engine pid=18608,rank=1,slot=0
command 2034 592.0.0 ended on engine pid=18629,rank=0,slot=1
Auto thread command 2070 599.0.0 (w=0.0 aw=0.0 lp=0 grd=0) started on engine pid=18608,rank=1,slot=0
Auto thread command 2037 593.0.0 (w=0.0 aw=0.0 lp=0 grd=0) started on engine pid=18629,rank=0,slot=1
command 2070 599.0.0 ended on engine pid=18608,rank=1,slot=0
command 2037 593.0.0 ended on engine pid=18629,rank=0,slot=1
Auto thread command 2023 590.0.0 (w=0.0 aw=0.0 lp=0 grd=0) started on engine pid=18608,rank=1,slot=0
Auto thread command 2003 586.0.0 (w=0.0 aw=0.0 lp=0 grd=0) started on engine pid=18629,rank=0,slot=1
command 2023 590.0.0 ended on engine pid=18608,rank=1,slot=0
command 2003 586.0.0 ended on engine pid=18629,rank=0,slot=1
Auto thread command 2026 591.0.0 (w=0.0 aw=0.0 lp=0 grd=0) started on engine pid=18608,rank=1,slot=0
Auto thread command 2006 587.0.0 (w=0.0 aw=0.0 lp=0 grd=0) started on engine pid=18629,rank=0,slot=1
command 2026 591.0.0 ended on engine pid=18608,rank=1,slot=0
command 2006 587.0.0 ended on engine pid=18629,rank=0,slot=1
Auto thread command 1541 429.0.0 (w=0.0 aw=0.0 lp=0 grd=0) started on engine pid=18629,rank=0,slot=1
Auto thread command 1525 425.0.0 (w=0.0 aw=0.0 lp=0 grd=0) started on engine pid=18608,rank=1,slot=0
command 1525 425.0.0 ended on engine pid=18608,rank=1,slot=0
command 1541 429.0.0 ended on engine pid=18629,rank=0,slot=1
Auto thread command 3055 803.0.0 (w=0.0 aw=0.0 lp=0 grd=0) started on engine pid=18608,rank=1,slot=0
Auto thread command 3146 821.0.0 (w=0.0 aw=0.0 lp=0 grd=0) started on engine pid=18629,rank=0,slot=1
command 3146 821.0.0 ended on engine pid=18629,rank=0,slot=1
Auto thread command 3149 822.0.0 (w=0.0 aw=0.0 lp=0 grd=0) started on engine pid=18629,rank=0,slot=1
command 3055 803.0.0 ended on engine pid=18608,rank=1,slot=0
Auto thread command 3140 820.0.0 (w=0.0 aw=0.0 lp=0 grd=0) started on engine pid=18608,rank=1,slot=0
command 3149 822.0.0 ended on engine pid=18629,rank=0,slot=1
Auto thread command 3134 819.0.0 (w=0.0 aw=0.0 lp=0 grd=0) started on engine pid=18629,rank=0,slot=1
command 3134 819.0.0 ended on engine pid=18629,rank=0,slot=1
Auto thread command 3101 812.0.0 (w=0.0 aw=0.0 lp=0 grd=0) started on engine pid=18629,rank=0,slot=1
command 3140 820.0.0 ended on engine pid=18608,rank=1,slot=0
Auto thread command 3042 800.0.0 (w=0.0 aw=0.0 lp=0 grd=0) started on engine pid=18608,rank=1,slot=0
command 3101 812.0.0 ended on engine pid=18629,rank=0,slot=1
command 3042 800.0.0 ended on engine pid=18608,rank=1,slot=0
Auto thread command 3126 818.0.0 (w=0.0 aw=0.0 lp=0 grd=0) started on engine pid=18629,rank=0,slot=1
Auto thread command 3117 816.0.0 (w=0.0 aw=0.0 lp=0 grd=0) started on engine pid=18608,rank=1,slot=0
command 3126 818.0.0 ended on engine pid=18629,rank=0,slot=1
Auto thread command 3104 813.0.0 (w=0.0 aw=0.0 lp=0 grd=0) started on engine pid=18629,rank=0,slot=1
command 3117 816.0.0 ended on engine pid=18608,rank=1,slot=0
Auto thread command 2691 727.0.0 (w=0.0 aw=0.0 lp=0 grd=0) started on engine pid=18608,rank=1,slot=0
command 3104 813.0.0 ended on engine pid=18629,rank=0,slot=1
Auto thread command 3111 814.0.0 (w=0.0 aw=0.0 lp=0 grd=0) started on engine pid=18629,rank=0,slot=1
command 2691 727.0.0 ended on engine pid=18608,rank=1,slot=0
Auto thread command 2682 725.0.0 (w=0.0 aw=0.0 lp=0 grd=0) started on engine pid=18608,rank=1,slot=0
command 2682 725.0.0 ended on engine pid=18608,rank=1,slot=0
command 3111 814.0.0 ended on engine pid=18629,rank=0,slot=1
Auto thread command 2685 726.0.0 (w=0.0 aw=0.0 lp=0 grd=0) started on engine pid=18608,rank=1,slot=0
Auto thread command 2503 689.0.0 (w=0.0 aw=0.0 lp=0 grd=0) started on engine pid=18629,rank=0,slot=1
command 2503 689.0.0 ended on engine pid=18629,rank=0,slot=1
Auto thread command 2506 690.0.0 (w=0.0 aw=0.0 lp=0 grd=0) started on engine pid=18629,rank=0,slot=1
command 2685 726.0.0 ended on engine pid=18608,rank=1,slot=0
Auto thread command 3018 795.0.0 (w=0.0 aw=0.0 lp=0 grd=0) started on engine pid=18608,rank=1,slot=0
command 3018 795.0.0 ended on engine pid=18608,rank=1,slot=0
command 2506 690.0.0 ended on engine pid=18629,rank=0,slot=1
Auto thread command 3085 810.0.0 (w=0.0 aw=0.0 lp=0 grd=0) started on engine pid=18608,rank=1,slot=0
Auto thread command 3076 808.0.0 (w=0.0 aw=0.0 lp=0 grd=0) started on engine pid=18629,rank=0,slot=1
command 3085 810.0.0 ended on engine pid=18608,rank=1,slot=0
Auto thread command 3047 802.0.0 (w=0.0 aw=0.0 lp=0 grd=0) started on engine pid=18608,rank=1,slot=0
command 3076 808.0.0 ended on engine pid=18629,rank=0,slot=1
Auto thread command 3034 799.0.0 (w=0.0 aw=0.0 lp=0 grd=0) started on engine pid=18629,rank=0,slot=1
command 3034 799.0.0 ended on engine pid=18629,rank=0,slot=1
Auto thread command 3021 796.0.0 (w=0.0 aw=0.0 lp=0 grd=0) started on engine pid=18629,rank=0,slot=1
command 3047 802.0.0 ended on engine pid=18608,rank=1,slot=0
Auto thread command 2863 764.0.0 (w=0.0 aw=0.0 lp=0 grd=0) started on engine pid=18608,rank=1,slot=0
command 3021 796.0.0 ended on engine pid=18629,rank=0,slot=1
command 2863 764.0.0 ended on engine pid=18608,rank=1,slot=0
Auto thread command 3028 797.0.0 (w=0.0 aw=0.0 lp=0 grd=0) started on engine pid=18629,rank=0,slot=1
Auto thread command 2866 765.0.0 (w=0.0 aw=0.0 lp=0 grd=0) started on engine pid=18608,rank=1,slot=0
command 3028 797.0.0 ended on engine pid=18629,rank=0,slot=1
Auto thread command 2489 686.0.0 (w=0.0 aw=0.0 lp=0 grd=0) started on engine pid=18629,rank=0,slot=1
command 2866 765.0.0 ended on engine pid=18608,rank=1,slot=0
Auto thread command 2404 668.0.0 (w=0.0 aw=0.0 lp=0 grd=0) started on engine pid=18608,rank=1,slot=0
command 2489 686.0.0 ended on engine pid=18629,rank=0,slot=1
Auto thread command 2495 687.0.0 (w=0.0 aw=0.0 lp=0 grd=0) started on engine pid=18629,rank=0,slot=1
command 2404 668.0.0 ended on engine pid=18608,rank=1,slot=0
command 2495 687.0.0 ended on engine pid=18629,rank=0,slot=1
Auto thread command 2362 659.0.0 (w=0.0 aw=0.0 lp=0 grd=0) started on engine pid=18608,rank=1,slot=0
Auto thread command 2500 688.0.0 (w=0.0 aw=0.0 lp=0 grd=0) started on engine pid=18629,rank=0,slot=1
command 2362 659.0.0 ended on engine pid=18608,rank=1,slot=0
Auto thread command 2241 634.0.0 (w=0.0 aw=0.0 lp=0 grd=0) started on engine pid=18608,rank=1,slot=0
command 2241 634.0.0 ended on engine pid=18608,rank=1,slot=0
Auto thread command 1877 549.0.0 (w=0.0 aw=0.0 lp=0 grd=0) started on engine pid=18608,rank=1,slot=0
command 1877 549.0.0 ended on engine pid=18608,rank=1,slot=0
command 2500 688.0.0 ended on engine pid=18629,rank=0,slot=1
Auto thread command 1895 554.0.0 (w=0.0 aw=0.0 lp=0 grd=0) started on engine pid=18608,rank=1,slot=0
Auto thread command 1509 421.0.0 (w=0.0 aw=0.0 lp=0 grd=0) started on engine pid=18629,rank=0,slot=1
command 1509 421.0.0 ended on engine pid=18629,rank=0,slot=1
Auto thread command 3155 823.0.0 (w=0.0 aw=0.0 lp=0 grd=0) started on engine pid=18629,rank=0,slot=1
command 1895 554.0.0 ended on engine pid=18608,rank=1,slot=0
Auto thread command 1899 555.0.0 (w=0.0 aw=0.0 lp=0 grd=0) started on engine pid=18608,rank=1,slot=0
command 3155 823.0.0 ended on engine pid=18629,rank=0,slot=1
Auto thread command 3061 804.0.0 (w=0.0 aw=0.0 lp=0 grd=0) started on engine pid=18629,rank=0,slot=1
command 1899 555.0.0 ended on engine pid=18608,rank=1,slot=0
command 3061 804.0.0 ended on engine pid=18629,rank=0,slot=1
Auto thread command 2934 778.0.0 (w=0.0 aw=0.0 lp=0 grd=0) started on engine pid=18608,rank=1,slot=0
Auto thread command 3066 806.0.0 (w=0.0 aw=0.0 lp=0 grd=0) started on engine pid=18629,rank=0,slot=1
command 3066 806.0.0 ended on engine pid=18629,rank=0,slot=1
Auto thread command 2915 774.0.0 (w=0.0 aw=0.0 lp=0 grd=0) started on engine pid=18629,rank=0,slot=1
command 2934 778.0.0 ended on engine pid=18608,rank=1,slot=0
Auto thread command 2940 779.0.0 (w=0.0 aw=0.0 lp=0 grd=0) started on engine pid=18608,rank=1,slot=0
command 2915 774.0.0 ended on engine pid=18629,rank=0,slot=1
Auto thread command 2919 775.0.0 (w=0.0 aw=0.0 lp=0 grd=0) started on engine pid=18629,rank=0,slot=1
command 2940 779.0.0 ended on engine pid=18608,rank=1,slot=0
Auto thread command 2189 624.0.0 (w=0.0 aw=0.0 lp=0 grd=0) started on engine pid=18608,rank=1,slot=0
command 2919 775.0.0 ended on engine pid=18629,rank=0,slot=1
command 2189 624.0.0 ended on engine pid=18608,rank=1,slot=0
Auto thread command 2922 776.0.0 (w=0.0 aw=0.0 lp=0 grd=0) started on engine pid=18629,rank=0,slot=1
Auto thread command 2192 625.0.0 (w=0.0 aw=0.0 lp=0 grd=0) started on engine pid=18608,rank=1,slot=0
command 2922 776.0.0 ended on engine pid=18629,rank=0,slot=1
Auto thread command 2927 777.0.0 (w=0.0 aw=0.0 lp=0 grd=0) started on engine pid=18629,rank=0,slot=1
command 2192 625.0.0 ended on engine pid=18608,rank=1,slot=0
Auto thread command 2874 766.0.0 (w=0.0 aw=0.0 lp=0 grd=0) started on engine pid=18608,rank=1,slot=0
command 2874 766.0.0 ended on engine pid=18608,rank=1,slot=0
command 2927 777.0.0 ended on engine pid=18629,rank=0,slot=1
Auto thread command 2880 768.0.0 (w=0.0 aw=0.0 lp=0 grd=0) started on engine pid=18608,rank=1,slot=0
Auto thread command 2198 626.0.0 (w=0.0 aw=0.0 lp=0 grd=0) started on engine pid=18629,rank=0,slot=1
command 2880 768.0.0 ended on engine pid=18608,rank=1,slot=0
command 2198 626.0.0 ended on engine pid=18629,rank=0,slot=1
Auto thread command 2183 623.0.0 (w=0.0 aw=0.0 lp=0 grd=0) started on engine pid=18608,rank=1,slot=0
Auto thread command 2170 620.0.0 (w=0.0 aw=0.0 lp=0 grd=0) started on engine pid=18629,rank=0,slot=1
command 2170 620.0.0 ended on engine pid=18629,rank=0,slot=1
Auto thread command 2159 618.0.0 (w=0.0 aw=0.0 lp=0 grd=0) started on engine pid=18629,rank=0,slot=1
command 2159 618.0.0 ended on engine pid=18629,rank=0,slot=1
Auto thread command 2162 619.0.0 (w=0.0 aw=0.0 lp=0 grd=0) started on engine pid=18629,rank=0,slot=1
command 2183 623.0.0 ended on engine pid=18608,rank=1,slot=0
Auto thread command 2144 615.0.0 (w=0.0 aw=0.0 lp=0 grd=0) started on engine pid=18608,rank=1,slot=0
command 2162 619.0.0 ended on engine pid=18629,rank=0,slot=1
Auto thread command 2134 613.0.0 (w=0.0 aw=0.0 lp=0 grd=0) started on engine pid=18629,rank=0,slot=1
command 2134 613.0.0 ended on engine pid=18629,rank=0,slot=1
Auto thread command 2137 614.0.0 (w=0.0 aw=0.0 lp=0 grd=0) started on engine pid=18629,rank=0,slot=1
command 2144 615.0.0 ended on engine pid=18608,rank=1,slot=0
Auto thread command 2148 616.0.0 (w=0.0 aw=0.0 lp=0 grd=0) started on engine pid=18608,rank=1,slot=0
command 2137 614.0.0 ended on engine pid=18629,rank=0,slot=1
command 2148 616.0.0 ended on engine pid=18608,rank=1,slot=0
Auto thread command 2123 611.0.0 (w=0.0 aw=0.0 lp=0 grd=0) started on engine pid=18629,rank=0,slot=1
command 2123 611.0.0 ended on engine pid=18629,rank=0,slot=1
Auto thread command 2151 617.0.0 (w=0.0 aw=0.0 lp=0 grd=0) started on engine pid=18608,rank=1,slot=0
Auto thread command 2126 612.0.0 (w=0.0 aw=0.0 lp=0 grd=0) started on engine pid=18629,rank=0,slot=1
command 2151 617.0.0 ended on engine pid=18608,rank=1,slot=0
command 2126 612.0.0 ended on engine pid=18629,rank=0,slot=1
Auto thread command 2113 609.0.0 (w=0.0 aw=0.0 lp=0 grd=0) started on engine pid=18608,rank=1,slot=0
Auto thread command 2097 605.0.0 (w=0.0 aw=0.0 lp=0 grd=0) started on engine pid=18629,rank=0,slot=1
command 2113 609.0.0 ended on engine pid=18608,rank=1,slot=0
Auto thread command 2116 610.0.0 (w=0.0 aw=0.0 lp=0 grd=0) started on engine pid=18608,rank=1,slot=0
command 2116 610.0.0 ended on engine pid=18608,rank=1,slot=0
Auto thread command 2090 603.0.0 (w=0.0 aw=0.0 lp=0 grd=0) started on engine pid=18608,rank=1,slot=0
command 2097 605.0.0 ended on engine pid=18629,rank=0,slot=1
Auto thread command 1880 550.0.0 (w=0.0 aw=0.0 lp=0 grd=0) started on engine pid=18629,rank=0,slot=1
command 2090 603.0.0 ended on engine pid=18608,rank=1,slot=0
Auto thread command 1493 417.0.0 (w=0.0 aw=0.0 lp=0 grd=0) started on engine pid=18608,rank=1,slot=0
command 1880 550.0.0 ended on engine pid=18629,rank=0,slot=1
command 1493 417.0.0 ended on engine pid=18608,rank=1,slot=0
Auto thread command 1888 552.0.0 (w=0.0 aw=0.0 lp=0 grd=0) started on engine pid=18629,rank=0,slot=1
Auto thread command 2244 635.0.0 (w=0.0 aw=0.0 lp=0 grd=0) started on engine pid=18608,rank=1,slot=0
command 2244 635.0.0 ended on engine pid=18608,rank=1,slot=0
Auto thread command 2247 636.0.0 (w=0.0 aw=0.0 lp=0 grd=0) started on engine pid=18608,rank=1,slot=0
command 1888 552.0.0 ended on engine pid=18629,rank=0,slot=1
Auto thread command 2235 633.0.0 (w=0.0 aw=0.0 lp=0 grd=0) started on engine pid=18629,rank=0,slot=1
command 2235 633.0.0 ended on engine pid=18629,rank=0,slot=1
command 2247 636.0.0 ended on engine pid=18608,rank=1,slot=0
Auto thread command 2232 632.0.0 (w=0.0 aw=0.0 lp=0 grd=0) started on engine pid=18629,rank=0,slot=1
Auto thread command 2222 630.0.0 (w=0.0 aw=0.0 lp=0 grd=0) started on engine pid=18608,rank=1,slot=0
command 2222 630.0.0 ended on engine pid=18608,rank=1,slot=0
Auto thread command 2225 631.0.0 (w=0.0 aw=0.0 lp=0 grd=0) started on engine pid=18608,rank=1,slot=0
command 2232 632.0.0 ended on engine pid=18629,rank=0,slot=1
Auto thread command 2212 628.0.0 (w=0.0 aw=0.0 lp=0 grd=0) started on engine pid=18629,rank=0,slot=1
command 2212 628.0.0 ended on engine pid=18629,rank=0,slot=1
Auto thread command 2215 629.0.0 (w=0.0 aw=0.0 lp=0 grd=0) started on engine pid=18629,rank=0,slot=1
command 2225 631.0.0 ended on engine pid=18608,rank=1,slot=0
Auto thread command 1884 551.0.0 (w=0.0 aw=0.0 lp=0 grd=0) started on engine pid=18608,rank=1,slot=0
command 2215 629.0.0 ended on engine pid=18629,rank=0,slot=1
Auto thread command 1477 413.0.0 (w=0.0 aw=0.0 lp=0 grd=0) started on engine pid=18629,rank=0,slot=1
command 1477 413.0.0 ended on engine pid=18629,rank=0,slot=1
command 1884 551.0.0 ended on engine pid=18608,rank=1,slot=0
Auto thread command 2371 661.0.0 (w=0.0 aw=0.0 lp=0 grd=0) started on engine pid=18629,rank=0,slot=1
Auto thread command 1892 553.0.0 (w=0.0 aw=0.0 lp=0 grd=0) started on engine pid=18608,rank=1,slot=0
command 1892 553.0.0 ended on engine pid=18608,rank=1,slot=0
Auto thread command 2365 660.0.0 (w=0.0 aw=0.0 lp=0 grd=0) started on engine pid=18608,rank=1,slot=0
command 2371 661.0.0 ended on engine pid=18629,rank=0,slot=1
Auto thread command 2354 658.0.0 (w=0.0 aw=0.0 lp=0 grd=0) started on engine pid=18629,rank=0,slot=1
command 2365 660.0.0 ended on engine pid=18608,rank=1,slot=0
Auto thread command 2330 653.0.0 (w=0.0 aw=0.0 lp=0 grd=0) started on engine pid=18608,rank=1,slot=0
command 2354 658.0.0 ended on engine pid=18629,rank=0,slot=1
Auto thread command 2326 652.0.0 (w=0.0 aw=0.0 lp=0 grd=0) started on engine pid=18629,rank=0,slot=1
command 2330 653.0.0 ended on engine pid=18608,rank=1,slot=0
Auto thread command 2288 644.0.0 (w=0.0 aw=0.0 lp=0 grd=0) started on engine pid=18608,rank=1,slot=0
command 2288 644.0.0 ended on engine pid=18608,rank=1,slot=0
Auto thread command 2291 645.0.0 (w=0.0 aw=0.0 lp=0 grd=0) started on engine pid=18608,rank=1,slot=0
command 2326 652.0.0 ended on engine pid=18629,rank=0,slot=1
Auto thread command 2261 638.0.0 (w=0.0 aw=0.0 lp=0 grd=0) started on engine pid=18629,rank=0,slot=1
command 2261 638.0.0 ended on engine pid=18629,rank=0,slot=1
command 2291 645.0.0 ended on engine pid=18608,rank=1,slot=0
Auto thread command 2346 657.0.0 (w=0.0 aw=0.0 lp=0 grd=0) started on engine pid=18629,rank=0,slot=1
Auto thread command 2336 655.0.0 (w=0.0 aw=0.0 lp=0 grd=0) started on engine pid=18608,rank=1,slot=0
command 2346 657.0.0 ended on engine pid=18629,rank=0,slot=1
Auto thread command 2277 642.0.0 (w=0.0 aw=0.0 lp=0 grd=0) started on engine pid=18629,rank=0,slot=1
command 2336 655.0.0 ended on engine pid=18608,rank=1,slot=0
Auto thread command 2264 639.0.0 (w=0.0 aw=0.0 lp=0 grd=0) started on engine pid=18608,rank=1,slot=0
command 2277 642.0.0 ended on engine pid=18629,rank=0,slot=1
Auto thread command 2284 643.0.0 (w=0.0 aw=0.0 lp=0 grd=0) started on engine pid=18629,rank=0,slot=1
command 2264 639.0.0 ended on engine pid=18608,rank=1,slot=0
Auto thread command 2271 640.0.0 (w=0.0 aw=0.0 lp=0 grd=0) started on engine pid=18608,rank=1,slot=0
command 2284 643.0.0 ended on engine pid=18629,rank=0,slot=1
Auto thread command 2255 637.0.0 (w=0.0 aw=0.0 lp=0 grd=0) started on engine pid=18629,rank=0,slot=1
command 2271 640.0.0 ended on engine pid=18608,rank=1,slot=0
Auto thread command 1461 409.0.0 (w=0.0 aw=0.0 lp=0 grd=0) started on engine pid=18608,rank=1,slot=0
command 2255 637.0.0 ended on engine pid=18629,rank=0,slot=1
command 1461 409.0.0 ended on engine pid=18608,rank=1,slot=0
Auto thread command 4150 1099.0.0 (w=0.0 aw=0.0 lp=0 grd=0) started on engine pid=18629,rank=0,slot=1
command 4150 1099.0.0 ended on engine pid=18629,rank=0,slot=1
Auto thread command 2297 646.0.0 (w=0.0 aw=0.0 lp=0 grd=0) started on engine pid=18608,rank=1,slot=0
Auto thread command 1997 585.0.0 (w=0.0 aw=0.0 lp=0 grd=0) started on engine pid=18629,rank=0,slot=1
command 2297 646.0.0 ended on engine pid=18608,rank=1,slot=0
Auto thread command 2300 647.0.0 (w=0.0 aw=0.0 lp=0 grd=0) started on engine pid=18608,rank=1,slot=0
command 1997 585.0.0 ended on engine pid=18629,rank=0,slot=1
Auto thread command 1963 578.0.0 (w=0.0 aw=0.0 lp=0 grd=0) started on engine pid=18629,rank=0,slot=1
command 2300 647.0.0 ended on engine pid=18608,rank=1,slot=0
command 1963 578.0.0 ended on engine pid=18629,rank=0,slot=1
Auto thread command 2306 648.0.0 (w=0.0 aw=0.0 lp=0 grd=0) started on engine pid=18608,rank=1,slot=0
Auto thread command 2175 622.0.0 (w=0.0 aw=0.0 lp=0 grd=0) started on engine pid=18629,rank=0,slot=1
command 2306 648.0.0 ended on engine pid=18608,rank=1,slot=0
Auto thread command 1989 584.0.0 (w=0.0 aw=0.0 lp=0 grd=0) started on engine pid=18608,rank=1,slot=0
command 2175 622.0.0 ended on engine pid=18629,rank=0,slot=1
Auto thread command 1979 582.0.0 (w=0.0 aw=0.0 lp=0 grd=0) started on engine pid=18629,rank=0,slot=1
command 1989 584.0.0 ended on engine pid=18608,rank=1,slot=0
Auto thread command 1966 579.0.0 (w=0.0 aw=0.0 lp=0 grd=0) started on engine pid=18608,rank=1,slot=0
command 1979 582.0.0 ended on engine pid=18629,rank=0,slot=1
Auto thread command 1951 574.0.0 (w=0.0 aw=0.0 lp=0 grd=0) started on engine pid=18629,rank=0,slot=1
command 1966 579.0.0 ended on engine pid=18608,rank=1,slot=0
Auto thread command 1973 580.0.0 (w=0.0 aw=0.0 lp=0 grd=0) started on engine pid=18608,rank=1,slot=0
command 1951 574.0.0 ended on engine pid=18629,rank=0,slot=1
Auto thread command 1955 575.0.0 (w=0.0 aw=0.0 lp=0 grd=0) started on engine pid=18629,rank=0,slot=1
command 1973 580.0.0 ended on engine pid=18608,rank=1,slot=0
Auto thread command 4410 1184.0.0 (w=0.0 aw=0.0 lp=0 grd=0) started on engine pid=18608,rank=1,slot=0
command 1955 575.0.0 ended on engine pid=18629,rank=0,slot=1
command 4410 1184.0.0 ended on engine pid=18608,rank=1,slot=0
Auto thread command 4404 1181.0.0 (w=0.0 aw=0.0 lp=0 grd=0) started on engine pid=18629,rank=0,slot=1
command 4404 1181.0.0 ended on engine pid=18629,rank=0,slot=1
Auto thread command 4402 1180.0.0 (w=0.0 aw=0.0 lp=0 grd=0) started on engine pid=18608,rank=1,slot=0
command 4402 1180.0.0 ended on engine pid=18608,rank=1,slot=0
Auto thread command 4396 1177.0.0 (w=0.0 aw=0.0 lp=0 grd=0) started on engine pid=18629,rank=0,slot=1
command 4396 1177.0.0 ended on engine pid=18629,rank=0,slot=1
Auto thread command 4389 1174.0.0 (w=0.0 aw=0.0 lp=0 grd=0) started on engine pid=18608,rank=1,slot=0
command 4389 1174.0.0 ended on engine pid=18608,rank=1,slot=0
Auto thread command 4418 1188.0.0 (w=0.0 aw=0.0 lp=0 grd=0) started on engine pid=18629,rank=0,slot=1
Auto thread command 4225 1122.0.0 (w=0.0 aw=0.0 lp=0 grd=0) started on engine pid=18608,rank=1,slot=0
command 4225 1122.0.0 ended on engine pid=18608,rank=1,slot=0
Auto thread command 4221 1120.0.0 (w=0.0 aw=0.0 lp=0 grd=0) started on engine pid=18608,rank=1,slot=0
command 4221 1120.0.0 ended on engine pid=18608,rank=1,slot=0
Auto thread command 4215 1117.0.0 (w=0.0 aw=0.0 lp=0 grd=0) started on engine pid=18608,rank=1,slot=0
command 4215 1117.0.0 ended on engine pid=18608,rank=1,slot=0
Auto thread command 4213 1116.0.0 (w=0.0 aw=0.0 lp=0 grd=0) started on engine pid=18608,rank=1,slot=0
command 4213 1116.0.0 ended on engine pid=18608,rank=1,slot=0
Auto thread command 4207 1113.0.0 (w=0.0 aw=0.0 lp=0 grd=0) started on engine pid=18608,rank=1,slot=0
command 4207 1113.0.0 ended on engine pid=18608,rank=1,slot=0
Auto thread command 4229 1124.0.0 (w=0.0 aw=0.0 lp=0 grd=0) started on engine pid=18608,rank=1,slot=0
command 4418 1188.0.0 ended on engine pid=18629,rank=0,slot=1
Auto thread command 4420 1189.0.0 (w=0.0 aw=0.0 lp=0 grd=0) started on engine pid=18629,rank=0,slot=1
command 4229 1124.0.0 ended on engine pid=18608,rank=1,slot=0
Auto thread command 4231 1125.0.0 (w=0.0 aw=0.0 lp=0 grd=0) started on engine pid=18608,rank=1,slot=0
command 4420 1189.0.0 ended on engine pid=18629,rank=0,slot=1
Auto thread command 4438 1191.0.0 (w=0.0 aw=0.0 lp=0 grd=0) started on engine pid=18629,rank=0,slot=1
command 4438 1191.0.0 ended on engine pid=18629,rank=0,slot=1
Auto thread command 4433 1190.0.0 (w=0.0 aw=0.0 lp=0 grd=0) started on engine pid=18629,rank=0,slot=1
command 4433 1190.0.0 ended on engine pid=18629,rank=0,slot=1
Auto thread command 4544 1232.0.0 (w=0.0 aw=0.0 lp=0 grd=0) started on engine pid=18629,rank=0,slot=1
command 4231 1125.0.0 ended on engine pid=18608,rank=1,slot=0
command 4544 1232.0.0 ended on engine pid=18629,rank=0,slot=1
Auto thread command 4249 1127.0.0 (w=0.0 aw=0.0 lp=0 grd=0) started on engine pid=18608,rank=1,slot=0
Auto thread command 4244 1126.0.0 (w=0.0 aw=0.0 lp=0 grd=0) started on engine pid=18629,rank=0,slot=1
command 4249 1127.0.0 ended on engine pid=18608,rank=1,slot=0
command 4244 1126.0.0 ended on engine pid=18629,rank=0,slot=1
Auto thread command 4261 1130.0.0 (w=0.0 aw=0.0 lp=0 grd=0) started on engine pid=18608,rank=1,slot=0
command 4261 1130.0.0 ended on engine pid=18608,rank=1,slot=0
Auto thread command 4359 1170.0.0 (w=0.0 aw=0.0 lp=0 grd=0) started on engine pid=18629,rank=0,slot=1
Auto thread command 4256 1129.0.0 (w=0.0 aw=0.0 lp=0 grd=0) started on engine pid=18608,rank=1,slot=0
command 4256 1129.0.0 ended on engine pid=18608,rank=1,slot=0
command 4359 1170.0.0 ended on engine pid=18629,rank=0,slot=1
Auto thread command 4355 1169.0.0 (w=0.0 aw=0.0 lp=0 grd=0) started on engine pid=18608,rank=1,slot=0
Auto thread command 4450 1194.0.0 (w=0.0 aw=0.0 lp=0 grd=0) started on engine pid=18629,rank=0,slot=1
command 4450 1194.0.0 ended on engine pid=18629,rank=0,slot=1
command 4355 1169.0.0 ended on engine pid=18608,rank=1,slot=0
Auto thread command 4445 1193.0.0 (w=0.0 aw=0.0 lp=0 grd=0) started on engine pid=18629,rank=0,slot=1
Auto thread command 4200 1110.0.0 (w=0.0 aw=0.0 lp=0 grd=0) started on engine pid=18608,rank=1,slot=0
command 4445 1193.0.0 ended on engine pid=18629,rank=0,slot=1
command 4200 1110.0.0 ended on engine pid=18608,rank=1,slot=0
Auto thread command 4540 1231.0.0 (w=0.0 aw=0.0 lp=0 grd=0) started on engine pid=18629,rank=0,slot=1
Auto thread command 4032 1057.0.0 (w=0.0 aw=0.0 lp=0 grd=0) started on engine pid=18608,rank=1,slot=0
command 4032 1057.0.0 ended on engine pid=18608,rank=1,slot=0
command 4540 1231.0.0 ended on engine pid=18629,rank=0,slot=1
Auto thread command 4028 1055.0.0 (w=0.0 aw=0.0 lp=0 grd=0) started on engine pid=18608,rank=1,slot=0
command 4028 1055.0.0 ended on engine pid=18608,rank=1,slot=0
Auto thread command 4022 1052.0.0 (w=0.0 aw=0.0 lp=0 grd=0) started on engine pid=18629,rank=0,slot=1
command 4022 1052.0.0 ended on engine pid=18629,rank=0,slot=1
Auto thread command 4020 1051.0.0 (w=0.0 aw=0.0 lp=0 grd=0) started on engine pid=18608,rank=1,slot=0
command 4020 1051.0.0 ended on engine pid=18608,rank=1,slot=0
Auto thread command 4014 1048.0.0 (w=0.0 aw=0.0 lp=0 grd=0) started on engine pid=18629,rank=0,slot=1
command 4014 1048.0.0 ended on engine pid=18629,rank=0,slot=1
Auto thread command 4007 1045.0.0 (w=0.0 aw=0.0 lp=0 grd=0) started on engine pid=18608,rank=1,slot=0
command 4007 1045.0.0 ended on engine pid=18608,rank=1,slot=0
Auto thread command 4036 1059.0.0 (w=0.0 aw=0.0 lp=0 grd=0) started on engine pid=18629,rank=0,slot=1
Auto thread command 3838 1010.0.0 (w=0.0 aw=0.0 lp=0 grd=0) started on engine pid=18608,rank=1,slot=0
command 3838 1010.0.0 ended on engine pid=18608,rank=1,slot=0
Auto thread command 3834 1008.0.0 (w=0.0 aw=0.0 lp=0 grd=0) started on engine pid=18608,rank=1,slot=0
command 3834 1008.0.0 ended on engine pid=18608,rank=1,slot=0
Auto thread command 3828 1005.0.0 (w=0.0 aw=0.0 lp=0 grd=0) started on engine pid=18608,rank=1,slot=0
command 3828 1005.0.0 ended on engine pid=18608,rank=1,slot=0
Auto thread command 3826 1004.0.0 (w=0.0 aw=0.0 lp=0 grd=0) started on engine pid=18608,rank=1,slot=0
command 3826 1004.0.0 ended on engine pid=18608,rank=1,slot=0
Auto thread command 3820 1001.0.0 (w=0.0 aw=0.0 lp=0 grd=0) started on engine pid=18608,rank=1,slot=0
command 3820 1001.0.0 ended on engine pid=18608,rank=1,slot=0
Auto thread command 3842 1012.0.0 (w=0.0 aw=0.0 lp=0 grd=0) started on engine pid=18608,rank=1,slot=0
command 4036 1059.0.0 ended on engine pid=18629,rank=0,slot=1
Auto thread command 4038 1060.0.0 (w=0.0 aw=0.0 lp=0 grd=0) started on engine pid=18629,rank=0,slot=1
command 3842 1012.0.0 ended on engine pid=18608,rank=1,slot=0
Auto thread command 3844 1013.0.0 (w=0.0 aw=0.0 lp=0 grd=0) started on engine pid=18608,rank=1,slot=0
command 4038 1060.0.0 ended on engine pid=18629,rank=0,slot=1
Auto thread command 4056 1062.0.0 (w=0.0 aw=0.0 lp=0 grd=0) started on engine pid=18629,rank=0,slot=1
command 4056 1062.0.0 ended on engine pid=18629,rank=0,slot=1
Auto thread command 4051 1061.0.0 (w=0.0 aw=0.0 lp=0 grd=0) started on engine pid=18629,rank=0,slot=1
command 4051 1061.0.0 ended on engine pid=18629,rank=0,slot=1
command 3844 1013.0.0 ended on engine pid=18608,rank=1,slot=0
Auto thread command 4169 1106.0.0 (w=0.0 aw=0.0 lp=0 grd=0) started on engine pid=18629,rank=0,slot=1
Auto thread command 4068 1065.0.0 (w=0.0 aw=0.0 lp=0 grd=0) started on engine pid=18608,rank=1,slot=0
command 4169 1106.0.0 ended on engine pid=18629,rank=0,slot=1
Auto thread command 4063 1064.0.0 (w=0.0 aw=0.0 lp=0 grd=0) started on engine pid=18629,rank=0,slot=1
command 4063 1064.0.0 ended on engine pid=18629,rank=0,slot=1
command 4068 1065.0.0 ended on engine pid=18608,rank=1,slot=0
Auto thread command 3813 998.0.0 (w=0.0 aw=0.0 lp=0 grd=0) started on engine pid=18629,rank=0,slot=1
Auto thread command 4165 1105.0.0 (w=0.0 aw=0.0 lp=0 grd=0) started on engine pid=18608,rank=1,slot=0
command 3813 998.0.0 ended on engine pid=18629,rank=0,slot=1
Auto thread command 3682 956.0.0 (w=0.0 aw=0.0 lp=0 grd=0) started on engine pid=18629,rank=0,slot=1
command 3682 956.0.0 ended on engine pid=18629,rank=0,slot=1
command 4165 1105.0.0 ended on engine pid=18608,rank=1,slot=0
Auto thread command 3680 955.0.0 (w=0.0 aw=0.0 lp=0 grd=0) started on engine pid=18629,rank=0,slot=1
command 3680 955.0.0 ended on engine pid=18629,rank=0,slot=1
Auto thread command 3297 855.0.0 (w=0.0 aw=0.0 lp=0 grd=0) started on engine pid=18608,rank=1,slot=0
command 3297 855.0.0 ended on engine pid=18608,rank=1,slot=0
Auto thread command 3707 965.0.0 (w=0.0 aw=0.0 lp=0 grd=0) started on engine pid=18629,rank=0,slot=1
Auto thread command 3295 854.0.0 (w=0.0 aw=0.0 lp=0 grd=0) started on engine pid=18608,rank=1,slot=0
command 3295 854.0.0 ended on engine pid=18608,rank=1,slot=0
Auto thread command 3322 864.0.0 (w=0.0 aw=0.0 lp=0 grd=0) started on engine pid=18608,rank=1,slot=0
command 3707 965.0.0 ended on engine pid=18629,rank=0,slot=1
Auto thread command 3709 966.0.0 (w=0.0 aw=0.0 lp=0 grd=0) started on engine pid=18629,rank=0,slot=1
command 3322 864.0.0 ended on engine pid=18608,rank=1,slot=0
Auto thread command 3324 865.0.0 (w=0.0 aw=0.0 lp=0 grd=0) started on engine pid=18608,rank=1,slot=0
command 3709 966.0.0 ended on engine pid=18629,rank=0,slot=1
Auto thread command 1925 567.0.0 (w=0.0 aw=0.0 lp=0 grd=0) started on engine pid=18629,rank=0,slot=1
command 1925 567.0.0 ended on engine pid=18629,rank=0,slot=1
Auto thread command 1923 566.0.0 (w=0.0 aw=0.0 lp=0 grd=0) started on engine pid=18629,rank=0,slot=1
command 3324 865.0.0 ended on engine pid=18608,rank=1,slot=0
command 1923 566.0.0 ended on engine pid=18629,rank=0,slot=1
Auto thread command 1921 565.0.0 (w=0.0 aw=0.0 lp=0 grd=0) started on engine pid=18629,rank=0,slot=1
Auto thread command 1919 564.0.0 (w=0.0 aw=0.0 lp=0 grd=0) started on engine pid=18608,rank=1,slot=0
command 1921 565.0.0 ended on engine pid=18629,rank=0,slot=1
command 1919 564.0.0 ended on engine pid=18608,rank=1,slot=0
Auto thread command 1917 563.0.0 (w=0.0 aw=0.0 lp=0 grd=0) started on engine pid=18629,rank=0,slot=1
command 1917 563.0.0 ended on engine pid=18629,rank=0,slot=1
Auto thread command 1915 562.0.0 (w=0.0 aw=0.0 lp=0 grd=0) started on engine pid=18608,rank=1,slot=0
command 1915 562.0.0 ended on engine pid=18608,rank=1,slot=0
Auto thread command 1913 561.0.0 (w=0.0 aw=0.0 lp=0 grd=0) started on engine pid=18629,rank=0,slot=1
command 1913 561.0.0 ended on engine pid=18629,rank=0,slot=1
Auto thread command 1911 560.0.0 (w=0.0 aw=0.0 lp=0 grd=0) started on engine pid=18608,rank=1,slot=0
Auto thread command 1909 559.0.0 (w=0.0 aw=0.0 lp=0 grd=0) started on engine pid=18629,rank=0,slot=1
command 1911 560.0.0 ended on engine pid=18608,rank=1,slot=0
command 1909 559.0.0 ended on engine pid=18629,rank=0,slot=1
Auto thread command 1907 558.0.0 (w=0.0 aw=0.0 lp=0 grd=0) started on engine pid=18608,rank=1,slot=0
command 1907 558.0.0 ended on engine pid=18608,rank=1,slot=0
Auto thread command 1905 557.0.0 (w=0.0 aw=0.0 lp=0 grd=0) started on engine pid=18629,rank=0,slot=1
command 1905 557.0.0 ended on engine pid=18629,rank=0,slot=1
Auto thread command 1903 556.0.0 (w=0.0 aw=0.0 lp=0 grd=0) started on engine pid=18608,rank=1,slot=0
command 1903 556.0.0 ended on engine pid=18608,rank=1,slot=0
Auto thread command 1874 547.0.0 (w=0.0 aw=0.0 lp=0 grd=0) started on engine pid=18629,rank=0,slot=1
command 1874 547.0.0 ended on engine pid=18629,rank=0,slot=1
Auto thread command 1871 545.0.0 (w=0.0 aw=0.0 lp=0 grd=0) started on engine pid=18608,rank=1,slot=0
command 1871 545.0.0 ended on engine pid=18608,rank=1,slot=0
Auto thread command 1868 543.0.0 (w=0.0 aw=0.0 lp=0 grd=0) started on engine pid=18629,rank=0,slot=1
command 1868 543.0.0 ended on engine pid=18629,rank=0,slot=1
Auto thread command 1865 541.0.0 (w=0.0 aw=0.0 lp=0 grd=0) started on engine pid=18608,rank=1,slot=0
Auto thread command 1862 539.0.0 (w=0.0 aw=0.0 lp=0 grd=0) started on engine pid=18629,rank=0,slot=1
command 1865 541.0.0 ended on engine pid=18608,rank=1,slot=0
command 1862 539.0.0 ended on engine pid=18629,rank=0,slot=1
Auto thread command 1859 537.0.0 (w=0.0 aw=0.0 lp=0 grd=0) started on engine pid=18608,rank=1,slot=0
Auto thread command 1856 535.0.0 (w=0.0 aw=0.0 lp=0 grd=0) started on engine pid=18629,rank=0,slot=1
command 1859 537.0.0 ended on engine pid=18608,rank=1,slot=0
command 1856 535.0.0 ended on engine pid=18629,rank=0,slot=1
Auto thread command 1853 533.0.0 (w=0.0 aw=0.0 lp=0 grd=0) started on engine pid=18608,rank=1,slot=0
Auto thread command 1850 531.0.0 (w=0.0 aw=0.0 lp=0 grd=0) started on engine pid=18629,rank=0,slot=1
command 1853 533.0.0 ended on engine pid=18608,rank=1,slot=0
command 1850 531.0.0 ended on engine pid=18629,rank=0,slot=1
Auto thread command 1847 529.0.0 (w=0.0 aw=0.0 lp=0 grd=0) started on engine pid=18608,rank=1,slot=0
Auto thread command 1828 522.0.0 (w=0.0 aw=0.0 lp=0 grd=0) started on engine pid=18629,rank=0,slot=1
command 1847 529.0.0 ended on engine pid=18608,rank=1,slot=0
command 1828 522.0.0 ended on engine pid=18629,rank=0,slot=1
Auto thread command 1825 520.0.0 (w=0.0 aw=0.0 lp=0 grd=0) started on engine pid=18608,rank=1,slot=0
command 1825 520.0.0 ended on engine pid=18608,rank=1,slot=0
Auto thread command 1806 513.0.0 (w=0.0 aw=0.0 lp=0 grd=0) started on engine pid=18629,rank=0,slot=1
command 1806 513.0.0 ended on engine pid=18629,rank=0,slot=1
Auto thread command 1803 511.0.0 (w=0.0 aw=0.0 lp=0 grd=0) started on engine pid=18608,rank=1,slot=0
command 1803 511.0.0 ended on engine pid=18608,rank=1,slot=0
Auto thread command 1784 504.0.0 (w=0.0 aw=0.0 lp=0 grd=0) started on engine pid=18629,rank=0,slot=1
command 1784 504.0.0 ended on engine pid=18629,rank=0,slot=1
Auto thread command 1781 502.0.0 (w=0.0 aw=0.0 lp=0 grd=0) started on engine pid=18608,rank=1,slot=0
command 1781 502.0.0 ended on engine pid=18608,rank=1,slot=0
Auto thread command 1778 500.0.0 (w=0.0 aw=0.0 lp=0 grd=0) started on engine pid=18629,rank=0,slot=1
Auto thread command 1775 498.0.0 (w=0.0 aw=0.0 lp=0 grd=0) started on engine pid=18608,rank=1,slot=0
command 1778 500.0.0 ended on engine pid=18629,rank=0,slot=1
command 1775 498.0.0 ended on engine pid=18608,rank=1,slot=0
Auto thread command 1772 496.0.0 (w=0.0 aw=0.0 lp=0 grd=0) started on engine pid=18629,rank=0,slot=1
Auto thread command 1769 494.0.0 (w=0.0 aw=0.0 lp=0 grd=0) started on engine pid=18608,rank=1,slot=0
command 1772 496.0.0 ended on engine pid=18629,rank=0,slot=1
command 1769 494.0.0 ended on engine pid=18608,rank=1,slot=0
Auto thread command 1766 492.0.0 (w=0.0 aw=0.0 lp=0 grd=0) started on engine pid=18629,rank=0,slot=1
Auto thread command 1763 490.0.0 (w=0.0 aw=0.0 lp=0 grd=0) started on engine pid=18608,rank=1,slot=0
command 1766 492.0.0 ended on engine pid=18629,rank=0,slot=1
command 1763 490.0.0 ended on engine pid=18608,rank=1,slot=0
Auto thread command 1744 483.0.0 (w=0.0 aw=0.0 lp=0 grd=0) started on engine pid=18629,rank=0,slot=1
Auto thread command 1741 481.0.0 (w=0.0 aw=0.0 lp=0 grd=0) started on engine pid=18608,rank=1,slot=0
command 1744 483.0.0 ended on engine pid=18629,rank=0,slot=1
command 1741 481.0.0 ended on engine pid=18608,rank=1,slot=0
Auto thread command 1385 389.0.0 (w=0.0 aw=0.0 lp=0 grd=0) started on engine pid=18629,rank=0,slot=1
command 1385 389.0.0 ended on engine pid=18629,rank=0,slot=1
Auto thread command 1959 576.0.0 (w=0.0 aw=0.0 lp=0 grd=0) started on engine pid=18608,rank=1,slot=0
Auto thread command 4476 1205.0.0 (w=0.0 aw=0.0 lp=0 grd=0) started on engine pid=18629,rank=0,slot=1
command 4476 1205.0.0 ended on engine pid=18629,rank=0,slot=1
Auto thread command 4550 1234.0.0 (w=0.0 aw=0.0 lp=0 grd=0) started on engine pid=18629,rank=0,slot=1
Reported thread stats of engine 0, 1 to dp memory manager
[3.000152s] usr=0.04s, sys=0.1s
command 4550 1234.0.0 ended on engine pid=18629,rank=0,slot=1
Auto thread command 4287 1141.0.0 (w=0.0 aw=0.0 lp=0 grd=0) started on engine pid=18629,rank=0,slot=1
command 4287 1141.0.0 ended on engine pid=18629,rank=0,slot=1
Auto thread command 4365 1172.0.0 (w=0.0 aw=0.0 lp=0 grd=0) started on engine pid=18629,rank=0,slot=1
command 4365 1172.0.0 ended on engine pid=18629,rank=0,slot=1
Auto thread command 4094 1076.0.0 (w=0.0 aw=0.0 lp=0 grd=0) started on engine pid=18629,rank=0,slot=1
command 4094 1076.0.0 ended on engine pid=18629,rank=0,slot=1
Auto thread command 4175 1108.0.0 (w=0.0 aw=0.0 lp=0 grd=0) started on engine pid=18629,rank=0,slot=1
command 4175 1108.0.0 ended on engine pid=18629,rank=0,slot=1
Auto thread command 3872 1021.0.0 (w=0.0 aw=0.0 lp=0 grd=0) started on engine pid=18629,rank=0,slot=1
command 3872 1021.0.0 ended on engine pid=18629,rank=0,slot=1
Auto thread command 3737 974.0.0 (w=0.0 aw=0.0 lp=0 grd=0) started on engine pid=18629,rank=0,slot=1
command 3737 974.0.0 ended on engine pid=18629,rank=0,slot=1
Auto thread command 3352 873.0.0 (w=0.0 aw=0.0 lp=0 grd=0) started on engine pid=18629,rank=0,slot=1
command 3352 873.0.0 ended on engine pid=18629,rank=0,slot=1
Auto thread command 4469 1202.0.0 (w=0.0 aw=0.0 lp=0 grd=0) started on engine pid=18629,rank=0,slot=1
command 4469 1202.0.0 ended on engine pid=18629,rank=0,slot=1
Auto thread command 4481 1207.0.0 (w=0.0 aw=0.0 lp=0 grd=0) started on engine pid=18629,rank=0,slot=1
command 4481 1207.0.0 ended on engine pid=18629,rank=0,slot=1
Auto thread command 4487 1209.0.0 (w=0.0 aw=0.0 lp=0 grd=0) started on engine pid=18629,rank=0,slot=1
command 4487 1209.0.0 ended on engine pid=18629,rank=0,slot=1
Auto thread command 4526 1225.0.0 (w=0.0 aw=0.0 lp=0 grd=0) started on engine pid=18629,rank=0,slot=1
command 4526 1225.0.0 ended on engine pid=18629,rank=0,slot=1
Auto thread command 4280 1138.0.0 (w=0.0 aw=0.0 lp=0 grd=0) started on engine pid=18629,rank=0,slot=1
command 4280 1138.0.0 ended on engine pid=18629,rank=0,slot=1
Auto thread command 4292 1143.0.0 (w=0.0 aw=0.0 lp=0 grd=0) started on engine pid=18629,rank=0,slot=1
command 4292 1143.0.0 ended on engine pid=18629,rank=0,slot=1
Auto thread command 4298 1145.0.0 (w=0.0 aw=0.0 lp=0 grd=0) started on engine pid=18629,rank=0,slot=1
command 4298 1145.0.0 ended on engine pid=18629,rank=0,slot=1
Auto thread command 4341 1163.0.0 (w=0.0 aw=0.0 lp=0 grd=0) started on engine pid=18629,rank=0,slot=1
command 4341 1163.0.0 ended on engine pid=18629,rank=0,slot=1
Auto thread command 4087 1073.0.0 (w=0.0 aw=0.0 lp=0 grd=0) started on engine pid=18629,rank=0,slot=1
command 4087 1073.0.0 ended on engine pid=18629,rank=0,slot=1
Auto thread command 4099 1078.0.0 (w=0.0 aw=0.0 lp=0 grd=0) started on engine pid=18629,rank=0,slot=1
command 4099 1078.0.0 ended on engine pid=18629,rank=0,slot=1
Auto thread command 4105 1080.0.0 (w=0.0 aw=0.0 lp=0 grd=0) started on engine pid=18629,rank=0,slot=1
command 4105 1080.0.0 ended on engine pid=18629,rank=0,slot=1
Auto thread command 4148 1098.0.0 (w=0.0 aw=0.0 lp=0 grd=0) started on engine pid=18629,rank=0,slot=1
command 4148 1098.0.0 ended on engine pid=18629,rank=0,slot=1
Auto thread command 3865 1018.0.0 (w=0.0 aw=0.0 lp=0 grd=0) started on engine pid=18629,rank=0,slot=1
command 3865 1018.0.0 ended on engine pid=18629,rank=0,slot=1
Auto thread command 3877 1023.0.0 (w=0.0 aw=0.0 lp=0 grd=0) started on engine pid=18629,rank=0,slot=1
command 3877 1023.0.0 ended on engine pid=18629,rank=0,slot=1
Auto thread command 3883 1025.0.0 (w=0.0 aw=0.0 lp=0 grd=0) started on engine pid=18629,rank=0,slot=1
command 3883 1025.0.0 ended on engine pid=18629,rank=0,slot=1
Auto thread command 3926 1043.0.0 (w=0.0 aw=0.0 lp=0 grd=0) started on engine pid=18629,rank=0,slot=1
command 3926 1043.0.0 ended on engine pid=18629,rank=0,slot=1
Auto thread command 3730 971.0.0 (w=0.0 aw=0.0 lp=0 grd=0) started on engine pid=18629,rank=0,slot=1
command 3730 971.0.0 ended on engine pid=18629,rank=0,slot=1
Auto thread command 3742 976.0.0 (w=0.0 aw=0.0 lp=0 grd=0) started on engine pid=18629,rank=0,slot=1
command 3742 976.0.0 ended on engine pid=18629,rank=0,slot=1
Auto thread command 3748 978.0.0 (w=0.0 aw=0.0 lp=0 grd=0) started on engine pid=18629,rank=0,slot=1
command 3748 978.0.0 ended on engine pid=18629,rank=0,slot=1
Auto thread command 3791 996.0.0 (w=0.0 aw=0.0 lp=0 grd=0) started on engine pid=18629,rank=0,slot=1
command 3791 996.0.0 ended on engine pid=18629,rank=0,slot=1
Auto thread command 3345 870.0.0 (w=0.0 aw=0.0 lp=0 grd=0) started on engine pid=18629,rank=0,slot=1
command 3345 870.0.0 ended on engine pid=18629,rank=0,slot=1
Auto thread command 3357 875.0.0 (w=0.0 aw=0.0 lp=0 grd=0) started on engine pid=18629,rank=0,slot=1
command 3357 875.0.0 ended on engine pid=18629,rank=0,slot=1
Auto thread command 3363 877.0.0 (w=0.0 aw=0.0 lp=0 grd=0) started on engine pid=18629,rank=0,slot=1
command 3363 877.0.0 ended on engine pid=18629,rank=0,slot=1
Auto thread command 3407 895.0.0 (w=0.0 aw=0.0 lp=0 grd=0) started on engine pid=18629,rank=0,slot=1
command 3407 895.0.0 ended on engine pid=18629,rank=0,slot=1
Auto thread command 0 0 (w=0.0 aw=0.0 lp=0 grd=0) started on engine pid=18629,rank=0,slot=1
command 0 0 ended on engine pid=18629,rank=0,slot=1
command 1959 576.0.0 ended on engine pid=18608,rank=1,slot=0
Auto thread command 4651 1237.0.0 (w=0.0 aw=0.0 lp=0 grd=0) started on engine pid=18629,rank=0,slot=1
Auto thread command 1961 577.0.0 (w=0.0 aw=0.0 lp=0 grd=0) started on engine pid=18608,rank=1,slot=0
command 1961 577.0.0 ended on engine pid=18608,rank=1,slot=0
Auto thread command 3093 811.0.0 (w=0.0 aw=0.0 lp=0 grd=0) started on engine pid=18608,rank=1,slot=0
command 3093 811.0.0 ended on engine pid=18608,rank=1,slot=0
Auto thread command 2674 724.0.0 (w=0.0 aw=0.0 lp=0 grd=0) started on engine pid=18608,rank=1,slot=0
command 2674 724.0.0 ended on engine pid=18608,rank=1,slot=0
Auto thread command 2666 723.0.0 (w=0.0 aw=0.0 lp=0 grd=0) started on engine pid=18608,rank=1,slot=0
command 4651 1237.0.0 ended on engine pid=18629,rank=0,slot=1
Auto thread command 2456 679.0.0 (w=0.0 aw=0.0 lp=0 grd=0) started on engine pid=18629,rank=0,slot=1
command 2666 723.0.0 ended on engine pid=18608,rank=1,slot=0
Auto thread command 0 0 (w=0.0 aw=0.0 lp=0 grd=0) started on engine pid=18608,rank=1,slot=0
command 0 0 ended on engine pid=18608,rank=1,slot=0
command 2456 679.0.0 ended on engine pid=18629,rank=0,slot=1
Auto thread command 4658 1239.0.0 (w=0.0 aw=0.0 lp=0 grd=0) started on engine pid=18629,rank=0,slot=1
Auto thread command 4658 1239.0.0 (w=0.0 aw=0.0 lp=0 grd=0) started on engine pid=18608,rank=1,slot=0
command 4658 1239.0.0 ended on engine pid=18629,rank=0,slot=1
command 4658 1239.0.0 ended on engine pid=18608,rank=1,slot=0
Auto thread command 4659 1240.0.0 (w=0.0 aw=0.0 lp=0 grd=0) started on engine pid=18629,rank=0,slot=1
command 4659 1240.0.0 ended on engine pid=18629,rank=0,slot=1
Auto thread command 4661 1241.0.0 (w=0.0 aw=0.0 lp=0 grd=0) started on engine pid=18629,rank=0,slot=1
Auto thread command 4661 1241.0.0 (w=0.0 aw=0.0 lp=0 grd=0) started on engine pid=18608,rank=1,slot=0
command 4661 1241.0.0 ended on engine pid=18608,rank=1,slot=0
[4.000679s] usr=0.04s, sys=0.11s
command 4661 1241.0.0 ended on engine pid=18629,rank=0,slot=1
Auto thread command 26 10.0 (w=0.0 aw=0.0 lp=0 grd=0) started on engine pid=18608,rank=1,slot=0
Auto thread command 26 10.0 (w=0.0 aw=0.0 lp=0 grd=0) started on engine pid=18629,rank=0,slot=1
  Descriptor 24 hang up
Removing fd 24 from connection catalog
Closing socket 24
  Descriptor 21 hang up
Removing fd 21 from connection catalog
Closing socket 21
  Descriptor 20 hang up
Cannot identify connection with fd 20. No engine to shutdown.
Closing socket 20
  Descriptor 23 hang up
Cannot identify connection with fd 23. No engine to shutdown.
Closing socket 23
Received msg 66 from parent process.
JudicatorDaemon terminated.
Closing socket 18
Closing socket 19
[JudicatorDaemon] exits
