[16:41:31.93] /o 
              /c                                 Custom Compiler 
              /c 
              /c                  Version S-2021.09 for linux64 - Aug 25, 2021 
              /c 
              /c                     Copyright (c) 2004 - 2021 Synopsys, Inc.
              /c    This software and the associated documentation are proprietary to Synopsys,
              /c  Inc. This software may only be used in accordance with the terms and conditions
              /c  of a written license agreement with Synopsys, Inc. All other use, reproduction,
              /c    or distribution of this software is strictly prohibited.  Licensed Products
              /c      communicate with Synopsys servers for the purpose of providing software
              /c     updates, detecting software piracy and verifying that customers are using
              /c     Licensed Products in conformity with the applicable License Key for such
              /c   Licensed Products. Synopsys will use information gathered in connection with
              /c     this process to deliver software updates and pursue software pirates and
              /c                                    infringers.
              /c 
              /c  Inclusivity & Diversity - Visit SolvNetPlus to read the "Synopsys Statement on
              /c             Inclusivity and Diversity" (Refer to article 000036315 at
              /c                         https://solvnetplus.synopsys.com)
              /c 
              /c Build  (OPT) Config 6809741 compiled on Wed Aug 25 11:47:50 2021 for CentOS64 7.3
              /c Invocation: /mnt/apps/public/COE/synopsys_apps/customcompiler/S-2021.09/linux64/platform/bin/custom_compiler
              /c Execution time: Wed Apr  6 16:41:19 2022
              /c Host: grendel28.ece.ncsu.edu
              /c Working directory: /afs/unity.ncsu.edu/users/r/rsekani/bin/ece546/project/project
              /c 
[16:42:49.00] /r giShowFrameTabs true
[16:42:49.00] /r giWindowId 1
[16:42:49.00] /r giWindowGeometry 1040x800
[16:43:05.07] /i db::setAttr maximized -of [gi::getFrames 1] -value true
[16:43:05.36] /i db::setAttr geometry -of [gi::getFrames 1] -value 1920x994+1920+46
[16:44:10.46] /# gi::pressButton {/scroll/scrollArea/scrollAreaInnerWidget/applications/dmLibraryManager} -in [gi::getWindows 1]
[16:44:10.47] /# 
[16:44:10.77] /i gi::addWindow [dm::openLibraryManager] -to 1
[16:44:10.77] /r giWindowId 2
[16:44:10.77] /r giWindowGeometry 660x600+50+50
[16:44:51.43] /# gi::executeAction {dmShowNewLibrary} -in [gi::getWindows 2]
[16:44:51.43] /i dm::showNewLibrary -parent 2
[16:44:51.79] /i db::setAttr geometry -of [gi::getDialogs {dmNewLibrary} -parent [gi::getWindows 2]] -value 458x467+2641+258
[16:44:51.91] /i gi::setActiveDialog [gi::getDialogs {dmNewLibrary} -parent [gi::getWindows 2]]
[16:44:55.44] /i gi::setField {libName} -value {mylib} -in [gi::getDialogs {dmNewLibrary} -parent [gi::getWindows 2]]
[16:44:55.44] /i gi::pressButton {ok} -in [gi::getDialogs {dmNewLibrary} -parent [gi::getWindows 2]]
[16:44:55.48] /# dm::createLib mylib -path {./mylib} -dmSystem oaDMFileSys
[16:44:55.59] /# db::importTechFile /mnt/apps/public/COE/synopsys_apps/customcompiler/S-2021.09/auxx/tech/cdesigner_1.0.tf -lib [oa::LibFind [oa::ScalarName [oa::CdbaNS] mylib]]; oa::save [oa::TechFind [oa::ScalarName [oa::CdbaNS] mylib]]
[16:44:55.62] /m Information: set default manufacturing grid to the default value 0.005um for the imported technology library mylib. (TECH_IO-098)
[16:44:55.64] /m Information: Technology file /mnt/apps/public/COE/synopsys_apps/customcompiler/S-2021.09/auxx/tech/cdesigner_1.0.tf is successfully imported into lib mylib. (TECH_IO-099)
[16:44:55.66] /# oa::close [oa::TechFind [oa::ScalarName [oa::CdbaNS] mylib]]
[16:44:56.87] /i gi::setCurrentIndex {libs} -index {mylib} -in [gi::getWindows 2]
[16:44:58.81] /i gi::setItemSelection {libs} -index {mylib} -in [gi::getWindows 2]
[16:45:04.55] /i gi::executeAction {dmShowNewCellView} -in [gi::getWindows 2]
[16:45:04.84] /i gi::setActiveDialog [gi::getDialogs {dmNewCellView} -parent [gi::getWindows 2]]
[16:45:04.87] /i db::setAttr geometry -of [gi::getDialogs {dmNewCellView} -parent [gi::getWindows 2]] -value 588x285+2576+349
[16:45:11.31] /i gi::setField {cellName} -value {bitcell} -in [gi::getDialogs {dmNewCellView} -parent [gi::getWindows 2]]
[16:45:13.70] /i gi::setField {cellViewName} -value {schematic} -in [gi::getDialogs {dmNewCellView} -parent [gi::getWindows 2]]
[16:45:29.12] /i gi::pressButton {ok} -in [gi::getDialogs {dmNewCellView} -parent [gi::getWindows 2]]
[16:45:29.14] /# db::getAttr viewType -of [dm::findCellView schematic -cell [dm::findCell bitcell -lib [oa::LibFind [oa::ScalarName [oa::CdbaNS] mylib]]]]
[16:45:29.14] /# dm::createCellView schematic -cell [dm::findCell bitcell -lib [ oa::LibFind [oa::ScalarName [oa::CdbaNS] mylib]]] -viewType schematic
[16:45:29.15] /# gi::setItemSelection {cells} -index {bitcell} -in [gi::getDialogs {dmNewCellView} -parent [gi::getWindows 2]]
[16:45:29.15] /# de::open [dm::findCellView schematic -cell [dm::findCell bitcell -lib [oa::LibFind [oa::ScalarName [oa::CdbaNS] mylib]]]] -application seSchematic
[16:45:29.18] /m Information: License 'Apex' checked out. (LICENSE-003)
[16:45:29.26] /r giWindowId 3
[16:45:29.26] /r giWindowGeometry 3264x972
[16:45:31.64] /# gi::executeAction {seCreateInst} -in [gi::getWindows 3]
[16:45:31.64] /i ise::createInst
[16:45:31.65] /i gi::setField {parametersExpand} -value {false} -in [gi::getDialogs {seCreateInst} -parent [gi::getWindows 3]]
[16:45:31.65] /i gi::setField {parametersExpand} -value {true} -in [gi::getDialogs {seCreateInst} -parent [gi::getWindows 3]]
[16:45:31.85] /i gi::setActiveDialog [gi::getDialogs {seCreateInst} -parent [gi::getWindows 3]]
[16:45:32.07] /i db::setAttr geometry -of [gi::getDialogs {seCreateInst} -parent [gi::getWindows 3]] -value 359x337+2700+367
[16:45:52.07] /i gi::setField {parametersExpand} -value {false} -in [gi::getDialogs {seCreateInst} -parent [gi::getWindows 3]]
[16:45:52.07] /i gi::setField {parametersExpand} -value {true} -in [gi::getDialogs {seCreateInst} -parent [gi::getWindows 3]]
[16:45:52.07] /i gi::setField {instMasterLib} -value {NCSU_TechLib_FreePDK3} -in [gi::getDialogs {seCreateInst} -parent [gi::getWindows 3]]
[16:45:52.37] /i db::setAttr geometry -of [gi::getDialogs {seCreateInst} -parent [gi::getWindows 3]] -value 359x337+2700+367
[16:45:56.99] /o Loading: Callback files...
[16:45:57.00] /o Loading: scripts/callbacks/callbacks.tcl
[16:45:57.00] /o 
              /c [INFO] : Loading display.drf from /afs/eos.ncsu.edu/lockers/research/ece/wdavis/tech/FreePDK3/syncust/NCSU_TechLib_FreePDK3
              /c 
              /c  if you wish to Load other display.drf, please set shell environment valiable "iPDK_load_display_NCSU_TechLib_FreePDK3" to value = 0
[16:45:57.00] /o 
[16:45:57.06] /o 	#######################################
[16:45:57.06] /o 	CC-PDK Library Name	: FreePDK3
[16:45:57.06] /o 	#######################################
[16:45:57.06] /o 
[16:45:57.09] /i gi::setField {parametersExpand} -value {false} -in [gi::getDialogs {seCreateInst} -parent [gi::getWindows 3]]
[16:45:57.10] /i gi::setField {parametersExpand} -value {true} -in [gi::getDialogs {seCreateInst} -parent [gi::getWindows 3]]
[16:45:57.10] /i gi::setField {instMasterCell} -value {nmos} -in [gi::getDialogs {seCreateInst} -parent [gi::getWindows 3]]
[16:45:58.07] /i db::setAttr geometry -of [gi::getDialogs {seCreateInst} -parent [gi::getWindows 3]] -value 359x581+2700+367
[16:45:59.88] /i db::setAttr geometry -of [gi::getDialogs {seCreateInst} -parent [gi::getWindows 3]] -value 359x581+3167+371
[16:46:02.55] /# gi::executeAction {deAddPoint} -in [gi::getWindows 3]
[16:46:02.55] /i de::addPoint {2.7625 1.725} -context [db::getNext [de::getContexts -window 3]]
[16:46:04.10] /# gi::executeAction {deAddPoint} -in [gi::getWindows 3]
[16:46:04.10] /i de::addPoint {2.0125 2.74375} -context [db::getNext [de::getContexts -window 3]]
[16:46:05.15] /# gi::executeAction {deAddPoint} -in [gi::getWindows 3]
[16:46:05.15] /i de::addPoint {4.30625 1.70625} -context [db::getNext [de::getContexts -window 3]]
[16:46:05.99] /# gi::executeAction {deAddPoint} -in [gi::getWindows 3]
[16:46:05.99] /i de::addPoint {4.775 2.7625} -context [db::getNext [de::getContexts -window 3]]
[16:46:09.22] /i gi::setField {parametersExpand} -value {false} -in [gi::getDialogs {seCreateInst} -parent [gi::getWindows 3]]
[16:46:09.23] /i gi::setField {parametersExpand} -value {true} -in [gi::getDialogs {seCreateInst} -parent [gi::getWindows 3]]
[16:46:09.23] /i gi::setField {instMasterCell} -value {pmos} -in [gi::getDialogs {seCreateInst} -parent [gi::getWindows 3]]
[16:46:09.54] /i db::setAttr geometry -of [gi::getDialogs {seCreateInst} -parent [gi::getWindows 3]] -value 359x581+3167+371
[16:46:10.68] /# gi::executeAction {deAddPoint} -in [gi::getWindows 3]
[16:46:10.68] /i de::addPoint {3.0375 3.55} -context [db::getNext [de::getContexts -window 3]]
[16:46:11.54] /# gi::executeAction {deAddPoint} -in [gi::getWindows 3]
[16:46:11.54] /i de::addPoint {3.8125 3.55625} -context [db::getNext [de::getContexts -window 3]]
[16:46:11.80] /# gi::executeAction {deAbortCommand} -in [gi::getWindows 3]
[16:46:11.80] /i de::abortCommand -context [db::getNext [de::getContexts -window 3]]
[16:46:17.69] /# gi::executeAction {seButton1DragStart} -in [gi::getWindows 3]
[16:46:17.69] /i ise::stretch -object [de::getActiveFigure [gi::getWindows 3] -point {2.15 2.7375} -index 0 -intent none] -point {2.125 2.75}
[16:46:22.75] /# gi::executeAction {deEndDrag} -in [gi::getWindows 3]
[16:46:22.75] /i de::endDrag {3.1625 2.61875} -context [db::getNext [de::getContexts -window 3]]
[16:46:23.60] /# gi::executeAction {giPostContextMenu} -in [gi::getWindows 3]
[16:46:23.60] /i gi::executeAction {menuPreShow} -in [gi::getWindows 3]
[16:46:23.60] /r giMenuAccess db::getNext [gi::getMenus seSchInstanceContextMenu]
[16:46:29.11] /# gi::executeAction {seFlipHorizontalActive} -in [gi::getWindows 3]
[16:46:29.11] /i se::move [de::getActiveFigure] -rotate MY  -anchor [de::transformPoint {3.1875 2.625} -to edit -window 3]
[16:46:31.48] /# gi::executeAction {deSelectActive} -in [gi::getWindows 3]
[16:46:31.48] /i de::deselectAll [db::getNext [de::getContexts -window 3]]
[16:46:31.48] /i de::select [de::getActiveFigure [gi::getWindows 3] -point {3.3125 3.525} -index 0 -intent none]
[16:46:31.48] /o oa:0x25083630
[16:46:31.60] /# gi::executeAction {giPostContextMenu} -in [gi::getWindows 3]
[16:46:31.60] /i gi::executeAction {menuPreShow} -in [gi::getWindows 3]
[16:46:31.60] /r giMenuAccess db::getNext [gi::getMenus seSchInstanceContextMenu]
[16:46:32.69] /# gi::executeAction {seFlipHorizontalActive} -in [gi::getWindows 3]
[16:46:32.69] /i se::move [de::getActiveFigure] -rotate MY  -anchor [de::transformPoint {3.3125 3.5} -to edit -window 3]
[16:46:33.78] /# gi::executeAction {seButton1DragStart} -in [gi::getWindows 3]
[16:46:33.79] /i ise::stretch -point {3.4375 3.5}
[16:46:35.06] /# gi::executeAction {deEndDrag} -in [gi::getWindows 3]
[16:46:35.06] /i de::endDrag {3.175 3.44375} -context [db::getNext [de::getContexts -window 3]]
[16:46:35.49] /# gi::executeAction {deSelectActive} -in [gi::getWindows 3]
[16:46:35.50] /i de::deselectAll [db::getNext [de::getContexts -window 3]]
[16:46:35.50] /i de::deselectAllLogic -context [de::getContexts -filter {%editDesign==[db::getAttr editDesign -of [db::getNext [de::getContexts -window 3]]]}]
[16:46:35.89] /# gi::executeAction {seSchCreateWire} -in [gi::getWindows 3]
[16:46:35.89] /i ise::createWire
[16:46:36.45] /# gi::executeAction {deAddPoint} -in [gi::getWindows 3]
[16:46:36.45] /i de::addPoint {3.075 3.3125} -context [db::getNext [de::getContexts -window 3]]
[16:46:36.49] /i de::setCursor -point {3.0625 3.25 }
[16:46:37.71] /# gi::executeAction {deAddPoint} -in [gi::getWindows 3]
[16:46:37.71] /i de::addPoint {3.0625 2.81875} -context [db::getNext [de::getContexts -window 3]]
[16:46:40.79] /# gi::executeAction {deStartDrag} -in [gi::getWindows 3]
[16:46:40.79] /i de::startDrag {3.9375 3.49375} -context [db::getNext [de::getContexts -window 3]]
[16:46:41.59] /# gi::executeAction {deAbortCommand} -in [gi::getWindows 3]
[16:46:41.59] /i de::abortCommand -context [db::getNext [de::getContexts -window 3]]
[16:46:41.61] /# gi::executeAction {deCanvasDragEnd} -in [gi::getWindows 3]
[16:46:41.98] /i gi::executeAction {deCanvasDragCancel} -in [gi::getWindows 3]
[16:46:42.51] /# gi::executeAction {seButton1DragStart} -in [gi::getWindows 3]
[16:46:42.51] /i ise::stretch -object [de::getActiveFigure [gi::getWindows 3] -point {3.9125 3.59375} -index 0 -intent none] -point {3.9375 3.625}
[16:46:43.94] /# gi::executeAction {deEndDrag} -in [gi::getWindows 3]
[16:46:43.94] /i de::endDrag {4.3 3.54375} -context [db::getNext [de::getContexts -window 3]]
[16:46:45.08] /# gi::executeAction {seButton1DragStart} -in [gi::getWindows 3]
[16:46:45.08] /i ise::stretch -object [de::getActiveFigure [gi::getWindows 3] -point {4.825 2.775} -index 0 -intent none] -point {4.8125 2.75}
[16:46:47.36] /# gi::executeAction {deEndDrag} -in [gi::getWindows 3]
[16:46:47.36] /i de::endDrag {4.25 2.66875} -context [db::getNext [de::getContexts -window 3]]
[16:46:47.88] /# gi::executeAction {seSchCreateWire} -in [gi::getWindows 3]
[16:46:47.88] /i ise::createWire
[16:46:48.41] /# gi::executeAction {deAddPoint} -in [gi::getWindows 3]
[16:46:48.41] /i de::addPoint {4.19375 3.475} -context [db::getNext [de::getContexts -window 3]]
[16:46:48.45] /i de::setCursor -point {4.1875 3.4375 }
[16:46:50.36] /# gi::executeAction {deAddPoint} -in [gi::getWindows 3]
[16:46:50.36] /i de::addPoint {4.19375 2.66875} -context [db::getNext [de::getContexts -window 3]]
[16:46:52.72] /# gi::executeAction {deAddPoint} -in [gi::getWindows 3]
[16:46:52.72] /i de::addPoint {3.3125 3.5} -context [db::getNext [de::getContexts -window 3]]
[16:46:52.80] /i de::setCursor -point {3.375 3.5 }
[16:46:55.11] /# gi::executeAction {deAddPoint} -in [gi::getWindows 3]
[16:46:55.11] /i de::addPoint {3.33125 2.60625} -context [db::getNext [de::getContexts -window 3]]
[16:46:56.08] /# gi::executeAction {deAddPoint} -in [gi::getWindows 3]
[16:46:56.08] /i de::addPoint {4.45 3.30625} -context [db::getNext [de::getContexts -window 3]]
[16:46:56.11] /i de::setCursor -point {4.4375 3.25 }
[16:46:57.43] /# gi::executeAction {deAddPoint} -in [gi::getWindows 3]
[16:46:57.43] /i de::addPoint {4.4625 2.85625} -context [db::getNext [de::getContexts -window 3]]
[16:46:59.63] /# gi::executeAction {deAbortCommand} -in [gi::getWindows 3]
[16:46:59.63] /i de::abortCommand -context [db::getNext [de::getContexts -window 3]]
[16:47:00.61] /i gi::executeAction {deCanvasDragSelect} -in [gi::getWindows 3]
[16:47:00.61] /r deCanvasDragStart 2.65 2.01875
[16:47:00.92] /# gi::executeAction {deCanvasDragEnd} -in [gi::getWindows 3]
[16:47:00.92] /i gi::executeAction deCanvasDragEnd -in [gi::getWindows 3]
[16:47:00.92] /r deCanvasDragEnd 3.16875 1.5125
[16:47:01.88] /# gi::executeAction {seButton1DragStart} -in [gi::getWindows 3]
[16:47:01.88] /i ise::stretch -point {2.875 1.75}
[16:47:04.24] /# gi::executeAction {deEndDrag} -in [gi::getWindows 3]
[16:47:04.24] /i de::endDrag {1.925 3.14375} -context [db::getNext [de::getContexts -window 3]]
[16:47:50.19] /i gi::executeAction {deSaveDesign} -in [gi::getWindows 3]
[16:47:50.20] /m Information: Saving design 'mylib bitcell schematic'. (DESIGN_WINDOW-004)
[16:47:51.83] /r giDialog gi::setActiveDialog [gi::getDialogs {giCloseFrame}]
[16:47:52.09] /r giDialog db::setAttr geometry -of [gi::getDialogs {giCloseFrame}] -value 299x108+2721+437
[16:47:52.93] /r giDialog gi::pressButton {giCloseTabsButton} -in [gi::getDialogs {giCloseFrame}]
[16:47:52.96] /i exit
[16:47:53.03] /r giDialog gi::setActiveDialog [gi::getDialogs {deExitDialog} -parent [gi::getWindows 3]]
[16:47:53.27] /r giDialog db::setAttr geometry -of [gi::getDialogs {deExitDialog} -parent [gi::getWindows 3]] -value 419x207+2661+388
[16:47:54.06] /r giDialog gi::pressButton {ok} -in [gi::getDialogs {deExitDialog} -parent [gi::getWindows 3]]
[16:47:55.18] /o Shutdown time: Wed Apr  6 16:47:55 2022
[16:47:55.18] /o Elapsed session real time: 6.46 minutes
[16:47:55.18] /o Session terminated. Log is at /afs/unity.ncsu.edu/users/r/rsekani/bin/ece546/project/project/synopsys_custom/logs/ccompiler.rsekani.2022_4_6_164119_18533.log
