[16:04:35.78] /o 
              /c                                 Custom Compiler 
              /c 
              /c                  Version S-2021.09 for linux64 - Aug 25, 2021 
              /c 
              /c                     Copyright (c) 2004 - 2021 Synopsys, Inc.
              /c    This software and the associated documentation are proprietary to Synopsys,
              /c  Inc. This software may only be used in accordance with the terms and conditions
              /c  of a written license agreement with Synopsys, Inc. All other use, reproduction,
              /c    or distribution of this software is strictly prohibited.  Licensed Products
              /c      communicate with Synopsys servers for the purpose of providing software
              /c     updates, detecting software piracy and verifying that customers are using
              /c     Licensed Products in conformity with the applicable License Key for such
              /c   Licensed Products. Synopsys will use information gathered in connection with
              /c     this process to deliver software updates and pursue software pirates and
              /c                                    infringers.
              /c 
              /c  Inclusivity & Diversity - Visit SolvNetPlus to read the "Synopsys Statement on
              /c             Inclusivity and Diversity" (Refer to article 000036315 at
              /c                         https://solvnetplus.synopsys.com)
              /c 
              /c Build  (OPT) Config 6809741 compiled on Wed Aug 25 11:47:50 2021 for CentOS64 7.3
              /c Invocation: /mnt/apps/public/COE/synopsys_apps/customcompiler/S-2021.09/linux64/platform/bin/custom_compiler
              /c Execution time: Thu Apr  7 16:04:28 2022
              /c Host: grendel28.ece.ncsu.edu
              /c Working directory: /afs/unity.ncsu.edu/users/z/zwmurray/ece546/SRAM_design_new
              /c 
[16:04:56.50] /r giShowFrameTabs true
[16:04:56.50] /r giWindowId 1
[16:04:56.50] /r giWindowGeometry 1040x800
[16:04:58.59] /i db::setAttr iconified -of [gi::getFrames 1] -value true
[16:04:58.87] /i db::setAttr geometry -of [gi::getFrames 1] -value 1040x824+0+23
[16:19:00.57] /i db::setAttr geometry -of [gi::getFrames 1] -value 1040x824+439+115
[16:19:01.34] /i db::setAttr iconified -of [gi::getFrames 1] -value false
[16:19:08.69] /# gi::pressButton {/scroll/scrollArea/scrollAreaInnerWidget/applications/dmLibraryManager} -in [gi::getWindows 1]
[16:19:08.69] /# 
[16:19:08.99] /i gi::addWindow [dm::openLibraryManager] -to 1
[16:19:08.99] /r giWindowId 2
[16:19:08.99] /r giWindowGeometry 660x600+50+50
[16:19:10.19] /i gi::setCurrentIndex {libs} -index {mylib} -in [gi::getWindows 2]
[16:19:10.20] /i gi::setItemSelection {libs} -index {mylib} -in [gi::getWindows 2]
[16:19:15.11] /i gi::setCurrentIndex {cells} -index {tb2022} -in [gi::getWindows 2]
[16:19:15.12] /i gi::setItemSelection {cells} -index {tb2022} -in [gi::getWindows 2]
[16:19:16.40] /i gi::setCurrentIndex {views} -index {schematic} -in [gi::getWindows 2]
[16:19:16.41] /i gi::setItemSelection {views} -index {schematic} -in [gi::getWindows 2]
[16:19:16.54] /i gi::executeAction {dmOpen} -in [gi::getWindows 2]
[16:19:16.82] /m Information: License 'Apex' checked out. (LICENSE-003)
[16:19:16.94] /o Loading: Callback files...
[16:19:16.94] /o Loading: scripts/callbacks/callbacks.tcl
[16:19:16.94] /o 
              /c [INFO] : Loading display.drf from /afs/eos.ncsu.edu/lockers/research/ece/wdavis/tech/FreePDK3/syncust/NCSU_TechLib_FreePDK3
              /c 
              /c  if you wish to Load other display.drf, please set shell environment valiable "iPDK_load_display_NCSU_TechLib_FreePDK3" to value = 0
[16:19:16.94] /o 
[16:19:17.01] /o 	#######################################
[16:19:17.01] /o 	CC-PDK Library Name	: FreePDK3
[16:19:17.01] /o 	#######################################
[16:19:17.01] /o 
[16:19:17.06] /r giWindowId 3
[16:19:17.06] /r giWindowGeometry 1632x972
[16:19:18.54] /i gi::setActiveWindow 2
[16:19:18.54] /i gi::setActiveWindow 2 -raise true
[16:19:20.09] /i gi::setCurrentIndex {cells} -index {bit_cell_array} -in [gi::getWindows 2]
[16:19:20.11] /i gi::setItemSelection {cells} -index {bit_cell_array} -in [gi::getWindows 2]
[16:19:21.30] /i gi::setCurrentIndex {views} -index {schematic} -in [gi::getWindows 2]
[16:19:21.41] /i gi::executeAction {dmOpen} -in [gi::getWindows 2]
[16:19:21.49] /r giWindowId 4
[16:19:21.50] /r giWindowGeometry 1632x972
[16:19:23.70] /# gi::executeAction {deCanvasZoomInAtPoint} -in [gi::getWindows 4]
[16:19:23.70] /i de::zoom -window [gi::getWindows 4] -factor [db::getPrefValue deCanvasMouseZoomFactor] -center {11.09375 35.4375}
[16:19:23.71] /# gi::executeAction {deCanvasZoomInAtPoint} -in [gi::getWindows 4]
[16:19:23.71] /i de::zoom -window [gi::getWindows 4] -factor [db::getPrefValue deCanvasMouseZoomFactor] -center {11.0375 35.49375}
[16:19:23.73] /# gi::executeAction {deCanvasZoomInAtPoint} -in [gi::getWindows 4]
[16:19:23.73] /i de::zoom -window [gi::getWindows 4] -factor [db::getPrefValue deCanvasMouseZoomFactor] -center {11.025 35.51875}
[16:19:23.80] /# gi::executeAction {deCanvasZoomInAtPoint} -in [gi::getWindows 4]
[16:19:23.80] /i de::zoom -window [gi::getWindows 4] -factor [db::getPrefValue deCanvasMouseZoomFactor] -center {11.025 35.51875}
[16:19:24.27] /# gi::executeAction {deCanvasZoomOutAtPoint} -in [gi::getWindows 4]
[16:19:24.27] /i de::zoom -window [gi::getWindows 4] -factor [expr {1.0/[db::getPrefValue deCanvasMouseZoomFactor]}] -center {10.03125 34.9125}
[16:19:24.61] /# gi::executeAction {deCanvasZoomOutAtPoint} -in [gi::getWindows 4]
[16:19:24.61] /i de::zoom -window [gi::getWindows 4] -factor [expr {1.0/[db::getPrefValue deCanvasMouseZoomFactor]}] -center {9.9 34.7}
[16:19:24.69] /# gi::executeAction {deCanvasZoomOutAtPoint} -in [gi::getWindows 4]
[16:19:24.69] /i de::zoom -window [gi::getWindows 4] -factor [expr {1.0/[db::getPrefValue deCanvasMouseZoomFactor]}] -center {9.9 34.7}
[16:19:25.32] /# gi::executeAction {deCanvasZoomOutAtPoint} -in [gi::getWindows 4]
[16:19:25.32] /i de::zoom -window [gi::getWindows 4] -factor [expr {1.0/[db::getPrefValue deCanvasMouseZoomFactor]}] -center {7.98125 35.8625}
[16:19:25.36] /# gi::executeAction {deCanvasZoomOutAtPoint} -in [gi::getWindows 4]
[16:19:25.36] /i de::zoom -window [gi::getWindows 4] -factor [expr {1.0/[db::getPrefValue deCanvasMouseZoomFactor]}] -center {8.15 35.8625}
[16:19:25.47] /# gi::executeAction {deCanvasZoomOutAtPoint} -in [gi::getWindows 4]
[16:19:25.47] /i de::zoom -window [gi::getWindows 4] -factor [expr {1.0/[db::getPrefValue deCanvasMouseZoomFactor]}] -center {12.14375 35.525}
[16:19:26.43] /# gi::executeAction {deFitEdit} -in [gi::getWindows 4]
[16:19:26.43] /i de::fit -window 4 -fitEdit true
[16:19:27.19] /# gi::executeAction {deCanvasZoomInAtPoint} -in [gi::getWindows 4]
[16:19:27.19] /i de::zoom -window [gi::getWindows 4] -factor [db::getPrefValue deCanvasMouseZoomFactor] -center {3.39375 29.5625}
[16:19:27.22] /# gi::executeAction {deCanvasZoomInAtPoint} -in [gi::getWindows 4]
[16:19:27.22] /i de::zoom -window [gi::getWindows 4] -factor [db::getPrefValue deCanvasMouseZoomFactor] -center {3.3625 29.5625}
[16:19:27.25] /# gi::executeAction {deCanvasZoomInAtPoint} -in [gi::getWindows 4]
[16:19:27.25] /i de::zoom -window [gi::getWindows 4] -factor [db::getPrefValue deCanvasMouseZoomFactor] -center {3.3625 29.5625}
[16:19:28.23] /# gi::executeAction {deCanvasZoomOutAtPoint} -in [gi::getWindows 4]
[16:19:28.23] /i de::zoom -window [gi::getWindows 4] -factor [expr {1.0/[db::getPrefValue deCanvasMouseZoomFactor]}] -center {3.63125 28.14375}
[16:19:28.33] /# gi::executeAction {deCanvasZoomOutAtPoint} -in [gi::getWindows 4]
[16:19:28.33] /i de::zoom -window [gi::getWindows 4] -factor [expr {1.0/[db::getPrefValue deCanvasMouseZoomFactor]}] -center {3.6375 28.14375}
[16:19:28.78] /# gi::executeAction {deCanvasZoomInAtPoint} -in [gi::getWindows 4]
[16:19:28.78] /i de::zoom -window [gi::getWindows 4] -factor [db::getPrefValue deCanvasMouseZoomFactor] -center {2.8875 25.89375}
[16:19:28.81] /# gi::executeAction {deCanvasZoomInAtPoint} -in [gi::getWindows 4]
[16:19:28.81] /i de::zoom -window [gi::getWindows 4] -factor [db::getPrefValue deCanvasMouseZoomFactor] -center {2.8875 25.89375}
[16:19:28.86] /# gi::executeAction {deCanvasZoomInAtPoint} -in [gi::getWindows 4]
[16:19:28.86] /i de::zoom -window [gi::getWindows 4] -factor [db::getPrefValue deCanvasMouseZoomFactor] -center {2.8875 25.89375}
[16:19:29.43] /# gi::executeAction {deCanvasZoomOutAtPoint} -in [gi::getWindows 4]
[16:19:29.43] /i de::zoom -window [gi::getWindows 4] -factor [expr {1.0/[db::getPrefValue deCanvasMouseZoomFactor]}] -center {2.96875 26.1625}
[16:19:29.45] /# gi::executeAction {deCanvasZoomOutAtPoint} -in [gi::getWindows 4]
[16:19:29.45] /i de::zoom -window [gi::getWindows 4] -factor [expr {1.0/[db::getPrefValue deCanvasMouseZoomFactor]}] -center {2.9625 26.15625}
[16:19:29.49] /# gi::executeAction {deCanvasZoomOutAtPoint} -in [gi::getWindows 4]
[16:19:29.49] /i de::zoom -window [gi::getWindows 4] -factor [expr {1.0/[db::getPrefValue deCanvasMouseZoomFactor]}] -center {2.96875 26.1625}
[16:19:30.01] /# gi::executeAction {deCanvasZoomInAtPoint} -in [gi::getWindows 4]
[16:19:30.01] /i de::zoom -window [gi::getWindows 4] -factor [db::getPrefValue deCanvasMouseZoomFactor] -center {3.9375 28.075}
[16:19:30.02] /# gi::executeAction {deCanvasZoomInAtPoint} -in [gi::getWindows 4]
[16:19:30.02] /i de::zoom -window [gi::getWindows 4] -factor [db::getPrefValue deCanvasMouseZoomFactor] -center {3.9375 28.075}
[16:19:30.07] /# gi::executeAction {deCanvasZoomInAtPoint} -in [gi::getWindows 4]
[16:19:30.07] /i de::zoom -window [gi::getWindows 4] -factor [db::getPrefValue deCanvasMouseZoomFactor] -center {3.9375 28.075}
[16:19:30.10] /# gi::executeAction {deCanvasZoomInAtPoint} -in [gi::getWindows 4]
[16:19:30.10] /i de::zoom -window [gi::getWindows 4] -factor [db::getPrefValue deCanvasMouseZoomFactor] -center {3.9375 28.075}
[16:19:30.65] /# gi::executeAction {deCanvasZoomOutAtPoint} -in [gi::getWindows 4]
[16:19:30.65] /i de::zoom -window [gi::getWindows 4] -factor [expr {1.0/[db::getPrefValue deCanvasMouseZoomFactor]}] -center {3.9625 28.1}
[16:19:30.70] /# gi::executeAction {deCanvasZoomOutAtPoint} -in [gi::getWindows 4]
[16:19:30.70] /i de::zoom -window [gi::getWindows 4] -factor [expr {1.0/[db::getPrefValue deCanvasMouseZoomFactor]}] -center {3.9625 28.11875}
[16:19:30.76] /# gi::executeAction {deCanvasZoomOutAtPoint} -in [gi::getWindows 4]
[16:19:30.76] /i de::zoom -window [gi::getWindows 4] -factor [expr {1.0/[db::getPrefValue deCanvasMouseZoomFactor]}] -center {3.98125 28.1875}
[16:19:31.52] /i gi::setActiveWindow 3
[16:19:31.52] /i gi::setActiveWindow 3 -raise true
[16:19:32.29] /# gi::executeAction {deCanvasZoomInAtPoint} -in [gi::getWindows 3]
[16:19:32.29] /i de::zoom -window [gi::getWindows 3] -factor [db::getPrefValue deCanvasMouseZoomFactor] -center {3.375 1.21875}
[16:19:32.35] /# gi::executeAction {deCanvasZoomInAtPoint} -in [gi::getWindows 3]
[16:19:32.35] /i de::zoom -window [gi::getWindows 3] -factor [db::getPrefValue deCanvasMouseZoomFactor] -center {3.375 1.21875}
[16:19:32.38] /# gi::executeAction {deCanvasZoomInAtPoint} -in [gi::getWindows 3]
[16:19:32.38] /i de::zoom -window [gi::getWindows 3] -factor [db::getPrefValue deCanvasMouseZoomFactor] -center {3.375 1.21875}
[16:19:32.89] /# gi::executeAction {deCanvasZoomOutAtPoint} -in [gi::getWindows 3]
[16:19:32.89] /i de::zoom -window [gi::getWindows 3] -factor [expr {1.0/[db::getPrefValue deCanvasMouseZoomFactor]}] -center {3.375 1.225}
[16:19:33.10] /# gi::executeAction {deCanvasZoomOutAtPoint} -in [gi::getWindows 3]
[16:19:33.10] /i de::zoom -window [gi::getWindows 3] -factor [expr {1.0/[db::getPrefValue deCanvasMouseZoomFactor]}] -center {3.44375 1.2}
[16:19:33.16] /# gi::executeAction {deCanvasZoomOutAtPoint} -in [gi::getWindows 3]
[16:19:33.16] /i de::zoom -window [gi::getWindows 3] -factor [expr {1.0/[db::getPrefValue deCanvasMouseZoomFactor]}] -center {3.45 1.18125}
[16:19:33.22] /# gi::executeAction {deCanvasZoomOutAtPoint} -in [gi::getWindows 3]
[16:19:33.22] /i de::zoom -window [gi::getWindows 3] -factor [expr {1.0/[db::getPrefValue deCanvasMouseZoomFactor]}] -center {3.45625 1.16875}
[16:19:33.69] /# gi::executeAction {deCanvasZoomInAtPoint} -in [gi::getWindows 3]
[16:19:33.69] /i de::zoom -window [gi::getWindows 3] -factor [db::getPrefValue deCanvasMouseZoomFactor] -center {2.9125 0.86875}
[16:19:33.78] /# gi::executeAction {deCanvasZoomInAtPoint} -in [gi::getWindows 3]
[16:19:33.78] /i de::zoom -window [gi::getWindows 3] -factor [db::getPrefValue deCanvasMouseZoomFactor] -center {2.9125 0.86875}
[16:19:34.29] /# gi::executeAction {deCanvasZoomInAtPoint} -in [gi::getWindows 3]
[16:19:34.29] /i de::zoom -window [gi::getWindows 3] -factor [db::getPrefValue deCanvasMouseZoomFactor] -center {2.9125 0.86875}
[16:19:34.36] /# gi::executeAction {deCanvasZoomInAtPoint} -in [gi::getWindows 3]
[16:19:34.36] /i de::zoom -window [gi::getWindows 3] -factor [db::getPrefValue deCanvasMouseZoomFactor] -center {2.9125 0.86875}
[16:19:34.78] /# gi::executeAction {deCanvasZoomOutAtPoint} -in [gi::getWindows 3]
[16:19:34.78] /i de::zoom -window [gi::getWindows 3] -factor [expr {1.0/[db::getPrefValue deCanvasMouseZoomFactor]}] -center {2.9125 0.86875}
[16:19:34.86] /# gi::executeAction {deCanvasZoomOutAtPoint} -in [gi::getWindows 3]
[16:19:34.86] /i de::zoom -window [gi::getWindows 3] -factor [expr {1.0/[db::getPrefValue deCanvasMouseZoomFactor]}] -center {2.9125 0.86875}
[16:19:38.85] /# gi::executeAction {deCanvasZoomOutAtPoint} -in [gi::getWindows 3]
[16:19:38.85] /i de::zoom -window [gi::getWindows 3] -factor [expr {1.0/[db::getPrefValue deCanvasMouseZoomFactor]}] -center {1.9875 0.76875}
[16:19:38.91] /# gi::executeAction {deCanvasZoomOutAtPoint} -in [gi::getWindows 3]
[16:19:38.91] /i de::zoom -window [gi::getWindows 3] -factor [expr {1.0/[db::getPrefValue deCanvasMouseZoomFactor]}] -center {2.0875 0.75}
[16:19:38.99] /# gi::executeAction {deCanvasZoomOutAtPoint} -in [gi::getWindows 3]
[16:19:38.99] /i de::zoom -window [gi::getWindows 3] -factor [expr {1.0/[db::getPrefValue deCanvasMouseZoomFactor]}] -center {2.225 0.7125}
[16:19:39.34] /# gi::executeAction {deCanvasZoomInAtPoint} -in [gi::getWindows 3]
[16:19:39.34] /i de::zoom -window [gi::getWindows 3] -factor [db::getPrefValue deCanvasMouseZoomFactor] -center {5.025 0.75}
[16:19:39.38] /# gi::executeAction {deCanvasZoomInAtPoint} -in [gi::getWindows 3]
[16:19:39.38] /i de::zoom -window [gi::getWindows 3] -factor [db::getPrefValue deCanvasMouseZoomFactor] -center {5.025 0.75}
[16:19:39.46] /# gi::executeAction {deCanvasZoomInAtPoint} -in [gi::getWindows 3]
[16:19:39.46] /i de::zoom -window [gi::getWindows 3] -factor [db::getPrefValue deCanvasMouseZoomFactor] -center {5.025 0.75}
[16:19:41.53] /# gi::executeAction {deCanvasZoomOutAtPoint} -in [gi::getWindows 3]
[16:19:41.53] /i de::zoom -window [gi::getWindows 3] -factor [expr {1.0/[db::getPrefValue deCanvasMouseZoomFactor]}] -center {4.90625 2.31875}
[16:19:41.59] /# gi::executeAction {deCanvasZoomOutAtPoint} -in [gi::getWindows 3]
[16:19:41.59] /i de::zoom -window [gi::getWindows 3] -factor [expr {1.0/[db::getPrefValue deCanvasMouseZoomFactor]}] -center {4.90625 2.31875}
[16:19:41.78] /# gi::executeAction {deCanvasZoomOutAtPoint} -in [gi::getWindows 3]
[16:19:41.78] /i de::zoom -window [gi::getWindows 3] -factor [expr {1.0/[db::getPrefValue deCanvasMouseZoomFactor]}] -center {4.8625 2.31875}
[16:19:42.23] /# gi::executeAction {deCanvasZoomInAtPoint} -in [gi::getWindows 3]
[16:19:42.23] /i de::zoom -window [gi::getWindows 3] -factor [db::getPrefValue deCanvasMouseZoomFactor] -center {2.14375 5.3}
[16:19:42.33] /# gi::executeAction {deCanvasZoomInAtPoint} -in [gi::getWindows 3]
[16:19:42.33] /i de::zoom -window [gi::getWindows 3] -factor [db::getPrefValue deCanvasMouseZoomFactor] -center {1.8875 5.19375}
[16:19:44.88] /i gi::setActiveWindow 2
[16:19:44.88] /i gi::setActiveWindow 2 -raise true
[16:22:07.39] /i gi::setActiveWindow 4
[16:22:07.39] /i gi::setActiveWindow 4 -raise true
[16:22:08.67] /# gi::executeAction {deCanvasZoomOutAtPoint} -in [gi::getWindows 4]
[16:22:08.67] /i de::zoom -window [gi::getWindows 4] -factor [expr {1.0/[db::getPrefValue deCanvasMouseZoomFactor]}] -center {8.60625 27.58125}
[16:22:08.67] /# gi::executeAction {deCanvasZoomOutAtPoint} -in [gi::getWindows 4]
[16:22:08.67] /i de::zoom -window [gi::getWindows 4] -factor [expr {1.0/[db::getPrefValue deCanvasMouseZoomFactor]}] -center {8.60625 27.58125}
[16:22:08.67] /# gi::executeAction {deCanvasZoomOutAtPoint} -in [gi::getWindows 4]
[16:22:08.67] /i de::zoom -window [gi::getWindows 4] -factor [expr {1.0/[db::getPrefValue deCanvasMouseZoomFactor]}] -center {8.60625 27.575}
[16:22:08.67] /# gi::executeAction {deCanvasZoomOutAtPoint} -in [gi::getWindows 4]
[16:22:08.67] /i de::zoom -window [gi::getWindows 4] -factor [expr {1.0/[db::getPrefValue deCanvasMouseZoomFactor]}] -center {8.6 27.575}
[16:22:10.23] /# gi::executeAction {deFitEdit} -in [gi::getWindows 4]
[16:22:10.23] /i de::fit -window 4 -fitEdit true
[16:22:11.09] /# gi::executeAction {deCanvasZoomInAtPoint} -in [gi::getWindows 4]
[16:22:11.09] /i de::zoom -window [gi::getWindows 4] -factor [db::getPrefValue deCanvasMouseZoomFactor] -center {8.76875 36.325}
[16:22:11.14] /# gi::executeAction {deCanvasZoomInAtPoint} -in [gi::getWindows 4]
[16:22:11.14] /i de::zoom -window [gi::getWindows 4] -factor [db::getPrefValue deCanvasMouseZoomFactor] -center {8.825 36.325}
[16:22:11.16] /# gi::executeAction {deCanvasZoomInAtPoint} -in [gi::getWindows 4]
[16:22:11.16] /i de::zoom -window [gi::getWindows 4] -factor [db::getPrefValue deCanvasMouseZoomFactor] -center {8.825 36.3375}
[16:22:11.20] /# gi::executeAction {deCanvasZoomInAtPoint} -in [gi::getWindows 4]
[16:22:11.20] /i de::zoom -window [gi::getWindows 4] -factor [db::getPrefValue deCanvasMouseZoomFactor] -center {8.825 36.3375}
[16:22:11.30] /# gi::executeAction {deCanvasZoomInAtPoint} -in [gi::getWindows 4]
[16:22:11.30] /i de::zoom -window [gi::getWindows 4] -factor [db::getPrefValue deCanvasMouseZoomFactor] -center {8.825 36.34375}
[16:22:11.63] /# gi::executeAction {deCanvasZoomOutAtPoint} -in [gi::getWindows 4]
[16:22:11.63] /i de::zoom -window [gi::getWindows 4] -factor [expr {1.0/[db::getPrefValue deCanvasMouseZoomFactor]}] -center {8.89375 36.03125}
[16:22:11.69] /# gi::executeAction {deCanvasZoomOutAtPoint} -in [gi::getWindows 4]
[16:22:11.69] /i de::zoom -window [gi::getWindows 4] -factor [expr {1.0/[db::getPrefValue deCanvasMouseZoomFactor]}] -center {8.9125 35.83125}
[16:22:11.75] /# gi::executeAction {deCanvasZoomOutAtPoint} -in [gi::getWindows 4]
[16:22:11.75] /i de::zoom -window [gi::getWindows 4] -factor [expr {1.0/[db::getPrefValue deCanvasMouseZoomFactor]}] -center {8.9375 35.625}
[16:22:11.86] /# gi::executeAction {deCanvasZoomOutAtPoint} -in [gi::getWindows 4]
[16:22:11.86] /i de::zoom -window [gi::getWindows 4] -factor [expr {1.0/[db::getPrefValue deCanvasMouseZoomFactor]}] -center {9.24375 34.3}
[16:22:12.31] /# gi::executeAction {deCanvasZoomInAtPoint} -in [gi::getWindows 4]
[16:22:12.31] /i de::zoom -window [gi::getWindows 4] -factor [db::getPrefValue deCanvasMouseZoomFactor] -center {10.55 33.525}
[16:22:12.35] /# gi::executeAction {deCanvasZoomInAtPoint} -in [gi::getWindows 4]
[16:22:12.35] /i de::zoom -window [gi::getWindows 4] -factor [db::getPrefValue deCanvasMouseZoomFactor] -center {10.48125 33.60625}
[16:22:12.41] /# gi::executeAction {deCanvasZoomInAtPoint} -in [gi::getWindows 4]
[16:22:12.41] /i de::zoom -window [gi::getWindows 4] -factor [db::getPrefValue deCanvasMouseZoomFactor] -center {10.4375 33.625}
[16:22:13.19] /# gi::executeAction {deCanvasZoomOutAtPoint} -in [gi::getWindows 4]
[16:22:13.19] /i de::zoom -window [gi::getWindows 4] -factor [expr {1.0/[db::getPrefValue deCanvasMouseZoomFactor]}] -center {9.81875 34.075}
[16:22:13.30] /# gi::executeAction {deCanvasZoomOutAtPoint} -in [gi::getWindows 4]
[16:22:13.30] /i de::zoom -window [gi::getWindows 4] -factor [expr {1.0/[db::getPrefValue deCanvasMouseZoomFactor]}] -center {9.725 34.15}
[16:22:13.66] /# gi::executeAction {deCanvasZoomInAtPoint} -in [gi::getWindows 4]
[16:22:13.66] /i de::zoom -window [gi::getWindows 4] -factor [db::getPrefValue deCanvasMouseZoomFactor] -center {9.275 34.7375}
[16:22:13.72] /# gi::executeAction {deCanvasZoomInAtPoint} -in [gi::getWindows 4]
[16:22:13.72] /i de::zoom -window [gi::getWindows 4] -factor [db::getPrefValue deCanvasMouseZoomFactor] -center {9.275 34.7375}
[16:22:14.68] /# gi::executeAction {deCanvasZoomOutAtPoint} -in [gi::getWindows 4]
[16:22:14.68] /i de::zoom -window [gi::getWindows 4] -factor [expr {1.0/[db::getPrefValue deCanvasMouseZoomFactor]}] -center {9.35 34.2375}
[16:22:14.77] /# gi::executeAction {deCanvasZoomOutAtPoint} -in [gi::getWindows 4]
[16:22:14.77] /i de::zoom -window [gi::getWindows 4] -factor [expr {1.0/[db::getPrefValue deCanvasMouseZoomFactor]}] -center {9.34375 34.23125}
[16:22:15.22] /# gi::executeAction {deFitEdit} -in [gi::getWindows 4]
[16:22:15.22] /i de::fit -window 4 -fitEdit true
[16:22:17.16] /# gi::executeAction {deCanvasZoomInAtPoint} -in [gi::getWindows 4]
[16:22:17.16] /i de::zoom -window [gi::getWindows 4] -factor [db::getPrefValue deCanvasMouseZoomFactor] -center {30.7125 16.81875}
[16:22:17.22] /# gi::executeAction {deCanvasZoomInAtPoint} -in [gi::getWindows 4]
[16:22:17.22] /i de::zoom -window [gi::getWindows 4] -factor [db::getPrefValue deCanvasMouseZoomFactor] -center {30.7125 16.81875}
[16:22:17.28] /# gi::executeAction {deCanvasZoomInAtPoint} -in [gi::getWindows 4]
[16:22:17.28] /i de::zoom -window [gi::getWindows 4] -factor [db::getPrefValue deCanvasMouseZoomFactor] -center {30.7125 16.81875}
[16:22:17.72] /# gi::executeAction {deCanvasZoomOutAtPoint} -in [gi::getWindows 4]
[16:22:17.72] /i de::zoom -window [gi::getWindows 4] -factor [expr {1.0/[db::getPrefValue deCanvasMouseZoomFactor]}] -center {30.49375 16.84375}
[16:22:17.79] /# gi::executeAction {deCanvasZoomOutAtPoint} -in [gi::getWindows 4]
[16:22:17.79] /i de::zoom -window [gi::getWindows 4] -factor [expr {1.0/[db::getPrefValue deCanvasMouseZoomFactor]}] -center {30.18125 16.75}
[16:22:17.84] /# gi::executeAction {deCanvasZoomOutAtPoint} -in [gi::getWindows 4]
[16:22:17.84] /i de::zoom -window [gi::getWindows 4] -factor [expr {1.0/[db::getPrefValue deCanvasMouseZoomFactor]}] -center {29.74375 16.64375}
[16:22:18.57] /# gi::executeAction {deCanvasZoomInAtPoint} -in [gi::getWindows 4]
[16:22:18.57] /i de::zoom -window [gi::getWindows 4] -factor [db::getPrefValue deCanvasMouseZoomFactor] -center {20.2625 10.1625}
[16:22:18.63] /# gi::executeAction {deCanvasZoomInAtPoint} -in [gi::getWindows 4]
[16:22:18.63] /i de::zoom -window [gi::getWindows 4] -factor [db::getPrefValue deCanvasMouseZoomFactor] -center {20.2625 10.1625}
[16:22:22.37] /# gi::executeAction {deCanvasZoomOutAtPoint} -in [gi::getWindows 4]
[16:22:22.37] /i de::zoom -window [gi::getWindows 4] -factor [expr {1.0/[db::getPrefValue deCanvasMouseZoomFactor]}] -center {18.6 7.9875}
[16:22:22.43] /# gi::executeAction {deCanvasZoomOutAtPoint} -in [gi::getWindows 4]
[16:22:22.43] /i de::zoom -window [gi::getWindows 4] -factor [expr {1.0/[db::getPrefValue deCanvasMouseZoomFactor]}] -center {18.54375 7.90625}
[16:22:22.51] /# gi::executeAction {deCanvasZoomOutAtPoint} -in [gi::getWindows 4]
[16:22:22.51] /i de::zoom -window [gi::getWindows 4] -factor [expr {1.0/[db::getPrefValue deCanvasMouseZoomFactor]}] -center {18.4875 7.9}
[16:22:23.99] /# gi::executeAction {deCanvasZoomInAtPoint} -in [gi::getWindows 4]
[16:22:23.99] /i de::zoom -window [gi::getWindows 4] -factor [db::getPrefValue deCanvasMouseZoomFactor] -center {9.29375 34.05625}
[16:22:24.20] /# gi::executeAction {deCanvasZoomInAtPoint} -in [gi::getWindows 4]
[16:22:24.20] /i de::zoom -window [gi::getWindows 4] -factor [db::getPrefValue deCanvasMouseZoomFactor] -center {9.40625 34.33125}
[16:22:24.35] /# gi::executeAction {deCanvasZoomInAtPoint} -in [gi::getWindows 4]
[16:22:24.35] /i de::zoom -window [gi::getWindows 4] -factor [db::getPrefValue deCanvasMouseZoomFactor] -center {9.40625 34.41875}
[16:22:24.50] /# gi::executeAction {deCanvasZoomInAtPoint} -in [gi::getWindows 4]
[16:22:24.50] /i de::zoom -window [gi::getWindows 4] -factor [db::getPrefValue deCanvasMouseZoomFactor] -center {9.39375 34.4875}
[16:22:24.98] /# gi::executeAction {deCanvasZoomInAtPoint} -in [gi::getWindows 4]
[16:22:24.98] /i de::zoom -window [gi::getWindows 4] -factor [db::getPrefValue deCanvasMouseZoomFactor] -center {9.35 34.55625}
[16:22:26.23] /i gi::executeAction {deCanvasDragSelect} -in [gi::getWindows 4]
[16:22:26.23] /r deCanvasDragStart 9.54375 34.6437
[16:22:26.69] /# gi::executeAction {deCanvasDragEnd} -in [gi::getWindows 4]
[16:22:26.69] /i gi::executeAction deCanvasDragEnd -in [gi::getWindows 4]
[16:22:26.69] /r deCanvasDragEnd 10.975 34.1125
[16:22:27.63] /# gi::executeAction {deSelectActive} -in [gi::getWindows 4]
[16:22:27.63] /i de::deselectAll [db::getNext [de::getContexts -window 4]]
[16:22:27.63] /i de::deselectAllLogic -context [de::getContexts -filter {%editDesign==[db::getAttr editDesign -of [db::getNext [de::getContexts -window 4]]]}]
[16:22:28.55] /i gi::executeAction {deCanvasDragSelect} -in [gi::getWindows 4]
[16:22:28.55] /r deCanvasDragStart 9.36875 34.8687
[16:22:29.53] /# gi::executeAction {deCanvasDragEnd} -in [gi::getWindows 4]
[16:22:29.53] /i gi::executeAction deCanvasDragEnd -in [gi::getWindows 4]
[16:22:29.53] /r deCanvasDragEnd 10.6625 34.0562
[16:22:30.13] /# gi::executeAction {deSelectActive} -in [gi::getWindows 4]
[16:22:30.13] /i de::deselectAll [db::getNext [de::getContexts -window 4]]
[16:22:30.13] /i de::deselectAllLogic -context [de::getContexts -filter {%editDesign==[db::getAttr editDesign -of [db::getNext [de::getContexts -window 4]]]}]
[16:23:55.52] /# gi::executeAction {deCanvasZoomOutAtPoint} -in [gi::getWindows 4]
[16:23:55.52] /i de::zoom -window [gi::getWindows 4] -factor [expr {1.0/[db::getPrefValue deCanvasMouseZoomFactor]}] -center {10.39375 34.4375}
[16:23:55.59] /# gi::executeAction {deCanvasZoomOutAtPoint} -in [gi::getWindows 4]
[16:23:55.59] /i de::zoom -window [gi::getWindows 4] -factor [expr {1.0/[db::getPrefValue deCanvasMouseZoomFactor]}] -center {10.2875 34.35625}
[16:23:55.60] /# gi::executeAction {deCanvasZoomOutAtPoint} -in [gi::getWindows 4]
[16:23:55.60] /i de::zoom -window [gi::getWindows 4] -factor [expr {1.0/[db::getPrefValue deCanvasMouseZoomFactor]}] -center {10.25 34.33125}
[16:23:55.67] /# gi::executeAction {deCanvasZoomOutAtPoint} -in [gi::getWindows 4]
[16:23:55.67] /i de::zoom -window [gi::getWindows 4] -factor [expr {1.0/[db::getPrefValue deCanvasMouseZoomFactor]}] -center {10.10625 34.24375}
[16:23:55.73] /# gi::executeAction {deCanvasZoomOutAtPoint} -in [gi::getWindows 4]
[16:23:55.73] /i de::zoom -window [gi::getWindows 4] -factor [expr {1.0/[db::getPrefValue deCanvasMouseZoomFactor]}] -center {9.225 34.24375}
[16:23:56.01] /# gi::executeAction {deCanvasZoomInAtPoint} -in [gi::getWindows 4]
[16:23:56.01] /i de::zoom -window [gi::getWindows 4] -factor [db::getPrefValue deCanvasMouseZoomFactor] -center {8.8875 34.35}
[16:23:56.07] /# gi::executeAction {deCanvasZoomInAtPoint} -in [gi::getWindows 4]
[16:23:56.07] /i de::zoom -window [gi::getWindows 4] -factor [db::getPrefValue deCanvasMouseZoomFactor] -center {9 34.40625}
[16:23:56.14] /# gi::executeAction {deCanvasZoomInAtPoint} -in [gi::getWindows 4]
[16:23:56.14] /i de::zoom -window [gi::getWindows 4] -factor [db::getPrefValue deCanvasMouseZoomFactor] -center {9.21875 34.4625}
[16:23:56.89] /# gi::executeAction {deCanvasZoomInAtPoint} -in [gi::getWindows 4]
[16:23:56.89] /i de::zoom -window [gi::getWindows 4] -factor [db::getPrefValue deCanvasMouseZoomFactor] -center {8.4 34.66875}
[16:23:57.15] /# gi::executeAction {deCanvasZoomInAtPoint} -in [gi::getWindows 4]
[16:23:57.15] /i de::zoom -window [gi::getWindows 4] -factor [db::getPrefValue deCanvasMouseZoomFactor] -center {7.875 34.45625}
[16:23:59.46] /# gi::executeAction {deCanvasZoomOutAtPoint} -in [gi::getWindows 4]
[16:23:59.46] /i de::zoom -window [gi::getWindows 4] -factor [expr {1.0/[db::getPrefValue deCanvasMouseZoomFactor]}] -center {7.76875 34.325}
[16:23:59.53] /# gi::executeAction {deCanvasZoomOutAtPoint} -in [gi::getWindows 4]
[16:23:59.53] /i de::zoom -window [gi::getWindows 4] -factor [expr {1.0/[db::getPrefValue deCanvasMouseZoomFactor]}] -center {8.0875 34.225}
[16:23:59.60] /# gi::executeAction {deCanvasZoomOutAtPoint} -in [gi::getWindows 4]
[16:23:59.60] /i de::zoom -window [gi::getWindows 4] -factor [expr {1.0/[db::getPrefValue deCanvasMouseZoomFactor]}] -center {8.525 34.04375}
[16:24:00.46] /# gi::executeAction {deCanvasZoomOutAtPoint} -in [gi::getWindows 4]
[16:24:00.46] /i de::zoom -window [gi::getWindows 4] -factor [expr {1.0/[db::getPrefValue deCanvasMouseZoomFactor]}] -center {22.26875 34.26875}
[16:24:00.50] /# gi::executeAction {deCanvasZoomOutAtPoint} -in [gi::getWindows 4]
[16:24:00.50] /i de::zoom -window [gi::getWindows 4] -factor [expr {1.0/[db::getPrefValue deCanvasMouseZoomFactor]}] -center {23.1 34.55}
[16:24:00.56] /# gi::executeAction {deCanvasZoomOutAtPoint} -in [gi::getWindows 4]
[16:24:00.56] /i de::zoom -window [gi::getWindows 4] -factor [expr {1.0/[db::getPrefValue deCanvasMouseZoomFactor]}] -center {24.1 35.4375}
[16:24:02.40] /# gi::executeAction {deFitEdit} -in [gi::getWindows 4]
[16:24:02.40] /i de::fit -window 4 -fitEdit true
[16:24:08.84] /# gi::executeAction {deFitEdit} -in [gi::getWindows 4]
[16:24:08.84] /i de::fit -window 4 -fitEdit true
[16:24:09.50] /# gi::executeAction {deCanvasZoomInAtPoint} -in [gi::getWindows 4]
[16:24:09.50] /i de::zoom -window [gi::getWindows 4] -factor [db::getPrefValue deCanvasMouseZoomFactor] -center {11.48125 37.04375}
[16:24:09.68] /# gi::executeAction {deCanvasZoomInAtPoint} -in [gi::getWindows 4]
[16:24:09.68] /i de::zoom -window [gi::getWindows 4] -factor [db::getPrefValue deCanvasMouseZoomFactor] -center {11.48125 37.04375}
[16:24:10.21] /# gi::executeAction {deCanvasZoomInAtPoint} -in [gi::getWindows 4]
[16:24:10.21] /i de::zoom -window [gi::getWindows 4] -factor [db::getPrefValue deCanvasMouseZoomFactor] -center {10.525 34.65}
[16:24:10.30] /# gi::executeAction {deCanvasZoomInAtPoint} -in [gi::getWindows 4]
[16:24:10.30] /i de::zoom -window [gi::getWindows 4] -factor [db::getPrefValue deCanvasMouseZoomFactor] -center {10.51875 34.65}
[16:24:11.26] /# gi::executeAction {deCanvasZoomOutAtPoint} -in [gi::getWindows 4]
[16:24:11.26] /i de::zoom -window [gi::getWindows 4] -factor [expr {1.0/[db::getPrefValue deCanvasMouseZoomFactor]}] -center {9.8375 34.6375}
[16:24:11.32] /# gi::executeAction {deCanvasZoomOutAtPoint} -in [gi::getWindows 4]
[16:24:11.32] /i de::zoom -window [gi::getWindows 4] -factor [expr {1.0/[db::getPrefValue deCanvasMouseZoomFactor]}] -center {9.80625 34.60625}
[16:24:11.38] /# gi::executeAction {deCanvasZoomOutAtPoint} -in [gi::getWindows 4]
[16:24:11.38] /i de::zoom -window [gi::getWindows 4] -factor [expr {1.0/[db::getPrefValue deCanvasMouseZoomFactor]}] -center {9.80625 34.60625}
[16:24:11.44] /# gi::executeAction {deCanvasZoomOutAtPoint} -in [gi::getWindows 4]
[16:24:11.44] /i de::zoom -window [gi::getWindows 4] -factor [expr {1.0/[db::getPrefValue deCanvasMouseZoomFactor]}] -center {9.75625 34.55}
[16:24:11.71] /# gi::executeAction {deFitEdit} -in [gi::getWindows 4]
[16:24:11.71] /i de::fit -window 4 -fitEdit true
[16:24:24.43] /# gi::executeAction {deCanvasZoomInAtPoint} -in [gi::getWindows 4]
[16:24:24.43] /i de::zoom -window [gi::getWindows 4] -factor [db::getPrefValue deCanvasMouseZoomFactor] -center {14.475 6.2375}
[16:24:24.46] /# gi::executeAction {deCanvasZoomInAtPoint} -in [gi::getWindows 4]
[16:24:24.46] /i de::zoom -window [gi::getWindows 4] -factor [db::getPrefValue deCanvasMouseZoomFactor] -center {14.41875 6.29375}
[16:24:24.51] /# gi::executeAction {deCanvasZoomInAtPoint} -in [gi::getWindows 4]
[16:24:24.51] /i de::zoom -window [gi::getWindows 4] -factor [db::getPrefValue deCanvasMouseZoomFactor] -center {14.41875 6.29375}
[16:24:24.57] /# gi::executeAction {deCanvasZoomInAtPoint} -in [gi::getWindows 4]
[16:24:24.57] /i de::zoom -window [gi::getWindows 4] -factor [db::getPrefValue deCanvasMouseZoomFactor] -center {14.41875 6.29375}
[16:24:25.64] /# gi::executeAction {deCanvasZoomOutAtPoint} -in [gi::getWindows 4]
[16:24:25.64] /i de::zoom -window [gi::getWindows 4] -factor [expr {1.0/[db::getPrefValue deCanvasMouseZoomFactor]}] -center {14.775 6.41875}
[16:24:25.70] /# gi::executeAction {deCanvasZoomOutAtPoint} -in [gi::getWindows 4]
[16:24:25.70] /i de::zoom -window [gi::getWindows 4] -factor [expr {1.0/[db::getPrefValue deCanvasMouseZoomFactor]}] -center {14.76875 6.4125}
[16:24:26.10] /# gi::executeAction {deCanvasZoomOutAtPoint} -in [gi::getWindows 4]
[16:24:26.10] /i de::zoom -window [gi::getWindows 4] -factor [expr {1.0/[db::getPrefValue deCanvasMouseZoomFactor]}] -center {14.0625 5.175}
[16:24:26.16] /# gi::executeAction {deCanvasZoomOutAtPoint} -in [gi::getWindows 4]
[16:24:26.16] /i de::zoom -window [gi::getWindows 4] -factor [expr {1.0/[db::getPrefValue deCanvasMouseZoomFactor]}] -center {14.00625 4.95625}
[16:24:26.63] /# gi::executeAction {deCanvasZoomInAtPoint} -in [gi::getWindows 4]
[16:24:26.63] /i de::zoom -window [gi::getWindows 4] -factor [db::getPrefValue deCanvasMouseZoomFactor] -center {13.95625 2.79375}
[16:24:26.71] /# gi::executeAction {deCanvasZoomInAtPoint} -in [gi::getWindows 4]
[16:24:26.71] /i de::zoom -window [gi::getWindows 4] -factor [db::getPrefValue deCanvasMouseZoomFactor] -center {13.95625 2.79375}
[16:24:26.78] /# gi::executeAction {deCanvasZoomInAtPoint} -in [gi::getWindows 4]
[16:24:26.78] /i de::zoom -window [gi::getWindows 4] -factor [db::getPrefValue deCanvasMouseZoomFactor] -center {13.95625 2.79375}
[16:24:29.32] /# gi::executeAction {deCanvasZoomOutAtPoint} -in [gi::getWindows 4]
[16:24:29.32] /i de::zoom -window [gi::getWindows 4] -factor [expr {1.0/[db::getPrefValue deCanvasMouseZoomFactor]}] -center {14.675 5.525}
[16:24:29.75] /# gi::executeAction {deCanvasZoomOutAtPoint} -in [gi::getWindows 4]
[16:24:29.75] /i de::zoom -window [gi::getWindows 4] -factor [expr {1.0/[db::getPrefValue deCanvasMouseZoomFactor]}] -center {18.53125 3.95625}
[16:24:29.81] /# gi::executeAction {deCanvasZoomOutAtPoint} -in [gi::getWindows 4]
[16:24:29.81] /i de::zoom -window [gi::getWindows 4] -factor [expr {1.0/[db::getPrefValue deCanvasMouseZoomFactor]}] -center {18.58125 3.925}
[16:24:30.35] /# gi::executeAction {deCanvasZoomInAtPoint} -in [gi::getWindows 4]
[16:24:30.35] /i de::zoom -window [gi::getWindows 4] -factor [db::getPrefValue deCanvasMouseZoomFactor] -center {22.85 4.425}
[16:24:30.38] /# gi::executeAction {deCanvasZoomInAtPoint} -in [gi::getWindows 4]
[16:24:30.38] /i de::zoom -window [gi::getWindows 4] -factor [db::getPrefValue deCanvasMouseZoomFactor] -center {22.85 4.425}
[16:24:31.96] /# gi::executeAction {deCanvasZoomOutAtPoint} -in [gi::getWindows 4]
[16:24:31.96] /i de::zoom -window [gi::getWindows 4] -factor [expr {1.0/[db::getPrefValue deCanvasMouseZoomFactor]}] -center {20.425 3.625}
[16:24:32.06] /# gi::executeAction {deCanvasZoomOutAtPoint} -in [gi::getWindows 4]
[16:24:32.06] /i de::zoom -window [gi::getWindows 4] -factor [expr {1.0/[db::getPrefValue deCanvasMouseZoomFactor]}] -center {20.125 3.36875}
[16:24:32.95] /# gi::executeAction {deCanvasZoomInAtPoint} -in [gi::getWindows 4]
[16:24:32.95] /i de::zoom -window [gi::getWindows 4] -factor [db::getPrefValue deCanvasMouseZoomFactor] -center {27.54375 5.2}
[16:24:32.98] /# gi::executeAction {deCanvasZoomInAtPoint} -in [gi::getWindows 4]
[16:24:32.98] /i de::zoom -window [gi::getWindows 4] -factor [db::getPrefValue deCanvasMouseZoomFactor] -center {27.54375 5.2}
[16:24:33.07] /# gi::executeAction {deCanvasZoomInAtPoint} -in [gi::getWindows 4]
[16:24:33.07] /i de::zoom -window [gi::getWindows 4] -factor [db::getPrefValue deCanvasMouseZoomFactor] -center {27.54375 5.2}
[16:24:33.90] /# gi::executeAction {deCanvasZoomOutAtPoint} -in [gi::getWindows 4]
[16:24:33.90] /i de::zoom -window [gi::getWindows 4] -factor [expr {1.0/[db::getPrefValue deCanvasMouseZoomFactor]}] -center {25.45625 4.83125}
[16:24:34.00] /# gi::executeAction {deCanvasZoomOutAtPoint} -in [gi::getWindows 4]
[16:24:34.00] /i de::zoom -window [gi::getWindows 4] -factor [expr {1.0/[db::getPrefValue deCanvasMouseZoomFactor]}] -center {25.01875 4.80625}
[16:24:35.24] /# gi::executeAction {deCanvasZoomInAtPoint} -in [gi::getWindows 4]
[16:24:35.24] /i de::zoom -window [gi::getWindows 4] -factor [db::getPrefValue deCanvasMouseZoomFactor] -center {13.9375 5.25}
[16:24:35.33] /# gi::executeAction {deCanvasZoomInAtPoint} -in [gi::getWindows 4]
[16:24:35.33] /i de::zoom -window [gi::getWindows 4] -factor [db::getPrefValue deCanvasMouseZoomFactor] -center {13.9375 5.25}
[16:24:35.42] /# gi::executeAction {deCanvasZoomInAtPoint} -in [gi::getWindows 4]
[16:24:35.42] /i de::zoom -window [gi::getWindows 4] -factor [db::getPrefValue deCanvasMouseZoomFactor] -center {13.9375 5.25}
[16:24:36.43] /# gi::executeAction {deCanvasZoomOutAtPoint} -in [gi::getWindows 4]
[16:24:36.43] /i de::zoom -window [gi::getWindows 4] -factor [expr {1.0/[db::getPrefValue deCanvasMouseZoomFactor]}] -center {14 5.5625}
[16:24:36.49] /# gi::executeAction {deCanvasZoomOutAtPoint} -in [gi::getWindows 4]
[16:24:36.49] /i de::zoom -window [gi::getWindows 4] -factor [expr {1.0/[db::getPrefValue deCanvasMouseZoomFactor]}] -center {14.0375 5.55}
[16:24:40.26] /# gi::executeAction {deCanvasZoomInAtPoint} -in [gi::getWindows 4]
[16:24:40.26] /i de::zoom -window [gi::getWindows 4] -factor [db::getPrefValue deCanvasMouseZoomFactor] -center {13.93125 6.9}
[16:24:40.39] /# gi::executeAction {deCanvasZoomInAtPoint} -in [gi::getWindows 4]
[16:24:40.39] /i de::zoom -window [gi::getWindows 4] -factor [db::getPrefValue deCanvasMouseZoomFactor] -center {13.85 6.99375}
[16:24:42.45] /# gi::executeAction {deCanvasZoomOutAtPoint} -in [gi::getWindows 4]
[16:24:42.45] /i de::zoom -window [gi::getWindows 4] -factor [expr {1.0/[db::getPrefValue deCanvasMouseZoomFactor]}] -center {14.375 6.36875}
[16:24:44.11] /# gi::executeAction {deCanvasZoomOutAtPoint} -in [gi::getWindows 4]
[16:24:44.11] /i de::zoom -window [gi::getWindows 4] -factor [expr {1.0/[db::getPrefValue deCanvasMouseZoomFactor]}] -center {14.29375 6.86875}
[16:24:44.85] /# gi::executeAction {deCanvasZoomInAtPoint} -in [gi::getWindows 4]
[16:24:44.85] /i de::zoom -window [gi::getWindows 4] -factor [db::getPrefValue deCanvasMouseZoomFactor] -center {13.975 5.24375}
[16:24:44.93] /# gi::executeAction {deCanvasZoomInAtPoint} -in [gi::getWindows 4]
[16:24:44.93] /i de::zoom -window [gi::getWindows 4] -factor [db::getPrefValue deCanvasMouseZoomFactor] -center {13.975 5.25}
[16:24:46.24] /# gi::executeAction {deCanvasZoomOutAtPoint} -in [gi::getWindows 4]
[16:24:46.24] /i de::zoom -window [gi::getWindows 4] -factor [expr {1.0/[db::getPrefValue deCanvasMouseZoomFactor]}] -center {14.21875 5.70625}
[16:25:07.84] /# gi::executeAction {deCanvasZoomOutAtPoint} -in [gi::getWindows 4]
[16:25:07.85] /i de::zoom -window [gi::getWindows 4] -factor [expr {1.0/[db::getPrefValue deCanvasMouseZoomFactor]}] -center {15.2125 5.23125}
[16:25:07.90] /# gi::executeAction {deCanvasZoomOutAtPoint} -in [gi::getWindows 4]
[16:25:07.91] /i de::zoom -window [gi::getWindows 4] -factor [expr {1.0/[db::getPrefValue deCanvasMouseZoomFactor]}] -center {15.25625 5.09375}
[16:25:08.04] /# gi::executeAction {deCanvasZoomOutAtPoint} -in [gi::getWindows 4]
[16:25:08.04] /i de::zoom -window [gi::getWindows 4] -factor [expr {1.0/[db::getPrefValue deCanvasMouseZoomFactor]}] -center {16.45 4.43125}
[16:25:08.17] /# gi::executeAction {deCanvasZoomOutAtPoint} -in [gi::getWindows 4]
[16:25:08.17] /i de::zoom -window [gi::getWindows 4] -factor [expr {1.0/[db::getPrefValue deCanvasMouseZoomFactor]}] -center {21.2125 3.20625}
[16:25:08.70] /# gi::executeAction {deCanvasZoomInAtPoint} -in [gi::getWindows 4]
[16:25:08.70] /i de::zoom -window [gi::getWindows 4] -factor [db::getPrefValue deCanvasMouseZoomFactor] -center {25.975 4.31875}
[16:25:08.79] /# gi::executeAction {deCanvasZoomInAtPoint} -in [gi::getWindows 4]
[16:25:08.79] /i de::zoom -window [gi::getWindows 4] -factor [db::getPrefValue deCanvasMouseZoomFactor] -center {25.975 4.31875}
[16:25:08.91] /# gi::executeAction {deCanvasZoomInAtPoint} -in [gi::getWindows 4]
[16:25:08.91] /i de::zoom -window [gi::getWindows 4] -factor [db::getPrefValue deCanvasMouseZoomFactor] -center {25.975 4.31875}
[16:25:10.00] /# gi::executeAction {deCanvasZoomInAtPoint} -in [gi::getWindows 4]
[16:25:10.00] /i de::zoom -window [gi::getWindows 4] -factor [db::getPrefValue deCanvasMouseZoomFactor] -center {25.63125 5}
[16:25:10.34] /# gi::executeAction {deCanvasZoomOutAtPoint} -in [gi::getWindows 4]
[16:25:10.34] /i de::zoom -window [gi::getWindows 4] -factor [expr {1.0/[db::getPrefValue deCanvasMouseZoomFactor]}] -center {25.5375 5.35625}
[16:26:05.60] /# gi::executeAction {deCanvasZoomOutAtPoint} -in [gi::getWindows 4]
[16:26:05.60] /i de::zoom -window [gi::getWindows 4] -factor [expr {1.0/[db::getPrefValue deCanvasMouseZoomFactor]}] -center {23.11875 3.53125}
[16:26:05.70] /# gi::executeAction {deCanvasZoomOutAtPoint} -in [gi::getWindows 4]
[16:26:05.70] /i de::zoom -window [gi::getWindows 4] -factor [expr {1.0/[db::getPrefValue deCanvasMouseZoomFactor]}] -center {23.0875 3.5375}
[16:26:05.82] /# gi::executeAction {deCanvasZoomOutAtPoint} -in [gi::getWindows 4]
[16:26:05.82] /i de::zoom -window [gi::getWindows 4] -factor [expr {1.0/[db::getPrefValue deCanvasMouseZoomFactor]}] -center {22.15 3.25625}
[16:26:06.19] /# gi::executeAction {deCanvasZoomInAtPoint} -in [gi::getWindows 4]
[16:26:06.19] /i de::zoom -window [gi::getWindows 4] -factor [db::getPrefValue deCanvasMouseZoomFactor] -center {18.4875 0.70625}
[16:26:06.24] /# gi::executeAction {deCanvasZoomInAtPoint} -in [gi::getWindows 4]
[16:26:06.25] /i de::zoom -window [gi::getWindows 4] -factor [db::getPrefValue deCanvasMouseZoomFactor] -center {17.26875 -0.9}
[16:26:06.35] /# gi::executeAction {deCanvasZoomInAtPoint} -in [gi::getWindows 4]
[16:26:06.35] /i de::zoom -window [gi::getWindows 4] -factor [db::getPrefValue deCanvasMouseZoomFactor] -center {17.1 -1.425}
[16:26:07.26] /# gi::executeAction {deCanvasZoomInAtPoint} -in [gi::getWindows 4]
[16:26:07.26] /i de::zoom -window [gi::getWindows 4] -factor [db::getPrefValue deCanvasMouseZoomFactor] -center {22.29375 1.375}
[16:26:07.32] /# gi::executeAction {deCanvasZoomInAtPoint} -in [gi::getWindows 4]
[16:26:07.32] /i de::zoom -window [gi::getWindows 4] -factor [db::getPrefValue deCanvasMouseZoomFactor] -center {22.23125 1.4375}
[16:26:08.80] /# gi::executeAction {deSelectActive} -in [gi::getWindows 4]
[16:26:08.80] /i de::deselectAll [db::getNext [de::getContexts -window 4]]
[16:26:08.80] /i de::select [de::getActiveFigure [gi::getWindows 4] -point {22.00625 2.13125} -index 0 -intent none]
[16:26:08.80] /o oa:0x2c30a4f0
[16:26:09.19] /# gi::executeAction {deCanvasZoomOutAtPoint} -in [gi::getWindows 4]
[16:26:09.19] /i de::zoom -window [gi::getWindows 4] -factor [expr {1.0/[db::getPrefValue deCanvasMouseZoomFactor]}] -center {21.50625 2.10625}
[16:26:09.25] /# gi::executeAction {deCanvasZoomOutAtPoint} -in [gi::getWindows 4]
[16:26:09.25] /i de::zoom -window [gi::getWindows 4] -factor [expr {1.0/[db::getPrefValue deCanvasMouseZoomFactor]}] -center {21.50625 2.1125}
[16:26:09.31] /# gi::executeAction {deCanvasZoomOutAtPoint} -in [gi::getWindows 4]
[16:26:09.31] /i de::zoom -window [gi::getWindows 4] -factor [expr {1.0/[db::getPrefValue deCanvasMouseZoomFactor]}] -center {21.5 2.1125}
[16:26:09.38] /# gi::executeAction {deCanvasZoomOutAtPoint} -in [gi::getWindows 4]
[16:26:09.38] /i de::zoom -window [gi::getWindows 4] -factor [expr {1.0/[db::getPrefValue deCanvasMouseZoomFactor]}] -center {21.5 2.10625}
[16:26:09.64] /# gi::executeAction {deCanvasZoomInAtPoint} -in [gi::getWindows 4]
[16:26:09.64] /i de::zoom -window [gi::getWindows 4] -factor [db::getPrefValue deCanvasMouseZoomFactor] -center {21.5 2.1625}
[16:26:09.67] /# gi::executeAction {deCanvasZoomInAtPoint} -in [gi::getWindows 4]
[16:26:09.67] /i de::zoom -window [gi::getWindows 4] -factor [db::getPrefValue deCanvasMouseZoomFactor] -center {21.5 2.1625}
[16:26:11.02] /# gi::executeAction {deFitEdit} -in [gi::getWindows 4]
[16:26:11.02] /i de::fit -window 4 -fitEdit true
[16:26:17.26] /# gi::executeAction {deCanvasZoomInAtPoint} -in [gi::getWindows 4]
[16:26:17.26] /i de::zoom -window [gi::getWindows 4] -factor [db::getPrefValue deCanvasMouseZoomFactor] -center {28.99375 36.65625}
[16:26:17.29] /# gi::executeAction {deCanvasZoomInAtPoint} -in [gi::getWindows 4]
[16:26:17.29] /i de::zoom -window [gi::getWindows 4] -factor [db::getPrefValue deCanvasMouseZoomFactor] -center {28.99375 36.65625}
[16:26:17.35] /# gi::executeAction {deCanvasZoomInAtPoint} -in [gi::getWindows 4]
[16:26:17.35] /i de::zoom -window [gi::getWindows 4] -factor [db::getPrefValue deCanvasMouseZoomFactor] -center {28.99375 36.65625}
[16:26:18.47] /# gi::executeAction {deCanvasZoomOutAtPoint} -in [gi::getWindows 4]
[16:26:18.47] /i de::zoom -window [gi::getWindows 4] -factor [expr {1.0/[db::getPrefValue deCanvasMouseZoomFactor]}] -center {27.7375 35.0375}
[16:26:18.50] /# gi::executeAction {deCanvasZoomOutAtPoint} -in [gi::getWindows 4]
[16:26:18.50] /i de::zoom -window [gi::getWindows 4] -factor [expr {1.0/[db::getPrefValue deCanvasMouseZoomFactor]}] -center {27.50625 34.825}
[16:26:18.52] /# gi::executeAction {deCanvasZoomOutAtPoint} -in [gi::getWindows 4]
[16:26:18.52] /i de::zoom -window [gi::getWindows 4] -factor [expr {1.0/[db::getPrefValue deCanvasMouseZoomFactor]}] -center {27.3125 34.63125}
[16:26:18.54] /# gi::executeAction {deCanvasZoomOutAtPoint} -in [gi::getWindows 4]
[16:26:18.54] /i de::zoom -window [gi::getWindows 4] -factor [expr {1.0/[db::getPrefValue deCanvasMouseZoomFactor]}] -center {27.15 34.46875}
[16:26:18.58] /# gi::executeAction {deCanvasZoomOutAtPoint} -in [gi::getWindows 4]
[16:26:18.58] /i de::zoom -window [gi::getWindows 4] -factor [expr {1.0/[db::getPrefValue deCanvasMouseZoomFactor]}] -center {26.70625 34.1375}
[16:26:19.26] /# gi::executeAction {deCanvasZoomInAtPoint} -in [gi::getWindows 4]
[16:26:19.26] /i de::zoom -window [gi::getWindows 4] -factor [db::getPrefValue deCanvasMouseZoomFactor] -center {14.2875 22.3875}
[16:26:19.39] /# gi::executeAction {deCanvasZoomInAtPoint} -in [gi::getWindows 4]
[16:26:19.39] /i de::zoom -window [gi::getWindows 4] -factor [db::getPrefValue deCanvasMouseZoomFactor] -center {15.73125 19.175}
[16:26:20.34] /# gi::executeAction {deCanvasZoomInAtPoint} -in [gi::getWindows 4]
[16:26:20.34] /i de::zoom -window [gi::getWindows 4] -factor [db::getPrefValue deCanvasMouseZoomFactor] -center {18.66875 5.20625}
[16:26:20.39] /# gi::executeAction {deCanvasZoomInAtPoint} -in [gi::getWindows 4]
[16:26:20.39] /i de::zoom -window [gi::getWindows 4] -factor [db::getPrefValue deCanvasMouseZoomFactor] -center {18.66875 5.20625}
[16:26:20.45] /# gi::executeAction {deCanvasZoomInAtPoint} -in [gi::getWindows 4]
[16:26:20.45] /i de::zoom -window [gi::getWindows 4] -factor [db::getPrefValue deCanvasMouseZoomFactor] -center {18.66875 5.20625}
[16:26:20.98] /# gi::executeAction {deCanvasZoomOutAtPoint} -in [gi::getWindows 4]
[16:26:20.98] /i de::zoom -window [gi::getWindows 4] -factor [expr {1.0/[db::getPrefValue deCanvasMouseZoomFactor]}] -center {18.65 5.9125}
[16:26:21.04] /# gi::executeAction {deCanvasZoomOutAtPoint} -in [gi::getWindows 4]
[16:26:21.04] /i de::zoom -window [gi::getWindows 4] -factor [expr {1.0/[db::getPrefValue deCanvasMouseZoomFactor]}] -center {18.64375 5.9125}
[16:26:21.43] /# gi::executeAction {deCanvasZoomOutAtPoint} -in [gi::getWindows 4]
[16:26:21.43] /i de::zoom -window [gi::getWindows 4] -factor [expr {1.0/[db::getPrefValue deCanvasMouseZoomFactor]}] -center {18.75625 4.16875}
[16:26:21.47] /# gi::executeAction {deCanvasZoomOutAtPoint} -in [gi::getWindows 4]
[16:26:21.47] /i de::zoom -window [gi::getWindows 4] -factor [expr {1.0/[db::getPrefValue deCanvasMouseZoomFactor]}] -center {18.59375 4.00625}
[16:26:21.94] /# gi::executeAction {deCanvasZoomInAtPoint} -in [gi::getWindows 4]
[16:26:21.94] /i de::zoom -window [gi::getWindows 4] -factor [db::getPrefValue deCanvasMouseZoomFactor] -center {15.26875 -1.5375}
[16:26:22.04] /# gi::executeAction {deCanvasZoomInAtPoint} -in [gi::getWindows 4]
[16:26:22.04] /i de::zoom -window [gi::getWindows 4] -factor [db::getPrefValue deCanvasMouseZoomFactor] -center {15.2125 -1.31875}
[16:26:22.09] /# gi::executeAction {deCanvasZoomInAtPoint} -in [gi::getWindows 4]
[16:26:22.09] /i de::zoom -window [gi::getWindows 4] -factor [db::getPrefValue deCanvasMouseZoomFactor] -center {15.2125 -1.31875}
[16:26:22.22] /# gi::executeAction {deCanvasZoomInAtPoint} -in [gi::getWindows 4]
[16:26:22.23] /i de::zoom -window [gi::getWindows 4] -factor [db::getPrefValue deCanvasMouseZoomFactor] -center {15.2125 -1.125}
[16:26:22.62] /# gi::executeAction {deCanvasZoomOutAtPoint} -in [gi::getWindows 4]
[16:26:22.62] /i de::zoom -window [gi::getWindows 4] -factor [expr {1.0/[db::getPrefValue deCanvasMouseZoomFactor]}] -center {15.64375 1.025}
[16:26:22.68] /# gi::executeAction {deCanvasZoomOutAtPoint} -in [gi::getWindows 4]
[16:26:22.68] /i de::zoom -window [gi::getWindows 4] -factor [expr {1.0/[db::getPrefValue deCanvasMouseZoomFactor]}] -center {15.66875 1.13125}
[16:26:23.14] /# gi::executeAction {deFitEdit} -in [gi::getWindows 4]
[16:26:23.14] /i de::fit -window 4 -fitEdit true
[16:26:23.98] /# gi::executeAction {deCanvasZoomInAtPoint} -in [gi::getWindows 4]
[16:26:23.98] /i de::zoom -window [gi::getWindows 4] -factor [db::getPrefValue deCanvasMouseZoomFactor] -center {14.80625 6.5125}
[16:26:24.01] /# gi::executeAction {deCanvasZoomInAtPoint} -in [gi::getWindows 4]
[16:26:24.01] /i de::zoom -window [gi::getWindows 4] -factor [db::getPrefValue deCanvasMouseZoomFactor] -center {14.80625 6.5125}
[16:26:24.09] /# gi::executeAction {deCanvasZoomInAtPoint} -in [gi::getWindows 4]
[16:26:24.09] /i de::zoom -window [gi::getWindows 4] -factor [db::getPrefValue deCanvasMouseZoomFactor] -center {14.80625 6.5125}
[16:26:25.91] /i gi::executeAction {deCanvasDragSelect} -in [gi::getWindows 4]
[16:26:25.91] /r deCanvasDragStart 12.55 8.88125
[16:26:26.62] /# gi::executeAction {deCanvasDragEnd} -in [gi::getWindows 4]
[16:26:26.62] /i gi::executeAction deCanvasDragEnd -in [gi::getWindows 4]
[16:26:26.63] /r deCanvasDragEnd 15.8125 5.8
[16:26:27.86] /# gi::executeAction {deFitEdit} -in [gi::getWindows 4]
[16:26:27.86] /i de::fit -window 4 -fitEdit true
[16:26:28.72] /# gi::executeAction {deCanvasZoomInAtPoint} -in [gi::getWindows 4]
[16:26:28.72] /i de::zoom -window [gi::getWindows 4] -factor [db::getPrefValue deCanvasMouseZoomFactor] -center {13.975 3.4625}
[16:26:28.84] /# gi::executeAction {deCanvasZoomInAtPoint} -in [gi::getWindows 4]
[16:26:28.84] /i de::zoom -window [gi::getWindows 4] -factor [db::getPrefValue deCanvasMouseZoomFactor] -center {13.975 3.4625}
[16:26:29.35] /# gi::executeAction {deCanvasZoomInAtPoint} -in [gi::getWindows 4]
[16:26:29.35] /i de::zoom -window [gi::getWindows 4] -factor [db::getPrefValue deCanvasMouseZoomFactor] -center {13.91875 6.9125}
[16:26:30.46] /# gi::executeAction {deSelectActive} -in [gi::getWindows 4]
[16:26:30.46] /i de::deselectAll [db::getNext [de::getContexts -window 4]]
[16:26:30.46] /i de::deselectAllLogic -context [de::getContexts -filter {%editDesign==[db::getAttr editDesign -of [db::getNext [de::getContexts -window 4]]]}]
[16:26:33.16] /# gi::executeAction {deCanvasZoomOutAtPoint} -in [gi::getWindows 4]
[16:26:33.16] /i de::zoom -window [gi::getWindows 4] -factor [expr {1.0/[db::getPrefValue deCanvasMouseZoomFactor]}] -center {14.25625 7.74375}
[16:26:33.26] /# gi::executeAction {deCanvasZoomOutAtPoint} -in [gi::getWindows 4]
[16:26:33.26] /i de::zoom -window [gi::getWindows 4] -factor [expr {1.0/[db::getPrefValue deCanvasMouseZoomFactor]}] -center {14.275 7.71875}
[16:26:34.45] /i gi::executeAction {deCanvasDragSelect} -in [gi::getWindows 4]
[16:26:34.45] /r deCanvasDragStart 11.3375 8.68125
[16:26:35.44] /# gi::executeAction {deCanvasDragEnd} -in [gi::getWindows 4]
[16:26:35.44] /i gi::executeAction deCanvasDragEnd -in [gi::getWindows 4]
[16:26:35.44] /r deCanvasDragEnd 15.9375 3.75
[16:26:37.44] /# gi::executeAction {deSelectActive} -in [gi::getWindows 4]
[16:26:37.44] /i de::deselectAll [db::getNext [de::getContexts -window 4]]
[16:26:37.44] /i de::deselectAllLogic -context [de::getContexts -filter {%editDesign==[db::getAttr editDesign -of [db::getNext [de::getContexts -window 4]]]}]
[16:26:38.33] /# gi::executeAction {deCanvasZoomInAtPoint} -in [gi::getWindows 4]
[16:26:38.33] /i de::zoom -window [gi::getWindows 4] -factor [db::getPrefValue deCanvasMouseZoomFactor] -center {14.525 5.5}
[16:26:38.45] /# gi::executeAction {deCanvasZoomInAtPoint} -in [gi::getWindows 4]
[16:26:38.45] /i de::zoom -window [gi::getWindows 4] -factor [db::getPrefValue deCanvasMouseZoomFactor] -center {14.5125 5.5}
[16:26:38.59] /# gi::executeAction {deCanvasZoomInAtPoint} -in [gi::getWindows 4]
[16:26:38.59] /i de::zoom -window [gi::getWindows 4] -factor [db::getPrefValue deCanvasMouseZoomFactor] -center {14.5125 5.5}
[16:26:39.48] /# gi::executeAction {deCanvasZoomOutAtPoint} -in [gi::getWindows 4]
[16:26:39.48] /i de::zoom -window [gi::getWindows 4] -factor [expr {1.0/[db::getPrefValue deCanvasMouseZoomFactor]}] -center {14.24375 5.8}
[16:27:01.33] /# gi::executeAction {deCanvasZoomOutAtPoint} -in [gi::getWindows 4]
[16:27:01.33] /i de::zoom -window [gi::getWindows 4] -factor [expr {1.0/[db::getPrefValue deCanvasMouseZoomFactor]}] -center {14.48125 6.69375}
[16:27:02.26] /# gi::executeAction {deCanvasZoomInAtPoint} -in [gi::getWindows 4]
[16:27:02.26] /i de::zoom -window [gi::getWindows 4] -factor [db::getPrefValue deCanvasMouseZoomFactor] -center {14.31875 7.875}
[16:27:03.46] /# gi::executeAction {deCanvasZoomInAtPoint} -in [gi::getWindows 4]
[16:27:03.46] /i de::zoom -window [gi::getWindows 4] -factor [db::getPrefValue deCanvasMouseZoomFactor] -center {14.18125 6.45625}
[16:27:04.11] /# gi::executeAction {deCanvasZoomOutAtPoint} -in [gi::getWindows 4]
[16:27:04.11] /i de::zoom -window [gi::getWindows 4] -factor [expr {1.0/[db::getPrefValue deCanvasMouseZoomFactor]}] -center {14.18125 6.45}
[16:27:10.11] /# gi::executeAction {deCanvasZoomOutAtPoint} -in [gi::getWindows 4]
[16:27:10.11] /i de::zoom -window [gi::getWindows 4] -factor [expr {1.0/[db::getPrefValue deCanvasMouseZoomFactor]}] -center {14.04375 7.41875}
[16:27:10.88] /# gi::executeAction {deCanvasZoomInAtPoint} -in [gi::getWindows 4]
[16:27:10.88] /i de::zoom -window [gi::getWindows 4] -factor [db::getPrefValue deCanvasMouseZoomFactor] -center {13.94375 8.4125}
[16:27:13.02] /# gi::executeAction {deCanvasZoomInAtPoint} -in [gi::getWindows 4]
[16:27:13.02] /i de::zoom -window [gi::getWindows 4] -factor [db::getPrefValue deCanvasMouseZoomFactor] -center {13.93125 7.625}
[16:27:13.54] /# gi::executeAction {deCanvasZoomOutAtPoint} -in [gi::getWindows 4]
[16:27:13.54] /i de::zoom -window [gi::getWindows 4] -factor [expr {1.0/[db::getPrefValue deCanvasMouseZoomFactor]}] -center {13.93125 7.625}
[16:27:13.60] /# gi::executeAction {deCanvasZoomOutAtPoint} -in [gi::getWindows 4]
[16:27:13.60] /i de::zoom -window [gi::getWindows 4] -factor [expr {1.0/[db::getPrefValue deCanvasMouseZoomFactor]}] -center {13.93125 7.625}
[16:27:14.35] /# gi::executeAction {deCanvasZoomInAtPoint} -in [gi::getWindows 4]
[16:27:14.35] /i de::zoom -window [gi::getWindows 4] -factor [db::getPrefValue deCanvasMouseZoomFactor] -center {13.9375 7.74375}
[16:27:21.04] /i gi::executeAction {deCanvasDragSelect} -in [gi::getWindows 4]
[16:27:21.04] /r deCanvasDragStart 12.475 8.39375
[16:27:21.84] /# gi::executeAction {deCanvasDragEnd} -in [gi::getWindows 4]
[16:27:21.84] /i gi::executeAction deCanvasDragEnd -in [gi::getWindows 4]
[16:27:21.84] /r deCanvasDragEnd 13.2625 7.7375
[16:27:22.14] /# gi::executeAction {deSelectActive} -in [gi::getWindows 4]
[16:27:22.14] /i de::deselectAll [db::getNext [de::getContexts -window 4]]
[16:27:22.14] /i de::deselectAllLogic -context [de::getContexts -filter {%editDesign==[db::getAttr editDesign -of [db::getNext [de::getContexts -window 4]]]}]
[16:27:22.96] /# gi::executeAction {deSelectActive} -in [gi::getWindows 4]
[16:27:22.96] /i de::deselectAllLogic -context [de::getContexts -filter {%editDesign==[db::getAttr editDesign -of [db::getNext [de::getContexts -window 4]]]}]
[16:27:23.55] /i gi::executeAction {deCanvasDragSelect} -in [gi::getWindows 4]
[16:27:23.55] /r deCanvasDragStart 12.4938 8.4125
[16:27:24.06] /# gi::executeAction {deCanvasDragEnd} -in [gi::getWindows 4]
[16:27:24.06] /i gi::executeAction deCanvasDragEnd -in [gi::getWindows 4]
[16:27:24.06] /r deCanvasDragEnd 13.2188 7.81875
[16:27:25.45] /# gi::executeAction {deSelectActive} -in [gi::getWindows 4]
[16:27:25.45] /i de::deselectAll [db::getNext [de::getContexts -window 4]]
[16:27:25.45] /i de::deselectAllLogic -context [de::getContexts -filter {%editDesign==[db::getAttr editDesign -of [db::getNext [de::getContexts -window 4]]]}]
[16:27:26.41] /i gi::executeAction {deCanvasDragSelect} -in [gi::getWindows 4]
[16:27:26.41] /r deCanvasDragStart 12.6375 8.45625
[16:27:27.20] /# gi::executeAction {deCanvasDragEnd} -in [gi::getWindows 4]
[16:27:27.20] /i gi::executeAction deCanvasDragEnd -in [gi::getWindows 4]
[16:27:27.20] /r deCanvasDragEnd 13.15 7.775
[16:27:27.86] /# gi::executeAction {deSelectActive} -in [gi::getWindows 4]
[16:27:27.86] /i de::deselectAll [db::getNext [de::getContexts -window 4]]
[16:27:27.86] /i de::deselectAllLogic -context [de::getContexts -filter {%editDesign==[db::getAttr editDesign -of [db::getNext [de::getContexts -window 4]]]}]
[16:28:00.05] /# gi::executeAction {deSelectActive} -in [gi::getWindows 4]
[16:28:00.05] /i de::deselectAll [db::getNext [de::getContexts -window 4]]
[16:28:00.05] /i de::select [de::getActiveFigure [gi::getWindows 4] -point {14.05625 5.69375} -index 0 -intent none]
[16:28:00.05] /o oa:0x2d2c3350
[16:28:00.47] /# gi::executeAction {deSelectActive} -in [gi::getWindows 4]
[16:28:00.47] /i de::deselectAll [db::getNext [de::getContexts -window 4]]
[16:28:00.47] /i de::deselectAllLogic -context [de::getContexts -filter {%editDesign==[db::getAttr editDesign -of [db::getNext [de::getContexts -window 4]]]}]
[16:28:00.91] /# gi::executeAction {deSelectActive} -in [gi::getWindows 4]
[16:28:00.91] /i de::deselectAll [db::getNext [de::getContexts -window 4]]
[16:28:00.91] /i de::select [de::getActiveFigure [gi::getWindows 4] -point {14.16875 5.8125} -index 0 -intent none]
[16:28:00.91] /o oa:0x2bb133c0
[16:28:01.22] /# gi::executeAction {deSelectActive} -in [gi::getWindows 4]
[16:28:01.22] /i de::deselectAll [db::getNext [de::getContexts -window 4]]
[16:28:01.22] /i de::deselectAllLogic -context [de::getContexts -filter {%editDesign==[db::getAttr editDesign -of [db::getNext [de::getContexts -window 4]]]}]
[16:28:01.61] /# gi::executeAction {deSelectActive} -in [gi::getWindows 4]
[16:28:01.61] /i de::deselectAll [db::getNext [de::getContexts -window 4]]
[16:28:01.62] /i de::select [de::getActiveFigure [gi::getWindows 4] -point {14.1625 5.75} -index 0 -intent none]
[16:28:01.62] /o oa:0x2cb343d0
[16:28:01.90] /# gi::executeAction {deSelectActive} -in [gi::getWindows 4]
[16:28:01.90] /i de::deselectAll [db::getNext [de::getContexts -window 4]]
[16:28:01.90] /i de::deselectAllLogic -context [de::getContexts -filter {%editDesign==[db::getAttr editDesign -of [db::getNext [de::getContexts -window 4]]]}]
[16:28:02.34] /# gi::executeAction {deSelectActive} -in [gi::getWindows 4]
[16:28:02.34] /i de::deselectAll [db::getNext [de::getContexts -window 4]]
[16:28:02.34] /i de::select [de::getActiveFigure [gi::getWindows 4] -point {14.175 5.66875} -index 0 -intent none]
[16:28:02.34] /o oa:0x2bb5d690
[16:28:02.67] /# gi::executeAction {deSelectActive} -in [gi::getWindows 4]
[16:28:02.67] /i de::deselectAll [db::getNext [de::getContexts -window 4]]
[16:28:02.67] /i de::deselectAllLogic -context [de::getContexts -filter {%editDesign==[db::getAttr editDesign -of [db::getNext [de::getContexts -window 4]]]}]
[16:28:03.08] /# gi::executeAction {deSelectActive} -in [gi::getWindows 4]
[16:28:03.08] /i de::deselectAll [db::getNext [de::getContexts -window 4]]
[16:28:03.08] /i de::select [de::getActiveFigure [gi::getWindows 4] -point {14.13125 5.675} -index 0 -intent none]
[16:28:03.08] /o oa:0x2c744810
[16:28:03.33] /# gi::executeAction {deSelectActive} -in [gi::getWindows 4]
[16:28:03.33] /i de::deselectAll [db::getNext [de::getContexts -window 4]]
[16:28:03.33] /i de::deselectAllLogic -context [de::getContexts -filter {%editDesign==[db::getAttr editDesign -of [db::getNext [de::getContexts -window 4]]]}]
[16:28:03.71] /# gi::executeAction {deSelectActive} -in [gi::getWindows 4]
[16:28:03.71] /i de::deselectAll [db::getNext [de::getContexts -window 4]]
[16:28:03.71] /i de::select [de::getActiveFigure [gi::getWindows 4] -point {14.14375 5.675} -index 0 -intent none]
[16:28:03.71] /o oa:0x2bbedff0
[16:28:03.95] /# gi::executeAction {deSelectActive} -in [gi::getWindows 4]
[16:28:03.95] /i de::deselectAll [db::getNext [de::getContexts -window 4]]
[16:28:03.95] /i de::deselectAllLogic -context [de::getContexts -filter {%editDesign==[db::getAttr editDesign -of [db::getNext [de::getContexts -window 4]]]}]
[16:28:04.28] /# gi::executeAction {deSelectActive} -in [gi::getWindows 4]
[16:28:04.28] /i de::deselectAll [db::getNext [de::getContexts -window 4]]
[16:28:04.28] /i de::select [de::getActiveFigure [gi::getWindows 4] -point {14.2 5.70625} -index 0 -intent none]
[16:28:04.28] /o oa:0x2c8a4910
[16:28:04.55] /# gi::executeAction {deSelectActive} -in [gi::getWindows 4]
[16:28:04.55] /i de::deselectAll [db::getNext [de::getContexts -window 4]]
[16:28:04.55] /i de::deselectAllLogic -context [de::getContexts -filter {%editDesign==[db::getAttr editDesign -of [db::getNext [de::getContexts -window 4]]]}]
[16:28:04.91] /# gi::executeAction {deSelectActive} -in [gi::getWindows 4]
[16:28:04.91] /i de::deselectAll [db::getNext [de::getContexts -window 4]]
[16:28:04.91] /i de::select [de::getActiveFigure [gi::getWindows 4] -point {14.16875 5.6875} -index 0 -intent none]
[16:28:04.91] /o oa:0x2d4688a0
[16:28:05.17] /# gi::executeAction {deSelectActive} -in [gi::getWindows 4]
[16:28:05.17] /i de::deselectAll [db::getNext [de::getContexts -window 4]]
[16:28:05.17] /i de::deselectAllLogic -context [de::getContexts -filter {%editDesign==[db::getAttr editDesign -of [db::getNext [de::getContexts -window 4]]]}]
[16:28:05.46] /# gi::executeAction {deSelectActive} -in [gi::getWindows 4]
[16:28:05.46] /i de::deselectAll [db::getNext [de::getContexts -window 4]]
[16:28:05.46] /i de::select [de::getActiveFigure [gi::getWindows 4] -point {14.175 5.7} -index 0 -intent none]
[16:28:05.46] /o oa:0x2c872de0
[16:28:05.68] /# gi::executeAction {deSelectActive} -in [gi::getWindows 4]
[16:28:05.68] /i de::deselectAll [db::getNext [de::getContexts -window 4]]
[16:28:05.68] /i de::deselectAllLogic -context [de::getContexts -filter {%editDesign==[db::getAttr editDesign -of [db::getNext [de::getContexts -window 4]]]}]
[16:28:05.92] /# gi::executeAction {deSelectActive} -in [gi::getWindows 4]
[16:28:05.92] /i de::deselectAll [db::getNext [de::getContexts -window 4]]
[16:28:05.92] /i de::select [de::getActiveFigure [gi::getWindows 4] -point {14.175 5.70625} -index 0 -intent none]
[16:28:05.92] /o oa:0x2bdbd4c0
[16:28:06.12] /# gi::executeAction {deSelectActive} -in [gi::getWindows 4]
[16:28:06.12] /i de::deselectAll [db::getNext [de::getContexts -window 4]]
[16:28:06.12] /i de::deselectAllLogic -context [de::getContexts -filter {%editDesign==[db::getAttr editDesign -of [db::getNext [de::getContexts -window 4]]]}]
[16:28:06.36] /# gi::executeAction {deSelectActive} -in [gi::getWindows 4]
[16:28:06.36] /i de::deselectAll [db::getNext [de::getContexts -window 4]]
[16:28:06.36] /i de::select [de::getActiveFigure [gi::getWindows 4] -point {14.175 5.7375} -index 0 -intent none]
[16:28:06.36] /o oa:0x2d3486d0
[16:28:06.55] /# gi::executeAction {deSelectActive} -in [gi::getWindows 4]
[16:28:06.55] /i de::deselectAll [db::getNext [de::getContexts -window 4]]
[16:28:06.56] /i de::deselectAllLogic -context [de::getContexts -filter {%editDesign==[db::getAttr editDesign -of [db::getNext [de::getContexts -window 4]]]}]
[16:28:06.78] /# gi::executeAction {deSelectActive} -in [gi::getWindows 4]
[16:28:06.78] /i de::deselectAll [db::getNext [de::getContexts -window 4]]
[16:28:06.78] /i de::select [de::getActiveFigure [gi::getWindows 4] -point {14.16875 5.75} -index 0 -intent none]
[16:28:06.78] /o oa:0x2d3f0ea0
[16:28:06.99] /# gi::executeAction {deSelectActive} -in [gi::getWindows 4]
[16:28:06.99] /i de::deselectAll [db::getNext [de::getContexts -window 4]]
[16:28:06.99] /i de::deselectAllLogic -context [de::getContexts -filter {%editDesign==[db::getAttr editDesign -of [db::getNext [de::getContexts -window 4]]]}]
[16:28:07.22] /# gi::executeAction {deSelectActive} -in [gi::getWindows 4]
[16:28:07.22] /i de::deselectAll [db::getNext [de::getContexts -window 4]]
[16:28:07.22] /i de::select [de::getActiveFigure [gi::getWindows 4] -point {14.19375 5.75} -index 0 -intent none]
[16:28:07.22] /o oa:0x2d4d7ef0
[16:28:07.40] /# gi::executeAction {deSelectActive} -in [gi::getWindows 4]
[16:28:07.40] /i de::deselectAll [db::getNext [de::getContexts -window 4]]
[16:28:07.40] /i de::deselectAllLogic -context [de::getContexts -filter {%editDesign==[db::getAttr editDesign -of [db::getNext [de::getContexts -window 4]]]}]
[16:28:07.62] /# gi::executeAction {deSelectActive} -in [gi::getWindows 4]
[16:28:07.62] /i de::deselectAll [db::getNext [de::getContexts -window 4]]
[16:28:07.62] /i de::select [de::getActiveFigure [gi::getWindows 4] -point {14.1375 5.725} -index 0 -intent none]
[16:28:07.62] /o oa:0x2d32aa10
[16:28:07.82] /# gi::executeAction {deSelectActive} -in [gi::getWindows 4]
[16:28:07.82] /i de::deselectAll [db::getNext [de::getContexts -window 4]]
[16:28:07.82] /i de::deselectAllLogic -context [de::getContexts -filter {%editDesign==[db::getAttr editDesign -of [db::getNext [de::getContexts -window 4]]]}]
[16:28:08.03] /# gi::executeAction {deSelectActive} -in [gi::getWindows 4]
[16:28:08.03] /i de::deselectAll [db::getNext [de::getContexts -window 4]]
[16:28:08.03] /i de::select [de::getActiveFigure [gi::getWindows 4] -point {14.16875 5.65} -index 0 -intent none]
[16:28:08.04] /o oa:0x2d3b6980
[16:28:08.26] /# gi::executeAction {deSelectActive} -in [gi::getWindows 4]
[16:28:08.26] /i de::deselectAll [db::getNext [de::getContexts -window 4]]
[16:28:08.26] /i de::deselectAllLogic -context [de::getContexts -filter {%editDesign==[db::getAttr editDesign -of [db::getNext [de::getContexts -window 4]]]}]
[16:28:53.45] /i db::setAttr iconified -of [gi::getFrames 1] -value true
[16:28:53.76] /i db::setAttr geometry -of [gi::getFrames 1] -value 1040x824+0+23
[16:28:57.30] /i db::setAttr iconified -of [gi::getFrames 1] -value false
[16:28:57.57] /i db::setAttr geometry -of [gi::getFrames 1] -value 1040x824+439+115
[16:28:58.32] /# gi::executeAction {deCanvasZoomOutAtPoint} -in [gi::getWindows 4]
[16:28:58.32] /i de::zoom -window [gi::getWindows 4] -factor [expr {1.0/[db::getPrefValue deCanvasMouseZoomFactor]}] -center {13.33125 5.70625}
[16:28:58.43] /# gi::executeAction {deCanvasZoomOutAtPoint} -in [gi::getWindows 4]
[16:28:58.43] /i de::zoom -window [gi::getWindows 4] -factor [expr {1.0/[db::getPrefValue deCanvasMouseZoomFactor]}] -center {13.64375 5.78125}
[16:28:59.18] /# gi::executeAction {deCanvasZoomInAtPoint} -in [gi::getWindows 4]
[16:28:59.18] /i de::zoom -window [gi::getWindows 4] -factor [db::getPrefValue deCanvasMouseZoomFactor] -center {18.55 9.4875}
[16:28:59.34] /# gi::executeAction {deCanvasZoomInAtPoint} -in [gi::getWindows 4]
[16:28:59.34] /i de::zoom -window [gi::getWindows 4] -factor [db::getPrefValue deCanvasMouseZoomFactor] -center {18.59375 9.66875}
[16:28:59.79] /# gi::executeAction {deCanvasZoomInAtPoint} -in [gi::getWindows 4]
[16:28:59.79] /i de::zoom -window [gi::getWindows 4] -factor [db::getPrefValue deCanvasMouseZoomFactor] -center {20.75 8.00625}
[16:28:59.88] /# gi::executeAction {deCanvasZoomInAtPoint} -in [gi::getWindows 4]
[16:28:59.88] /i de::zoom -window [gi::getWindows 4] -factor [db::getPrefValue deCanvasMouseZoomFactor] -center {20.75 8.00625}
[16:29:00.23] /# gi::executeAction {deCanvasZoomOutAtPoint} -in [gi::getWindows 4]
[16:29:00.23] /i de::zoom -window [gi::getWindows 4] -factor [expr {1.0/[db::getPrefValue deCanvasMouseZoomFactor]}] -center {20.73125 8.0625}
[16:29:00.32] /# gi::executeAction {deCanvasZoomOutAtPoint} -in [gi::getWindows 4]
[16:29:00.32] /i de::zoom -window [gi::getWindows 4] -factor [expr {1.0/[db::getPrefValue deCanvasMouseZoomFactor]}] -center {20.73125 8.05625}
[16:29:03.16] /i db::setAttr maximized -of [gi::getFrames 1] -value true
[16:29:03.46] /i db::setAttr geometry -of [gi::getFrames 1] -value 1920x986+0+46
[16:29:04.20] /# gi::executeAction {deCanvasZoomOutAtPoint} -in [gi::getWindows 4]
[16:29:04.20] /i de::zoom -window [gi::getWindows 4] -factor [expr {1.0/[db::getPrefValue deCanvasMouseZoomFactor]}] -center {22.98125 7.8875}
[16:29:04.24] /# gi::executeAction {deCanvasZoomOutAtPoint} -in [gi::getWindows 4]
[16:29:04.24] /i de::zoom -window [gi::getWindows 4] -factor [expr {1.0/[db::getPrefValue deCanvasMouseZoomFactor]}] -center {22.90625 7.9}
[16:29:04.36] /# gi::executeAction {deCanvasZoomOutAtPoint} -in [gi::getWindows 4]
[16:29:04.36] /i de::zoom -window [gi::getWindows 4] -factor [expr {1.0/[db::getPrefValue deCanvasMouseZoomFactor]}] -center {22.10625 7.975}
[16:29:12.91] /# gi::executeAction {deCanvasZoomOutAtPoint} -in [gi::getWindows 4]
[16:29:12.91] /i de::zoom -window [gi::getWindows 4] -factor [expr {1.0/[db::getPrefValue deCanvasMouseZoomFactor]}] -center {22.05 13.24375}
[16:29:12.99] /# gi::executeAction {deCanvasZoomOutAtPoint} -in [gi::getWindows 4]
[16:29:12.99] /i de::zoom -window [gi::getWindows 4] -factor [expr {1.0/[db::getPrefValue deCanvasMouseZoomFactor]}] -center {22.04375 13.24375}
[16:29:14.00] /# gi::executeAction {deFitEdit} -in [gi::getWindows 4]
[16:29:14.00] /i de::fit -window 4 -fitEdit true
[16:29:20.66] /# gi::executeAction {deCanvasZoomInAtPoint} -in [gi::getWindows 4]
[16:29:20.66] /i de::zoom -window [gi::getWindows 4] -factor [db::getPrefValue deCanvasMouseZoomFactor] -center {19.075 5.7}
[16:29:21.20] /# gi::executeAction {deCanvasZoomInAtPoint} -in [gi::getWindows 4]
[16:29:21.20] /i de::zoom -window [gi::getWindows 4] -factor [db::getPrefValue deCanvasMouseZoomFactor] -center {15.23125 6.375}
[16:29:21.26] /# gi::executeAction {deCanvasZoomInAtPoint} -in [gi::getWindows 4]
[16:29:21.26] /i de::zoom -window [gi::getWindows 4] -factor [db::getPrefValue deCanvasMouseZoomFactor] -center {14.90625 6.725}
[16:29:22.06] /# gi::executeAction {deCanvasZoomInAtPoint} -in [gi::getWindows 4]
[16:29:22.06] /i de::zoom -window [gi::getWindows 4] -factor [db::getPrefValue deCanvasMouseZoomFactor] -center {14.725 7.9}
[16:29:22.12] /# gi::executeAction {deCanvasZoomInAtPoint} -in [gi::getWindows 4]
[16:29:22.12] /i de::zoom -window [gi::getWindows 4] -factor [db::getPrefValue deCanvasMouseZoomFactor] -center {14.7125 7.9125}
[16:29:22.19] /# gi::executeAction {deCanvasZoomInAtPoint} -in [gi::getWindows 4]
[16:29:22.19] /i de::zoom -window [gi::getWindows 4] -factor [db::getPrefValue deCanvasMouseZoomFactor] -center {14.70625 7.91875}
[16:29:23.03] /# gi::executeAction {deCanvasZoomOutAtPoint} -in [gi::getWindows 4]
[16:29:23.03] /i de::zoom -window [gi::getWindows 4] -factor [expr {1.0/[db::getPrefValue deCanvasMouseZoomFactor]}] -center {14.5 8}
[16:29:23.10] /# gi::executeAction {deCanvasZoomOutAtPoint} -in [gi::getWindows 4]
[16:29:23.10] /i de::zoom -window [gi::getWindows 4] -factor [expr {1.0/[db::getPrefValue deCanvasMouseZoomFactor]}] -center {14.53125 8.00625}
[16:29:23.25] /# gi::executeAction {deCanvasZoomOutAtPoint} -in [gi::getWindows 4]
[16:29:23.25] /i de::zoom -window [gi::getWindows 4] -factor [expr {1.0/[db::getPrefValue deCanvasMouseZoomFactor]}] -center {14.6125 8}
[16:29:23.37] /# gi::executeAction {deCanvasZoomOutAtPoint} -in [gi::getWindows 4]
[16:29:23.37] /i de::zoom -window [gi::getWindows 4] -factor [expr {1.0/[db::getPrefValue deCanvasMouseZoomFactor]}] -center {14.6375 7.9875}
[16:29:23.56] /# gi::executeAction {deCanvasZoomOutAtPoint} -in [gi::getWindows 4]
[16:29:23.56] /i de::zoom -window [gi::getWindows 4] -factor [expr {1.0/[db::getPrefValue deCanvasMouseZoomFactor]}] -center {14.63125 7.9875}
[16:29:23.65] /# gi::executeAction {deCanvasZoomOutAtPoint} -in [gi::getWindows 4]
[16:29:23.65] /i de::zoom -window [gi::getWindows 4] -factor [expr {1.0/[db::getPrefValue deCanvasMouseZoomFactor]}] -center {14.63125 7.98125}
[16:29:24.02] /# gi::executeAction {deCanvasZoomInAtPoint} -in [gi::getWindows 4]
[16:29:24.02] /i de::zoom -window [gi::getWindows 4] -factor [db::getPrefValue deCanvasMouseZoomFactor] -center {14.63125 7.9875}
[16:29:24.10] /# gi::executeAction {deCanvasZoomInAtPoint} -in [gi::getWindows 4]
[16:29:24.10] /i de::zoom -window [gi::getWindows 4] -factor [db::getPrefValue deCanvasMouseZoomFactor] -center {14.63125 7.9875}
[16:29:25.04] /# gi::executeAction {deFitEdit} -in [gi::getWindows 4]
[16:29:25.04] /i de::fit -window 4 -fitEdit true
[16:29:26.14] /# gi::executeAction {deCanvasZoomInAtPoint} -in [gi::getWindows 4]
[16:29:26.14] /i de::zoom -window [gi::getWindows 4] -factor [db::getPrefValue deCanvasMouseZoomFactor] -center {13.0125 5.3875}
[16:29:26.24] /# gi::executeAction {deCanvasZoomInAtPoint} -in [gi::getWindows 4]
[16:29:26.24] /i de::zoom -window [gi::getWindows 4] -factor [db::getPrefValue deCanvasMouseZoomFactor] -center {13.0125 5.3875}
[16:29:27.16] /# gi::executeAction {deCanvasZoomInAtPoint} -in [gi::getWindows 4]
[16:29:27.16] /i de::zoom -window [gi::getWindows 4] -factor [db::getPrefValue deCanvasMouseZoomFactor] -center {12.85625 4.75}
[16:29:27.24] /# gi::executeAction {deCanvasZoomInAtPoint} -in [gi::getWindows 4]
[16:29:27.24] /i de::zoom -window [gi::getWindows 4] -factor [db::getPrefValue deCanvasMouseZoomFactor] -center {12.83125 4.7625}
[16:29:27.46] /# gi::executeAction {deCanvasZoomInAtPoint} -in [gi::getWindows 4]
[16:29:27.46] /i de::zoom -window [gi::getWindows 4] -factor [db::getPrefValue deCanvasMouseZoomFactor] -center {12.81875 4.8}
[16:29:27.91] /# gi::executeAction {deCanvasZoomOutAtPoint} -in [gi::getWindows 4]
[16:29:27.91] /i de::zoom -window [gi::getWindows 4] -factor [expr {1.0/[db::getPrefValue deCanvasMouseZoomFactor]}] -center {12.825 5.0625}
[16:29:28.00] /# gi::executeAction {deCanvasZoomOutAtPoint} -in [gi::getWindows 4]
[16:29:28.00] /i de::zoom -window [gi::getWindows 4] -factor [expr {1.0/[db::getPrefValue deCanvasMouseZoomFactor]}] -center {12.825 5.08125}
[16:29:28.76] /# gi::executeAction {deCanvasZoomOutAtPoint} -in [gi::getWindows 4]
[16:29:28.76] /i de::zoom -window [gi::getWindows 4] -factor [expr {1.0/[db::getPrefValue deCanvasMouseZoomFactor]}] -center {13.01875 5.18125}
[16:29:28.80] /# gi::executeAction {deCanvasZoomOutAtPoint} -in [gi::getWindows 4]
[16:29:28.80] /i de::zoom -window [gi::getWindows 4] -factor [expr {1.0/[db::getPrefValue deCanvasMouseZoomFactor]}] -center {12.79375 5.225}
[16:29:28.86] /# gi::executeAction {deCanvasZoomOutAtPoint} -in [gi::getWindows 4]
[16:29:28.86] /i de::zoom -window [gi::getWindows 4] -factor [expr {1.0/[db::getPrefValue deCanvasMouseZoomFactor]}] -center {12.63125 5.5125}
[16:29:28.92] /# gi::executeAction {deCanvasZoomOutAtPoint} -in [gi::getWindows 4]
[16:29:28.92] /i de::zoom -window [gi::getWindows 4] -factor [expr {1.0/[db::getPrefValue deCanvasMouseZoomFactor]}] -center {12.725 6.5}
[16:29:28.98] /# gi::executeAction {deCanvasZoomOutAtPoint} -in [gi::getWindows 4]
[16:29:28.98] /i de::zoom -window [gi::getWindows 4] -factor [expr {1.0/[db::getPrefValue deCanvasMouseZoomFactor]}] -center {9.85 9.0125}
[16:29:29.35] /# gi::executeAction {deCanvasZoomInAtPoint} -in [gi::getWindows 4]
[16:29:29.35] /i de::zoom -window [gi::getWindows 4] -factor [db::getPrefValue deCanvasMouseZoomFactor] -center {12.90625 14.0375}
[16:29:29.41] /# gi::executeAction {deCanvasZoomInAtPoint} -in [gi::getWindows 4]
[16:29:29.41] /i de::zoom -window [gi::getWindows 4] -factor [db::getPrefValue deCanvasMouseZoomFactor] -center {13.2625 14.4}
[16:29:30.08] /# gi::executeAction {deFitEdit} -in [gi::getWindows 4]
[16:29:30.08] /i de::fit -window 4 -fitEdit true
[16:29:31.75] /# gi::executeAction {deCanvasZoomInAtPoint} -in [gi::getWindows 4]
[16:29:31.75] /i de::zoom -window [gi::getWindows 4] -factor [db::getPrefValue deCanvasMouseZoomFactor] -center {12.9625 7.1375}
[16:29:31.96] /# gi::executeAction {deCanvasZoomInAtPoint} -in [gi::getWindows 4]
[16:29:31.96] /i de::zoom -window [gi::getWindows 4] -factor [db::getPrefValue deCanvasMouseZoomFactor] -center {13.00625 7.49375}
[16:29:32.71] /# gi::executeAction {deCanvasZoomInAtPoint} -in [gi::getWindows 4]
[16:29:32.71] /i de::zoom -window [gi::getWindows 4] -factor [db::getPrefValue deCanvasMouseZoomFactor] -center {13.88125 5.675}
[16:29:32.85] /# gi::executeAction {deCanvasZoomInAtPoint} -in [gi::getWindows 4]
[16:29:32.85] /i de::zoom -window [gi::getWindows 4] -factor [db::getPrefValue deCanvasMouseZoomFactor] -center {13.88125 5.65}
[16:29:33.57] /# gi::executeAction {deCanvasZoomOutAtPoint} -in [gi::getWindows 4]
[16:29:33.57] /i de::zoom -window [gi::getWindows 4] -factor [expr {1.0/[db::getPrefValue deCanvasMouseZoomFactor]}] -center {13.90625 5.725}
[16:29:33.68] /# gi::executeAction {deCanvasZoomOutAtPoint} -in [gi::getWindows 4]
[16:29:33.68] /i de::zoom -window [gi::getWindows 4] -factor [expr {1.0/[db::getPrefValue deCanvasMouseZoomFactor]}] -center {13.9 5.7125}
[16:29:33.77] /# gi::executeAction {deCanvasZoomOutAtPoint} -in [gi::getWindows 4]
[16:29:33.77] /i de::zoom -window [gi::getWindows 4] -factor [expr {1.0/[db::getPrefValue deCanvasMouseZoomFactor]}] -center {13.90625 5.7125}
[16:29:33.86] /# gi::executeAction {deCanvasZoomOutAtPoint} -in [gi::getWindows 4]
[16:29:33.86] /i de::zoom -window [gi::getWindows 4] -factor [expr {1.0/[db::getPrefValue deCanvasMouseZoomFactor]}] -center {13.9 5.7125}
[16:29:33.92] /# gi::executeAction {deCanvasZoomOutAtPoint} -in [gi::getWindows 4]
[16:29:33.92] /i de::zoom -window [gi::getWindows 4] -factor [expr {1.0/[db::getPrefValue deCanvasMouseZoomFactor]}] -center {13.90625 5.7125}
[16:29:34.45] /# gi::executeAction {deCanvasZoomInAtPoint} -in [gi::getWindows 4]
[16:29:34.45] /i de::zoom -window [gi::getWindows 4] -factor [db::getPrefValue deCanvasMouseZoomFactor] -center {14.0875 3.1125}
[16:29:34.51] /# gi::executeAction {deCanvasZoomInAtPoint} -in [gi::getWindows 4]
[16:29:34.51] /i de::zoom -window [gi::getWindows 4] -factor [db::getPrefValue deCanvasMouseZoomFactor] -center {14.0875 3.5625}
[16:29:34.55] /# gi::executeAction {deCanvasZoomInAtPoint} -in [gi::getWindows 4]
[16:29:34.55] /i de::zoom -window [gi::getWindows 4] -factor [db::getPrefValue deCanvasMouseZoomFactor] -center {14.0875 3.7}
[16:29:34.60] /# gi::executeAction {deCanvasZoomInAtPoint} -in [gi::getWindows 4]
[16:29:34.60] /i de::zoom -window [gi::getWindows 4] -factor [db::getPrefValue deCanvasMouseZoomFactor] -center {14.0875 3.7}
[16:29:34.70] /# gi::executeAction {deCanvasZoomInAtPoint} -in [gi::getWindows 4]
[16:29:34.70] /i de::zoom -window [gi::getWindows 4] -factor [db::getPrefValue deCanvasMouseZoomFactor] -center {14.08125 3.73125}
[16:29:35.11] /# gi::executeAction {deCanvasZoomOutAtPoint} -in [gi::getWindows 4]
[16:29:35.11] /i de::zoom -window [gi::getWindows 4] -factor [expr {1.0/[db::getPrefValue deCanvasMouseZoomFactor]}] -center {13.775 4.5375}
[16:29:35.98] /# gi::executeAction {deCanvasZoomInAtPoint} -in [gi::getWindows 4]
[16:29:35.98] /i de::zoom -window [gi::getWindows 4] -factor [db::getPrefValue deCanvasMouseZoomFactor] -center {13.4875 6.4125}
[16:29:36.48] /# gi::executeAction {deCanvasZoomOutAtPoint} -in [gi::getWindows 4]
[16:29:36.48] /i de::zoom -window [gi::getWindows 4] -factor [expr {1.0/[db::getPrefValue deCanvasMouseZoomFactor]}] -center {13.475 6.175}
[16:29:37.78] /# gi::executeAction {deSelectActive} -in [gi::getWindows 4]
[16:29:37.78] /i de::deselectAll [db::getNext [de::getContexts -window 4]]
[16:29:37.78] /i de::select [de::getActiveFigure [gi::getWindows 4] -point {14.175 5.825} -index 0 -intent none]
[16:29:37.78] /o oa:0x2d2b6350
[16:29:44.74] /# gi::executeAction {deSelectActive} -in [gi::getWindows 4]
[16:29:44.74] /i de::deselectAll [db::getNext [de::getContexts -window 4]]
[16:29:44.74] /i de::deselectAllLogic -context [de::getContexts -filter {%editDesign==[db::getAttr editDesign -of [db::getNext [de::getContexts -window 4]]]}]
[16:30:35.57] /# gi::executeAction {deCanvasZoomOutAtPoint} -in [gi::getWindows 4]
[16:30:35.57] /i de::zoom -window [gi::getWindows 4] -factor [expr {1.0/[db::getPrefValue deCanvasMouseZoomFactor]}] -center {13.5125 5.875}
[16:30:35.68] /# gi::executeAction {deCanvasZoomOutAtPoint} -in [gi::getWindows 4]
[16:30:35.68] /i de::zoom -window [gi::getWindows 4] -factor [expr {1.0/[db::getPrefValue deCanvasMouseZoomFactor]}] -center {13.56875 6.1125}
[16:30:36.59] /# gi::executeAction {deCanvasZoomOutAtPoint} -in [gi::getWindows 4]
[16:30:36.59] /i de::zoom -window [gi::getWindows 4] -factor [expr {1.0/[db::getPrefValue deCanvasMouseZoomFactor]}] -center {11.84375 10.45}
[16:30:37.72] /# gi::executeAction {deCanvasZoomInAtPoint} -in [gi::getWindows 4]
[16:30:37.72] /i de::zoom -window [gi::getWindows 4] -factor [db::getPrefValue deCanvasMouseZoomFactor] -center {12.7375 12.24375}
[16:30:38.12] /# gi::executeAction {deCanvasZoomInAtPoint} -in [gi::getWindows 4]
[16:30:38.12] /i de::zoom -window [gi::getWindows 4] -factor [db::getPrefValue deCanvasMouseZoomFactor] -center {12.7375 12.24375}
[16:30:39.38] /# gi::executeAction {deCanvasZoomInAtPoint} -in [gi::getWindows 4]
[16:30:39.38] /i de::zoom -window [gi::getWindows 4] -factor [db::getPrefValue deCanvasMouseZoomFactor] -center {14.2625 5.91875}
[16:30:40.46] /# gi::executeAction {deCanvasZoomOutAtPoint} -in [gi::getWindows 4]
[16:30:40.46] /i de::zoom -window [gi::getWindows 4] -factor [expr {1.0/[db::getPrefValue deCanvasMouseZoomFactor]}] -center {14.24375 6.09375}
[16:30:40.58] /# gi::executeAction {deCanvasZoomOutAtPoint} -in [gi::getWindows 4]
[16:30:40.58] /i de::zoom -window [gi::getWindows 4] -factor [expr {1.0/[db::getPrefValue deCanvasMouseZoomFactor]}] -center {14.25 6.1375}
[16:30:42.39] /# gi::executeAction {deCanvasZoomInAtPoint} -in [gi::getWindows 4]
[16:30:42.39] /i de::zoom -window [gi::getWindows 4] -factor [db::getPrefValue deCanvasMouseZoomFactor] -center {25.03125 5.625}
[16:30:42.45] /# gi::executeAction {deCanvasZoomInAtPoint} -in [gi::getWindows 4]
[16:30:42.45] /i de::zoom -window [gi::getWindows 4] -factor [db::getPrefValue deCanvasMouseZoomFactor] -center {25.03125 5.625}
[16:30:42.51] /# gi::executeAction {deCanvasZoomInAtPoint} -in [gi::getWindows 4]
[16:30:42.51] /i de::zoom -window [gi::getWindows 4] -factor [db::getPrefValue deCanvasMouseZoomFactor] -center {25.03125 5.625}
[16:30:42.91] /# gi::executeAction {deCanvasZoomOutAtPoint} -in [gi::getWindows 4]
[16:30:42.91] /i de::zoom -window [gi::getWindows 4] -factor [expr {1.0/[db::getPrefValue deCanvasMouseZoomFactor]}] -center {25.03125 5.625}
[16:30:42.97] /# gi::executeAction {deCanvasZoomOutAtPoint} -in [gi::getWindows 4]
[16:30:42.97] /i de::zoom -window [gi::getWindows 4] -factor [expr {1.0/[db::getPrefValue deCanvasMouseZoomFactor]}] -center {24.9875 5.625}
[16:31:01.00] /# gi::executeAction {deCanvasZoomInAtPoint} -in [gi::getWindows 4]
[16:31:01.00] /i de::zoom -window [gi::getWindows 4] -factor [db::getPrefValue deCanvasMouseZoomFactor] -center {13.175 6.20625}
[16:31:01.07] /# gi::executeAction {deCanvasZoomInAtPoint} -in [gi::getWindows 4]
[16:31:01.07] /i de::zoom -window [gi::getWindows 4] -factor [db::getPrefValue deCanvasMouseZoomFactor] -center {13.175 6.20625}
[16:31:01.17] /# gi::executeAction {deCanvasZoomInAtPoint} -in [gi::getWindows 4]
[16:31:01.17] /i de::zoom -window [gi::getWindows 4] -factor [db::getPrefValue deCanvasMouseZoomFactor] -center {13.175 6.20625}
[16:31:01.59] /# gi::executeAction {deCanvasZoomOutAtPoint} -in [gi::getWindows 4]
[16:31:01.59] /i de::zoom -window [gi::getWindows 4] -factor [expr {1.0/[db::getPrefValue deCanvasMouseZoomFactor]}] -center {13.175 6.2125}
[16:31:01.64] /# gi::executeAction {deCanvasZoomOutAtPoint} -in [gi::getWindows 4]
[16:31:01.64] /i de::zoom -window [gi::getWindows 4] -factor [expr {1.0/[db::getPrefValue deCanvasMouseZoomFactor]}] -center {13.175 6.20625}
[16:31:01.70] /# gi::executeAction {deCanvasZoomOutAtPoint} -in [gi::getWindows 4]
[16:31:01.70] /i de::zoom -window [gi::getWindows 4] -factor [expr {1.0/[db::getPrefValue deCanvasMouseZoomFactor]}] -center {13.175 6.2125}
[16:31:02.42] /# gi::executeAction {deCanvasZoomInAtPoint} -in [gi::getWindows 4]
[16:31:02.42] /i de::zoom -window [gi::getWindows 4] -factor [db::getPrefValue deCanvasMouseZoomFactor] -center {12.53125 5.4125}
[16:31:02.60] /# gi::executeAction {deCanvasZoomInAtPoint} -in [gi::getWindows 4]
[16:31:02.60] /i de::zoom -window [gi::getWindows 4] -factor [db::getPrefValue deCanvasMouseZoomFactor] -center {12.375 5.48125}
[16:31:02.66] /# gi::executeAction {deCanvasZoomInAtPoint} -in [gi::getWindows 4]
[16:31:02.66] /i de::zoom -window [gi::getWindows 4] -factor [db::getPrefValue deCanvasMouseZoomFactor] -center {12.375 5.48125}
[16:31:02.70] /# gi::executeAction {deCanvasZoomInAtPoint} -in [gi::getWindows 4]
[16:31:02.70] /i de::zoom -window [gi::getWindows 4] -factor [db::getPrefValue deCanvasMouseZoomFactor] -center {12.375 5.48125}
[16:31:02.76] /# gi::executeAction {deCanvasZoomInAtPoint} -in [gi::getWindows 4]
[16:31:02.76] /i de::zoom -window [gi::getWindows 4] -factor [db::getPrefValue deCanvasMouseZoomFactor] -center {12.375 5.48125}
[16:31:02.82] /# gi::executeAction {deCanvasZoomInAtPoint} -in [gi::getWindows 4]
[16:31:02.82] /i de::zoom -window [gi::getWindows 4] -factor [db::getPrefValue deCanvasMouseZoomFactor] -center {12.375 5.48125}
[16:31:02.90] /# gi::executeAction {deCanvasZoomInAtPoint} -in [gi::getWindows 4]
[16:31:02.90] /i de::zoom -window [gi::getWindows 4] -factor [db::getPrefValue deCanvasMouseZoomFactor] -center {12.375 5.48125}
[16:31:03.41] /# gi::executeAction {deCanvasZoomOutAtPoint} -in [gi::getWindows 4]
[16:31:03.41] /i de::zoom -window [gi::getWindows 4] -factor [expr {1.0/[db::getPrefValue deCanvasMouseZoomFactor]}] -center {12.375 5.48125}
[16:31:03.46] /# gi::executeAction {deCanvasZoomOutAtPoint} -in [gi::getWindows 4]
[16:31:03.46] /i de::zoom -window [gi::getWindows 4] -factor [expr {1.0/[db::getPrefValue deCanvasMouseZoomFactor]}] -center {12.375 5.48125}
[16:31:03.50] /# gi::executeAction {deCanvasZoomOutAtPoint} -in [gi::getWindows 4]
[16:31:03.50] /i de::zoom -window [gi::getWindows 4] -factor [expr {1.0/[db::getPrefValue deCanvasMouseZoomFactor]}] -center {12.375 5.48125}
[16:31:03.53] /# gi::executeAction {deCanvasZoomOutAtPoint} -in [gi::getWindows 4]
[16:31:03.53] /i de::zoom -window [gi::getWindows 4] -factor [expr {1.0/[db::getPrefValue deCanvasMouseZoomFactor]}] -center {12.38125 5.4875}
[16:31:03.58] /# gi::executeAction {deCanvasZoomOutAtPoint} -in [gi::getWindows 4]
[16:31:03.58] /i de::zoom -window [gi::getWindows 4] -factor [expr {1.0/[db::getPrefValue deCanvasMouseZoomFactor]}] -center {12.38125 5.4875}
[16:31:04.09] /# gi::executeAction {deCanvasZoomOutAtPoint} -in [gi::getWindows 4]
[16:31:04.09] /i de::zoom -window [gi::getWindows 4] -factor [expr {1.0/[db::getPrefValue deCanvasMouseZoomFactor]}] -center {12.2875 5.53125}
[16:31:04.14] /# gi::executeAction {deCanvasZoomOutAtPoint} -in [gi::getWindows 4]
[16:31:04.14] /i de::zoom -window [gi::getWindows 4] -factor [expr {1.0/[db::getPrefValue deCanvasMouseZoomFactor]}] -center {12.2875 5.525}
[16:31:04.18] /# gi::executeAction {deCanvasZoomOutAtPoint} -in [gi::getWindows 4]
[16:31:04.18] /i de::zoom -window [gi::getWindows 4] -factor [expr {1.0/[db::getPrefValue deCanvasMouseZoomFactor]}] -center {12.29375 5.53125}
[16:31:04.21] /# gi::executeAction {deCanvasZoomOutAtPoint} -in [gi::getWindows 4]
[16:31:04.21] /i de::zoom -window [gi::getWindows 4] -factor [expr {1.0/[db::getPrefValue deCanvasMouseZoomFactor]}] -center {12.2875 5.53125}
[16:31:04.69] /# gi::executeAction {deCanvasZoomInAtPoint} -in [gi::getWindows 4]
[16:31:04.69] /i de::zoom -window [gi::getWindows 4] -factor [db::getPrefValue deCanvasMouseZoomFactor] -center {11.8 6.91875}
[16:31:05.67] /# gi::executeAction {deFitEdit} -in [gi::getWindows 4]
[16:31:05.67] /i de::fit -window 4 -fitEdit true
[16:31:07.75] /r giDialog gi::setActiveDialog [gi::getDialogs {giCloseFrame}]
[16:31:08.04] /r giDialog db::setAttr geometry -of [gi::getDialogs {giCloseFrame}] -value 299x108+801+433
[16:31:08.89] /r giDialog gi::pressButton {giCloseTabsButton} -in [gi::getDialogs {giCloseFrame}]
[16:31:08.91] /i exit
[16:31:08.97] /r giDialog gi::setActiveDialog [gi::getDialogs {deExitDialog} -parent [gi::getWindows 4]]
[16:31:09.25] /r giDialog db::setAttr geometry -of [gi::getDialogs {deExitDialog} -parent [gi::getWindows 4]] -value 419x181+741+397
[16:31:09.99] /r giDialog gi::pressButton {ok} -in [gi::getDialogs {deExitDialog} -parent [gi::getWindows 4]]
[16:31:11.47] /o Shutdown time: Thu Apr  7 16:31:11 2022
[16:31:11.47] /o Elapsed session real time: 26.63 minutes
[16:31:11.47] /o Session terminated. Log is at /afs/unity.ncsu.edu/users/z/zwmurray/ece546/SRAM_design_new/synopsys_custom/logs/ccompiler.zwmurray.2022_4_7_160428_3950.log
