[01:36:04.11] /o 
              /c                                 Custom Compiler 
              /c 
              /c                  Version S-2021.09 for linux64 - Aug 25, 2021 
              /c 
              /c                     Copyright (c) 2004 - 2021 Synopsys, Inc.
              /c    This software and the associated documentation are proprietary to Synopsys,
              /c  Inc. This software may only be used in accordance with the terms and conditions
              /c  of a written license agreement with Synopsys, Inc. All other use, reproduction,
              /c    or distribution of this software is strictly prohibited.  Licensed Products
              /c      communicate with Synopsys servers for the purpose of providing software
              /c     updates, detecting software piracy and verifying that customers are using
              /c     Licensed Products in conformity with the applicable License Key for such
              /c   Licensed Products. Synopsys will use information gathered in connection with
              /c     this process to deliver software updates and pursue software pirates and
              /c                                    infringers.
              /c 
              /c  Inclusivity & Diversity - Visit SolvNetPlus to read the "Synopsys Statement on
              /c             Inclusivity and Diversity" (Refer to article 000036315 at
              /c                         https://solvnetplus.synopsys.com)
              /c 
              /c Build  (OPT) Config 6809741 compiled on Wed Aug 25 11:47:50 2021 for CentOS64 7.3
              /c Invocation: /mnt/apps/public/COE/synopsys_apps/customcompiler/S-2021.09/linux64/platform/bin/custom_compiler
              /c Execution time: Fri Apr  8 01:35:54 2022
              /c Host: grendel33.ece.ncsu.edu
              /c Working directory: /afs/unity.ncsu.edu/users/r/rsekani/bin/ece546/project/project_new/SRAM_design_new
              /c 
[01:36:17.17] /r giShowFrameTabs true
[01:36:17.17] /r giWindowId 1
[01:36:17.17] /r giWindowGeometry 1040x800
[01:36:38.99] /i db::setAttr maximized -of [gi::getFrames 1] -value true
[01:36:39.25] /i db::setAttr geometry -of [gi::getFrames 1] -value 1536x778+0+46
[01:36:42.24] /i db::setAttr maximized -of [gi::getFrames 1] -value false
[01:36:42.54] /i db::setAttr geometry -of [gi::getFrames 1] -value 1040x824+2032+107
[01:36:43.18] /i db::setAttr maximized -of [gi::getFrames 1] -value true
[01:36:43.45] /i db::setAttr geometry -of [gi::getFrames 1] -value 1920x994+1920+46
[01:36:45.43] /# gi::pressButton {/scroll/scrollArea/scrollAreaInnerWidget/applications/dmLibraryManager} -in [gi::getWindows 1]
[01:36:45.43] /# 
[01:36:45.73] /i gi::addWindow [dm::openLibraryManager] -to 1
[01:36:45.73] /r giWindowId 2
[01:36:45.73] /r giWindowGeometry 660x600+50+50
[01:36:47.22] /i gi::setCurrentIndex {libs} -index {basic} -in [gi::getWindows 2]
[01:36:47.31] /i gi::setItemSelection {libs} -index {basic} -in [gi::getWindows 2]
[01:36:48.08] /i gi::setCurrentIndex {libs} -index {mylib} -in [gi::getWindows 2]
[01:36:48.09] /i gi::setItemSelection {libs} -index {mylib} -in [gi::getWindows 2]
[01:36:58.82] /i gi::setCurrentIndex {cells} -index {bit_cell_array} -in [gi::getWindows 2]
[01:36:58.83] /i gi::setItemSelection {cells} -index {bit_cell_array} -in [gi::getWindows 2]
[01:37:33.94] /i gi::setCurrentIndex {libs} -index {parasitics} -in [gi::getWindows 2]
[01:37:33.99] /i gi::setItemSelection {libs} -index {parasitics} -in [gi::getWindows 2]
[01:37:34.38] /i gi::setCurrentIndex {libs} -index {mylib} -in [gi::getWindows 2]
[01:37:34.39] /i gi::setItemSelection {libs} -index {mylib} -in [gi::getWindows 2]
[01:37:36.37] /i gi::setCurrentIndex {views} -index {schematic} -in [gi::getWindows 2]
[01:37:36.37] /i gi::setItemSelection {views} -index {schematic} -in [gi::getWindows 2]
[01:37:36.51] /i gi::executeAction {dmOpen} -in [gi::getWindows 2]
[01:37:36.56] /m Information: License 'Apex' checked out. (LICENSE-003)
[01:37:36.63] /o Loading: Callback files...
[01:37:36.63] /o Loading: scripts/callbacks/callbacks.tcl
[01:37:36.63] /o 
              /c [INFO] : Loading display.drf from /afs/eos.ncsu.edu/lockers/research/ece/wdavis/tech/FreePDK3/syncust/NCSU_TechLib_FreePDK3
              /c 
              /c  if you wish to Load other display.drf, please set shell environment valiable "iPDK_load_display_NCSU_TechLib_FreePDK3" to value = 0
[01:37:36.63] /o 
[01:37:36.68] /o 	#######################################
[01:37:36.68] /o 	CC-PDK Library Name	: FreePDK3
[01:37:36.68] /o 	#######################################
[01:37:36.68] /o 
[01:37:36.70] /r giWindowId 3
[01:37:36.70] /r giWindowGeometry 3264x972
[01:37:42.98] /# gi::executeAction {seShowConsoleForWindow} -in [gi::getWindows 3]
[01:37:42.98] /i sa::showConsole -context [db::getNext [de::getContexts -window 3]]
[01:37:54.89] /m Information: Started sharing "Primewave" license. (WAVEFORM-110)
[01:37:54.94] /r giWindowId 4
[01:37:54.95] /r giWindowGeometry 600x500
[01:37:55.28] /m Information: Launching Background pw_shell Server Process "cd /afs/unity.ncsu.edu/users/r/rsekani/bin/ece546/project/project_new/SRAM_design_new && pw_shell -log pw_shell_session0_job1 -libDefFile /afs/unity.ncsu.edu/users/r/rsekani/bin/ece546/project/project_new/SRAM_design_new/lib.defs"
[01:37:56.81] /i gi::executeAction {menuPreShow} -in [gi::getWindows 4]
[01:37:56.81] /r giMenuAccess db::getNext [gi::getMenus saConsoleSessionMenu -from [gi::getWindows 4]]
[01:37:58.11] /# gi::executeAction {saLoadState} -in [gi::getWindows 4]
[01:37:58.11] /i sa::showLoadState -parent 4
[01:37:58.94] /i db::setAttr geometry -of [gi::getDialogs {saShowLoadState} -parent [gi::getWindows 4]] -value 603x723+2672+360
[01:37:59.10] /i gi::setActiveDialog [gi::getDialogs {saShowLoadState} -parent [gi::getWindows 4]]
[01:38:01.04] /i db::setAttr geometry -of [gi::getDialogs {saShowLoadState} -parent [gi::getWindows 4]] -value 603x723+2655+135
[01:38:01.67] /i gi::pressButton {/ok} -in [gi::getDialogs {saShowLoadState} -parent [gi::getWindows 4]]
[01:38:04.68] /i gi::executeAction {menuPreShow} -in [gi::getWindows 4]
[01:38:04.69] /r giMenuAccess db::getNext [gi::getMenus saConsoleSimMenu -from [gi::getWindows 4]]
[01:38:05.36] /# gi::executeAction {saNetlistAndRun} -in [gi::getWindows 4]
[01:38:05.36] /i isa::netlistAndRun -testbench [sa::findActiveTestbench -window 4] -mode [sa::_utils::findRunMode 4]
[01:38:05.43] /r giWindowId 5
[01:38:05.44] /r giWindowGeometry 800x600
[01:38:05.55] /m Information: "Starting incremental netlisting for design "mylib/bit_cell_array/schematic"..." (NETLISTING-010)
[01:38:05.58] /o No Design Integrity rule violations found in "mylib/bit_cell_array/schematic"
[01:38:05.68] /m Information: 
[01:38:05.68] /o Checking "mylib/bit_conditioning/schematic"
[01:38:05.68] /o No rule violations found in "mylib/bit_conditioning/schematic"
[01:38:05.74] /m Information: "mylib bitcell schematic" renetlisted. (NETLISTING-056)
[01:38:05.76] /m Information: "mylib nor_5 schematic" renetlisted. (NETLISTING-056)
[01:38:05.78] /m Information: "mylib inv_2 schematic" renetlisted. (NETLISTING-056)
[01:38:05.80] /m Information: "mylib rowdecoder schematic" renetlisted. (NETLISTING-056)
[01:38:05.86] /m Information: "mylib column_decoder schematic" renetlisted. (NETLISTING-056)
[01:38:05.89] /m Information: "mylib tspc_flip_flop schematic" renetlisted. (NETLISTING-056)
[01:38:05.91] /m Information: "mylib bit_conditioning schematic" renetlisted. (NETLISTING-056)
[01:38:05.98] /m Information: "mylib bit_cell_array schematic" renetlisted. (NETLISTING-056)
[01:38:06.06] /m Information: "Netlisting design "mylib/bit_cell_array/schematic" finished successfully." (NETLISTING-012)
[01:38:06.08] /m Information: "Composing simulator input file for design "mylib/bit_cell_array/schematic"..."
[01:38:06.25] /m Information: "Simulator input file composed successfully for design "mylib/bit_cell_array/schematic""
[01:38:06.94] /m Information: "Starting PrimeSim HSPICE simulation for design: mylib/bit_cell_array/schematic"
[01:38:08.20] /m Information: Launching Result Viewer "cd /afs/unity.ncsu.edu/users/r/rsekani/bin/ece546/project/project_new/SRAM_design_new/synopsys_custom &&  /mnt/apps/public/COE/synopsys_apps/primewave/S-2021.09/bin/../auxx/auxx_for_cc/../../linux64/swv/bin/swv  -bg_gui -log rvcmd.log -ptype rv -k -cdesigner -parent_cc_pid 17853 -spxkey /mnt/apps/public/COE/synopsys_apps/primewave/S-2021.09/auxx/auxx_for_cc/waveform/sae.spxkey -spxrc /tmp/tmp_sae_spxrc_6hCnBZ -unique_string 17a375b83d7fb410b89f1e00af76afa83b3a965d3326affad62ca06c255f2b1065f989a094f7851a157353032cf73fba84a5cb98ca4c21fe -lic_type 3    > /afs/unity.ncsu.edu/users/r/rsekani/bin/ece546/project/project_new/SRAM_design_new/synopsys_custom/rviewer.log 2>&1"
[01:38:08.66] /m Information: Simulation completed successfully for design: mylib/bit_cell_array/schematic  (PW-651)
[01:38:08.74] /m Information: "Evaluating and plotting outputs..."
[01:38:10.07] /m Information: Launching Waveform Viewer "cd /afs/unity.ncsu.edu/users/r/rsekani/bin/ece546/project/project_new/SRAM_design_new/synopsys_custom &&  /mnt/apps/public/COE/synopsys_apps/primewave/S-2021.09/bin/../auxx/auxx_for_cc/../../linux64/swv/bin/swv  -bg_gui -k -cdesigner -ptype wv -spxkey /mnt/apps/public/COE/synopsys_apps/primewave/S-2021.09/auxx/auxx_for_cc/waveform/sae.spxkey -spxrc /tmp/tmp_sae_spxrc_Fkco6L -unique_string 17a375b83d7fb410b89f1e00af76afa83b3a965d3326affad62ca06c255f2b1065f989a094f7851a157353032cf73fba2680066a2596610a -lic_type 3    > /afs/unity.ncsu.edu/users/r/rsekani/bin/ece546/project/project_new/SRAM_design_new/synopsys_custom/viewer.log 2>&1"
[01:38:10.07] /i gi::collapse {jobMonitorTable} -index {0.0,0} -in [gi::getWindows 5]
[01:38:10.93] /i gi::setActiveWindow 4
[01:38:10.93] /i gi::setActiveWindow 4 -raise true
[01:38:12.53] /r giWindowId 6
[01:38:12.55] /r giWindowGeometry 100x100
[01:38:13.86] /i gi::setActiveWindow 4
[01:38:13.86] /i gi::setActiveWindow 4 -raise true
[01:38:14.63] /m Information: Received ready-for-commands signal from background job 'pw_shell_session0_job1' after 19 seconds.
[01:38:15.02] /e Error: Evaluating 'v(/A3)' Analysis=tran Result=tran:No signal .
[01:38:15.02] /e Error: Evaluating 'v(/A4)' Analysis=tran Result=tran:No signal .
[01:38:15.03] /e Error: Evaluating 'v(/A2)' Analysis=tran Result=tran:No signal .
[01:38:15.04] /e Error: Evaluating 'v(/rw)' Analysis=tran Result=tran:No signal .
[01:38:15.05] /e Error: Evaluating 'v(/net477)' Analysis=tran Result=tran:No signal .
[01:38:15.72] /m Information: Launching Background pw_shell Server Process "cd /afs/unity.ncsu.edu/users/r/rsekani/bin/ece546/project/project_new/SRAM_design_new && pw_shell -log pw_shell_session0_job2 -libDefFile /afs/unity.ncsu.edu/users/r/rsekani/bin/ece546/project/project_new/SRAM_design_new/lib.defs"
[01:38:15.79] /r giWindowId 7
[01:38:15.81] /r giWindowGeometry 1024x768
[01:38:16.21] /i db::setAttr geometry -of [gi::getFrames 2] -value 1024x792+1407+131
[01:38:16.48] /m Information: Measurement calculations completed for testbench: HSPICE_default in 0s
[01:38:18.52] /i db::setAttr geometry -of [gi::getFrames 2] -value 1024x792+2260+133
[01:38:34.84] /m Information: Received ready-for-commands signal from background job 'pw_shell_session0_job2' after 19 seconds.
[01:39:02.64] /i gi::executeAction giCloseWindow -in [gi::getWindows 7]
[01:39:03.34] /m Information: Waveform viewer exited normally.
[01:39:18.80] /i gi::setActiveWindow 5
[01:39:18.80] /i gi::setActiveWindow 5 -raise true
[01:39:20.50] /i gi::setActiveWindow 3
[01:39:20.50] /i gi::setActiveWindow 3 -raise true
[01:39:22.23] /# gi::executeAction {deCanvasZoomInAtPoint} -in [gi::getWindows 3]
[01:39:22.23] /i de::zoom -window [gi::getWindows 3] -factor [db::getPrefValue deCanvasMouseZoomFactor] -center {17.2125 20.975}
[01:39:23.47] /# gi::executeAction {deCanvasZoomInAtPoint} -in [gi::getWindows 3]
[01:39:23.47] /i de::zoom -window [gi::getWindows 3] -factor [db::getPrefValue deCanvasMouseZoomFactor] -center {17.375 20.89375}
[01:39:23.93] /# gi::executeAction {deCanvasZoomInAtPoint} -in [gi::getWindows 3]
[01:39:23.93] /i de::zoom -window [gi::getWindows 3] -factor [db::getPrefValue deCanvasMouseZoomFactor] -center {19.88125 18.30625}
[01:39:24.28] /# gi::executeAction {deCanvasZoomOutAtPoint} -in [gi::getWindows 3]
[01:39:24.28] /i de::zoom -window [gi::getWindows 3] -factor [expr {1.0/[db::getPrefValue deCanvasMouseZoomFactor]}] -center {18.78125 17.81875}
[01:39:24.34] /# gi::executeAction {deCanvasZoomOutAtPoint} -in [gi::getWindows 3]
[01:39:24.34] /i de::zoom -window [gi::getWindows 3] -factor [expr {1.0/[db::getPrefValue deCanvasMouseZoomFactor]}] -center {18.76875 17.7875}
[01:39:24.96] /# gi::executeAction {deCanvasZoomInAtPoint} -in [gi::getWindows 3]
[01:39:24.96] /i de::zoom -window [gi::getWindows 3] -factor [db::getPrefValue deCanvasMouseZoomFactor] -center {18.975 14.35625}
[01:39:25.06] /# gi::executeAction {deCanvasZoomInAtPoint} -in [gi::getWindows 3]
[01:39:25.06] /i de::zoom -window [gi::getWindows 3] -factor [db::getPrefValue deCanvasMouseZoomFactor] -center {18.975 14.35625}
[01:39:25.85] /# gi::executeAction {deCanvasZoomInAtPoint} -in [gi::getWindows 3]
[01:39:25.85] /i de::zoom -window [gi::getWindows 3] -factor [db::getPrefValue deCanvasMouseZoomFactor] -center {18.9125 14.99375}
[01:39:28.38] /i gi::pressButton {ConsoleToggleButton} -in [db::getAttr statusbar -of [gi::getWindows 3]]
[01:40:27.21] /i db::setAttr maximized -of [gi::getFrames 1] -value false
[01:40:27.21] /i db::setAttr iconified -of [gi::getFrames 1] -value true
[01:40:27.45] /i db::setAttr geometry -of [gi::getFrames 1] -value 1920x994+0+23
[01:41:11.51] /i db::setAttr maximized -of [gi::getFrames 1] -value true
[01:41:11.51] /i db::setAttr iconified -of [gi::getFrames 1] -value false
[01:41:11.64] /i db::setAttr geometry -of [gi::getFrames 1] -value 1920x994+1920+46
[01:41:12.52] /# gi::executeAction {deCanvasZoomOutAtPoint} -in [gi::getWindows 3]
[01:41:12.52] /i de::zoom -window [gi::getWindows 3] -factor [expr {1.0/[db::getPrefValue deCanvasMouseZoomFactor]}] -center {18.275 15.65}
[01:41:12.61] /# gi::executeAction {deCanvasZoomOutAtPoint} -in [gi::getWindows 3]
[01:41:12.61] /i de::zoom -window [gi::getWindows 3] -factor [expr {1.0/[db::getPrefValue deCanvasMouseZoomFactor]}] -center {18.275 15.65}
[01:41:14.18] /i gi::setActiveWindow 6
[01:41:14.18] /i gi::setActiveWindow 6 -raise true
[01:41:15.52] /i gi::setActiveWindow 5
[01:41:15.52] /i gi::setActiveWindow 5 -raise true
[01:41:16.47] /i gi::setActiveWindow 6
[01:41:16.47] /i gi::setActiveWindow 6 -raise true
[01:41:17.71] /i gi::setActiveWindow 4
[01:41:17.71] /i gi::setActiveWindow 4 -raise true
[01:41:19.84] /i gi::executeAction {menuPreShow} -in [gi::getWindows 4]
[01:41:19.84] /r giMenuAccess db::getNext [gi::getMenus saConsoleSessionMenu -from [gi::getWindows 4]]
[01:41:21.60] /# gi::executeAction {saLoadState} -in [gi::getWindows 4]
[01:41:21.60] /i sa::showLoadState -parent 4
[01:41:22.24] /i db::setAttr geometry -of [gi::getDialogs {saShowLoadState} -parent [gi::getWindows 4]] -value 603x723+2655+135
[01:41:23.35] /i gi::setActiveDialog [gi::getDialogs {saShowLoadState} -parent [gi::getWindows 4]]
[01:41:26.55] /i gi::closeWindows [gi::getDialogs {saShowLoadState} -parent [gi::getWindows 4]]
[01:41:27.51] /i gi::setActiveWindow 2
[01:41:27.51] /i gi::setActiveWindow 2 -raise true
[01:41:27.95] /i gi::setActiveWindow 3
[01:41:27.95] /i gi::setActiveWindow 3 -raise true
[01:41:28.85] /i gi::setActiveWindow 2
[01:41:28.85] /i gi::setActiveWindow 2 -raise true
[01:41:30.78] /i gi::setActiveWindow 4
[01:41:30.78] /i gi::setActiveWindow 4 -raise true
[01:41:31.39] /i gi::executeAction giCloseWindow -in [gi::getWindows 4]
[01:41:31.45] /r giDialog gi::setActiveDialog [gi::getDialogs {giPrompt} -parent [gi::getWindows 4]]
[01:41:31.74] /r giDialog db::setAttr geometry -of [gi::getDialogs {giPrompt} -parent [gi::getWindows 4]] -value 292x82+2724+450
[01:41:33.06] /r giDialog gi::pressButton {discard} -in [gi::getDialogs {giPrompt} -parent [gi::getWindows 4]]
[01:41:33.15] /m Information: Stopped sharing "Primewave" license. (WAVEFORM-111)
[01:41:34.16] /i gi::setActiveWindow 5
[01:41:34.16] /i gi::setActiveWindow 5 -raise true
[01:41:34.24] /m Information: Waveform viewer exited normally.
[01:41:34.97] /i gi::executeAction giCloseWindow -in [gi::getWindows 5]
[01:41:35.66] /i gi::setActiveWindow 2
[01:41:35.66] /i gi::setActiveWindow 2 -raise true
[01:41:40.23] /i gi::setCurrentIndex {cells} -index {tb2022} -in [gi::getWindows 2]
[01:41:40.25] /i gi::setItemSelection {cells} -index {tb2022} -in [gi::getWindows 2]
[01:41:52.90] /i gi::setCurrentIndex {views} -index {schematic} -in [gi::getWindows 2]
[01:41:53.03] /i gi::executeAction {dmOpen} -in [gi::getWindows 2]
[01:41:53.16] /r giWindowId 8
[01:41:53.17] /r giWindowGeometry 3264x972
[01:41:55.78] /# gi::executeAction {seShowConsoleForWindow} -in [gi::getWindows 8]
[01:41:55.78] /i sa::showConsole -context [db::getNext [de::getContexts -window 8]]
[01:41:55.80] /m Information: Started sharing "Primewave" license. (WAVEFORM-110)
[01:41:55.83] /r giWindowId 9
[01:41:55.85] /r giWindowGeometry 600x500
[01:41:56.18] /m Information: Launching Background pw_shell Server Process "cd /afs/unity.ncsu.edu/users/r/rsekani/bin/ece546/project/project_new/SRAM_design_new && pw_shell -log pw_shell_session3_job1 -libDefFile /afs/unity.ncsu.edu/users/r/rsekani/bin/ece546/project/project_new/SRAM_design_new/lib.defs"
[01:41:57.79] /i gi::executeAction {menuPreShow} -in [gi::getWindows 9]
[01:41:57.79] /r giMenuAccess db::getNext [gi::getMenus saConsoleSessionMenu -from [gi::getWindows 9]]
[01:41:59.30] /# gi::executeAction {saLoadState} -in [gi::getWindows 9]
[01:41:59.30] /i sa::showLoadState -parent 9
[01:42:00.14] /i db::setAttr geometry -of [gi::getDialogs {saShowLoadState} -parent [gi::getWindows 9]] -value 603x723+2655+135
[01:42:00.18] /i gi::setActiveDialog [gi::getDialogs {saShowLoadState} -parent [gi::getWindows 9]]
[01:42:01.11] /i gi::pressButton {/ok} -in [gi::getDialogs {saShowLoadState} -parent [gi::getWindows 9]]
[01:42:02.17] /i gi::executeAction {menuPreShow} -in [gi::getWindows 9]
[01:42:02.17] /r giMenuAccess db::getNext [gi::getMenus saConsoleSimMenu -from [gi::getWindows 9]]
[01:42:02.86] /# gi::executeAction {saNetlistAndRun} -in [gi::getWindows 9]
[01:42:02.86] /i isa::netlistAndRun -testbench [sa::findActiveTestbench -window 9] -mode [sa::_utils::findRunMode 9]
[01:42:02.91] /r giDialog gi::setActiveDialog [gi::getDialogs {promptXsaeSession2} -parent [gi::getWindows 9]]
[01:42:03.34] /r giDialog db::setAttr geometry -of [gi::getDialogs {promptXsaeSession2} -parent [gi::getWindows 9]] -value 448x275+2656+398
[01:42:06.74] /r giDialog gi::pressButton {/ok} -in [gi::getDialogs {promptXsaeSession2} -parent [gi::getWindows 9]]
[01:42:06.86] /r giWindowId 10
[01:42:06.88] /r giWindowGeometry 800x600
[01:42:07.69] /m Information: "Starting PrimeSim HSPICE simulation for design: mylib/tb2022/schematic"
[01:42:08.88] /m Information: Launching Result Viewer "cd /afs/unity.ncsu.edu/users/r/rsekani/bin/ece546/project/project_new/SRAM_design_new/synopsys_custom &&  /mnt/apps/public/COE/synopsys_apps/primewave/S-2021.09/bin/../auxx/auxx_for_cc/../../linux64/swv/bin/swv  -bg_gui -log rvcmd.log -ptype rv -k -cdesigner -parent_cc_pid 17853 -spxkey /mnt/apps/public/COE/synopsys_apps/primewave/S-2021.09/auxx/auxx_for_cc/waveform/sae.spxkey -spxrc /tmp/tmp_sae_spxrc_LSULXg -unique_string 17a375b83d7fb410b89f1e00af76afa83b3a965d3326affad62ca06c255f2b1065f989a094f7851a0522148a9b8e260a84a5cb98ca4c21fe -lic_type 3    > /afs/unity.ncsu.edu/users/r/rsekani/bin/ece546/project/project_new/SRAM_design_new/synopsys_custom/rviewer.log 2>&1"
[01:42:09.35] /e Error: Simulation failed for design: mylib/tb2022/schematic  (PW-653)
[01:42:13.25] /r giWindowId 11
[01:42:13.27] /r giWindowGeometry 100x100
[01:42:15.54] /m Information: Received ready-for-commands signal from background job 'pw_shell_session3_job1' after 19 seconds.
[01:42:24.53] /i gi::setActiveWindow 10
[01:42:24.53] /i gi::setActiveWindow 10 -raise true
[01:42:58.23] /i gi::executeAction giCloseWindow -in [gi::getWindows 10]
[01:42:58.81] /i gi::setActiveWindow 9
[01:42:58.81] /i gi::setActiveWindow 9 -raise true
[01:43:02.34] /i gi::executeAction {menuPreShow} -in [gi::getWindows 9]
[01:43:02.34] /r giMenuAccess db::getNext [gi::getMenus saConsoleSimMenu -from [gi::getWindows 9]]
[01:43:03.34] /# gi::executeAction {saNetlistAndRun} -in [gi::getWindows 9]
[01:43:03.34] /i isa::netlistAndRun -testbench [sa::findActiveTestbench -window 9] -mode [sa::_utils::findRunMode 9]
[01:43:03.40] /r giDialog gi::setActiveDialog [gi::getDialogs {promptXsaeSession2} -parent [gi::getWindows 9]]
[01:43:03.76] /r giDialog db::setAttr geometry -of [gi::getDialogs {promptXsaeSession2} -parent [gi::getWindows 9]] -value 448x275+2656+398
[01:43:04.52] /r giDialog gi::pressButton {/ok} -in [gi::getDialogs {promptXsaeSession2} -parent [gi::getWindows 9]]
[01:43:04.66] /r giWindowId 12
[01:43:04.68] /r giWindowGeometry 800x600
[01:43:05.62] /m Information: "Starting PrimeSim HSPICE simulation for design: mylib/tb2022/schematic"
[01:43:07.95] /e Error: Simulation failed for design: mylib/tb2022/schematic  (PW-653)
[01:43:10.22] /i gi::executeAction giCloseWindow -in [gi::getWindows 12]
[01:43:11.06] /i gi::setActiveWindow 11
[01:43:11.06] /i gi::setActiveWindow 11 -raise true
[01:43:12.00] /i gi::executeAction giCloseWindow -in [gi::getWindows 11]
[01:43:12.98] /i gi::executeAction giCloseWindow -in [gi::getWindows 9]
[01:43:13.06] /r giDialog gi::setActiveDialog [gi::getDialogs {giPrompt} -parent [gi::getWindows 9]]
[01:43:13.34] /r giDialog db::setAttr geometry -of [gi::getDialogs {giPrompt} -parent [gi::getWindows 9]] -value 292x82+2724+450
[01:43:14.35] /r giDialog gi::pressButton {discard} -in [gi::getDialogs {giPrompt} -parent [gi::getWindows 9]]
[01:43:14.45] /m Information: Stopped sharing "Primewave" license. (WAVEFORM-111)
[01:43:15.04] /m Information: Waveform viewer exited normally.
[01:43:16.87] /# gi::executeAction {seShowConsoleForWindow} -in [gi::getWindows 8]
[01:43:16.87] /i sa::showConsole -context [db::getNext [de::getContexts -window 8]]
[01:43:16.89] /m Information: Started sharing "Primewave" license. (WAVEFORM-110)
[01:43:16.93] /r giWindowId 13
[01:43:16.95] /r giWindowGeometry 600x500
[01:43:17.27] /m Information: Launching Background pw_shell Server Process "cd /afs/unity.ncsu.edu/users/r/rsekani/bin/ece546/project/project_new/SRAM_design_new && pw_shell -log pw_shell_session7_job1 -libDefFile /afs/unity.ncsu.edu/users/r/rsekani/bin/ece546/project/project_new/SRAM_design_new/lib.defs"
[01:43:18.85] /i gi::executeAction {menuPreShow} -in [gi::getWindows 13]
[01:43:18.85] /r giMenuAccess db::getNext [gi::getMenus saConsoleSimMenu -from [gi::getWindows 13]]
[01:43:19.82] /i gi::executeAction {menuPreShow} -in [gi::getWindows 13]
[01:43:19.82] /r giMenuAccess db::getNext [gi::getMenus saConsoleOutputsMenu -from [gi::getWindows 13]]
[01:43:19.86] /i gi::executeAction {menuPreShow} -in [gi::getWindows 13]
[01:43:19.86] /r giMenuAccess db::getNext [gi::getMenus saVariablesMenu -from [gi::getWindows 13]]
[01:43:20.02] /i gi::executeAction {menuPreShow} -in [gi::getWindows 13]
[01:43:20.02] /r giMenuAccess db::getNext [gi::getMenus saConsoleSetupMenu -from [gi::getWindows 13]]
[01:43:20.08] /i gi::executeAction {menuPreShow} -in [gi::getWindows 13]
[01:43:20.08] /r giMenuAccess db::getNext [gi::getMenus saConsoleSessionMenu -from [gi::getWindows 13]]
[01:43:21.28] /# gi::executeAction {saLoadState} -in [gi::getWindows 13]
[01:43:21.28] /i sa::showLoadState -parent 13
[01:43:22.04] /i db::setAttr geometry -of [gi::getDialogs {saShowLoadState} -parent [gi::getWindows 13]] -value 603x723+2655+135
[01:43:22.68] /i gi::setActiveDialog [gi::getDialogs {saShowLoadState} -parent [gi::getWindows 13]]
[01:43:22.84] /i gi::pressButton {/ok} -in [gi::getDialogs {saShowLoadState} -parent [gi::getWindows 13]]
[01:43:24.35] /i gi::executeAction {menuPreShow} -in [gi::getWindows 13]
[01:43:24.35] /r giMenuAccess db::getNext [gi::getMenus saConsoleSimMenu -from [gi::getWindows 13]]
[01:43:25.25] /# gi::executeAction {saNetlistAndRun} -in [gi::getWindows 13]
[01:43:25.25] /i isa::netlistAndRun -testbench [sa::findActiveTestbench -window 13] -mode [sa::_utils::findRunMode 13]
[01:43:25.31] /r giDialog gi::setActiveDialog [gi::getDialogs {promptXsaeSession5} -parent [gi::getWindows 13]]
[01:43:25.71] /r giDialog db::setAttr geometry -of [gi::getDialogs {promptXsaeSession5} -parent [gi::getWindows 13]] -value 448x275+2656+398
[01:43:26.30] /r giDialog gi::pressButton {/ok} -in [gi::getDialogs {promptXsaeSession5} -parent [gi::getWindows 13]]
[01:43:26.41] /r giWindowId 14
[01:43:26.43] /r giWindowGeometry 800x600
[01:43:27.23] /m Information: "Starting PrimeSim HSPICE simulation for design: mylib/tb2022/schematic"
[01:43:28.52] /m Information: Launching Result Viewer "cd /afs/unity.ncsu.edu/users/r/rsekani/bin/ece546/project/project_new/SRAM_design_new/synopsys_custom &&  /mnt/apps/public/COE/synopsys_apps/primewave/S-2021.09/bin/../auxx/auxx_for_cc/../../linux64/swv/bin/swv  -bg_gui -log rvcmd.log -ptype rv -k -cdesigner -parent_cc_pid 17853 -spxkey /mnt/apps/public/COE/synopsys_apps/primewave/S-2021.09/auxx/auxx_for_cc/waveform/sae.spxkey -spxrc /tmp/tmp_sae_spxrc_Msi2tL -unique_string 17a375b83d7fb410b89f1e00af76afa83b3a965d3326affad62ca06c255f2b1065f989a094f7851a2e956a2f7a5f590bdfcf52b231665276 -lic_type 3    > /afs/unity.ncsu.edu/users/r/rsekani/bin/ece546/project/project_new/SRAM_design_new/synopsys_custom/rviewer.log 2>&1"
[01:43:28.98] /e Error: Simulation failed for design: mylib/tb2022/schematic  (PW-653)
[01:43:32.96] /r giWindowId 15
[01:43:32.98] /r giWindowGeometry 100x100
[01:43:36.34] /m Information: Received ready-for-commands signal from background job 'pw_shell_session7_job1' after 19 seconds.
[01:43:37.52] /i gi::setActiveWindow 14
[01:43:37.52] /i gi::setActiveWindow 14 -raise true
[01:43:39.06] /i gi::setCurrentIndex {jobMonitorTable} -index {0.0.0.0.0,1} -in [gi::getWindows 14]
[01:43:39.06] /i gi::setItemSelection {jobMonitorTable} -index {0.0.0.0.0,all} -in [gi::getWindows 14]
[01:43:39.64] /i gi::executeAction {menuPreShow} -in [gi::getWindows 14]
[01:43:39.64] /r giMenuAccess db::getNext [gi::getMenus xtJobContextMenu]
[01:43:52.75] /i gi::executeAction giCloseWindow -in [gi::getWindows 14]
[01:43:53.48] /i gi::executeAction giCloseWindow -in [gi::getWindows 13]
[01:43:53.51] /i gi::setActiveWindow 13
[01:43:53.51] /i gi::setActiveWindow 13 -raise true
[01:43:53.62] /r giDialog gi::setActiveDialog [gi::getDialogs {giPrompt} -parent [gi::getWindows 13]]
[01:43:53.84] /r giDialog db::setAttr geometry -of [gi::getDialogs {giPrompt} -parent [gi::getWindows 13]] -value 292x82+2724+450
[01:43:55.67] /r giDialog gi::pressButton {discard} -in [gi::getDialogs {giPrompt} -parent [gi::getWindows 13]]
[01:43:55.77] /m Information: Stopped sharing "Primewave" license. (WAVEFORM-111)
[01:43:56.64] /m Information: Waveform viewer exited normally.
[01:43:57.16] /i gi::setActiveWindow 3
[01:43:57.16] /i gi::setActiveWindow 3 -raise true
[01:43:58.35] /i gi::executeAction giCloseWindow -in [gi::getWindows 8]
[01:43:59.10] /i gi::setActiveWindow 2
[01:43:59.10] /i gi::setActiveWindow 2 -raise true
[01:44:00.13] /i gi::setCurrentIndex {cells} -index {inv_2} -in [gi::getWindows 2]
[01:44:00.14] /i gi::setItemSelection {cells} -index {inv_2} -in [gi::getWindows 2]
[01:44:01.14] /i gi::setCurrentIndex {libs} -index {basic} -in [gi::getWindows 2]
[01:44:01.21] /i gi::setItemSelection {libs} -index {basic} -in [gi::getWindows 2]
[01:44:01.66] /i gi::setCurrentIndex {libs} -index {mylib} -in [gi::getWindows 2]
[01:44:01.67] /i gi::setItemSelection {libs} -index {mylib} -in [gi::getWindows 2]
[01:44:05.65] /i gi::setCurrentIndex {cells} -index {bit_conditioning} -in [gi::getWindows 2]
[01:44:05.66] /i gi::setItemSelection {cells} -index {bit_conditioning} -in [gi::getWindows 2]
[01:44:07.32] /i gi::setCurrentIndex {cells} -index {rowdecoder} -in [gi::getWindows 2]
[01:44:07.33] /i gi::setItemSelection {cells} -index {rowdecoder} -in [gi::getWindows 2]
[01:44:10.98] /i gi::setCurrentIndex {cells} -index {tb2022} -in [gi::getWindows 2]
[01:44:10.99] /i gi::setItemSelection {cells} -index {tb2022} -in [gi::getWindows 2]
[01:44:13.15] /i gi::setCurrentIndex {views} -index {schematic} -in [gi::getWindows 2]
[01:44:13.29] /i gi::executeAction {dmOpen} -in [gi::getWindows 2]
[01:44:13.39] /r giWindowId 16
[01:44:13.40] /r giWindowGeometry 3264x972
[01:44:18.43] /# gi::executeAction {seShowConsoleForWindow} -in [gi::getWindows 16]
[01:44:18.43] /i sa::showConsole -context [db::getNext [de::getContexts -window 16]]
[01:44:18.44] /m Information: Started sharing "Primewave" license. (WAVEFORM-110)
[01:44:18.47] /r giWindowId 17
[01:44:18.48] /r giWindowGeometry 600x500
[01:44:18.77] /m Information: Launching Background pw_shell Server Process "cd /afs/unity.ncsu.edu/users/r/rsekani/bin/ece546/project/project_new/SRAM_design_new && pw_shell -log pw_shell_session10_job1 -libDefFile /afs/unity.ncsu.edu/users/r/rsekani/bin/ece546/project/project_new/SRAM_design_new/lib.defs"
[01:44:20.80] /i gi::executeAction {menuPreShow} -in [gi::getWindows 17]
[01:44:20.80] /r giMenuAccess db::getNext [gi::getMenus saConsoleSessionMenu -from [gi::getWindows 17]]
[01:44:21.82] /# gi::executeAction {saLoadState} -in [gi::getWindows 17]
[01:44:21.82] /i sa::showLoadState -parent 17
[01:44:22.56] /i db::setAttr geometry -of [gi::getDialogs {saShowLoadState} -parent [gi::getWindows 17]] -value 603x723+2655+135
[01:44:22.62] /i gi::setActiveDialog [gi::getDialogs {saShowLoadState} -parent [gi::getWindows 17]]
[01:44:23.49] /i gi::pressButton {/ok} -in [gi::getDialogs {saShowLoadState} -parent [gi::getWindows 17]]
[01:44:25.24] /i gi::executeAction {menuPreShow} -in [gi::getWindows 17]
[01:44:25.24] /r giMenuAccess db::getNext [gi::getMenus saConsoleOutputsMenu -from [gi::getWindows 17]]
[01:44:25.43] /i gi::executeAction {menuPreShow} -in [gi::getWindows 17]
[01:44:25.43] /r giMenuAccess db::getNext [gi::getMenus saConsoleSimMenu -from [gi::getWindows 17]]
[01:44:26.18] /# gi::executeAction {saNetlistAndRun} -in [gi::getWindows 17]
[01:44:26.18] /i isa::netlistAndRun -testbench [sa::findActiveTestbench -window 17] -mode [sa::_utils::findRunMode 17]
[01:44:26.23] /r giDialog gi::setActiveDialog [gi::getDialogs {promptXsaeSession7} -parent [gi::getWindows 17]]
[01:44:26.64] /r giDialog db::setAttr geometry -of [gi::getDialogs {promptXsaeSession7} -parent [gi::getWindows 17]] -value 448x275+2656+398
[01:44:28.23] /r giDialog gi::pressButton {/overwriteBtnfTable} -in [gi::getDialogs {promptXsaeSession7} -parent [gi::getWindows 17]]
[01:44:28.23] /r giDialog gi::setField {/fTable} -index {0,1} -value {true} -in [gi::getDialogs {promptXsaeSession7} -parent [gi::getWindows 17]]
[01:44:28.23] /r giDialog gi::setField {/fTable} -index {0,2} -value {false} -in [gi::getDialogs {promptXsaeSession7} -parent [gi::getWindows 17]]
[01:44:34.75] /r giDialog gi::pressButton {/ok} -in [gi::getDialogs {promptXsaeSession7} -parent [gi::getWindows 17]]
[01:44:34.86] /r giWindowId 18
[01:44:34.89] /r giWindowGeometry 800x600
[01:44:34.98] /m Information: "Starting incremental netlisting for design "mylib/tb2022/schematic"..." (NETLISTING-010)
[01:44:35.04] /o No Design Integrity rule violations found in "mylib/tb2022/schematic"
[01:44:35.17] /m Information: 
[01:44:35.17] /o Checking "mylib/bit_conditioning/schematic"
[01:44:35.17] /o No rule violations found in "mylib/bit_conditioning/schematic"
[01:44:35.36] /m Information: "Netlisting design "mylib/tb2022/schematic" finished successfully." (NETLISTING-012)
[01:44:35.39] /m Information: "Composing simulator input file for design "mylib/tb2022/schematic"..."
[01:44:35.71] /m Information: "Simulator input file composed successfully for design "mylib/tb2022/schematic""
[01:44:36.56] /m Information: "Starting PrimeSim HSPICE simulation for design: mylib/tb2022/schematic"
[01:44:37.92] /m Information: Launching Result Viewer "cd /afs/unity.ncsu.edu/users/r/rsekani/bin/ece546/project/project_new/SRAM_design_new/synopsys_custom &&  /mnt/apps/public/COE/synopsys_apps/primewave/S-2021.09/bin/../auxx/auxx_for_cc/../../linux64/swv/bin/swv  -bg_gui -log rvcmd.log -ptype rv -k -cdesigner -parent_cc_pid 17853 -spxkey /mnt/apps/public/COE/synopsys_apps/primewave/S-2021.09/auxx/auxx_for_cc/waveform/sae.spxkey -spxrc /tmp/tmp_sae_spxrc_LKGPO0 -unique_string 17a375b83d7fb410b89f1e00af76afa83b3a965d3326affad62ca06c255f2b1065f989a094f7851a4990e09264b2768f125a3480065fb17d -lic_type 3    > /afs/unity.ncsu.edu/users/r/rsekani/bin/ece546/project/project_new/SRAM_design_new/synopsys_custom/rviewer.log 2>&1"
[01:44:38.37] /m Information: Received ready-for-commands signal from background job 'pw_shell_session10_job1' after 20 seconds.
[01:44:38.38] /e Error: Simulation failed for design: mylib/tb2022/schematic  (PW-653)
[01:44:40.08] /i gi::setCurrentIndex {jobMonitorTable} -index {0.0.0.0,1} -in [gi::getWindows 18]
[01:44:40.08] /i gi::setItemSelection {jobMonitorTable} -index {0.0.0.0,all} -in [gi::getWindows 18]
[01:44:40.80] /i gi::setCurrentIndex {jobMonitorTable} -index {0.0.0.0.0,1} -in [gi::getWindows 18]
[01:44:40.80] /i gi::setItemSelection {jobMonitorTable} -index {0.0.0.0.0,all} -in [gi::getWindows 18]
[01:44:42.15] /i gi::executeAction xtJobMonitorViewOutput -in 18
[01:44:42.15] /# xt::_jobMonitorActions::viewOutput 18
[01:44:42.15] /r giWindowId 19
[01:44:42.18] /r giWindowGeometry 800x600
[01:44:42.31] /r giWindowId 20
[01:44:42.34] /r giWindowGeometry 100x100
[01:44:44.06] /i gi::setActiveWindow 19
[01:44:44.06] /i gi::setActiveWindow 19 -raise true
[01:44:44.97] /i gi::setActiveWindow 20
[01:44:44.97] /i gi::setActiveWindow 20 -raise true
[01:44:47.16] /i gi::setActiveWindow 19
[01:44:47.16] /i gi::setActiveWindow 19 -raise true
[01:44:55.62] /i gi::setActiveTab {tabs} -tabName {run.log} -in [gi::getWindows 19]
[01:44:56.75] /i gi::setActiveTab {tabs} -tabName {hspice.valog} -in [gi::getWindows 19]
[01:44:57.29] /i gi::setActiveTab {tabs} -tabName {hspice.lis} -in [gi::getWindows 19]
[01:44:59.97] /i gi::setActiveWindow 18
[01:44:59.97] /i gi::setActiveWindow 18 -raise true
[01:45:01.14] /i gi::setActiveWindow 17
[01:45:01.14] /i gi::setActiveWindow 17 -raise true
[01:45:03.71] /i gi::setActiveWindow 18
[01:45:03.71] /i gi::setActiveWindow 18 -raise true
[01:45:05.99] /i gi::setActiveWindow 2
[01:45:05.99] /i gi::setActiveWindow 2 -raise true
[01:45:06.34] /i gi::setActiveWindow 16
[01:45:06.34] /i gi::setActiveWindow 16 -raise true
[01:45:07.27] /i gi::setActiveWindow 17
[01:45:07.27] /i gi::setActiveWindow 17 -raise true
[01:45:08.53] /i gi::setActiveWindow 18
[01:45:08.53] /i gi::setActiveWindow 18 -raise true
[01:45:09.14] /i gi::setActiveWindow 19
[01:45:09.14] /i gi::setActiveWindow 19 -raise true
[01:45:09.79] /i gi::setActiveWindow 18
[01:45:09.79] /i gi::setActiveWindow 18 -raise true
[01:45:10.32] /i gi::setItemSelection {jobMonitorTable} -index {} -in [gi::getWindows 18]
[01:45:43.63] /i gi::executeAction giCloseWindow -in [gi::getWindows 18]
[01:45:44.62] /r giDialog gi::setActiveDialog [gi::getDialogs {giCloseFrame}]
[01:45:44.91] /r giDialog db::setAttr geometry -of [gi::getDialogs {giCloseFrame}] -value 299x108+2721+437
[01:45:45.60] /r giDialog gi::pressButton {giCloseTabsButton} -in [gi::getDialogs {giCloseFrame}]
[01:45:45.63] /i exit
[01:45:45.68] /r giDialog gi::setActiveDialog [gi::getDialogs {deExitDialog} -parent [gi::getWindows 19]]
[01:45:45.94] /r giDialog db::setAttr geometry -of [gi::getDialogs {deExitDialog} -parent [gi::getWindows 19]] -value 419x181+2661+401
[01:45:48.29] /r giDialog gi::pressButton {ok} -in [gi::getDialogs {deExitDialog} -parent [gi::getWindows 19]]
[01:45:48.58] /r giDialog gi::setActiveDialog [gi::getDialogs {giPrompt} -parent [gi::getWindows 17]]
[01:45:48.77] /r giDialog db::setAttr geometry -of [gi::getDialogs {giPrompt} -parent [gi::getWindows 17]] -value 292x82+2724+450
[01:45:49.94] /r giDialog gi::pressButton {discard} -in [gi::getDialogs {giPrompt} -parent [gi::getWindows 17]]
[01:45:50.04] /m Information: Stopped sharing "Primewave" license. (WAVEFORM-111)
[01:45:51.79] /o Shutdown time: Fri Apr  8 01:45:51 2022
[01:45:51.79] /o Elapsed session real time: 9.85 minutes
[01:45:51.79] /o Session terminated. Log is at /afs/unity.ncsu.edu/users/r/rsekani/bin/ece546/project/project_new/SRAM_design_new/synopsys_custom/logs/ccompiler.rsekani.2022_4_8_013554_17853.log
