[21:11:40.23] /o 
              /c                                 Custom Compiler 
              /c 
              /c                  Version S-2021.09 for linux64 - Aug 25, 2021 
              /c 
              /c                     Copyright (c) 2004 - 2021 Synopsys, Inc.
              /c    This software and the associated documentation are proprietary to Synopsys,
              /c  Inc. This software may only be used in accordance with the terms and conditions
              /c  of a written license agreement with Synopsys, Inc. All other use, reproduction,
              /c    or distribution of this software is strictly prohibited.  Licensed Products
              /c      communicate with Synopsys servers for the purpose of providing software
              /c     updates, detecting software piracy and verifying that customers are using
              /c     Licensed Products in conformity with the applicable License Key for such
              /c   Licensed Products. Synopsys will use information gathered in connection with
              /c     this process to deliver software updates and pursue software pirates and
              /c                                    infringers.
              /c 
              /c  Inclusivity & Diversity - Visit SolvNetPlus to read the "Synopsys Statement on
              /c             Inclusivity and Diversity" (Refer to article 000036315 at
              /c                         https://solvnetplus.synopsys.com)
              /c 
              /c Build  (OPT) Config 6809741 compiled on Wed Aug 25 11:47:50 2021 for CentOS64 7.3
              /c Invocation: /mnt/apps/public/COE/synopsys_apps/customcompiler/S-2021.09/linux64/platform/bin/custom_compiler
              /c Execution time: Tue May  3 21:11:32 2022
              /c Host: grendel27.ece.ncsu.edu
              /c Working directory: /afs/unity.ncsu.edu/users/z/zwmurray/ece546/proj_working
              /c 
[21:11:53.98] /r giShowFrameTabs true
[21:11:53.98] /r giWindowId 1
[21:11:53.99] /r giWindowGeometry 1040x800
[21:13:51.60] /# gi::pressButton {/scroll/scrollArea/scrollAreaInnerWidget/applications/dmLibraryManager} -in [gi::getWindows 1]
[21:13:51.64] /# 
[21:13:51.94] /i gi::addWindow [dm::openLibraryManager] -to 1
[21:13:51.94] /r giWindowId 2
[21:13:51.94] /r giWindowGeometry 660x600+50+50
[21:13:53.50] /i gi::setCurrentIndex {libs} -index {mylib} -in [gi::getWindows 2]
[21:13:53.52] /i gi::setItemSelection {libs} -index {mylib} -in [gi::getWindows 2]
[21:13:54.47] /i db::setAttr maximized -of [gi::getFrames 1] -value true
[21:13:54.76] /i db::setAttr geometry -of [gi::getFrames 1] -value 1920x986+0+46
[21:13:56.13] /i gi::setCurrentIndex {cells} -index {bit_cell_array} -in [gi::getWindows 2]
[21:13:56.14] /i gi::setItemSelection {cells} -index {bit_cell_array} -in [gi::getWindows 2]
[21:13:58.21] /i gi::setCurrentIndex {views} -index {layout} -in [gi::getWindows 2]
[21:13:58.22] /i gi::setItemSelection {views} -index {layout} -in [gi::getWindows 2]
[21:14:03.34] /i gi::setCurrentIndex {views} -index {schematic} -in [gi::getWindows 2]
[21:14:03.34] /i gi::setItemSelection {views} -index {schematic} -in [gi::getWindows 2]
[21:14:04.23] /i gi::executeAction {dmOpen} -in [gi::getWindows 2]
[21:14:04.28] /o Loading: Callback files...
[21:14:04.28] /o Loading: scripts/callbacks/callbacks.tcl
[21:14:04.28] /o 
              /c [INFO] : Loading display.drf from /afs/eos.ncsu.edu/lockers/research/ece/wdavis/tech/FreePDK3/syncust/NCSU_TechLib_FreePDK3
              /c 
              /c  if you wish to Load other display.drf, please set shell environment valiable "iPDK_load_display_NCSU_TechLib_FreePDK3" to value = 0
[21:14:04.28] /o 
[21:14:04.35] /o 	#######################################
[21:14:04.35] /o 	CC-PDK Library Name	: FreePDK3
[21:14:04.35] /o 	#######################################
[21:14:04.35] /o 
[21:14:04.36] /m Information: License 'Apex' checked out. (LICENSE-003)
[21:14:04.49] /r giWindowId 3
[21:14:04.50] /r giWindowGeometry 1632x972
[21:14:05.88] /o Error: X connection is broken. Error code: (APPLICATION_GUI-002)1
[21:14:05.90] /e Error: The application was unexpectedly terminated.
              /c See the session log file for recovery details. (SHUT_DOWN-001)
