[01:23:26.46] /m Information: Started sharing "Primewave" license. (WAVEFORM-110)
[01:24:04.78] /o pw_shell Version PrimeWave Design Envrionment S-2021.09
              /c Build  (OPT) compiled on Fri Aug 20 11:32:52 2021 for CentOS64 7.3
              /c Execution time: Thu Apr  7 01:23:06 2022
              /c Host: grendel32.ece.ncsu.edu
              /c 
              /c Copyright © 2004-2021 Synopsys, Inc.
              /c This software and the associated documentation are proprietary to Synopsys, Inc. This software may only be used in accordance with the terms and conditions of a written license agreement with Synopsys, Inc. All other use, reproduction, or distribution of this software is strictly prohibited.
              /c 
              /c 
[01:24:06.58] /o /mnt/apps/public/COE/synopsys_apps/primewave/S-2021.09/auxx/samples/basic
[01:24:06.58] /o /mnt/apps/public/COE/synopsys_apps/primewave/S-2021.09/auxx/samples/snpsDeviceLib
[01:24:06.59] /o /mnt/apps/public/COE/synopsys_apps/primewave/S-2021.09/auxx/samples/analogLib
[01:24:06.59] /o /mnt/apps/public/COE/synopsys_apps/primewave/S-2021.09/auxx/samples/sheets
[01:24:07.19] /o /mnt/apps/public/COE/synopsys_apps/primewave/S-2021.09/auxx/samples/parasitics
[01:24:09.89] /o /afs/eos.ncsu.edu/lockers/research/ece/wdavis/tech/FreePDK3/syncust/NCSU_TechLib_FreePDK3
[01:24:09.89] /o Loading: Callback files...
[01:24:09.90] /o Loading: scripts/callbacks/callbacks.tcl
[01:24:09.90] /o 
              /c [INFO] : Loading display.drf from /afs/eos.ncsu.edu/lockers/research/ece/wdavis/tech/FreePDK3/syncust/NCSU_TechLib_FreePDK3
              /c 
              /c  if you wish to Load other display.drf, please set shell environment valiable "iPDK_load_display_NCSU_TechLib_FreePDK3" to value = 0
[01:24:09.90] /o 
[01:24:09.91] /w Warning: Could not set the value of preference xtDRCTool because it does not exist. (PREFERENCE-016)
[01:24:09.91] /w Warning: Could not set the value of preference xtDRCICVRunsetFile because it does not exist. (PREFERENCE-016)
[01:24:09.91] /w Warning: Could not set the value of preference xtDRCICVIncludePaths because it does not exist. (PREFERENCE-016)
[01:24:09.91] /w Warning: Could not set the value of preference xtDRCLayDBFormat because it does not exist. (PREFERENCE-016)
[01:24:09.91] /w Warning: Could not set the value of preference xtLVSTool because it does not exist. (PREFERENCE-016)
[01:24:09.91] /w Warning: Could not set the value of preference xtLVSICVRunsetFile because it does not exist. (PREFERENCE-016)
[01:24:09.91] /w Warning: Could not set the value of preference xtLVSICVIncludePaths because it does not exist. (PREFERENCE-016)
[01:24:09.91] /w Warning: Could not set the value of preference xtLVSLayDBFormat because it does not exist. (PREFERENCE-016)
[01:24:09.91] /w Warning: Could not set the value of preference xtLPELVSTool because it does not exist. (PREFERENCE-016)
[01:24:09.91] /w Warning: Could not set the value of preference xtLPETool because it does not exist. (PREFERENCE-016)
[01:24:09.91] /w Warning: Could not set the value of preference xtLPEOpenParasiticView because it does not exist. (PREFERENCE-016)
[01:24:09.91] /w Warning: Could not set the value of preference xtStarTcadGrdFile because it does not exist. (PREFERENCE-016)
[01:24:09.91] /w Warning: Could not set the value of preference xtLPEStarOADeviceMappingFile because it does not exist. (PREFERENCE-016)
[01:24:09.91] /w Warning: Could not set the value of preference xtStarOALayerMappingFile because it does not exist. (PREFERENCE-016)
[01:24:09.91] /o 	#######################################
[01:24:09.91] /o 	CC-PDK Library Name	: FreePDK3
[01:24:09.91] /o 	#######################################
[01:24:09.91] /o 
[01:24:10.16] /i ::sa::_backgroundSaeShell::signalProcessReady 1649308982
[01:24:10.17] /o saeInterBGSaeShell:  ::sa::_backgroundSaeShell::processReady 68
[01:25:59.67] /i ::wf::viewerExited
[01:28:29.93] /m Information: Stopped sharing "Primewave" license. (WAVEFORM-111)
[01:29:11.19] /o saeInterBGSaeShell:  ::sa::_backgroundSaeShell::pingBack
[01:29:11.33] /i ::sa::_backgroundSaeShell::parentRunning
[01:29:11.33] /o 1649309351
[01:30:23.24] /i ::wf::viewerExited
[01:34:12.21] /o saeInterBGSaeShell:  ::sa::_backgroundSaeShell::pingBack
[01:34:12.33] /i ::sa::_backgroundSaeShell::parentRunning
[01:34:12.33] /o 1649309652
[01:39:13.23] /o saeInterBGSaeShell:  ::sa::_backgroundSaeShell::pingBack
[01:39:13.43] /i ::sa::_backgroundSaeShell::parentRunning
[01:39:13.43] /o 1649309953
[01:44:14.25] /o saeInterBGSaeShell:  ::sa::_backgroundSaeShell::pingBack
[01:44:14.33] /i ::sa::_backgroundSaeShell::parentRunning
[01:44:14.33] /o 1649310254
[01:49:15.27] /o saeInterBGSaeShell:  ::sa::_backgroundSaeShell::pingBack
[01:49:15.43] /i ::sa::_backgroundSaeShell::parentRunning
[01:49:15.43] /o 1649310555
[01:51:22.98] /i ::wf::viewerExited
[01:52:23.74] /i ::wf::viewerExited
[01:54:01.03] /i ::wf::viewerExited
[01:54:16.29] /o saeInterBGSaeShell:  ::sa::_backgroundSaeShell::pingBack
[01:54:16.43] /i ::sa::_backgroundSaeShell::parentRunning
[01:54:16.43] /o 1649310856
[01:59:17.31] /o saeInterBGSaeShell:  ::sa::_backgroundSaeShell::pingBack
[01:59:17.43] /i ::sa::_backgroundSaeShell::parentRunning
[01:59:17.43] /o 1649311157
[02:04:18.33] /o saeInterBGSaeShell:  ::sa::_backgroundSaeShell::pingBack
[02:04:18.53] /i ::sa::_backgroundSaeShell::parentRunning
[02:04:18.53] /o 1649311458
[02:04:53.16] /i ::sa::_backgroundSaeShell::exit
[02:04:53.16] /o saeInterBGSaeShell:  ::sa::_backgroundSaeShell::childFormallyExiting
[02:04:53.89] /m Information: License 'Apex' checked in. (LICENSE-004)
