[16:13:42.43] /m Information: Started sharing "Primewave" license. (WAVEFORM-110)
[16:13:51.73] /o pw_shell Version PrimeWave Design Envrionment S-2021.09
              /c Build  (OPT) compiled on Fri Aug 20 11:32:52 2021 for CentOS64 7.3
              /c Execution time: Mon Apr 18 16:13:16 2022
              /c Host: grendel32.ece.ncsu.edu
              /c 
              /c Copyright © 2004-2021 Synopsys, Inc.
              /c This software and the associated documentation are proprietary to Synopsys, Inc. This software may only be used in accordance with the terms and conditions of a written license agreement with Synopsys, Inc. All other use, reproduction, or distribution of this software is strictly prohibited.
              /c 
              /c 
[16:13:51.88] /o /mnt/apps/public/COE/synopsys_apps/primewave/S-2021.09/auxx/samples/basic
[16:13:51.88] /o /mnt/apps/public/COE/synopsys_apps/primewave/S-2021.09/auxx/samples/snpsDeviceLib
[16:13:51.89] /o /mnt/apps/public/COE/synopsys_apps/primewave/S-2021.09/auxx/samples/analogLib
[16:13:51.89] /o /mnt/apps/public/COE/synopsys_apps/primewave/S-2021.09/auxx/samples/sheets
[16:13:51.89] /o /mnt/apps/public/COE/synopsys_apps/primewave/S-2021.09/auxx/samples/parasitics
[16:13:52.30] /o /afs/eos.ncsu.edu/lockers/research/ece/wdavis/tech/FreePDK3/syncust/NCSU_TechLib_FreePDK3
[16:13:52.30] /o Loading: Callback files...
[16:13:52.30] /o Loading: scripts/callbacks/callbacks.tcl
[16:13:52.30] /o 
              /c [INFO] : Loading display.drf from /afs/eos.ncsu.edu/lockers/research/ece/wdavis/tech/FreePDK3/syncust/NCSU_TechLib_FreePDK3
              /c 
              /c  if you wish to Load other display.drf, please set shell environment valiable "iPDK_load_display_NCSU_TechLib_FreePDK3" to value = 0
[16:13:52.30] /o 
[16:13:52.31] /w Warning: Could not set the value of preference xtDRCTool because it does not exist. (PREFERENCE-016)
[16:13:52.31] /w Warning: Could not set the value of preference xtDRCICVRunsetFile because it does not exist. (PREFERENCE-016)
[16:13:52.31] /w Warning: Could not set the value of preference xtDRCICVIncludePaths because it does not exist. (PREFERENCE-016)
[16:13:52.31] /w Warning: Could not set the value of preference xtDRCLayDBFormat because it does not exist. (PREFERENCE-016)
[16:13:52.31] /w Warning: Could not set the value of preference xtLVSTool because it does not exist. (PREFERENCE-016)
[16:13:52.31] /w Warning: Could not set the value of preference xtLVSICVRunsetFile because it does not exist. (PREFERENCE-016)
[16:13:52.31] /w Warning: Could not set the value of preference xtLVSICVIncludePaths because it does not exist. (PREFERENCE-016)
[16:13:52.31] /w Warning: Could not set the value of preference xtLVSLayDBFormat because it does not exist. (PREFERENCE-016)
[16:13:52.31] /w Warning: Could not set the value of preference xtLPELVSTool because it does not exist. (PREFERENCE-016)
[16:13:52.31] /w Warning: Could not set the value of preference xtLPETool because it does not exist. (PREFERENCE-016)
[16:13:52.31] /w Warning: Could not set the value of preference xtLPEOpenParasiticView because it does not exist. (PREFERENCE-016)
[16:13:52.31] /w Warning: Could not set the value of preference xtStarTcadGrdFile because it does not exist. (PREFERENCE-016)
[16:13:52.31] /w Warning: Could not set the value of preference xtLPEStarOADeviceMappingFile because it does not exist. (PREFERENCE-016)
[16:13:52.31] /w Warning: Could not set the value of preference xtStarOALayerMappingFile because it does not exist. (PREFERENCE-016)
[16:13:52.31] /o 	#######################################
[16:13:52.31] /o 	CC-PDK Library Name	: FreePDK3
[16:13:52.31] /o 	#######################################
[16:13:52.31] /o 
[16:13:52.34] /i ::sa::_backgroundSaeShell::signalProcessReady 1650312795
[16:13:52.35] /o saeInterBGSaeShell:  ::sa::_backgroundSaeShell::processReady 37
[16:18:47.82] /m Information: Stopped sharing "Primewave" license. (WAVEFORM-111)
[16:18:53.35] /o saeInterBGSaeShell:  ::sa::_backgroundSaeShell::pingBack
[16:18:53.42] /i ::sa::_backgroundSaeShell::parentRunning
[16:18:53.42] /o 1650313133
[16:23:54.37] /o saeInterBGSaeShell:  ::sa::_backgroundSaeShell::pingBack
[16:23:54.42] /i ::sa::_backgroundSaeShell::parentRunning
[16:23:54.42] /o 1650313434
[16:28:55.39] /o saeInterBGSaeShell:  ::sa::_backgroundSaeShell::pingBack
[16:28:55.52] /i ::sa::_backgroundSaeShell::parentRunning
[16:28:55.52] /o 1650313735
[16:33:56.41] /o saeInterBGSaeShell:  ::sa::_backgroundSaeShell::pingBack
[16:33:56.52] /i ::sa::_backgroundSaeShell::parentRunning
[16:33:56.52] /o 1650314036
[16:38:57.43] /o saeInterBGSaeShell:  ::sa::_backgroundSaeShell::pingBack
[16:38:57.52] /i ::sa::_backgroundSaeShell::parentRunning
[16:38:57.52] /o 1650314337
[16:43:58.43] /o saeInterBGSaeShell:  ::sa::_backgroundSaeShell::pingBack
[16:43:58.62] /i ::sa::_backgroundSaeShell::parentRunning
[16:43:58.62] /o 1650314638
[16:48:59.45] /o saeInterBGSaeShell:  ::sa::_backgroundSaeShell::pingBack
[16:48:59.62] /i ::sa::_backgroundSaeShell::parentRunning
[16:48:59.62] /o 1650314939
[16:54:00.45] /o saeInterBGSaeShell:  ::sa::_backgroundSaeShell::pingBack
[16:54:00.62] /i ::sa::_backgroundSaeShell::parentRunning
[16:54:00.62] /o 1650315240
[16:59:01.47] /o saeInterBGSaeShell:  ::sa::_backgroundSaeShell::pingBack
[16:59:01.62] /i ::sa::_backgroundSaeShell::parentRunning
[16:59:01.62] /o 1650315541
[17:04:02.49] /o saeInterBGSaeShell:  ::sa::_backgroundSaeShell::pingBack
[17:04:02.62] /i ::sa::_backgroundSaeShell::parentRunning
[17:04:02.62] /o 1650315842
[17:09:03.51] /o saeInterBGSaeShell:  ::sa::_backgroundSaeShell::pingBack
[17:09:03.52] /i ::sa::_backgroundSaeShell::parentRunning
[17:09:03.52] /o 1650316143
[17:12:51.00] /i ::sa::_backgroundSaeShell::runScript /afs/unity.ncsu.edu/users/r/rsekani/bin/ece546/project/proj_temp/simulation/mylib,tb2022,schematic/history_1/simulation/HSPICE_default/HSPICE/nominal/.bg_measurement_script.tcl sa::_resultsDatabase::saeShellProcessingCompletedProc testSuiteName saeSession0 testbenchName HSPICE_default resultsDir /afs/unity.ncsu.edu/users/r/rsekani/bin/ece546/project/proj_temp/simulation/mylib,tb2022,schematic/history_1/simulation/HSPICE_default/HSPICE/nominal/results testSuiteDir /afs/unity.ncsu.edu/users/r/rsekani/bin/ece546/project/proj_temp/simulation/mylib,tb2022,schematic/history_1/simulation/HSPICE_default/HSPICE/nominal databaseName /afs/unity.ncsu.edu/users/r/rsekani/bin/ece546/project/proj_temp/simulation/mylib,tb2022,schematic/history_1/simulation/HSPICE_default/HSPICE/nominal/resultsDatabase remoteRun {} testbenchId 1 saveImages true
[17:12:51.04] /m Information: Started sharing "Primewave" license. (WAVEFORM-110)
[17:12:51.44] /m Information: Loading preferences from /afs/unity.ncsu.edu/users/r/rsekani/bin/ece546/project/proj_temp/simulation/mylib,tb2022,schematic/history_1/simulation/HSPICE_default/HSPICE/nominal/pw_shell_session_prefs.xml
[17:12:51.81] /m Information: Start incremental database creation...
[17:12:51.96] /m Information: Create Iter role param id map
[17:12:52.08] /o saeInterBGSaeShell:  ::sa::_backgroundSaeShell::scriptFinished 1.0 {} sa::_resultsDatabase::saeShellProcessingCompletedProc testSuiteName saeSession0 testbenchName HSPICE_default resultsDir /afs/unity.ncsu.edu/users/r/rsekani/bin/ece546/project/proj_temp/simulation/mylib,tb2022,schematic/history_1/simulation/HSPICE_default/HSPICE/nominal/results testSuiteDir /afs/unity.ncsu.edu/users/r/rsekani/bin/ece546/project/proj_temp/simulation/mylib,tb2022,schematic/history_1/simulation/HSPICE_default/HSPICE/nominal databaseName /afs/unity.ncsu.edu/users/r/rsekani/bin/ece546/project/proj_temp/simulation/mylib,tb2022,schematic/history_1/simulation/HSPICE_default/HSPICE/nominal/resultsDatabase remoteRun {} testbenchId 1 saveImages true
[17:12:52.08] /o false
[17:12:52.08] /i ::wf::viewerExited
[17:17:04.52] /i ::wf::viewerExited
[17:17:16.89] /i ::sa::_backgroundSaeShell::runScript /afs/unity.ncsu.edu/users/r/rsekani/bin/ece546/project/proj_temp/simulation/mylib,tb2022,schematic/history_1/simulation/HSPICE_default/HSPICE/nominal/.bg_measurement_script.tcl sa::_resultsDatabase::saeShellProcessingCompletedProc testSuiteName saeSession0 testbenchName HSPICE_default resultsDir /afs/unity.ncsu.edu/users/r/rsekani/bin/ece546/project/proj_temp/simulation/mylib,tb2022,schematic/history_1/simulation/HSPICE_default/HSPICE/nominal/results testSuiteDir /afs/unity.ncsu.edu/users/r/rsekani/bin/ece546/project/proj_temp/simulation/mylib,tb2022,schematic/history_1/simulation/HSPICE_default/HSPICE/nominal databaseName /afs/unity.ncsu.edu/users/r/rsekani/bin/ece546/project/proj_temp/simulation/mylib,tb2022,schematic/history_1/simulation/HSPICE_default/HSPICE/nominal/resultsDatabase remoteRun {} testbenchId 1 saveImages true
[17:17:16.90] /m Information: Stopped sharing "Primewave" license. (WAVEFORM-111)
[17:17:16.92] /m Information: Started sharing "Primewave" license. (WAVEFORM-110)
[17:17:17.21] /m Information: Loading preferences from /afs/unity.ncsu.edu/users/r/rsekani/bin/ece546/project/proj_temp/simulation/mylib,tb2022,schematic/history_1/simulation/HSPICE_default/HSPICE/nominal/pw_shell_session_prefs.xml
[17:17:17.45] /m Information: Start incremental database creation...
[17:17:17.59] /m Information: Create Iter role param id map
[17:17:17.70] /o saeInterBGSaeShell:  ::sa::_backgroundSaeShell::scriptFinished 0.8 {} sa::_resultsDatabase::saeShellProcessingCompletedProc testSuiteName saeSession0 testbenchName HSPICE_default resultsDir /afs/unity.ncsu.edu/users/r/rsekani/bin/ece546/project/proj_temp/simulation/mylib,tb2022,schematic/history_1/simulation/HSPICE_default/HSPICE/nominal/results testSuiteDir /afs/unity.ncsu.edu/users/r/rsekani/bin/ece546/project/proj_temp/simulation/mylib,tb2022,schematic/history_1/simulation/HSPICE_default/HSPICE/nominal databaseName /afs/unity.ncsu.edu/users/r/rsekani/bin/ece546/project/proj_temp/simulation/mylib,tb2022,schematic/history_1/simulation/HSPICE_default/HSPICE/nominal/resultsDatabase remoteRun {} testbenchId 1 saveImages true
[17:17:17.70] /o false
[17:19:41.02] /i ::wf::viewerExited
[17:19:51.80] /i ::sa::_backgroundSaeShell::runScript /afs/unity.ncsu.edu/users/r/rsekani/bin/ece546/project/proj_temp/simulation/mylib,tb2022,schematic/history_1/simulation/HSPICE_default/HSPICE/nominal/.bg_measurement_script.tcl sa::_resultsDatabase::saeShellProcessingCompletedProc testSuiteName saeSession0 testbenchName HSPICE_default resultsDir /afs/unity.ncsu.edu/users/r/rsekani/bin/ece546/project/proj_temp/simulation/mylib,tb2022,schematic/history_1/simulation/HSPICE_default/HSPICE/nominal/results testSuiteDir /afs/unity.ncsu.edu/users/r/rsekani/bin/ece546/project/proj_temp/simulation/mylib,tb2022,schematic/history_1/simulation/HSPICE_default/HSPICE/nominal databaseName /afs/unity.ncsu.edu/users/r/rsekani/bin/ece546/project/proj_temp/simulation/mylib,tb2022,schematic/history_1/simulation/HSPICE_default/HSPICE/nominal/resultsDatabase remoteRun {} testbenchId 1 saveImages true
[17:19:51.82] /m Information: Stopped sharing "Primewave" license. (WAVEFORM-111)
[17:19:51.88] /m Information: Started sharing "Primewave" license. (WAVEFORM-110)
[17:19:52.17] /m Information: Loading preferences from /afs/unity.ncsu.edu/users/r/rsekani/bin/ece546/project/proj_temp/simulation/mylib,tb2022,schematic/history_1/simulation/HSPICE_default/HSPICE/nominal/pw_shell_session_prefs.xml
[17:19:52.41] /m Information: Start incremental database creation...
[17:19:52.55] /m Information: Create Iter role param id map
[17:19:52.65] /o saeInterBGSaeShell:  ::sa::_backgroundSaeShell::scriptFinished 0.8 {} sa::_resultsDatabase::saeShellProcessingCompletedProc testSuiteName saeSession0 testbenchName HSPICE_default resultsDir /afs/unity.ncsu.edu/users/r/rsekani/bin/ece546/project/proj_temp/simulation/mylib,tb2022,schematic/history_1/simulation/HSPICE_default/HSPICE/nominal/results testSuiteDir /afs/unity.ncsu.edu/users/r/rsekani/bin/ece546/project/proj_temp/simulation/mylib,tb2022,schematic/history_1/simulation/HSPICE_default/HSPICE/nominal databaseName /afs/unity.ncsu.edu/users/r/rsekani/bin/ece546/project/proj_temp/simulation/mylib,tb2022,schematic/history_1/simulation/HSPICE_default/HSPICE/nominal/resultsDatabase remoteRun {} testbenchId 1 saveImages true
[17:19:52.65] /o false
[17:24:53.57] /o saeInterBGSaeShell:  ::sa::_backgroundSaeShell::pingBack
[17:24:53.72] /i ::sa::_backgroundSaeShell::parentRunning
[17:24:53.72] /o 1650317093
[17:24:56.82] /m Information: Stopped sharing "Primewave" license. (WAVEFORM-111)
[17:29:54.59] /o saeInterBGSaeShell:  ::sa::_backgroundSaeShell::pingBack
[17:29:54.62] /i ::sa::_backgroundSaeShell::parentRunning
[17:29:54.62] /o 1650317394
[17:32:39.25] /i ::wf::viewerExited
[17:34:55.62] /o saeInterBGSaeShell:  ::sa::_backgroundSaeShell::pingBack
[17:34:55.82] /i ::sa::_backgroundSaeShell::parentRunning
[17:34:55.82] /o 1650317695
[17:37:16.65] /i ::sa::_backgroundSaeShell::runScript /afs/unity.ncsu.edu/users/r/rsekani/bin/ece546/project/proj_temp/simulation/mylib,tb2022,schematic/history_1/simulation/HSPICE_default/HSPICE/nominal/.bg_measurement_script.tcl sa::_resultsDatabase::saeShellProcessingCompletedProc testSuiteName saeSession0 testbenchName HSPICE_default resultsDir /afs/unity.ncsu.edu/users/r/rsekani/bin/ece546/project/proj_temp/simulation/mylib,tb2022,schematic/history_1/simulation/HSPICE_default/HSPICE/nominal/results testSuiteDir /afs/unity.ncsu.edu/users/r/rsekani/bin/ece546/project/proj_temp/simulation/mylib,tb2022,schematic/history_1/simulation/HSPICE_default/HSPICE/nominal databaseName /afs/unity.ncsu.edu/users/r/rsekani/bin/ece546/project/proj_temp/simulation/mylib,tb2022,schematic/history_1/simulation/HSPICE_default/HSPICE/nominal/resultsDatabase remoteRun {} testbenchId 1 saveImages true
[17:37:16.68] /m Information: Started sharing "Primewave" license. (WAVEFORM-110)
[17:37:16.97] /m Information: Loading preferences from /afs/unity.ncsu.edu/users/r/rsekani/bin/ece546/project/proj_temp/simulation/mylib,tb2022,schematic/history_1/simulation/HSPICE_default/HSPICE/nominal/pw_shell_session_prefs.xml
[17:37:17.19] /m Information: Start incremental database creation...
[17:37:17.33] /m Information: Create Iter role param id map
[17:37:17.43] /o saeInterBGSaeShell:  ::sa::_backgroundSaeShell::scriptFinished 0.7 {} sa::_resultsDatabase::saeShellProcessingCompletedProc testSuiteName saeSession0 testbenchName HSPICE_default resultsDir /afs/unity.ncsu.edu/users/r/rsekani/bin/ece546/project/proj_temp/simulation/mylib,tb2022,schematic/history_1/simulation/HSPICE_default/HSPICE/nominal/results testSuiteDir /afs/unity.ncsu.edu/users/r/rsekani/bin/ece546/project/proj_temp/simulation/mylib,tb2022,schematic/history_1/simulation/HSPICE_default/HSPICE/nominal databaseName /afs/unity.ncsu.edu/users/r/rsekani/bin/ece546/project/proj_temp/simulation/mylib,tb2022,schematic/history_1/simulation/HSPICE_default/HSPICE/nominal/resultsDatabase remoteRun {} testbenchId 1 saveImages true
[17:37:17.43] /o false
[17:37:17.43] /i ::wf::viewerExited
[17:42:18.65] /o saeInterBGSaeShell:  ::sa::_backgroundSaeShell::pingBack
[17:42:18.82] /i ::sa::_backgroundSaeShell::parentRunning
[17:42:18.82] /o 1650318138
[17:42:21.82] /m Information: Stopped sharing "Primewave" license. (WAVEFORM-111)
[17:45:00.20] /i ::wf::viewerExited
[17:45:10.76] /i ::sa::_backgroundSaeShell::runScript /afs/unity.ncsu.edu/users/r/rsekani/bin/ece546/project/proj_temp/simulation/mylib,tb2022,schematic/history_1/simulation/HSPICE_default/HSPICE/nominal/.bg_measurement_script.tcl sa::_resultsDatabase::saeShellProcessingCompletedProc testSuiteName saeSession0 testbenchName HSPICE_default resultsDir /afs/unity.ncsu.edu/users/r/rsekani/bin/ece546/project/proj_temp/simulation/mylib,tb2022,schematic/history_1/simulation/HSPICE_default/HSPICE/nominal/results testSuiteDir /afs/unity.ncsu.edu/users/r/rsekani/bin/ece546/project/proj_temp/simulation/mylib,tb2022,schematic/history_1/simulation/HSPICE_default/HSPICE/nominal databaseName /afs/unity.ncsu.edu/users/r/rsekani/bin/ece546/project/proj_temp/simulation/mylib,tb2022,schematic/history_1/simulation/HSPICE_default/HSPICE/nominal/resultsDatabase remoteRun {} testbenchId 1 saveImages true
[17:45:10.77] /m Information: Started sharing "Primewave" license. (WAVEFORM-110)
[17:45:11.07] /m Information: Loading preferences from /afs/unity.ncsu.edu/users/r/rsekani/bin/ece546/project/proj_temp/simulation/mylib,tb2022,schematic/history_1/simulation/HSPICE_default/HSPICE/nominal/pw_shell_session_prefs.xml
[17:45:11.30] /m Information: Start incremental database creation...
[17:45:11.44] /m Information: Create Iter role param id map
[17:45:11.54] /o saeInterBGSaeShell:  ::sa::_backgroundSaeShell::scriptFinished 0.7 {} sa::_resultsDatabase::saeShellProcessingCompletedProc testSuiteName saeSession0 testbenchName HSPICE_default resultsDir /afs/unity.ncsu.edu/users/r/rsekani/bin/ece546/project/proj_temp/simulation/mylib,tb2022,schematic/history_1/simulation/HSPICE_default/HSPICE/nominal/results testSuiteDir /afs/unity.ncsu.edu/users/r/rsekani/bin/ece546/project/proj_temp/simulation/mylib,tb2022,schematic/history_1/simulation/HSPICE_default/HSPICE/nominal databaseName /afs/unity.ncsu.edu/users/r/rsekani/bin/ece546/project/proj_temp/simulation/mylib,tb2022,schematic/history_1/simulation/HSPICE_default/HSPICE/nominal/resultsDatabase remoteRun {} testbenchId 1 saveImages true
[17:45:11.54] /o false
[17:50:12.68] /o saeInterBGSaeShell:  ::sa::_backgroundSaeShell::pingBack
[17:50:12.82] /i ::sa::_backgroundSaeShell::parentRunning
[17:50:12.82] /o 1650318612
[17:50:15.82] /m Information: Stopped sharing "Primewave" license. (WAVEFORM-111)
[17:51:21.32] /i ::wf::viewerExited
[17:51:32.97] /i ::sa::_backgroundSaeShell::runScript /afs/unity.ncsu.edu/users/r/rsekani/bin/ece546/project/proj_temp/simulation/mylib,tb2022,schematic/history_1/simulation/HSPICE_default/HSPICE/nominal/.bg_measurement_script.tcl sa::_resultsDatabase::saeShellProcessingCompletedProc testSuiteName saeSession0 testbenchName HSPICE_default resultsDir /afs/unity.ncsu.edu/users/r/rsekani/bin/ece546/project/proj_temp/simulation/mylib,tb2022,schematic/history_1/simulation/HSPICE_default/HSPICE/nominal/results testSuiteDir /afs/unity.ncsu.edu/users/r/rsekani/bin/ece546/project/proj_temp/simulation/mylib,tb2022,schematic/history_1/simulation/HSPICE_default/HSPICE/nominal databaseName /afs/unity.ncsu.edu/users/r/rsekani/bin/ece546/project/proj_temp/simulation/mylib,tb2022,schematic/history_1/simulation/HSPICE_default/HSPICE/nominal/resultsDatabase remoteRun {} testbenchId 1 saveImages true
[17:51:32.98] /m Information: Started sharing "Primewave" license. (WAVEFORM-110)
[17:51:33.29] /m Information: Loading preferences from /afs/unity.ncsu.edu/users/r/rsekani/bin/ece546/project/proj_temp/simulation/mylib,tb2022,schematic/history_1/simulation/HSPICE_default/HSPICE/nominal/pw_shell_session_prefs.xml
[17:51:33.52] /m Information: Start incremental database creation...
[17:51:33.67] /m Information: Create Iter role param id map
[17:51:33.77] /o saeInterBGSaeShell:  ::sa::_backgroundSaeShell::scriptFinished 0.8 {} sa::_resultsDatabase::saeShellProcessingCompletedProc testSuiteName saeSession0 testbenchName HSPICE_default resultsDir /afs/unity.ncsu.edu/users/r/rsekani/bin/ece546/project/proj_temp/simulation/mylib,tb2022,schematic/history_1/simulation/HSPICE_default/HSPICE/nominal/results testSuiteDir /afs/unity.ncsu.edu/users/r/rsekani/bin/ece546/project/proj_temp/simulation/mylib,tb2022,schematic/history_1/simulation/HSPICE_default/HSPICE/nominal databaseName /afs/unity.ncsu.edu/users/r/rsekani/bin/ece546/project/proj_temp/simulation/mylib,tb2022,schematic/history_1/simulation/HSPICE_default/HSPICE/nominal/resultsDatabase remoteRun {} testbenchId 1 saveImages true
[17:51:33.77] /o false
[17:53:28.11] /i ::wf::viewerExited
[17:53:38.92] /i ::sa::_backgroundSaeShell::runScript /afs/unity.ncsu.edu/users/r/rsekani/bin/ece546/project/proj_temp/simulation/mylib,tb2022,schematic/history_1/simulation/HSPICE_default/HSPICE/nominal/.bg_measurement_script.tcl sa::_resultsDatabase::saeShellProcessingCompletedProc testSuiteName saeSession0 testbenchName HSPICE_default resultsDir /afs/unity.ncsu.edu/users/r/rsekani/bin/ece546/project/proj_temp/simulation/mylib,tb2022,schematic/history_1/simulation/HSPICE_default/HSPICE/nominal/results testSuiteDir /afs/unity.ncsu.edu/users/r/rsekani/bin/ece546/project/proj_temp/simulation/mylib,tb2022,schematic/history_1/simulation/HSPICE_default/HSPICE/nominal databaseName /afs/unity.ncsu.edu/users/r/rsekani/bin/ece546/project/proj_temp/simulation/mylib,tb2022,schematic/history_1/simulation/HSPICE_default/HSPICE/nominal/resultsDatabase remoteRun {} testbenchId 1 saveImages true
[17:53:38.93] /m Information: Stopped sharing "Primewave" license. (WAVEFORM-111)
[17:53:38.93] /m Information: Started sharing "Primewave" license. (WAVEFORM-110)
[17:53:39.22] /m Information: Loading preferences from /afs/unity.ncsu.edu/users/r/rsekani/bin/ece546/project/proj_temp/simulation/mylib,tb2022,schematic/history_1/simulation/HSPICE_default/HSPICE/nominal/pw_shell_session_prefs.xml
[17:53:39.44] /m Information: Start incremental database creation...
[17:53:39.58] /m Information: Create Iter role param id map
[17:53:39.68] /o saeInterBGSaeShell:  ::sa::_backgroundSaeShell::scriptFinished 0.7 {} sa::_resultsDatabase::saeShellProcessingCompletedProc testSuiteName saeSession0 testbenchName HSPICE_default resultsDir /afs/unity.ncsu.edu/users/r/rsekani/bin/ece546/project/proj_temp/simulation/mylib,tb2022,schematic/history_1/simulation/HSPICE_default/HSPICE/nominal/results testSuiteDir /afs/unity.ncsu.edu/users/r/rsekani/bin/ece546/project/proj_temp/simulation/mylib,tb2022,schematic/history_1/simulation/HSPICE_default/HSPICE/nominal databaseName /afs/unity.ncsu.edu/users/r/rsekani/bin/ece546/project/proj_temp/simulation/mylib,tb2022,schematic/history_1/simulation/HSPICE_default/HSPICE/nominal/resultsDatabase remoteRun {} testbenchId 1 saveImages true
[17:53:39.68] /o false
[17:58:04.33] /i ::wf::viewerExited
[17:58:14.95] /i ::sa::_backgroundSaeShell::runScript /afs/unity.ncsu.edu/users/r/rsekani/bin/ece546/project/proj_temp/simulation/mylib,tb2022,schematic/history_1/simulation/HSPICE_default/HSPICE/nominal/.bg_measurement_script.tcl sa::_resultsDatabase::saeShellProcessingCompletedProc testSuiteName saeSession0 testbenchName HSPICE_default resultsDir /afs/unity.ncsu.edu/users/r/rsekani/bin/ece546/project/proj_temp/simulation/mylib,tb2022,schematic/history_1/simulation/HSPICE_default/HSPICE/nominal/results testSuiteDir /afs/unity.ncsu.edu/users/r/rsekani/bin/ece546/project/proj_temp/simulation/mylib,tb2022,schematic/history_1/simulation/HSPICE_default/HSPICE/nominal databaseName /afs/unity.ncsu.edu/users/r/rsekani/bin/ece546/project/proj_temp/simulation/mylib,tb2022,schematic/history_1/simulation/HSPICE_default/HSPICE/nominal/resultsDatabase remoteRun {} testbenchId 1 saveImages true
[17:58:14.96] /m Information: Stopped sharing "Primewave" license. (WAVEFORM-111)
[17:58:14.97] /m Information: Started sharing "Primewave" license. (WAVEFORM-110)
[17:58:15.25] /m Information: Loading preferences from /afs/unity.ncsu.edu/users/r/rsekani/bin/ece546/project/proj_temp/simulation/mylib,tb2022,schematic/history_1/simulation/HSPICE_default/HSPICE/nominal/pw_shell_session_prefs.xml
[17:58:15.46] /m Information: Start incremental database creation...
[17:58:15.60] /m Information: Create Iter role param id map
[17:58:15.69] /o saeInterBGSaeShell:  ::sa::_backgroundSaeShell::scriptFinished 0.7 {} sa::_resultsDatabase::saeShellProcessingCompletedProc testSuiteName saeSession0 testbenchName HSPICE_default resultsDir /afs/unity.ncsu.edu/users/r/rsekani/bin/ece546/project/proj_temp/simulation/mylib,tb2022,schematic/history_1/simulation/HSPICE_default/HSPICE/nominal/results testSuiteDir /afs/unity.ncsu.edu/users/r/rsekani/bin/ece546/project/proj_temp/simulation/mylib,tb2022,schematic/history_1/simulation/HSPICE_default/HSPICE/nominal databaseName /afs/unity.ncsu.edu/users/r/rsekani/bin/ece546/project/proj_temp/simulation/mylib,tb2022,schematic/history_1/simulation/HSPICE_default/HSPICE/nominal/resultsDatabase remoteRun {} testbenchId 1 saveImages true
[17:58:15.69] /o false
[18:01:44.42] /i ::wf::viewerExited
[18:01:57.17] /i ::sa::_backgroundSaeShell::runScript /afs/unity.ncsu.edu/users/r/rsekani/bin/ece546/project/proj_temp/simulation/mylib,tb2022,schematic/history_1/simulation/HSPICE_default/HSPICE/nominal/.bg_measurement_script.tcl sa::_resultsDatabase::saeShellProcessingCompletedProc testSuiteName saeSession0 testbenchName HSPICE_default resultsDir /afs/unity.ncsu.edu/users/r/rsekani/bin/ece546/project/proj_temp/simulation/mylib,tb2022,schematic/history_1/simulation/HSPICE_default/HSPICE/nominal/results testSuiteDir /afs/unity.ncsu.edu/users/r/rsekani/bin/ece546/project/proj_temp/simulation/mylib,tb2022,schematic/history_1/simulation/HSPICE_default/HSPICE/nominal databaseName /afs/unity.ncsu.edu/users/r/rsekani/bin/ece546/project/proj_temp/simulation/mylib,tb2022,schematic/history_1/simulation/HSPICE_default/HSPICE/nominal/resultsDatabase remoteRun {} testbenchId 1 saveImages true
[18:01:57.18] /m Information: Stopped sharing "Primewave" license. (WAVEFORM-111)
[18:01:57.19] /m Information: Started sharing "Primewave" license. (WAVEFORM-110)
[18:01:57.57] /m Information: Loading preferences from /afs/unity.ncsu.edu/users/r/rsekani/bin/ece546/project/proj_temp/simulation/mylib,tb2022,schematic/history_1/simulation/HSPICE_default/HSPICE/nominal/pw_shell_session_prefs.xml
[18:01:57.79] /m Information: Start incremental database creation...
[18:01:57.92] /m Information: Create Iter role param id map
[18:01:58.02] /o saeInterBGSaeShell:  ::sa::_backgroundSaeShell::scriptFinished 0.8 {} sa::_resultsDatabase::saeShellProcessingCompletedProc testSuiteName saeSession0 testbenchName HSPICE_default resultsDir /afs/unity.ncsu.edu/users/r/rsekani/bin/ece546/project/proj_temp/simulation/mylib,tb2022,schematic/history_1/simulation/HSPICE_default/HSPICE/nominal/results testSuiteDir /afs/unity.ncsu.edu/users/r/rsekani/bin/ece546/project/proj_temp/simulation/mylib,tb2022,schematic/history_1/simulation/HSPICE_default/HSPICE/nominal databaseName /afs/unity.ncsu.edu/users/r/rsekani/bin/ece546/project/proj_temp/simulation/mylib,tb2022,schematic/history_1/simulation/HSPICE_default/HSPICE/nominal/resultsDatabase remoteRun {} testbenchId 1 saveImages true
[18:01:58.02] /o false
[18:04:37.65] /i ::wf::viewerExited
