[14:32:18.84] /m Information: Started sharing "Primewave" license. (WAVEFORM-110)
[14:32:29.12] /o pw_shell Version PrimeWave Design Envrionment S-2021.09
              /c Build  (OPT) compiled on Fri Aug 20 11:32:52 2021 for CentOS64 7.3
              /c Execution time: Tue Apr 19 14:32:11 2022
              /c Host: grendel31.ece.ncsu.edu
              /c 
              /c Copyright © 2004-2021 Synopsys, Inc.
              /c This software and the associated documentation are proprietary to Synopsys, Inc. This software may only be used in accordance with the terms and conditions of a written license agreement with Synopsys, Inc. All other use, reproduction, or distribution of this software is strictly prohibited.
              /c 
              /c 
[14:32:29.27] /o /mnt/apps/public/COE/synopsys_apps/primewave/S-2021.09/auxx/samples/basic
[14:32:29.27] /o /mnt/apps/public/COE/synopsys_apps/primewave/S-2021.09/auxx/samples/snpsDeviceLib
[14:32:29.28] /o /mnt/apps/public/COE/synopsys_apps/primewave/S-2021.09/auxx/samples/analogLib
[14:32:29.28] /o /mnt/apps/public/COE/synopsys_apps/primewave/S-2021.09/auxx/samples/sheets
[14:32:29.28] /o /mnt/apps/public/COE/synopsys_apps/primewave/S-2021.09/auxx/samples/parasitics
[14:32:29.67] /o /afs/eos.ncsu.edu/lockers/research/ece/wdavis/tech/FreePDK3/syncust/NCSU_TechLib_FreePDK3
[14:32:29.67] /o Loading: Callback files...
[14:32:29.68] /o Loading: scripts/callbacks/callbacks.tcl
[14:32:29.68] /o 
              /c [INFO] : Loading display.drf from /afs/eos.ncsu.edu/lockers/research/ece/wdavis/tech/FreePDK3/syncust/NCSU_TechLib_FreePDK3
              /c 
              /c  if you wish to Load other display.drf, please set shell environment valiable "iPDK_load_display_NCSU_TechLib_FreePDK3" to value = 0
[14:32:29.68] /o 
[14:32:29.68] /w Warning: Could not set the value of preference xtDRCTool because it does not exist. (PREFERENCE-016)
[14:32:29.68] /w Warning: Could not set the value of preference xtDRCICVRunsetFile because it does not exist. (PREFERENCE-016)
[14:32:29.68] /w Warning: Could not set the value of preference xtDRCICVIncludePaths because it does not exist. (PREFERENCE-016)
[14:32:29.68] /w Warning: Could not set the value of preference xtDRCLayDBFormat because it does not exist. (PREFERENCE-016)
[14:32:29.68] /w Warning: Could not set the value of preference xtLVSTool because it does not exist. (PREFERENCE-016)
[14:32:29.68] /w Warning: Could not set the value of preference xtLVSICVRunsetFile because it does not exist. (PREFERENCE-016)
[14:32:29.68] /w Warning: Could not set the value of preference xtLVSICVIncludePaths because it does not exist. (PREFERENCE-016)
[14:32:29.69] /w Warning: Could not set the value of preference xtLVSLayDBFormat because it does not exist. (PREFERENCE-016)
[14:32:29.69] /w Warning: Could not set the value of preference xtLPELVSTool because it does not exist. (PREFERENCE-016)
[14:32:29.69] /w Warning: Could not set the value of preference xtLPETool because it does not exist. (PREFERENCE-016)
[14:32:29.69] /w Warning: Could not set the value of preference xtLPEOpenParasiticView because it does not exist. (PREFERENCE-016)
[14:32:29.69] /w Warning: Could not set the value of preference xtStarTcadGrdFile because it does not exist. (PREFERENCE-016)
[14:32:29.69] /w Warning: Could not set the value of preference xtLPEStarOADeviceMappingFile because it does not exist. (PREFERENCE-016)
[14:32:29.69] /w Warning: Could not set the value of preference xtStarOALayerMappingFile because it does not exist. (PREFERENCE-016)
[14:32:29.69] /o 	#######################################
[14:32:29.69] /o 	CC-PDK Library Name	: FreePDK3
[14:32:29.69] /o 	#######################################
[14:32:29.69] /o 
[14:32:29.72] /i ::sa::_backgroundSaeShell::signalProcessReady 1650393130
[14:32:29.73] /o saeInterBGSaeShell:  ::sa::_backgroundSaeShell::processReady 19
[14:37:20.06] /m Information: Stopped sharing "Primewave" license. (WAVEFORM-111)
[14:37:30.74] /o saeInterBGSaeShell:  ::sa::_backgroundSaeShell::pingBack
[14:37:30.76] /i ::sa::_backgroundSaeShell::parentRunning
[14:37:30.76] /o 1650393450
[14:42:31.76] /o saeInterBGSaeShell:  ::sa::_backgroundSaeShell::pingBack
[14:42:31.86] /i ::sa::_backgroundSaeShell::parentRunning
[14:42:31.86] /o 1650393751
[14:43:15.87] /i ::wf::viewerExited
[14:47:32.78] /o saeInterBGSaeShell:  ::sa::_backgroundSaeShell::pingBack
[14:47:32.96] /i ::sa::_backgroundSaeShell::parentRunning
[14:47:32.97] /o 1650394052
[14:52:33.80] /o saeInterBGSaeShell:  ::sa::_backgroundSaeShell::pingBack
[14:52:33.86] /i ::sa::_backgroundSaeShell::parentRunning
[14:52:33.86] /o 1650394353
[14:56:16.16] /i ::wf::viewerExited
[14:56:23.46] /i ::sa::_backgroundSaeShell::exit
[14:56:23.46] /o saeInterBGSaeShell:  ::sa::_backgroundSaeShell::childFormallyExiting
[14:56:23.94] /m Information: License 'Apex' checked in. (LICENSE-004)
