[12:11:57.84] /m Information: Started sharing "Primewave" license. (WAVEFORM-110)
[12:12:10.44] /o pw_shell Version PrimeWave Design Envrionment S-2021.09
              /c Build  (OPT) compiled on Fri Aug 20 11:32:52 2021 for CentOS64 7.3
              /c Execution time: Tue Apr 12 12:11:52 2022
              /c Host: grendel32.ece.ncsu.edu
              /c 
              /c Copyright © 2004-2021 Synopsys, Inc.
              /c This software and the associated documentation are proprietary to Synopsys, Inc. This software may only be used in accordance with the terms and conditions of a written license agreement with Synopsys, Inc. All other use, reproduction, or distribution of this software is strictly prohibited.
              /c 
              /c 
[12:12:10.78] /o /mnt/apps/public/COE/synopsys_apps/primewave/S-2021.09/auxx/samples/basic
[12:12:10.79] /o /mnt/apps/public/COE/synopsys_apps/primewave/S-2021.09/auxx/samples/snpsDeviceLib
[12:12:10.79] /o /mnt/apps/public/COE/synopsys_apps/primewave/S-2021.09/auxx/samples/analogLib
[12:12:10.79] /o /mnt/apps/public/COE/synopsys_apps/primewave/S-2021.09/auxx/samples/sheets
[12:12:10.80] /o /mnt/apps/public/COE/synopsys_apps/primewave/S-2021.09/auxx/samples/parasitics
[12:12:11.58] /o /afs/eos.ncsu.edu/lockers/research/ece/wdavis/tech/FreePDK3/syncust/NCSU_TechLib_FreePDK3
[12:12:11.58] /o Loading: Callback files...
[12:12:11.58] /o Loading: scripts/callbacks/callbacks.tcl
[12:12:11.58] /o 
              /c [INFO] : Loading display.drf from /afs/eos.ncsu.edu/lockers/research/ece/wdavis/tech/FreePDK3/syncust/NCSU_TechLib_FreePDK3
              /c 
              /c  if you wish to Load other display.drf, please set shell environment valiable "iPDK_load_display_NCSU_TechLib_FreePDK3" to value = 0
[12:12:11.58] /o 
[12:12:11.59] /w Warning: Could not set the value of preference xtDRCTool because it does not exist. (PREFERENCE-016)
[12:12:11.59] /w Warning: Could not set the value of preference xtDRCICVRunsetFile because it does not exist. (PREFERENCE-016)
[12:12:11.59] /w Warning: Could not set the value of preference xtDRCICVIncludePaths because it does not exist. (PREFERENCE-016)
[12:12:11.59] /w Warning: Could not set the value of preference xtDRCLayDBFormat because it does not exist. (PREFERENCE-016)
[12:12:11.59] /w Warning: Could not set the value of preference xtLVSTool because it does not exist. (PREFERENCE-016)
[12:12:11.59] /w Warning: Could not set the value of preference xtLVSICVRunsetFile because it does not exist. (PREFERENCE-016)
[12:12:11.59] /w Warning: Could not set the value of preference xtLVSICVIncludePaths because it does not exist. (PREFERENCE-016)
[12:12:11.59] /w Warning: Could not set the value of preference xtLVSLayDBFormat because it does not exist. (PREFERENCE-016)
[12:12:11.59] /w Warning: Could not set the value of preference xtLPELVSTool because it does not exist. (PREFERENCE-016)
[12:12:11.59] /w Warning: Could not set the value of preference xtLPETool because it does not exist. (PREFERENCE-016)
[12:12:11.59] /w Warning: Could not set the value of preference xtLPEOpenParasiticView because it does not exist. (PREFERENCE-016)
[12:12:11.59] /w Warning: Could not set the value of preference xtStarTcadGrdFile because it does not exist. (PREFERENCE-016)
[12:12:11.59] /w Warning: Could not set the value of preference xtLPEStarOADeviceMappingFile because it does not exist. (PREFERENCE-016)
[12:12:11.59] /w Warning: Could not set the value of preference xtStarOALayerMappingFile because it does not exist. (PREFERENCE-016)
[12:12:11.59] /o 	#######################################
[12:12:11.59] /o 	CC-PDK Library Name	: FreePDK3
[12:12:11.59] /o 	#######################################
[12:12:11.59] /o 
[12:12:11.62] /i ::sa::_backgroundSaeShell::signalProcessReady 1649779911
[12:12:11.62] /o saeInterBGSaeShell:  ::sa::_backgroundSaeShell::processReady 20
[12:15:00.53] /i ::wf::viewerExited
[12:17:01.93] /m Information: Stopped sharing "Primewave" license. (WAVEFORM-111)
[12:17:12.63] /o saeInterBGSaeShell:  ::sa::_backgroundSaeShell::pingBack
[12:17:12.83] /i ::sa::_backgroundSaeShell::parentRunning
[12:17:12.83] /o 1649780232
[12:18:04.23] /i ::wf::viewerExited
[12:21:07.73] /i ::wf::viewerExited
[12:22:13.65] /o saeInterBGSaeShell:  ::sa::_backgroundSaeShell::pingBack
[12:22:13.73] /i ::sa::_backgroundSaeShell::parentRunning
[12:22:13.73] /o 1649780533
[12:24:00.33] /i ::wf::viewerExited
[12:25:52.63] /i ::wf::viewerExited
[12:27:14.65] /o saeInterBGSaeShell:  ::sa::_backgroundSaeShell::pingBack
[12:27:14.83] /i ::sa::_backgroundSaeShell::parentRunning
[12:27:14.83] /o 1649780834
[12:28:07.43] /i ::wf::viewerExited
[12:29:42.63] /i ::wf::viewerExited
[12:32:15.67] /o saeInterBGSaeShell:  ::sa::_backgroundSaeShell::pingBack
[12:32:15.83] /i ::sa::_backgroundSaeShell::parentRunning
[12:32:15.83] /o 1649781135
[12:37:16.69] /o saeInterBGSaeShell:  ::sa::_backgroundSaeShell::pingBack
[12:37:16.83] /i ::sa::_backgroundSaeShell::parentRunning
[12:37:16.83] /o 1649781436
[12:42:17.71] /o saeInterBGSaeShell:  ::sa::_backgroundSaeShell::pingBack
[12:42:17.83] /i ::sa::_backgroundSaeShell::parentRunning
[12:42:17.83] /o 1649781737
[12:47:18.73] /o saeInterBGSaeShell:  ::sa::_backgroundSaeShell::pingBack
[12:47:18.83] /i ::sa::_backgroundSaeShell::parentRunning
[12:47:18.83] /o 1649782038
[12:48:52.93] /i ::wf::viewerExited
[12:49:09.53] /i ::wf::viewerExited
[12:49:36.68] /i ::sa::_backgroundSaeShell::exit
[12:49:36.68] /o saeInterBGSaeShell:  ::sa::_backgroundSaeShell::childFormallyExiting
[12:49:37.16] /m Information: License 'Apex' checked in. (LICENSE-004)
