[07:15:30.04] /m Information: Started sharing "Primewave" license. (WAVEFORM-110)
[07:15:44.13] /o pw_shell Version PrimeWave Design Envrionment S-2021.09
              /c Build  (OPT) compiled on Fri Aug 20 11:32:52 2021 for CentOS64 7.3
              /c Execution time: Sun Apr 17 07:15:22 2022
              /c Host: grendel29.ece.ncsu.edu
              /c 
              /c Copyright © 2004-2021 Synopsys, Inc.
              /c This software and the associated documentation are proprietary to Synopsys, Inc. This software may only be used in accordance with the terms and conditions of a written license agreement with Synopsys, Inc. All other use, reproduction, or distribution of this software is strictly prohibited.
              /c 
              /c 
[07:15:44.31] /o /mnt/apps/public/COE/synopsys_apps/primewave/S-2021.09/auxx/samples/basic
[07:15:44.31] /o /mnt/apps/public/COE/synopsys_apps/primewave/S-2021.09/auxx/samples/snpsDeviceLib
[07:15:44.32] /o /mnt/apps/public/COE/synopsys_apps/primewave/S-2021.09/auxx/samples/analogLib
[07:15:44.32] /o /mnt/apps/public/COE/synopsys_apps/primewave/S-2021.09/auxx/samples/sheets
[07:15:44.33] /o /mnt/apps/public/COE/synopsys_apps/primewave/S-2021.09/auxx/samples/parasitics
[07:15:44.85] /o /afs/eos.ncsu.edu/lockers/research/ece/wdavis/tech/FreePDK3/syncust/NCSU_TechLib_FreePDK3
[07:15:44.85] /o Loading: Callback files...
[07:15:44.86] /o Loading: scripts/callbacks/callbacks.tcl
[07:15:44.86] /o 
              /c [INFO] : Loading display.drf from /afs/eos.ncsu.edu/lockers/research/ece/wdavis/tech/FreePDK3/syncust/NCSU_TechLib_FreePDK3
              /c 
              /c  if you wish to Load other display.drf, please set shell environment valiable "iPDK_load_display_NCSU_TechLib_FreePDK3" to value = 0
[07:15:44.86] /o 
[07:15:44.88] /w Warning: Could not set the value of preference xtDRCTool because it does not exist. (PREFERENCE-016)
[07:15:44.88] /w Warning: Could not set the value of preference xtDRCICVRunsetFile because it does not exist. (PREFERENCE-016)
[07:15:44.88] /w Warning: Could not set the value of preference xtDRCICVIncludePaths because it does not exist. (PREFERENCE-016)
[07:15:44.88] /w Warning: Could not set the value of preference xtDRCLayDBFormat because it does not exist. (PREFERENCE-016)
[07:15:44.88] /w Warning: Could not set the value of preference xtLVSTool because it does not exist. (PREFERENCE-016)
[07:15:44.88] /w Warning: Could not set the value of preference xtLVSICVRunsetFile because it does not exist. (PREFERENCE-016)
[07:15:44.88] /w Warning: Could not set the value of preference xtLVSICVIncludePaths because it does not exist. (PREFERENCE-016)
[07:15:44.88] /w Warning: Could not set the value of preference xtLVSLayDBFormat because it does not exist. (PREFERENCE-016)
[07:15:44.88] /w Warning: Could not set the value of preference xtLPELVSTool because it does not exist. (PREFERENCE-016)
[07:15:44.88] /w Warning: Could not set the value of preference xtLPETool because it does not exist. (PREFERENCE-016)
[07:15:44.88] /w Warning: Could not set the value of preference xtLPEOpenParasiticView because it does not exist. (PREFERENCE-016)
[07:15:44.88] /w Warning: Could not set the value of preference xtStarTcadGrdFile because it does not exist. (PREFERENCE-016)
[07:15:44.88] /w Warning: Could not set the value of preference xtLPEStarOADeviceMappingFile because it does not exist. (PREFERENCE-016)
[07:15:44.88] /w Warning: Could not set the value of preference xtStarOALayerMappingFile because it does not exist. (PREFERENCE-016)
[07:15:44.88] /o 	#######################################
[07:15:44.88] /o 	CC-PDK Library Name	: FreePDK3
[07:15:44.88] /o 	#######################################
[07:15:44.88] /o 
[07:15:44.93] /i ::sa::_backgroundSaeShell::signalProcessReady 1650194121
[07:15:44.94] /o saeInterBGSaeShell:  ::sa::_backgroundSaeShell::processReady 23
[07:20:30.20] /m Information: Stopped sharing "Primewave" license. (WAVEFORM-111)
[07:20:45.95] /o saeInterBGSaeShell:  ::sa::_backgroundSaeShell::pingBack
[07:20:46.10] /i ::sa::_backgroundSaeShell::parentRunning
[07:20:46.10] /o 1650194446
[07:22:51.25] /i ::sa::_backgroundSaeShell::runScript /afs/unity.ncsu.edu/users/z/zwmurray/ece546/proj_temp/simulation/mylib,tb2022,schematic/history_1/simulation/HSPICE_default/HSPICE/nominal/.bg_measurement_script.tcl sa::_resultsDatabase::saeShellProcessingCompletedProc testSuiteName saeSession0 testbenchName HSPICE_default resultsDir /afs/unity.ncsu.edu/users/z/zwmurray/ece546/proj_temp/simulation/mylib,tb2022,schematic/history_1/simulation/HSPICE_default/HSPICE/nominal/results testSuiteDir /afs/unity.ncsu.edu/users/z/zwmurray/ece546/proj_temp/simulation/mylib,tb2022,schematic/history_1/simulation/HSPICE_default/HSPICE/nominal databaseName /afs/unity.ncsu.edu/users/z/zwmurray/ece546/proj_temp/simulation/mylib,tb2022,schematic/history_1/simulation/HSPICE_default/HSPICE/nominal/resultsDatabase remoteRun {} testbenchId 1 saveImages true
[07:22:51.27] /m Information: Started sharing "Primewave" license. (WAVEFORM-110)
[07:22:51.92] /m Information: Loading preferences from /afs/unity.ncsu.edu/users/z/zwmurray/ece546/proj_temp/simulation/mylib,tb2022,schematic/history_1/simulation/HSPICE_default/HSPICE/nominal/pw_shell_session_prefs.xml
[07:22:52.45] /m Information: Start incremental database creation...
[07:22:52.61] /m Information: Create Iter role param id map
[07:22:52.75] /o saeInterBGSaeShell:  ::sa::_backgroundSaeShell::scriptFinished 1.5 {} sa::_resultsDatabase::saeShellProcessingCompletedProc testSuiteName saeSession0 testbenchName HSPICE_default resultsDir /afs/unity.ncsu.edu/users/z/zwmurray/ece546/proj_temp/simulation/mylib,tb2022,schematic/history_1/simulation/HSPICE_default/HSPICE/nominal/results testSuiteDir /afs/unity.ncsu.edu/users/z/zwmurray/ece546/proj_temp/simulation/mylib,tb2022,schematic/history_1/simulation/HSPICE_default/HSPICE/nominal databaseName /afs/unity.ncsu.edu/users/z/zwmurray/ece546/proj_temp/simulation/mylib,tb2022,schematic/history_1/simulation/HSPICE_default/HSPICE/nominal/resultsDatabase remoteRun {} testbenchId 1 saveImages true
[07:22:52.75] /o false
[07:22:52.75] /i ::wf::viewerExited
[07:27:53.97] /o saeInterBGSaeShell:  ::sa::_backgroundSaeShell::pingBack
[07:27:54.10] /i ::sa::_backgroundSaeShell::parentRunning
[07:27:54.11] /o 1650194874
[07:27:56.20] /m Information: Stopped sharing "Primewave" license. (WAVEFORM-111)
[07:32:54.99] /o saeInterBGSaeShell:  ::sa::_backgroundSaeShell::pingBack
[07:32:55.10] /i ::sa::_backgroundSaeShell::parentRunning
[07:32:55.11] /o 1650195175
[07:37:56.01] /o saeInterBGSaeShell:  ::sa::_backgroundSaeShell::pingBack
[07:37:56.20] /i ::sa::_backgroundSaeShell::parentRunning
[07:37:56.21] /o 1650195476
[07:42:57.03] /o saeInterBGSaeShell:  ::sa::_backgroundSaeShell::pingBack
[07:42:57.20] /i ::sa::_backgroundSaeShell::parentRunning
[07:42:57.20] /o 1650195777
[07:47:58.05] /o saeInterBGSaeShell:  ::sa::_backgroundSaeShell::pingBack
[07:47:58.20] /i ::sa::_backgroundSaeShell::parentRunning
[07:47:58.20] /o 1650196078
[07:50:10.51] /i ::wf::viewerExited
[07:50:22.61] /i ::sa::_backgroundSaeShell::exit
[07:50:22.61] /o saeInterBGSaeShell:  ::sa::_backgroundSaeShell::childFormallyExiting
[07:50:23.73] /m Information: License 'Apex' checked in. (LICENSE-004)
