[01:44:28.42] /m Information: Started sharing "Primewave" license. (WAVEFORM-110)
[01:44:37.69] /o pw_shell Version PrimeWave Design Envrionment S-2021.09
              /c Build  (OPT) compiled on Fri Aug 20 11:32:52 2021 for CentOS64 7.3
              /c Execution time: Fri Apr  8 01:44:19 2022
              /c Host: grendel33.ece.ncsu.edu
              /c 
              /c Copyright © 2004-2021 Synopsys, Inc.
              /c This software and the associated documentation are proprietary to Synopsys, Inc. This software may only be used in accordance with the terms and conditions of a written license agreement with Synopsys, Inc. All other use, reproduction, or distribution of this software is strictly prohibited.
              /c 
              /c 
[01:44:37.82] /o /mnt/apps/public/COE/synopsys_apps/primewave/S-2021.09/auxx/samples/basic
[01:44:37.82] /o /mnt/apps/public/COE/synopsys_apps/primewave/S-2021.09/auxx/samples/snpsDeviceLib
[01:44:37.83] /o /mnt/apps/public/COE/synopsys_apps/primewave/S-2021.09/auxx/samples/analogLib
[01:44:37.83] /o /mnt/apps/public/COE/synopsys_apps/primewave/S-2021.09/auxx/samples/sheets
[01:44:37.84] /o /mnt/apps/public/COE/synopsys_apps/primewave/S-2021.09/auxx/samples/parasitics
[01:44:38.23] /o /afs/eos.ncsu.edu/lockers/research/ece/wdavis/tech/FreePDK3/syncust/NCSU_TechLib_FreePDK3
[01:44:38.23] /o Loading: Callback files...
[01:44:38.23] /o Loading: scripts/callbacks/callbacks.tcl
[01:44:38.23] /o 
              /c [INFO] : Loading display.drf from /afs/eos.ncsu.edu/lockers/research/ece/wdavis/tech/FreePDK3/syncust/NCSU_TechLib_FreePDK3
              /c 
              /c  if you wish to Load other display.drf, please set shell environment valiable "iPDK_load_display_NCSU_TechLib_FreePDK3" to value = 0
[01:44:38.23] /o 
[01:44:38.23] /w Warning: Could not set the value of preference xtDRCTool because it does not exist. (PREFERENCE-016)
[01:44:38.23] /w Warning: Could not set the value of preference xtDRCICVRunsetFile because it does not exist. (PREFERENCE-016)
[01:44:38.23] /w Warning: Could not set the value of preference xtDRCICVIncludePaths because it does not exist. (PREFERENCE-016)
[01:44:38.24] /w Warning: Could not set the value of preference xtDRCLayDBFormat because it does not exist. (PREFERENCE-016)
[01:44:38.24] /w Warning: Could not set the value of preference xtLVSTool because it does not exist. (PREFERENCE-016)
[01:44:38.24] /w Warning: Could not set the value of preference xtLVSICVRunsetFile because it does not exist. (PREFERENCE-016)
[01:44:38.24] /w Warning: Could not set the value of preference xtLVSICVIncludePaths because it does not exist. (PREFERENCE-016)
[01:44:38.24] /w Warning: Could not set the value of preference xtLVSLayDBFormat because it does not exist. (PREFERENCE-016)
[01:44:38.24] /w Warning: Could not set the value of preference xtLPELVSTool because it does not exist. (PREFERENCE-016)
[01:44:38.24] /w Warning: Could not set the value of preference xtLPETool because it does not exist. (PREFERENCE-016)
[01:44:38.24] /w Warning: Could not set the value of preference xtLPEOpenParasiticView because it does not exist. (PREFERENCE-016)
[01:44:38.24] /w Warning: Could not set the value of preference xtStarTcadGrdFile because it does not exist. (PREFERENCE-016)
[01:44:38.24] /w Warning: Could not set the value of preference xtLPEStarOADeviceMappingFile because it does not exist. (PREFERENCE-016)
[01:44:38.24] /w Warning: Could not set the value of preference xtStarOALayerMappingFile because it does not exist. (PREFERENCE-016)
[01:44:38.24] /o 	#######################################
[01:44:38.24] /o 	CC-PDK Library Name	: FreePDK3
[01:44:38.24] /o 	#######################################
[01:44:38.24] /o 
[01:44:38.27] /i ::sa::_backgroundSaeShell::signalProcessReady 1649396658
[01:44:38.27] /o saeInterBGSaeShell:  ::sa::_backgroundSaeShell::processReady 20
[01:45:50.04] /i ::sa::_backgroundSaeShell::exit
[01:45:50.04] /o saeInterBGSaeShell:  ::sa::_backgroundSaeShell::childFormallyExiting
[01:45:50.48] /m Information: License 'Apex' checked in. (LICENSE-004)
