[03:52:23.79] /m Information: Started sharing "Primewave" license. (WAVEFORM-110)
[03:52:38.16] /o pw_shell Version PrimeWave Design Envrionment S-2021.09
              /c Build  (OPT) compiled on Fri Aug 20 11:32:52 2021 for CentOS64 7.3
              /c Execution time: Fri Apr 22 03:52:18 2022
              /c Host: grendel31.ece.ncsu.edu
              /c 
              /c Copyright © 2004-2021 Synopsys, Inc.
              /c This software and the associated documentation are proprietary to Synopsys, Inc. This software may only be used in accordance with the terms and conditions of a written license agreement with Synopsys, Inc. All other use, reproduction, or distribution of this software is strictly prohibited.
              /c 
              /c 
[03:52:38.50] /o /mnt/apps/public/COE/synopsys_apps/primewave/S-2021.09/auxx/samples/basic
[03:52:38.51] /o /mnt/apps/public/COE/synopsys_apps/primewave/S-2021.09/auxx/samples/snpsDeviceLib
[03:52:38.52] /o /mnt/apps/public/COE/synopsys_apps/primewave/S-2021.09/auxx/samples/analogLib
[03:52:38.53] /o /mnt/apps/public/COE/synopsys_apps/primewave/S-2021.09/auxx/samples/sheets
[03:52:38.54] /o /mnt/apps/public/COE/synopsys_apps/primewave/S-2021.09/auxx/samples/parasitics
[03:52:39.32] /o /afs/eos.ncsu.edu/lockers/research/ece/wdavis/tech/FreePDK3/syncust/NCSU_TechLib_FreePDK3
[03:52:39.32] /o Loading: Callback files...
[03:52:39.33] /o Loading: scripts/callbacks/callbacks.tcl
[03:52:39.33] /o 
              /c [INFO] : Loading display.drf from /afs/eos.ncsu.edu/lockers/research/ece/wdavis/tech/FreePDK3/syncust/NCSU_TechLib_FreePDK3
              /c 
              /c  if you wish to Load other display.drf, please set shell environment valiable "iPDK_load_display_NCSU_TechLib_FreePDK3" to value = 0
[03:52:39.33] /o 
[03:52:39.33] /w Warning: Could not set the value of preference xtDRCTool because it does not exist. (PREFERENCE-016)
[03:52:39.34] /w Warning: Could not set the value of preference xtDRCICVRunsetFile because it does not exist. (PREFERENCE-016)
[03:52:39.34] /w Warning: Could not set the value of preference xtDRCICVIncludePaths because it does not exist. (PREFERENCE-016)
[03:52:39.34] /w Warning: Could not set the value of preference xtDRCLayDBFormat because it does not exist. (PREFERENCE-016)
[03:52:39.34] /w Warning: Could not set the value of preference xtLVSTool because it does not exist. (PREFERENCE-016)
[03:52:39.34] /w Warning: Could not set the value of preference xtLVSICVRunsetFile because it does not exist. (PREFERENCE-016)
[03:52:39.34] /w Warning: Could not set the value of preference xtLVSICVIncludePaths because it does not exist. (PREFERENCE-016)
[03:52:39.34] /w Warning: Could not set the value of preference xtLVSLayDBFormat because it does not exist. (PREFERENCE-016)
[03:52:39.34] /w Warning: Could not set the value of preference xtLPELVSTool because it does not exist. (PREFERENCE-016)
[03:52:39.34] /w Warning: Could not set the value of preference xtLPETool because it does not exist. (PREFERENCE-016)
[03:52:39.34] /w Warning: Could not set the value of preference xtLPEOpenParasiticView because it does not exist. (PREFERENCE-016)
[03:52:39.34] /w Warning: Could not set the value of preference xtStarTcadGrdFile because it does not exist. (PREFERENCE-016)
[03:52:39.34] /w Warning: Could not set the value of preference xtLPEStarOADeviceMappingFile because it does not exist. (PREFERENCE-016)
[03:52:39.34] /w Warning: Could not set the value of preference xtStarOALayerMappingFile because it does not exist. (PREFERENCE-016)
[03:52:39.34] /o 	#######################################
[03:52:39.34] /o 	CC-PDK Library Name	: FreePDK3
[03:52:39.34] /o 	#######################################
[03:52:39.34] /o 
[03:52:39.38] /i ::sa::_backgroundSaeShell::signalProcessReady 1650613936
[03:52:39.39] /o saeInterBGSaeShell:  ::sa::_backgroundSaeShell::processReady 23
[03:56:02.91] /i ::wf::viewerExited
[03:57:24.07] /m Information: Stopped sharing "Primewave" license. (WAVEFORM-111)
[03:57:25.34] /i ::wf::viewerExited
[03:57:40.41] /o saeInterBGSaeShell:  ::sa::_backgroundSaeShell::pingBack
[03:57:40.56] /i ::sa::_backgroundSaeShell::parentRunning
[03:57:40.56] /o 1650614260
[03:58:58.34] /i ::wf::viewerExited
[04:00:47.15] /i ::wf::viewerExited
[04:02:41.43] /o saeInterBGSaeShell:  ::sa::_backgroundSaeShell::pingBack
[04:02:41.56] /i ::sa::_backgroundSaeShell::parentRunning
[04:02:41.57] /o 1650614561
[04:07:42.45] /o saeInterBGSaeShell:  ::sa::_backgroundSaeShell::pingBack
[04:07:42.56] /i ::sa::_backgroundSaeShell::parentRunning
[04:07:42.57] /o 1650614862
[04:12:43.47] /o saeInterBGSaeShell:  ::sa::_backgroundSaeShell::pingBack
[04:12:43.57] /i ::sa::_backgroundSaeShell::parentRunning
[04:12:43.57] /o 1650615163
[04:17:44.49] /o saeInterBGSaeShell:  ::sa::_backgroundSaeShell::pingBack
[04:17:44.66] /i ::sa::_backgroundSaeShell::parentRunning
[04:17:44.67] /o 1650615464
[04:17:50.15] /i ::sa::_backgroundSaeShell::exit
[04:17:50.15] /o saeInterBGSaeShell:  ::sa::_backgroundSaeShell::childFormallyExiting
[04:17:50.74] /m Information: License 'Apex' checked in. (LICENSE-004)
