[01:38:04.94] /m Information: Started sharing "Primewave" license. (WAVEFORM-110)
[01:38:13.83] /o pw_shell Version PrimeWave Design Envrionment S-2021.09
              /c Build  (OPT) compiled on Fri Aug 20 11:32:52 2021 for CentOS64 7.3
              /c Execution time: Fri Apr  8 01:37:56 2022
              /c Host: grendel33.ece.ncsu.edu
              /c 
              /c Copyright © 2004-2021 Synopsys, Inc.
              /c This software and the associated documentation are proprietary to Synopsys, Inc. This software may only be used in accordance with the terms and conditions of a written license agreement with Synopsys, Inc. All other use, reproduction, or distribution of this software is strictly prohibited.
              /c 
              /c 
[01:38:13.96] /o /mnt/apps/public/COE/synopsys_apps/primewave/S-2021.09/auxx/samples/basic
[01:38:13.97] /o /mnt/apps/public/COE/synopsys_apps/primewave/S-2021.09/auxx/samples/snpsDeviceLib
[01:38:13.97] /o /mnt/apps/public/COE/synopsys_apps/primewave/S-2021.09/auxx/samples/analogLib
[01:38:13.98] /o /mnt/apps/public/COE/synopsys_apps/primewave/S-2021.09/auxx/samples/sheets
[01:38:13.98] /o /mnt/apps/public/COE/synopsys_apps/primewave/S-2021.09/auxx/samples/parasitics
[01:38:14.36] /o /afs/eos.ncsu.edu/lockers/research/ece/wdavis/tech/FreePDK3/syncust/NCSU_TechLib_FreePDK3
[01:38:14.36] /o Loading: Callback files...
[01:38:14.36] /o Loading: scripts/callbacks/callbacks.tcl
[01:38:14.36] /o 
              /c [INFO] : Loading display.drf from /afs/eos.ncsu.edu/lockers/research/ece/wdavis/tech/FreePDK3/syncust/NCSU_TechLib_FreePDK3
              /c 
              /c  if you wish to Load other display.drf, please set shell environment valiable "iPDK_load_display_NCSU_TechLib_FreePDK3" to value = 0
[01:38:14.36] /o 
[01:38:14.37] /w Warning: Could not set the value of preference xtDRCTool because it does not exist. (PREFERENCE-016)
[01:38:14.37] /w Warning: Could not set the value of preference xtDRCICVRunsetFile because it does not exist. (PREFERENCE-016)
[01:38:14.37] /w Warning: Could not set the value of preference xtDRCICVIncludePaths because it does not exist. (PREFERENCE-016)
[01:38:14.37] /w Warning: Could not set the value of preference xtDRCLayDBFormat because it does not exist. (PREFERENCE-016)
[01:38:14.37] /w Warning: Could not set the value of preference xtLVSTool because it does not exist. (PREFERENCE-016)
[01:38:14.37] /w Warning: Could not set the value of preference xtLVSICVRunsetFile because it does not exist. (PREFERENCE-016)
[01:38:14.37] /w Warning: Could not set the value of preference xtLVSICVIncludePaths because it does not exist. (PREFERENCE-016)
[01:38:14.37] /w Warning: Could not set the value of preference xtLVSLayDBFormat because it does not exist. (PREFERENCE-016)
[01:38:14.37] /w Warning: Could not set the value of preference xtLPELVSTool because it does not exist. (PREFERENCE-016)
[01:38:14.37] /w Warning: Could not set the value of preference xtLPETool because it does not exist. (PREFERENCE-016)
[01:38:14.37] /w Warning: Could not set the value of preference xtLPEOpenParasiticView because it does not exist. (PREFERENCE-016)
[01:38:14.37] /w Warning: Could not set the value of preference xtStarTcadGrdFile because it does not exist. (PREFERENCE-016)
[01:38:14.37] /w Warning: Could not set the value of preference xtLPEStarOADeviceMappingFile because it does not exist. (PREFERENCE-016)
[01:38:14.37] /w Warning: Could not set the value of preference xtStarOALayerMappingFile because it does not exist. (PREFERENCE-016)
[01:38:14.37] /o 	#######################################
[01:38:14.37] /o 	CC-PDK Library Name	: FreePDK3
[01:38:14.37] /o 	#######################################
[01:38:14.37] /o 
[01:38:14.40] /i ::sa::_backgroundSaeShell::signalProcessReady 1649396275
[01:38:14.41] /o saeInterBGSaeShell:  ::sa::_backgroundSaeShell::processReady 19
[01:38:15.72] /i ::sa::_backgroundSaeShell::runScript /afs/unity.ncsu.edu/users/r/rsekani/bin/ece546/project/project_new/SRAM_design_new/simulation/mylib,bit_cell_array,schematic/history_1/simulation/HSPICE_default/HSPICE/nominal/.bg_measurement_script.tcl sa::_resultsDatabase::saeShellProcessingCompletedProc testSuiteName saeSession0 testbenchName HSPICE_default resultsDir /afs/unity.ncsu.edu/users/r/rsekani/bin/ece546/project/project_new/SRAM_design_new/simulation/mylib,bit_cell_array,schematic/history_1/simulation/HSPICE_default/HSPICE/nominal/results testSuiteDir /afs/unity.ncsu.edu/users/r/rsekani/bin/ece546/project/project_new/SRAM_design_new/simulation/mylib,bit_cell_array,schematic/history_1/simulation/HSPICE_default/HSPICE/nominal databaseName /afs/unity.ncsu.edu/users/r/rsekani/bin/ece546/project/project_new/SRAM_design_new/simulation/mylib,bit_cell_array,schematic/history_1/simulation/HSPICE_default/HSPICE/nominal/resultsDatabase remoteRun {} testbenchId 1 saveImages true
[01:38:15.98] /m Information: Loading preferences from /afs/unity.ncsu.edu/users/r/rsekani/bin/ece546/project/project_new/SRAM_design_new/simulation/mylib,bit_cell_array,schematic/history_1/simulation/HSPICE_default/HSPICE/nominal/pw_shell_session_prefs.xml
[01:38:16.24] /m Information: Start incremental database creation...
[01:38:16.30] /m Information: Create Iter role param id map
[01:38:16.37] /o saeInterBGSaeShell:  ::sa::_backgroundSaeShell::scriptFinished 0.6 {} sa::_resultsDatabase::saeShellProcessingCompletedProc testSuiteName saeSession0 testbenchName HSPICE_default resultsDir /afs/unity.ncsu.edu/users/r/rsekani/bin/ece546/project/project_new/SRAM_design_new/simulation/mylib,bit_cell_array,schematic/history_1/simulation/HSPICE_default/HSPICE/nominal/results testSuiteDir /afs/unity.ncsu.edu/users/r/rsekani/bin/ece546/project/project_new/SRAM_design_new/simulation/mylib,bit_cell_array,schematic/history_1/simulation/HSPICE_default/HSPICE/nominal databaseName /afs/unity.ncsu.edu/users/r/rsekani/bin/ece546/project/project_new/SRAM_design_new/simulation/mylib,bit_cell_array,schematic/history_1/simulation/HSPICE_default/HSPICE/nominal/resultsDatabase remoteRun {} testbenchId 1 saveImages true
[01:38:16.37] /o false
[01:38:16.37] /i ::wf::viewerExited
[01:39:03.34] /i ::wf::viewerExited
[01:41:33.15] /i ::sa::_backgroundSaeShell::exit
[01:41:33.15] /o saeInterBGSaeShell:  ::sa::_backgroundSaeShell::childFormallyExiting
[01:41:33.72] /m Information: License 'Apex' checked in. (LICENSE-004)
