[JudicatorDaemon] Daemon started with pid = 20243
bind to socket file /tmp/judisock_hz6dTy, socklen = 22.
started listen() on socket 18
  New connection to poll - 18
  New connection to poll - 19
  Listening socket is readable
  New connection to poll - 20
added new engine pid=20259,rank=1,slot=0
  Listening socket is readable
  New connection to poll - 21
added new engine pid=20279,rank=0,slot=1
  Listening socket is readable
  New connection to poll - 23
Adding fd 23 (pid=20259,rank=1,slot=0) to connection catalog
Engine 1 (pid 20259) host memory = 128672MB.
  Listening socket is readable
  New connection to poll - 24
Adding fd 24 (pid=20279,rank=0,slot=1) to connection catalog
Engine 0 (pid 20279) host memory = 128672MB.
Auto thread command 1383 387.0.0 (w=0.0 aw=0.0 lp=0 grd=0) started on engine pid=20259,rank=1,slot=0
Auto thread command 1383 387.0.0 (w=0.0 aw=0.0 lp=0 grd=0) started on engine pid=20279,rank=0,slot=1
command 1383 387.0.0 ended on engine pid=20259,rank=1,slot=0
command 1383 387.0.0 ended on engine pid=20279,rank=0,slot=1
Auto thread command 1147 317.0.0 (w=0.0 aw=0.0 lp=0 grd=0) started on engine pid=20279,rank=0,slot=1
command 1147 317.0.0 ended on engine pid=20279,rank=0,slot=1
Auto thread command 1154 319.0.0 (w=0.0 aw=0.0 lp=0 grd=0) started on engine pid=20279,rank=0,slot=1
command 1154 319.0.0 ended on engine pid=20279,rank=0,slot=1
Removing fd 24 from connection catalog
  Descriptor 24 hang up
Cannot identify connection with fd 24. No engine to shutdown.
Closing socket 24
[1.000298s] usr=0.0s, sys=0.0s
  Listening socket is readable
  New connection to poll - 24
Adding fd 24 (pid=20279,rank=0,slot=1) to connection catalog
Engine 0 (pid 20279) host memory = 128672MB.
Auto thread command 1161 322.0.0 (w=0.0 aw=0.0 lp=0 grd=0) started on engine pid=20259,rank=1,slot=0
command 1161 322.0.0 ended on engine pid=20259,rank=1,slot=0
Removing fd 23 from connection catalog
  Descriptor 23 hang up
Cannot identify connection with fd 23. No engine to shutdown.
Closing socket 23
Auto thread command 1383 387.0.0 (w=0.0 aw=0.0 lp=0 grd=0) started on engine pid=20279,rank=0,slot=1
command 1383 387.0.0 ended on engine pid=20279,rank=0,slot=1
  Listening socket is readable
  New connection to poll - 23
Adding fd 23 (pid=20259,rank=1,slot=0) to connection catalog
Engine 1 (pid 20259) host memory = 128672MB.
Auto thread command 1169 324.0.0 (w=0.0 aw=0.0 lp=0 grd=0) started on engine pid=20279,rank=0,slot=1
Auto thread command 1383 387.0.0 (w=0.0 aw=0.0 lp=0 grd=0) started on engine pid=20259,rank=1,slot=0
command 1383 387.0.0 ended on engine pid=20259,rank=1,slot=0
Auto thread command 0 0 (w=0.0 aw=0.0 lp=0 grd=0) started on engine pid=20259,rank=1,slot=0
command 0 0 ended on engine pid=20259,rank=1,slot=0
Removing fd 23 from connection catalog
  Descriptor 23 hang up
Cannot identify connection with fd 23. No engine to shutdown.
Closing socket 23
command 1169 324.0.0 ended on engine pid=20279,rank=0,slot=1
Auto thread command 1391 391.0.0 (w=0.0 aw=0.0 lp=0 grd=0) started on engine pid=20279,rank=0,slot=1
  Listening socket is readable
  New connection to poll - 23
Adding fd 23 (pid=20259,rank=1,slot=0) to connection catalog
Engine 1 (pid 20259) host memory = 128672MB.
command 1391 391.0.0 ended on engine pid=20279,rank=0,slot=1
Auto thread command 1400 392.0.0 (w=0.0 aw=0.0 lp=0 grd=0) started on engine pid=20279,rank=0,slot=1
command 1400 392.0.0 ended on engine pid=20279,rank=0,slot=1
Removing fd 24 from connection catalog
  Descriptor 24 hang up
Cannot identify connection with fd 24. No engine to shutdown.
Closing socket 24
Auto thread command 1383 387.0.0 (w=0.0 aw=0.0 lp=0 grd=0) started on engine pid=20259,rank=1,slot=0
command 1383 387.0.0 ended on engine pid=20259,rank=1,slot=0
Auto thread command 1659 459.0.0 (w=0.0 aw=0.0 lp=0 grd=0) started on engine pid=20259,rank=1,slot=0
command 1659 459.0.0 ended on engine pid=20259,rank=1,slot=0
Auto thread command 1643 455.0.0 (w=0.0 aw=0.0 lp=0 grd=0) started on engine pid=20259,rank=1,slot=0
command 1643 455.0.0 ended on engine pid=20259,rank=1,slot=0
Auto thread command 1627 451.0.0 (w=0.0 aw=0.0 lp=0 grd=0) started on engine pid=20259,rank=1,slot=0
command 1627 451.0.0 ended on engine pid=20259,rank=1,slot=0
Auto thread command 1611 447.0.0 (w=0.0 aw=0.0 lp=0 grd=0) started on engine pid=20259,rank=1,slot=0
command 1611 447.0.0 ended on engine pid=20259,rank=1,slot=0
Auto thread command 1595 443.0.0 (w=0.0 aw=0.0 lp=0 grd=0) started on engine pid=20259,rank=1,slot=0
command 1595 443.0.0 ended on engine pid=20259,rank=1,slot=0
Auto thread command 1579 439.0.0 (w=0.0 aw=0.0 lp=0 grd=0) started on engine pid=20259,rank=1,slot=0
command 1579 439.0.0 ended on engine pid=20259,rank=1,slot=0
Auto thread command 1563 435.0.0 (w=0.0 aw=0.0 lp=0 grd=0) started on engine pid=20259,rank=1,slot=0
command 1563 435.0.0 ended on engine pid=20259,rank=1,slot=0
Auto thread command 1547 431.0.0 (w=0.0 aw=0.0 lp=0 grd=0) started on engine pid=20259,rank=1,slot=0
command 1547 431.0.0 ended on engine pid=20259,rank=1,slot=0
Auto thread command 1531 427.0.0 (w=0.0 aw=0.0 lp=0 grd=0) started on engine pid=20259,rank=1,slot=0
command 1531 427.0.0 ended on engine pid=20259,rank=1,slot=0
Auto thread command 1515 423.0.0 (w=0.0 aw=0.0 lp=0 grd=0) started on engine pid=20259,rank=1,slot=0
command 1515 423.0.0 ended on engine pid=20259,rank=1,slot=0
Auto thread command 1499 419.0.0 (w=0.0 aw=0.0 lp=0 grd=0) started on engine pid=20259,rank=1,slot=0
command 1499 419.0.0 ended on engine pid=20259,rank=1,slot=0
Auto thread command 1483 415.0.0 (w=0.0 aw=0.0 lp=0 grd=0) started on engine pid=20259,rank=1,slot=0
command 1483 415.0.0 ended on engine pid=20259,rank=1,slot=0
Auto thread command 1467 411.0.0 (w=0.0 aw=0.0 lp=0 grd=0) started on engine pid=20259,rank=1,slot=0
command 1467 411.0.0 ended on engine pid=20259,rank=1,slot=0
Auto thread command 1444 407.0.0 (w=0.0 aw=0.0 lp=0 grd=0) started on engine pid=20259,rank=1,slot=0
command 1444 407.0.0 ended on engine pid=20259,rank=1,slot=0
Auto thread command 1388 390.0.0 (w=0.0 aw=0.0 lp=0 grd=0) started on engine pid=20259,rank=1,slot=0
command 1388 390.0.0 ended on engine pid=20259,rank=1,slot=0
Auto thread command 1456 408.0.0 (w=0.0 aw=0.0 lp=0 grd=0) started on engine pid=20259,rank=1,slot=0
command 1456 408.0.0 ended on engine pid=20259,rank=1,slot=0
Auto thread command 1472 412.0.0 (w=0.0 aw=0.0 lp=0 grd=0) started on engine pid=20259,rank=1,slot=0
command 1472 412.0.0 ended on engine pid=20259,rank=1,slot=0
Auto thread command 1488 416.0.0 (w=0.0 aw=0.0 lp=0 grd=0) started on engine pid=20259,rank=1,slot=0
command 1488 416.0.0 ended on engine pid=20259,rank=1,slot=0
Auto thread command 1504 420.0.0 (w=0.0 aw=0.0 lp=0 grd=0) started on engine pid=20259,rank=1,slot=0
command 1504 420.0.0 ended on engine pid=20259,rank=1,slot=0
Auto thread command 1520 424.0.0 (w=0.0 aw=0.0 lp=0 grd=0) started on engine pid=20259,rank=1,slot=0
command 1520 424.0.0 ended on engine pid=20259,rank=1,slot=0
Auto thread command 1536 428.0.0 (w=0.0 aw=0.0 lp=0 grd=0) started on engine pid=20259,rank=1,slot=0
command 1536 428.0.0 ended on engine pid=20259,rank=1,slot=0
Auto thread command 1552 432.0.0 (w=0.0 aw=0.0 lp=0 grd=0) started on engine pid=20259,rank=1,slot=0
command 1552 432.0.0 ended on engine pid=20259,rank=1,slot=0
Auto thread command 1568 436.0.0 (w=0.0 aw=0.0 lp=0 grd=0) started on engine pid=20259,rank=1,slot=0
command 1568 436.0.0 ended on engine pid=20259,rank=1,slot=0
Auto thread command 1584 440.0.0 (w=0.0 aw=0.0 lp=0 grd=0) started on engine pid=20259,rank=1,slot=0
[2.000214s] usr=0.0s, sys=0.01s
command 1584 440.0.0 ended on engine pid=20259,rank=1,slot=0
Auto thread command 1600 444.0.0 (w=0.0 aw=0.0 lp=0 grd=0) started on engine pid=20259,rank=1,slot=0
command 1600 444.0.0 ended on engine pid=20259,rank=1,slot=0
Auto thread command 1616 448.0.0 (w=0.0 aw=0.0 lp=0 grd=0) started on engine pid=20259,rank=1,slot=0
command 1616 448.0.0 ended on engine pid=20259,rank=1,slot=0
Auto thread command 1632 452.0.0 (w=0.0 aw=0.0 lp=0 grd=0) started on engine pid=20259,rank=1,slot=0
command 1632 452.0.0 ended on engine pid=20259,rank=1,slot=0
Auto thread command 1648 456.0.0 (w=0.0 aw=0.0 lp=0 grd=0) started on engine pid=20259,rank=1,slot=0
command 1648 456.0.0 ended on engine pid=20259,rank=1,slot=0
Auto thread command 1664 460.0.0 (w=0.0 aw=0.0 lp=0 grd=0) started on engine pid=20259,rank=1,slot=0
  Listening socket is readable
  New connection to poll - 24
Adding fd 24 (pid=20279,rank=0,slot=1) to connection catalog
Engine 0 (pid 20279) host memory = 128672MB.
command 1664 460.0.0 ended on engine pid=20259,rank=1,slot=0
Auto thread command 4133 1127.0.0 (w=0.0 aw=0.0 lp=0 grd=0) started on engine pid=20259,rank=1,slot=0
command 4133 1127.0.0 ended on engine pid=20259,rank=1,slot=0
Auto thread command 4129 1125.0.0 (w=0.0 aw=0.0 lp=0 grd=0) started on engine pid=20259,rank=1,slot=0
command 4129 1125.0.0 ended on engine pid=20259,rank=1,slot=0
Auto thread command 4123 1122.0.0 (w=0.0 aw=0.0 lp=0 grd=0) started on engine pid=20259,rank=1,slot=0
command 4123 1122.0.0 ended on engine pid=20259,rank=1,slot=0
Auto thread command 4121 1121.0.0 (w=0.0 aw=0.0 lp=0 grd=0) started on engine pid=20259,rank=1,slot=0
command 4121 1121.0.0 ended on engine pid=20259,rank=1,slot=0
Auto thread command 4115 1118.0.0 (w=0.0 aw=0.0 lp=0 grd=0) started on engine pid=20259,rank=1,slot=0
command 4115 1118.0.0 ended on engine pid=20259,rank=1,slot=0
Auto thread command 4108 1115.0.0 (w=0.0 aw=0.0 lp=0 grd=0) started on engine pid=20259,rank=1,slot=0
command 4108 1115.0.0 ended on engine pid=20259,rank=1,slot=0
Auto thread command 3944 1063.0.0 (w=0.0 aw=0.0 lp=0 grd=0) started on engine pid=20259,rank=1,slot=0
command 3944 1063.0.0 ended on engine pid=20259,rank=1,slot=0
Auto thread command 3940 1061.0.0 (w=0.0 aw=0.0 lp=0 grd=0) started on engine pid=20259,rank=1,slot=0
command 3940 1061.0.0 ended on engine pid=20259,rank=1,slot=0
Auto thread command 3934 1058.0.0 (w=0.0 aw=0.0 lp=0 grd=0) started on engine pid=20259,rank=1,slot=0
command 3934 1058.0.0 ended on engine pid=20259,rank=1,slot=0
Auto thread command 3932 1057.0.0 (w=0.0 aw=0.0 lp=0 grd=0) started on engine pid=20259,rank=1,slot=0
command 3932 1057.0.0 ended on engine pid=20259,rank=1,slot=0
Auto thread command 3926 1054.0.0 (w=0.0 aw=0.0 lp=0 grd=0) started on engine pid=20259,rank=1,slot=0
command 3926 1054.0.0 ended on engine pid=20259,rank=1,slot=0
Auto thread command 3919 1051.0.0 (w=0.0 aw=0.0 lp=0 grd=0) started on engine pid=20259,rank=1,slot=0
command 3919 1051.0.0 ended on engine pid=20259,rank=1,slot=0
Auto thread command 3751 998.0.0 (w=0.0 aw=0.0 lp=0 grd=0) started on engine pid=20259,rank=1,slot=0
command 3751 998.0.0 ended on engine pid=20259,rank=1,slot=0
Auto thread command 3747 996.0.0 (w=0.0 aw=0.0 lp=0 grd=0) started on engine pid=20259,rank=1,slot=0
command 3747 996.0.0 ended on engine pid=20259,rank=1,slot=0
Auto thread command 3741 993.0.0 (w=0.0 aw=0.0 lp=0 grd=0) started on engine pid=20259,rank=1,slot=0
command 3741 993.0.0 ended on engine pid=20259,rank=1,slot=0
Auto thread command 3739 992.0.0 (w=0.0 aw=0.0 lp=0 grd=0) started on engine pid=20259,rank=1,slot=0
command 3739 992.0.0 ended on engine pid=20259,rank=1,slot=0
Auto thread command 3733 989.0.0 (w=0.0 aw=0.0 lp=0 grd=0) started on engine pid=20259,rank=1,slot=0
command 3733 989.0.0 ended on engine pid=20259,rank=1,slot=0
Auto thread command 3726 986.0.0 (w=0.0 aw=0.0 lp=0 grd=0) started on engine pid=20259,rank=1,slot=0
command 3726 986.0.0 ended on engine pid=20259,rank=1,slot=0
Auto thread command 3557 951.0.0 (w=0.0 aw=0.0 lp=0 grd=0) started on engine pid=20259,rank=1,slot=0
command 3557 951.0.0 ended on engine pid=20259,rank=1,slot=0
Auto thread command 3553 949.0.0 (w=0.0 aw=0.0 lp=0 grd=0) started on engine pid=20259,rank=1,slot=0
command 3553 949.0.0 ended on engine pid=20259,rank=1,slot=0
Auto thread command 3547 946.0.0 (w=0.0 aw=0.0 lp=0 grd=0) started on engine pid=20259,rank=1,slot=0
command 3547 946.0.0 ended on engine pid=20259,rank=1,slot=0
Auto thread command 3545 945.0.0 (w=0.0 aw=0.0 lp=0 grd=0) started on engine pid=20259,rank=1,slot=0
command 3545 945.0.0 ended on engine pid=20259,rank=1,slot=0
Auto thread command 3539 942.0.0 (w=0.0 aw=0.0 lp=0 grd=0) started on engine pid=20259,rank=1,slot=0
command 3539 942.0.0 ended on engine pid=20259,rank=1,slot=0
Auto thread command 3532 939.0.0 (w=0.0 aw=0.0 lp=0 grd=0) started on engine pid=20259,rank=1,slot=0
command 3532 939.0.0 ended on engine pid=20259,rank=1,slot=0
Auto thread command 3422 904.0.0 (w=0.0 aw=0.0 lp=0 grd=0) started on engine pid=20259,rank=1,slot=0
command 3422 904.0.0 ended on engine pid=20259,rank=1,slot=0
Auto thread command 3418 902.0.0 (w=0.0 aw=0.0 lp=0 grd=0) started on engine pid=20259,rank=1,slot=0
command 3418 902.0.0 ended on engine pid=20259,rank=1,slot=0
Auto thread command 3412 899.0.0 (w=0.0 aw=0.0 lp=0 grd=0) started on engine pid=20259,rank=1,slot=0
command 3412 899.0.0 ended on engine pid=20259,rank=1,slot=0
Auto thread command 3410 898.0.0 (w=0.0 aw=0.0 lp=0 grd=0) started on engine pid=20259,rank=1,slot=0
command 3410 898.0.0 ended on engine pid=20259,rank=1,slot=0
Auto thread command 1403 393.0.0 (w=0.0 aw=0.0 lp=0 grd=0) started on engine pid=20259,rank=1,slot=0
command 1403 393.0.0 ended on engine pid=20259,rank=1,slot=0
Auto thread command 3755 1000.0.0 (w=0.0 aw=0.0 lp=0 grd=0) started on engine pid=20259,rank=1,slot=0
command 3755 1000.0.0 ended on engine pid=20259,rank=1,slot=0
Auto thread command 4137 1129.0.0 (w=0.0 aw=0.0 lp=0 grd=0) started on engine pid=20259,rank=1,slot=0
command 4137 1129.0.0 ended on engine pid=20259,rank=1,slot=0
Auto thread command 3948 1065.0.0 (w=0.0 aw=0.0 lp=0 grd=0) started on engine pid=20259,rank=1,slot=0
command 3948 1065.0.0 ended on engine pid=20259,rank=1,slot=0
Auto thread command 3561 953.0.0 (w=0.0 aw=0.0 lp=0 grd=0) started on engine pid=20259,rank=1,slot=0
command 3561 953.0.0 ended on engine pid=20259,rank=1,slot=0
Auto thread command 3563 954.0.0 (w=0.0 aw=0.0 lp=0 grd=0) started on engine pid=20259,rank=1,slot=0
command 3563 954.0.0 ended on engine pid=20259,rank=1,slot=0
Auto thread command 3950 1066.0.0 (w=0.0 aw=0.0 lp=0 grd=0) started on engine pid=20259,rank=1,slot=0
command 3950 1066.0.0 ended on engine pid=20259,rank=1,slot=0
Auto thread command 3968 1068.0.0 (w=0.0 aw=0.0 lp=0 grd=0) started on engine pid=20259,rank=1,slot=0
command 3968 1068.0.0 ended on engine pid=20259,rank=1,slot=0
Auto thread command 3963 1067.0.0 (w=0.0 aw=0.0 lp=0 grd=0) started on engine pid=20259,rank=1,slot=0
command 3963 1067.0.0 ended on engine pid=20259,rank=1,slot=0
Auto thread command 4078 1111.0.0 (w=0.0 aw=0.0 lp=0 grd=0) started on engine pid=20259,rank=1,slot=0
command 4078 1111.0.0 ended on engine pid=20259,rank=1,slot=0
Auto thread command 3980 1071.0.0 (w=0.0 aw=0.0 lp=0 grd=0) started on engine pid=20259,rank=1,slot=0
command 3980 1071.0.0 ended on engine pid=20259,rank=1,slot=0
Auto thread command 3975 1070.0.0 (w=0.0 aw=0.0 lp=0 grd=0) started on engine pid=20259,rank=1,slot=0
command 3975 1070.0.0 ended on engine pid=20259,rank=1,slot=0
Auto thread command 4074 1110.0.0 (w=0.0 aw=0.0 lp=0 grd=0) started on engine pid=20259,rank=1,slot=0
command 4074 1110.0.0 ended on engine pid=20259,rank=1,slot=0
Auto thread command 4139 1130.0.0 (w=0.0 aw=0.0 lp=0 grd=0) started on engine pid=20259,rank=1,slot=0
command 4139 1130.0.0 ended on engine pid=20259,rank=1,slot=0
Auto thread command 4157 1132.0.0 (w=0.0 aw=0.0 lp=0 grd=0) started on engine pid=20259,rank=1,slot=0
command 4157 1132.0.0 ended on engine pid=20259,rank=1,slot=0
Auto thread command 4152 1131.0.0 (w=0.0 aw=0.0 lp=0 grd=0) started on engine pid=20259,rank=1,slot=0
command 4152 1131.0.0 ended on engine pid=20259,rank=1,slot=0
Auto thread command 4263 1173.0.0 (w=0.0 aw=0.0 lp=0 grd=0) started on engine pid=20259,rank=1,slot=0
command 4263 1173.0.0 ended on engine pid=20259,rank=1,slot=0
Auto thread command 4169 1135.0.0 (w=0.0 aw=0.0 lp=0 grd=0) started on engine pid=20259,rank=1,slot=0
command 4169 1135.0.0 ended on engine pid=20259,rank=1,slot=0
Auto thread command 4164 1134.0.0 (w=0.0 aw=0.0 lp=0 grd=0) started on engine pid=20259,rank=1,slot=0
command 4164 1134.0.0 ended on engine pid=20259,rank=1,slot=0
Auto thread command 4259 1172.0.0 (w=0.0 aw=0.0 lp=0 grd=0) started on engine pid=20259,rank=1,slot=0
command 4259 1172.0.0 ended on engine pid=20259,rank=1,slot=0
Auto thread command 3757 1001.0.0 (w=0.0 aw=0.0 lp=0 grd=0) started on engine pid=20259,rank=1,slot=0
command 3757 1001.0.0 ended on engine pid=20259,rank=1,slot=0
Auto thread command 3775 1003.0.0 (w=0.0 aw=0.0 lp=0 grd=0) started on engine pid=20259,rank=1,slot=0
command 3775 1003.0.0 ended on engine pid=20259,rank=1,slot=0
Auto thread command 3770 1002.0.0 (w=0.0 aw=0.0 lp=0 grd=0) started on engine pid=20259,rank=1,slot=0
command 3770 1002.0.0 ended on engine pid=20259,rank=1,slot=0
Auto thread command 3888 1047.0.0 (w=0.0 aw=0.0 lp=0 grd=0) started on engine pid=20259,rank=1,slot=0
command 3888 1047.0.0 ended on engine pid=20259,rank=1,slot=0
Auto thread command 3787 1006.0.0 (w=0.0 aw=0.0 lp=0 grd=0) started on engine pid=20259,rank=1,slot=0
command 3787 1006.0.0 ended on engine pid=20259,rank=1,slot=0
Auto thread command 3782 1005.0.0 (w=0.0 aw=0.0 lp=0 grd=0) started on engine pid=20259,rank=1,slot=0
command 3782 1005.0.0 ended on engine pid=20259,rank=1,slot=0
Auto thread command 3884 1046.0.0 (w=0.0 aw=0.0 lp=0 grd=0) started on engine pid=20259,rank=1,slot=0
command 3884 1046.0.0 ended on engine pid=20259,rank=1,slot=0
Auto thread command 1669 461.0.0 (w=0.0 aw=0.0 lp=0 grd=0) started on engine pid=20259,rank=1,slot=0
command 1669 461.0.0 ended on engine pid=20259,rank=1,slot=0
Auto thread command 3273 854.0.0 (w=0.0 aw=0.0 lp=0 grd=0) started on engine pid=20259,rank=1,slot=0
command 3273 854.0.0 ended on engine pid=20259,rank=1,slot=0
Auto thread command 3277 855.0.0 (w=0.0 aw=0.0 lp=0 grd=0) started on engine pid=20259,rank=1,slot=0
command 3277 855.0.0 ended on engine pid=20259,rank=1,slot=0
Auto thread command 3284 857.0.0 (w=0.0 aw=0.0 lp=0 grd=0) started on engine pid=20259,rank=1,slot=0
command 3284 857.0.0 ended on engine pid=20259,rank=1,slot=0
Auto thread command 3148 823.0.0 (w=0.0 aw=0.0 lp=0 grd=0) started on engine pid=20259,rank=1,slot=0
command 3148 823.0.0 ended on engine pid=20259,rank=1,slot=0
Auto thread command 3152 824.0.0 (w=0.0 aw=0.0 lp=0 grd=0) started on engine pid=20259,rank=1,slot=0
command 3152 824.0.0 ended on engine pid=20259,rank=1,slot=0
Auto thread command 3164 827.0.0 (w=0.0 aw=0.0 lp=0 grd=0) started on engine pid=20259,rank=1,slot=0
command 3164 827.0.0 ended on engine pid=20259,rank=1,slot=0
Auto thread command 3160 826.0.0 (w=0.0 aw=0.0 lp=0 grd=0) started on engine pid=20259,rank=1,slot=0
command 3160 826.0.0 ended on engine pid=20259,rank=1,slot=0
Auto thread command 3170 829.0.0 (w=0.0 aw=0.0 lp=0 grd=0) started on engine pid=20259,rank=1,slot=0
command 3170 829.0.0 ended on engine pid=20259,rank=1,slot=0
Auto thread command 3235 841.0.0 (w=0.0 aw=0.0 lp=0 grd=0) started on engine pid=20259,rank=1,slot=0
command 3235 841.0.0 ended on engine pid=20259,rank=1,slot=0
Auto thread command 3227 840.0.0 (w=0.0 aw=0.0 lp=0 grd=0) started on engine pid=20259,rank=1,slot=0
command 3227 840.0.0 ended on engine pid=20259,rank=1,slot=0
Auto thread command 3243 842.0.0 (w=0.0 aw=0.0 lp=0 grd=0) started on engine pid=20259,rank=1,slot=0
command 3243 842.0.0 ended on engine pid=20259,rank=1,slot=0
Auto thread command 3156 825.0.0 (w=0.0 aw=0.0 lp=0 grd=0) started on engine pid=20259,rank=1,slot=0
command 3156 825.0.0 ended on engine pid=20259,rank=1,slot=0
Auto thread command 3167 828.0.0 (w=0.0 aw=0.0 lp=0 grd=0) started on engine pid=20259,rank=1,slot=0
command 3167 828.0.0 ended on engine pid=20259,rank=1,slot=0
Auto thread command 3177 831.0.0 (w=0.0 aw=0.0 lp=0 grd=0) started on engine pid=20259,rank=1,slot=0
command 3177 831.0.0 ended on engine pid=20259,rank=1,slot=0
Auto thread command 3216 838.0.0 (w=0.0 aw=0.0 lp=0 grd=0) started on engine pid=20259,rank=1,slot=0
command 3216 838.0.0 ended on engine pid=20259,rank=1,slot=0
Auto thread command 3204 836.0.0 (w=0.0 aw=0.0 lp=0 grd=0) started on engine pid=20259,rank=1,slot=0
command 3204 836.0.0 ended on engine pid=20259,rank=1,slot=0
Auto thread command 3208 837.0.0 (w=0.0 aw=0.0 lp=0 grd=0) started on engine pid=20259,rank=1,slot=0
command 3208 837.0.0 ended on engine pid=20259,rank=1,slot=0
Auto thread command 3224 839.0.0 (w=0.0 aw=0.0 lp=0 grd=0) started on engine pid=20259,rank=1,slot=0
command 3224 839.0.0 ended on engine pid=20259,rank=1,slot=0
Auto thread command 3173 830.0.0 (w=0.0 aw=0.0 lp=0 grd=0) started on engine pid=20259,rank=1,slot=0
command 3173 830.0.0 ended on engine pid=20259,rank=1,slot=0
Auto thread command 3193 834.0.0 (w=0.0 aw=0.0 lp=0 grd=0) started on engine pid=20259,rank=1,slot=0
command 3193 834.0.0 ended on engine pid=20259,rank=1,slot=0
Auto thread command 3181 832.0.0 (w=0.0 aw=0.0 lp=0 grd=0) started on engine pid=20259,rank=1,slot=0
Auto thread command 1383 387.0.0 (w=0.0 aw=0.0 lp=0 grd=0) started on engine pid=20279,rank=0,slot=1
command 1383 387.0.0 ended on engine pid=20279,rank=0,slot=1
command 3181 832.0.0 ended on engine pid=20259,rank=1,slot=0
Auto thread command 3137 821.0.0 (w=0.0 aw=0.0 lp=0 grd=0) started on engine pid=20279,rank=0,slot=1
Auto thread command 3185 833.0.0 (w=0.0 aw=0.0 lp=0 grd=0) started on engine pid=20259,rank=1,slot=0
command 3185 833.0.0 ended on engine pid=20259,rank=1,slot=0
Auto thread command 3201 835.0.0 (w=0.0 aw=0.0 lp=0 grd=0) started on engine pid=20259,rank=1,slot=0
command 3201 835.0.0 ended on engine pid=20259,rank=1,slot=0
Auto thread command 3127 819.0.0 (w=0.0 aw=0.0 lp=0 grd=0) started on engine pid=20259,rank=1,slot=0
command 3127 819.0.0 ended on engine pid=20259,rank=1,slot=0
Auto thread command 3130 820.0.0 (w=0.0 aw=0.0 lp=0 grd=0) started on engine pid=20259,rank=1,slot=0
command 3130 820.0.0 ended on engine pid=20259,rank=1,slot=0
Auto thread command 2784 748.0.0 (w=0.0 aw=0.0 lp=0 grd=0) started on engine pid=20259,rank=1,slot=0
command 2784 748.0.0 ended on engine pid=20259,rank=1,slot=0
command 3137 821.0.0 ended on engine pid=20279,rank=0,slot=1
Auto thread command 2787 749.0.0 (w=0.0 aw=0.0 lp=0 grd=0) started on engine pid=20259,rank=1,slot=0
Auto thread command 3246 843.0.0 (w=0.0 aw=0.0 lp=0 grd=0) started on engine pid=20279,rank=0,slot=1
command 3246 843.0.0 ended on engine pid=20279,rank=0,slot=1
Auto thread command 3255 846.0.0 (w=0.0 aw=0.0 lp=0 grd=0) started on engine pid=20279,rank=0,slot=1
command 2787 749.0.0 ended on engine pid=20259,rank=1,slot=0
command 3255 846.0.0 ended on engine pid=20279,rank=0,slot=1
Auto thread command 2803 753.0.0 (w=0.0 aw=0.0 lp=0 grd=0) started on engine pid=20259,rank=1,slot=0
Auto thread command 2793 750.0.0 (w=0.0 aw=0.0 lp=0 grd=0) started on engine pid=20279,rank=0,slot=1
command 2803 753.0.0 ended on engine pid=20259,rank=1,slot=0
Auto thread command 3145 822.0.0 (w=0.0 aw=0.0 lp=0 grd=0) started on engine pid=20259,rank=1,slot=0
command 2793 750.0.0 ended on engine pid=20279,rank=0,slot=1
Auto thread command 1653 457.0.0 (w=0.0 aw=0.0 lp=0 grd=0) started on engine pid=20279,rank=0,slot=1
command 3145 822.0.0 ended on engine pid=20259,rank=1,slot=0
Auto thread command 1637 453.0.0 (w=0.0 aw=0.0 lp=0 grd=0) started on engine pid=20259,rank=1,slot=0
command 1653 457.0.0 ended on engine pid=20279,rank=0,slot=1
command 1637 453.0.0 ended on engine pid=20259,rank=1,slot=0
Auto thread command 2983 789.0.0 (w=0.0 aw=0.0 lp=0 grd=0) started on engine pid=20279,rank=0,slot=1
Auto thread command 2957 784.0.0 (w=0.0 aw=0.0 lp=0 grd=0) started on engine pid=20259,rank=1,slot=0
command 2957 784.0.0 ended on engine pid=20259,rank=1,slot=0
Auto thread command 2946 782.0.0 (w=0.0 aw=0.0 lp=0 grd=0) started on engine pid=20259,rank=1,slot=0
command 2983 789.0.0 ended on engine pid=20279,rank=0,slot=1
command 2946 782.0.0 ended on engine pid=20259,rank=1,slot=0
Auto thread command 2936 780.0.0 (w=0.0 aw=0.0 lp=0 grd=0) started on engine pid=20279,rank=0,slot=1
command 2936 780.0.0 ended on engine pid=20279,rank=0,slot=1
Auto thread command 2949 783.0.0 (w=0.0 aw=0.0 lp=0 grd=0) started on engine pid=20259,rank=1,slot=0
Auto thread command 2939 781.0.0 (w=0.0 aw=0.0 lp=0 grd=0) started on engine pid=20279,rank=0,slot=1
command 2949 783.0.0 ended on engine pid=20259,rank=1,slot=0
Auto thread command 2925 778.0.0 (w=0.0 aw=0.0 lp=0 grd=0) started on engine pid=20259,rank=1,slot=0
command 2939 781.0.0 ended on engine pid=20279,rank=0,slot=1
Auto thread command 2915 776.0.0 (w=0.0 aw=0.0 lp=0 grd=0) started on engine pid=20279,rank=0,slot=1
command 2925 778.0.0 ended on engine pid=20259,rank=1,slot=0
command 2915 776.0.0 ended on engine pid=20279,rank=0,slot=1
Auto thread command 2928 779.0.0 (w=0.0 aw=0.0 lp=0 grd=0) started on engine pid=20259,rank=1,slot=0
Auto thread command 2918 777.0.0 (w=0.0 aw=0.0 lp=0 grd=0) started on engine pid=20279,rank=0,slot=1
command 2928 779.0.0 ended on engine pid=20259,rank=1,slot=0
Auto thread command 2773 745.0.0 (w=0.0 aw=0.0 lp=0 grd=0) started on engine pid=20259,rank=1,slot=0
command 2918 777.0.0 ended on engine pid=20279,rank=0,slot=1
Auto thread command 2738 738.0.0 (w=0.0 aw=0.0 lp=0 grd=0) started on engine pid=20279,rank=0,slot=1
command 2773 745.0.0 ended on engine pid=20259,rank=1,slot=0
Auto thread command 2556 700.0.0 (w=0.0 aw=0.0 lp=0 grd=0) started on engine pid=20259,rank=1,slot=0
command 2556 700.0.0 ended on engine pid=20259,rank=1,slot=0
command 2738 738.0.0 ended on engine pid=20279,rank=0,slot=1
Auto thread command 2559 701.0.0 (w=0.0 aw=0.0 lp=0 grd=0) started on engine pid=20259,rank=1,slot=0
Auto thread command 2378 664.0.0 (w=0.0 aw=0.0 lp=0 grd=0) started on engine pid=20279,rank=0,slot=1
command 2378 664.0.0 ended on engine pid=20279,rank=0,slot=1
Auto thread command 1903 565.0.0 (w=0.0 aw=0.0 lp=0 grd=0) started on engine pid=20279,rank=0,slot=1
command 2559 701.0.0 ended on engine pid=20259,rank=1,slot=0
Auto thread command 2777 746.0.0 (w=0.0 aw=0.0 lp=0 grd=0) started on engine pid=20259,rank=1,slot=0
command 1903 565.0.0 ended on engine pid=20279,rank=0,slot=1
command 2777 746.0.0 ended on engine pid=20259,rank=1,slot=0
Auto thread command 1907 566.0.0 (w=0.0 aw=0.0 lp=0 grd=0) started on engine pid=20279,rank=0,slot=1
Auto thread command 2780 747.0.0 (w=0.0 aw=0.0 lp=0 grd=0) started on engine pid=20259,rank=1,slot=0
command 1907 566.0.0 ended on engine pid=20279,rank=0,slot=1
Auto thread command 2565 702.0.0 (w=0.0 aw=0.0 lp=0 grd=0) started on engine pid=20279,rank=0,slot=1
command 2780 747.0.0 ended on engine pid=20259,rank=1,slot=0
Auto thread command 2814 755.0.0 (w=0.0 aw=0.0 lp=0 grd=0) started on engine pid=20259,rank=1,slot=0
command 2565 702.0.0 ended on engine pid=20279,rank=0,slot=1
Auto thread command 2963 785.0.0 (w=0.0 aw=0.0 lp=0 grd=0) started on engine pid=20279,rank=0,slot=1
command 2963 785.0.0 ended on engine pid=20279,rank=0,slot=1
Auto thread command 2762 743.0.0 (w=0.0 aw=0.0 lp=0 grd=0) started on engine pid=20279,rank=0,slot=1
command 2814 755.0.0 ended on engine pid=20259,rank=1,slot=0
command 2762 743.0.0 ended on engine pid=20279,rank=0,slot=1
Auto thread command 2796 751.0.0 (w=0.0 aw=0.0 lp=0 grd=0) started on engine pid=20259,rank=1,slot=0
Auto thread command 2750 740.0.0 (w=0.0 aw=0.0 lp=0 grd=0) started on engine pid=20279,rank=0,slot=1
command 2750 740.0.0 ended on engine pid=20279,rank=0,slot=1
Auto thread command 2753 741.0.0 (w=0.0 aw=0.0 lp=0 grd=0) started on engine pid=20279,rank=0,slot=1
command 2796 751.0.0 ended on engine pid=20259,rank=1,slot=0
Auto thread command 2744 739.0.0 (w=0.0 aw=0.0 lp=0 grd=0) started on engine pid=20259,rank=1,slot=0
command 2753 741.0.0 ended on engine pid=20279,rank=0,slot=1
Auto thread command 2800 752.0.0 (w=0.0 aw=0.0 lp=0 grd=0) started on engine pid=20279,rank=0,slot=1
command 2744 739.0.0 ended on engine pid=20259,rank=1,slot=0
Auto thread command 2759 742.0.0 (w=0.0 aw=0.0 lp=0 grd=0) started on engine pid=20259,rank=1,slot=0
command 2800 752.0.0 ended on engine pid=20279,rank=0,slot=1
command 2759 742.0.0 ended on engine pid=20259,rank=1,slot=0
Auto thread command 2806 754.0.0 (w=0.0 aw=0.0 lp=0 grd=0) started on engine pid=20279,rank=0,slot=1
Auto thread command 2765 744.0.0 (w=0.0 aw=0.0 lp=0 grd=0) started on engine pid=20259,rank=1,slot=0
command 2806 754.0.0 ended on engine pid=20279,rank=0,slot=1
command 2765 744.0.0 ended on engine pid=20259,rank=1,slot=0
Auto thread command 2730 737.0.0 (w=0.0 aw=0.0 lp=0 grd=0) started on engine pid=20279,rank=0,slot=1
Auto thread command 2683 727.0.0 (w=0.0 aw=0.0 lp=0 grd=0) started on engine pid=20259,rank=1,slot=0
command 2683 727.0.0 ended on engine pid=20259,rank=1,slot=0
command 2730 737.0.0 ended on engine pid=20279,rank=0,slot=1
Auto thread command 2722 736.0.0 (w=0.0 aw=0.0 lp=0 grd=0) started on engine pid=20259,rank=1,slot=0
Auto thread command 2712 734.0.0 (w=0.0 aw=0.0 lp=0 grd=0) started on engine pid=20279,rank=0,slot=1
command 2722 736.0.0 ended on engine pid=20259,rank=1,slot=0
Auto thread command 2699 731.0.0 (w=0.0 aw=0.0 lp=0 grd=0) started on engine pid=20259,rank=1,slot=0
command 2712 734.0.0 ended on engine pid=20279,rank=0,slot=1
Auto thread command 2686 728.0.0 (w=0.0 aw=0.0 lp=0 grd=0) started on engine pid=20279,rank=0,slot=1
command 2699 731.0.0 ended on engine pid=20259,rank=1,slot=0
Auto thread command 2706 732.0.0 (w=0.0 aw=0.0 lp=0 grd=0) started on engine pid=20259,rank=1,slot=0
command 2686 728.0.0 ended on engine pid=20279,rank=0,slot=1
Auto thread command 2693 729.0.0 (w=0.0 aw=0.0 lp=0 grd=0) started on engine pid=20279,rank=0,slot=1
command 2706 732.0.0 ended on engine pid=20259,rank=1,slot=0
Auto thread command 2677 726.0.0 (w=0.0 aw=0.0 lp=0 grd=0) started on engine pid=20259,rank=1,slot=0
command 2693 729.0.0 ended on engine pid=20279,rank=0,slot=1
command 2677 726.0.0 ended on engine pid=20259,rank=1,slot=0
Auto thread command 1621 449.0.0 (w=0.0 aw=0.0 lp=0 grd=0) started on engine pid=20279,rank=0,slot=1
Auto thread command 1605 445.0.0 (w=0.0 aw=0.0 lp=0 grd=0) started on engine pid=20259,rank=1,slot=0
command 1605 445.0.0 ended on engine pid=20259,rank=1,slot=0
command 1621 449.0.0 ended on engine pid=20279,rank=0,slot=1
Auto thread command 2586 707.0.0 (w=0.0 aw=0.0 lp=0 grd=0) started on engine pid=20259,rank=1,slot=0
Auto thread command 2966 786.0.0 (w=0.0 aw=0.0 lp=0 grd=0) started on engine pid=20279,rank=0,slot=1
command 2966 786.0.0 ended on engine pid=20279,rank=0,slot=1
Auto thread command 2969 787.0.0 (w=0.0 aw=0.0 lp=0 grd=0) started on engine pid=20279,rank=0,slot=1
command 2586 707.0.0 ended on engine pid=20259,rank=1,slot=0
Auto thread command 2590 708.0.0 (w=0.0 aw=0.0 lp=0 grd=0) started on engine pid=20259,rank=1,slot=0
command 2969 787.0.0 ended on engine pid=20279,rank=0,slot=1
command 2590 708.0.0 ended on engine pid=20259,rank=1,slot=0
Auto thread command 2975 788.0.0 (w=0.0 aw=0.0 lp=0 grd=0) started on engine pid=20279,rank=0,slot=1
Auto thread command 2598 710.0.0 (w=0.0 aw=0.0 lp=0 grd=0) started on engine pid=20259,rank=1,slot=0
command 2975 788.0.0 ended on engine pid=20279,rank=0,slot=1
Auto thread command 2594 709.0.0 (w=0.0 aw=0.0 lp=0 grd=0) started on engine pid=20279,rank=0,slot=1
command 2598 710.0.0 ended on engine pid=20259,rank=1,slot=0
Auto thread command 2443 678.0.0 (w=0.0 aw=0.0 lp=0 grd=0) started on engine pid=20259,rank=1,slot=0
command 2594 709.0.0 ended on engine pid=20279,rank=0,slot=1
Auto thread command 2437 677.0.0 (w=0.0 aw=0.0 lp=0 grd=0) started on engine pid=20279,rank=0,slot=1
command 2443 678.0.0 ended on engine pid=20259,rank=1,slot=0
Auto thread command 2449 679.0.0 (w=0.0 aw=0.0 lp=0 grd=0) started on engine pid=20259,rank=1,slot=0
command 2437 677.0.0 ended on engine pid=20279,rank=0,slot=1
Auto thread command 2434 676.0.0 (w=0.0 aw=0.0 lp=0 grd=0) started on engine pid=20279,rank=0,slot=1
command 2449 679.0.0 ended on engine pid=20259,rank=1,slot=0
Auto thread command 2454 680.0.0 (w=0.0 aw=0.0 lp=0 grd=0) started on engine pid=20259,rank=1,slot=0
command 2434 676.0.0 ended on engine pid=20279,rank=0,slot=1
Auto thread command 2345 657.0.0 (w=0.0 aw=0.0 lp=0 grd=0) started on engine pid=20279,rank=0,slot=1
command 2454 680.0.0 ended on engine pid=20259,rank=1,slot=0
command 2345 657.0.0 ended on engine pid=20279,rank=0,slot=1
Auto thread command 2582 706.0.0 (w=0.0 aw=0.0 lp=0 grd=0) started on engine pid=20259,rank=1,slot=0
Auto thread command 2403 670.0.0 (w=0.0 aw=0.0 lp=0 grd=0) started on engine pid=20279,rank=0,slot=1
command 2582 706.0.0 ended on engine pid=20259,rank=1,slot=0
Auto thread command 2393 668.0.0 (w=0.0 aw=0.0 lp=0 grd=0) started on engine pid=20259,rank=1,slot=0
command 2403 670.0.0 ended on engine pid=20279,rank=0,slot=1
Auto thread command 2383 666.0.0 (w=0.0 aw=0.0 lp=0 grd=0) started on engine pid=20279,rank=0,slot=1
command 2393 668.0.0 ended on engine pid=20259,rank=1,slot=0
Auto thread command 2361 661.0.0 (w=0.0 aw=0.0 lp=0 grd=0) started on engine pid=20259,rank=1,slot=0
command 2383 666.0.0 ended on engine pid=20279,rank=0,slot=1
Auto thread command 2348 658.0.0 (w=0.0 aw=0.0 lp=0 grd=0) started on engine pid=20279,rank=0,slot=1
command 2361 661.0.0 ended on engine pid=20259,rank=1,slot=0
Auto thread command 2368 662.0.0 (w=0.0 aw=0.0 lp=0 grd=0) started on engine pid=20259,rank=1,slot=0
command 2348 658.0.0 ended on engine pid=20279,rank=0,slot=1
Auto thread command 2355 659.0.0 (w=0.0 aw=0.0 lp=0 grd=0) started on engine pid=20279,rank=0,slot=1
command 2368 662.0.0 ended on engine pid=20259,rank=1,slot=0
Auto thread command 2544 697.0.0 (w=0.0 aw=0.0 lp=0 grd=0) started on engine pid=20259,rank=1,slot=0
command 2355 659.0.0 ended on engine pid=20279,rank=0,slot=1
command 2544 697.0.0 ended on engine pid=20259,rank=1,slot=0
Auto thread command 2538 696.0.0 (w=0.0 aw=0.0 lp=0 grd=0) started on engine pid=20279,rank=0,slot=1
Auto thread command 2547 698.0.0 (w=0.0 aw=0.0 lp=0 grd=0) started on engine pid=20259,rank=1,slot=0
command 2538 696.0.0 ended on engine pid=20279,rank=0,slot=1
Auto thread command 2524 694.0.0 (w=0.0 aw=0.0 lp=0 grd=0) started on engine pid=20279,rank=0,slot=1
command 2547 698.0.0 ended on engine pid=20259,rank=1,slot=0
Auto thread command 2620 715.0.0 (w=0.0 aw=0.0 lp=0 grd=0) started on engine pid=20259,rank=1,slot=0
command 2620 715.0.0 ended on engine pid=20259,rank=1,slot=0
command 2524 694.0.0 ended on engine pid=20279,rank=0,slot=1
Auto thread command 2553 699.0.0 (w=0.0 aw=0.0 lp=0 grd=0) started on engine pid=20279,rank=0,slot=1
Auto thread command 2513 692.0.0 (w=0.0 aw=0.0 lp=0 grd=0) started on engine pid=20259,rank=1,slot=0
command 2513 692.0.0 ended on engine pid=20259,rank=1,slot=0
command 2553 699.0.0 ended on engine pid=20279,rank=0,slot=1
Auto thread command 2516 693.0.0 (w=0.0 aw=0.0 lp=0 grd=0) started on engine pid=20259,rank=1,slot=0
Auto thread command 2602 711.0.0 (w=0.0 aw=0.0 lp=0 grd=0) started on engine pid=20279,rank=0,slot=1
command 2516 693.0.0 ended on engine pid=20259,rank=1,slot=0
command 2602 711.0.0 ended on engine pid=20279,rank=0,slot=1
Auto thread command 2576 704.0.0 (w=0.0 aw=0.0 lp=0 grd=0) started on engine pid=20259,rank=1,slot=0
Auto thread command 2568 703.0.0 (w=0.0 aw=0.0 lp=0 grd=0) started on engine pid=20279,rank=0,slot=1
command 2576 704.0.0 ended on engine pid=20259,rank=1,slot=0
command 2568 703.0.0 ended on engine pid=20279,rank=0,slot=1
Auto thread command 2502 690.0.0 (w=0.0 aw=0.0 lp=0 grd=0) started on engine pid=20259,rank=1,slot=0
Auto thread command 2579 705.0.0 (w=0.0 aw=0.0 lp=0 grd=0) started on engine pid=20279,rank=0,slot=1
command 2502 690.0.0 ended on engine pid=20259,rank=1,slot=0
Auto thread command 2505 691.0.0 (w=0.0 aw=0.0 lp=0 grd=0) started on engine pid=20259,rank=1,slot=0
command 2579 705.0.0 ended on engine pid=20279,rank=0,slot=1
Auto thread command 2486 687.0.0 (w=0.0 aw=0.0 lp=0 grd=0) started on engine pid=20279,rank=0,slot=1
command 2505 691.0.0 ended on engine pid=20259,rank=1,slot=0
command 2486 687.0.0 ended on engine pid=20279,rank=0,slot=1
Auto thread command 2480 686.0.0 (w=0.0 aw=0.0 lp=0 grd=0) started on engine pid=20259,rank=1,slot=0
Auto thread command 2492 688.0.0 (w=0.0 aw=0.0 lp=0 grd=0) started on engine pid=20279,rank=0,slot=1
command 2492 688.0.0 ended on engine pid=20279,rank=0,slot=1
command 2480 686.0.0 ended on engine pid=20259,rank=1,slot=0
Auto thread command 2498 689.0.0 (w=0.0 aw=0.0 lp=0 grd=0) started on engine pid=20279,rank=0,slot=1
Auto thread command 1589 441.0.0 (w=0.0 aw=0.0 lp=0 grd=0) started on engine pid=20259,rank=1,slot=0
command 2498 689.0.0 ended on engine pid=20279,rank=0,slot=1
Auto thread command 1573 437.0.0 (w=0.0 aw=0.0 lp=0 grd=0) started on engine pid=20279,rank=0,slot=1
command 1589 441.0.0 ended on engine pid=20259,rank=1,slot=0
command 1573 437.0.0 ended on engine pid=20279,rank=0,slot=1
Auto thread command 2912 775.0.0 (w=0.0 aw=0.0 lp=0 grd=0) started on engine pid=20259,rank=1,slot=0
Auto thread command 2069 601.0.0 (w=0.0 aw=0.0 lp=0 grd=0) started on engine pid=20279,rank=0,slot=1
command 2912 775.0.0 ended on engine pid=20259,rank=1,slot=0
Auto thread command 2045 595.0.0 (w=0.0 aw=0.0 lp=0 grd=0) started on engine pid=20259,rank=1,slot=0
command 2069 601.0.0 ended on engine pid=20279,rank=0,slot=1
Auto thread command 2024 591.0.0 (w=0.0 aw=0.0 lp=0 grd=0) started on engine pid=20279,rank=0,slot=1
command 2045 595.0.0 ended on engine pid=20259,rank=1,slot=0
command 2024 591.0.0 ended on engine pid=20279,rank=0,slot=1
Auto thread command 2048 596.0.0 (w=0.0 aw=0.0 lp=0 grd=0) started on engine pid=20259,rank=1,slot=0
Auto thread command 2027 592.0.0 (w=0.0 aw=0.0 lp=0 grd=0) started on engine pid=20279,rank=0,slot=1
command 2048 596.0.0 ended on engine pid=20259,rank=1,slot=0
Auto thread command 2013 589.0.0 (w=0.0 aw=0.0 lp=0 grd=0) started on engine pid=20259,rank=1,slot=0
command 2027 592.0.0 ended on engine pid=20279,rank=0,slot=1
Auto thread command 1981 583.0.0 (w=0.0 aw=0.0 lp=0 grd=0) started on engine pid=20279,rank=0,slot=1
command 2013 589.0.0 ended on engine pid=20259,rank=1,slot=0
command 1981 583.0.0 ended on engine pid=20279,rank=0,slot=1
Auto thread command 2016 590.0.0 (w=0.0 aw=0.0 lp=0 grd=0) started on engine pid=20259,rank=1,slot=0
Auto thread command 1984 584.0.0 (w=0.0 aw=0.0 lp=0 grd=0) started on engine pid=20279,rank=0,slot=1
command 2016 590.0.0 ended on engine pid=20259,rank=1,slot=0
Auto thread command 2877 768.0.0 (w=0.0 aw=0.0 lp=0 grd=0) started on engine pid=20259,rank=1,slot=0
command 1984 584.0.0 ended on engine pid=20279,rank=0,slot=1
Auto thread command 2866 766.0.0 (w=0.0 aw=0.0 lp=0 grd=0) started on engine pid=20279,rank=0,slot=1
command 2877 768.0.0 ended on engine pid=20259,rank=1,slot=0
Auto thread command 2856 764.0.0 (w=0.0 aw=0.0 lp=0 grd=0) started on engine pid=20259,rank=1,slot=0
command 2866 766.0.0 ended on engine pid=20279,rank=0,slot=1
command 2856 764.0.0 ended on engine pid=20259,rank=1,slot=0
Auto thread command 2869 767.0.0 (w=0.0 aw=0.0 lp=0 grd=0) started on engine pid=20279,rank=0,slot=1
Auto thread command 2859 765.0.0 (w=0.0 aw=0.0 lp=0 grd=0) started on engine pid=20259,rank=1,slot=0
command 2869 767.0.0 ended on engine pid=20279,rank=0,slot=1
Auto thread command 2828 758.0.0 (w=0.0 aw=0.0 lp=0 grd=0) started on engine pid=20279,rank=0,slot=1
command 2859 765.0.0 ended on engine pid=20259,rank=1,slot=0
Auto thread command 2818 756.0.0 (w=0.0 aw=0.0 lp=0 grd=0) started on engine pid=20259,rank=1,slot=0
command 2828 758.0.0 ended on engine pid=20279,rank=0,slot=1
command 2818 756.0.0 ended on engine pid=20259,rank=1,slot=0
Auto thread command 2665 723.0.0 (w=0.0 aw=0.0 lp=0 grd=0) started on engine pid=20279,rank=0,slot=1
Auto thread command 2821 757.0.0 (w=0.0 aw=0.0 lp=0 grd=0) started on engine pid=20259,rank=1,slot=0
command 2821 757.0.0 ended on engine pid=20259,rank=1,slot=0
command 2665 723.0.0 ended on engine pid=20279,rank=0,slot=1
Auto thread command 2669 724.0.0 (w=0.0 aw=0.0 lp=0 grd=0) started on engine pid=20279,rank=0,slot=1
Auto thread command 2532 695.0.0 (w=0.0 aw=0.0 lp=0 grd=0) started on engine pid=20259,rank=1,slot=0
command 2669 724.0.0 ended on engine pid=20279,rank=0,slot=1
Auto thread command 2674 725.0.0 (w=0.0 aw=0.0 lp=0 grd=0) started on engine pid=20279,rank=0,slot=1
command 2532 695.0.0 ended on engine pid=20259,rank=1,slot=0
Auto thread command 2413 672.0.0 (w=0.0 aw=0.0 lp=0 grd=0) started on engine pid=20259,rank=1,slot=0
command 2674 725.0.0 ended on engine pid=20279,rank=0,slot=1
command 2413 672.0.0 ended on engine pid=20259,rank=1,slot=0
Auto thread command 2282 644.0.0 (w=0.0 aw=0.0 lp=0 grd=0) started on engine pid=20279,rank=0,slot=1
command 2282 644.0.0 ended on engine pid=20279,rank=0,slot=1
Auto thread command 2416 673.0.0 (w=0.0 aw=0.0 lp=0 grd=0) started on engine pid=20259,rank=1,slot=0
Auto thread command 2285 645.0.0 (w=0.0 aw=0.0 lp=0 grd=0) started on engine pid=20279,rank=0,slot=1
command 2416 673.0.0 ended on engine pid=20259,rank=1,slot=0
Auto thread command 1911 567.0.0 (w=0.0 aw=0.0 lp=0 grd=0) started on engine pid=20259,rank=1,slot=0
command 2285 645.0.0 ended on engine pid=20279,rank=0,slot=1
Auto thread command 2605 712.0.0 (w=0.0 aw=0.0 lp=0 grd=0) started on engine pid=20279,rank=0,slot=1
command 2605 712.0.0 ended on engine pid=20279,rank=0,slot=1
command 1911 567.0.0 ended on engine pid=20259,rank=1,slot=0
Auto thread command 2845 762.0.0 (w=0.0 aw=0.0 lp=0 grd=0) started on engine pid=20279,rank=0,slot=1
Auto thread command 1915 568.0.0 (w=0.0 aw=0.0 lp=0 grd=0) started on engine pid=20259,rank=1,slot=0
command 2845 762.0.0 ended on engine pid=20279,rank=0,slot=1
Auto thread command 2616 714.0.0 (w=0.0 aw=0.0 lp=0 grd=0) started on engine pid=20279,rank=0,slot=1
command 1915 568.0.0 ended on engine pid=20259,rank=1,slot=0
Auto thread command 2608 713.0.0 (w=0.0 aw=0.0 lp=0 grd=0) started on engine pid=20259,rank=1,slot=0
command 2616 714.0.0 ended on engine pid=20279,rank=0,slot=1
Auto thread command 2291 646.0.0 (w=0.0 aw=0.0 lp=0 grd=0) started on engine pid=20279,rank=0,slot=1
command 2291 646.0.0 ended on engine pid=20279,rank=0,slot=1
Auto thread command 2623 716.0.0 (w=0.0 aw=0.0 lp=0 grd=0) started on engine pid=20279,rank=0,slot=1
command 2623 716.0.0 ended on engine pid=20279,rank=0,slot=1
command 2608 713.0.0 ended on engine pid=20259,rank=1,slot=0
Auto thread command 2626 717.0.0 (w=0.0 aw=0.0 lp=0 grd=0) started on engine pid=20279,rank=0,slot=1
Auto thread command 1557 433.0.0 (w=0.0 aw=0.0 lp=0 grd=0) started on engine pid=20259,rank=1,slot=0
command 1557 433.0.0 ended on engine pid=20259,rank=1,slot=0
Auto thread command 2075 603.0.0 (w=0.0 aw=0.0 lp=0 grd=0) started on engine pid=20259,rank=1,slot=0
command 2626 717.0.0 ended on engine pid=20279,rank=0,slot=1
Auto thread command 2072 602.0.0 (w=0.0 aw=0.0 lp=0 grd=0) started on engine pid=20279,rank=0,slot=1
command 2075 603.0.0 ended on engine pid=20259,rank=1,slot=0
Auto thread command 2055 597.0.0 (w=0.0 aw=0.0 lp=0 grd=0) started on engine pid=20259,rank=1,slot=0
command 2072 602.0.0 ended on engine pid=20279,rank=0,slot=1
Auto thread command 2035 593.0.0 (w=0.0 aw=0.0 lp=0 grd=0) started on engine pid=20279,rank=0,slot=1
command 2055 597.0.0 ended on engine pid=20259,rank=1,slot=0
command 2035 593.0.0 ended on engine pid=20279,rank=0,slot=1
Auto thread command 2062 599.0.0 (w=0.0 aw=0.0 lp=0 grd=0) started on engine pid=20259,rank=1,slot=0
command 2062 599.0.0 ended on engine pid=20259,rank=1,slot=0
Auto thread command 2038 594.0.0 (w=0.0 aw=0.0 lp=0 grd=0) started on engine pid=20279,rank=0,slot=1
Auto thread command 2002 587.0.0 (w=0.0 aw=0.0 lp=0 grd=0) started on engine pid=20259,rank=1,slot=0
command 2002 587.0.0 ended on engine pid=20259,rank=1,slot=0
command 2038 594.0.0 ended on engine pid=20279,rank=0,slot=1
Auto thread command 2005 588.0.0 (w=0.0 aw=0.0 lp=0 grd=0) started on engine pid=20259,rank=1,slot=0
Auto thread command 1991 585.0.0 (w=0.0 aw=0.0 lp=0 grd=0) started on engine pid=20279,rank=0,slot=1
command 1991 585.0.0 ended on engine pid=20279,rank=0,slot=1
command 2005 588.0.0 ended on engine pid=20259,rank=1,slot=0
Auto thread command 1994 586.0.0 (w=0.0 aw=0.0 lp=0 grd=0) started on engine pid=20279,rank=0,slot=1
Auto thread command 1971 581.0.0 (w=0.0 aw=0.0 lp=0 grd=0) started on engine pid=20259,rank=1,slot=0
command 1971 581.0.0 ended on engine pid=20259,rank=1,slot=0
command 1994 586.0.0 ended on engine pid=20279,rank=0,slot=1
Auto thread command 1974 582.0.0 (w=0.0 aw=0.0 lp=0 grd=0) started on engine pid=20259,rank=1,slot=0
Auto thread command 1541 429.0.0 (w=0.0 aw=0.0 lp=0 grd=0) started on engine pid=20279,rank=0,slot=1
command 1974 582.0.0 ended on engine pid=20259,rank=1,slot=0
Auto thread command 1525 425.0.0 (w=0.0 aw=0.0 lp=0 grd=0) started on engine pid=20259,rank=1,slot=0
command 1541 429.0.0 ended on engine pid=20279,rank=0,slot=1
Auto thread command 3114 816.0.0 (w=0.0 aw=0.0 lp=0 grd=0) started on engine pid=20279,rank=0,slot=1
command 1525 425.0.0 ended on engine pid=20259,rank=1,slot=0
command 3114 816.0.0 ended on engine pid=20279,rank=0,slot=1
Auto thread command 3108 815.0.0 (w=0.0 aw=0.0 lp=0 grd=0) started on engine pid=20259,rank=1,slot=0
Auto thread command 3117 817.0.0 (w=0.0 aw=0.0 lp=0 grd=0) started on engine pid=20279,rank=0,slot=1
command 3117 817.0.0 ended on engine pid=20279,rank=0,slot=1
command 3108 815.0.0 ended on engine pid=20259,rank=1,slot=0
Auto thread command 3023 798.0.0 (w=0.0 aw=0.0 lp=0 grd=0) started on engine pid=20279,rank=0,slot=1
Auto thread command 2986 790.0.0 (w=0.0 aw=0.0 lp=0 grd=0) started on engine pid=20259,rank=1,slot=0
command 2986 790.0.0 ended on engine pid=20259,rank=1,slot=0
command 3023 798.0.0 ended on engine pid=20279,rank=0,slot=1
Auto thread command 3053 805.0.0 (w=0.0 aw=0.0 lp=0 grd=0) started on engine pid=20259,rank=1,slot=0
Auto thread command 3044 803.0.0 (w=0.0 aw=0.0 lp=0 grd=0) started on engine pid=20279,rank=0,slot=1
command 3053 805.0.0 ended on engine pid=20259,rank=1,slot=0
Auto thread command 3002 794.0.0 (w=0.0 aw=0.0 lp=0 grd=0) started on engine pid=20259,rank=1,slot=0
command 3044 803.0.0 ended on engine pid=20279,rank=0,slot=1
Auto thread command 2989 791.0.0 (w=0.0 aw=0.0 lp=0 grd=0) started on engine pid=20279,rank=0,slot=1
command 3002 794.0.0 ended on engine pid=20259,rank=1,slot=0
Auto thread command 2831 759.0.0 (w=0.0 aw=0.0 lp=0 grd=0) started on engine pid=20259,rank=1,slot=0
command 2989 791.0.0 ended on engine pid=20279,rank=0,slot=1
command 2831 759.0.0 ended on engine pid=20259,rank=1,slot=0
Auto thread command 2996 792.0.0 (w=0.0 aw=0.0 lp=0 grd=0) started on engine pid=20279,rank=0,slot=1
Auto thread command 2834 760.0.0 (w=0.0 aw=0.0 lp=0 grd=0) started on engine pid=20259,rank=1,slot=0
command 2996 792.0.0 ended on engine pid=20279,rank=0,slot=1
Auto thread command 2650 720.0.0 (w=0.0 aw=0.0 lp=0 grd=0) started on engine pid=20279,rank=0,slot=1
command 2834 760.0.0 ended on engine pid=20259,rank=1,slot=0
Auto thread command 2457 681.0.0 (w=0.0 aw=0.0 lp=0 grd=0) started on engine pid=20259,rank=1,slot=0
command 2650 720.0.0 ended on engine pid=20279,rank=0,slot=1
Auto thread command 2653 721.0.0 (w=0.0 aw=0.0 lp=0 grd=0) started on engine pid=20279,rank=0,slot=1
command 2457 681.0.0 ended on engine pid=20259,rank=1,slot=0
Auto thread command 2463 682.0.0 (w=0.0 aw=0.0 lp=0 grd=0) started on engine pid=20259,rank=1,slot=0
command 2653 721.0.0 ended on engine pid=20279,rank=0,slot=1
Auto thread command 2372 663.0.0 (w=0.0 aw=0.0 lp=0 grd=0) started on engine pid=20279,rank=0,slot=1
command 2463 682.0.0 ended on engine pid=20259,rank=1,slot=0
Auto thread command 2468 683.0.0 (w=0.0 aw=0.0 lp=0 grd=0) started on engine pid=20259,rank=1,slot=0
command 2372 663.0.0 ended on engine pid=20279,rank=0,slot=1
Auto thread command 2330 654.0.0 (w=0.0 aw=0.0 lp=0 grd=0) started on engine pid=20279,rank=0,slot=1
command 2468 683.0.0 ended on engine pid=20259,rank=1,slot=0
command 2330 654.0.0 ended on engine pid=20279,rank=0,slot=1
Auto thread command 2209 629.0.0 (w=0.0 aw=0.0 lp=0 grd=0) started on engine pid=20259,rank=1,slot=0
Auto thread command 1851 545.0.0 (w=0.0 aw=0.0 lp=0 grd=0) started on engine pid=20279,rank=0,slot=1
command 2209 629.0.0 ended on engine pid=20259,rank=1,slot=0
Auto thread command 3102 814.0.0 (w=0.0 aw=0.0 lp=0 grd=0) started on engine pid=20259,rank=1,slot=0
command 1851 545.0.0 ended on engine pid=20279,rank=0,slot=1
Auto thread command 1869 550.0.0 (w=0.0 aw=0.0 lp=0 grd=0) started on engine pid=20279,rank=0,slot=1
command 3102 814.0.0 ended on engine pid=20259,rank=1,slot=0
Auto thread command 3069 807.0.0 (w=0.0 aw=0.0 lp=0 grd=0) started on engine pid=20259,rank=1,slot=0
command 3069 807.0.0 ended on engine pid=20259,rank=1,slot=0
command 1869 550.0.0 ended on engine pid=20279,rank=0,slot=1
Auto thread command 3094 813.0.0 (w=0.0 aw=0.0 lp=0 grd=0) started on engine pid=20259,rank=1,slot=0
Auto thread command 1873 551.0.0 (w=0.0 aw=0.0 lp=0 grd=0) started on engine pid=20279,rank=0,slot=1
command 3094 813.0.0 ended on engine pid=20259,rank=1,slot=0
Auto thread command 3085 811.0.0 (w=0.0 aw=0.0 lp=0 grd=0) started on engine pid=20259,rank=1,slot=0
command 1873 551.0.0 ended on engine pid=20279,rank=0,slot=1
command 3085 811.0.0 ended on engine pid=20259,rank=1,slot=0
Auto thread command 3072 808.0.0 (w=0.0 aw=0.0 lp=0 grd=0) started on engine pid=20279,rank=0,slot=1
Auto thread command 3010 795.0.0 (w=0.0 aw=0.0 lp=0 grd=0) started on engine pid=20259,rank=1,slot=0
command 3010 795.0.0 ended on engine pid=20259,rank=1,slot=0
command 3072 808.0.0 ended on engine pid=20279,rank=0,slot=1
Auto thread command 3015 797.0.0 (w=0.0 aw=0.0 lp=0 grd=0) started on engine pid=20259,rank=1,slot=0
Auto thread command 3079 809.0.0 (w=0.0 aw=0.0 lp=0 grd=0) started on engine pid=20279,rank=0,slot=1
command 3015 797.0.0 ended on engine pid=20259,rank=1,slot=0
Auto thread command 2659 722.0.0 (w=0.0 aw=0.0 lp=0 grd=0) started on engine pid=20259,rank=1,slot=0
command 3079 809.0.0 ended on engine pid=20279,rank=0,slot=1
Auto thread command 2471 684.0.0 (w=0.0 aw=0.0 lp=0 grd=0) started on engine pid=20279,rank=0,slot=1
command 2471 684.0.0 ended on engine pid=20279,rank=0,slot=1
Auto thread command 2474 685.0.0 (w=0.0 aw=0.0 lp=0 grd=0) started on engine pid=20279,rank=0,slot=1
command 2659 722.0.0 ended on engine pid=20259,rank=1,slot=0
Auto thread command 1509 421.0.0 (w=0.0 aw=0.0 lp=0 grd=0) started on engine pid=20259,rank=1,slot=0
command 1509 421.0.0 ended on engine pid=20259,rank=1,slot=0
command 2474 685.0.0 ended on engine pid=20279,rank=0,slot=1
Auto thread command 3123 818.0.0 (w=0.0 aw=0.0 lp=0 grd=0) started on engine pid=20259,rank=1,slot=0
Auto thread command 3029 799.0.0 (w=0.0 aw=0.0 lp=0 grd=0) started on engine pid=20279,rank=0,slot=1
command 3029 799.0.0 ended on engine pid=20279,rank=0,slot=1
Auto thread command 3034 801.0.0 (w=0.0 aw=0.0 lp=0 grd=0) started on engine pid=20279,rank=0,slot=1
command 3123 818.0.0 ended on engine pid=20259,rank=1,slot=0
Auto thread command 2902 773.0.0 (w=0.0 aw=0.0 lp=0 grd=0) started on engine pid=20259,rank=1,slot=0
command 3034 801.0.0 ended on engine pid=20279,rank=0,slot=1
Auto thread command 2883 769.0.0 (w=0.0 aw=0.0 lp=0 grd=0) started on engine pid=20279,rank=0,slot=1
command 2902 773.0.0 ended on engine pid=20259,rank=1,slot=0
Auto thread command 2908 774.0.0 (w=0.0 aw=0.0 lp=0 grd=0) started on engine pid=20259,rank=1,slot=0
command 2883 769.0.0 ended on engine pid=20279,rank=0,slot=1
Auto thread command 2887 770.0.0 (w=0.0 aw=0.0 lp=0 grd=0) started on engine pid=20279,rank=0,slot=1
command 2908 774.0.0 ended on engine pid=20259,rank=1,slot=0
command 2887 770.0.0 ended on engine pid=20279,rank=0,slot=1
Auto thread command 2890 771.0.0 (w=0.0 aw=0.0 lp=0 grd=0) started on engine pid=20279,rank=0,slot=1
Auto thread command 2157 619.0.0 (w=0.0 aw=0.0 lp=0 grd=0) started on engine pid=20259,rank=1,slot=0
command 2157 619.0.0 ended on engine pid=20259,rank=1,slot=0
Auto thread command 2160 620.0.0 (w=0.0 aw=0.0 lp=0 grd=0) started on engine pid=20259,rank=1,slot=0
command 2890 771.0.0 ended on engine pid=20279,rank=0,slot=1
Auto thread command 2895 772.0.0 (w=0.0 aw=0.0 lp=0 grd=0) started on engine pid=20279,rank=0,slot=1
command 2160 620.0.0 ended on engine pid=20259,rank=1,slot=0
Auto thread command 2842 761.0.0 (w=0.0 aw=0.0 lp=0 grd=0) started on engine pid=20259,rank=1,slot=0
command 2895 772.0.0 ended on engine pid=20279,rank=0,slot=1
Auto thread command 2166 621.0.0 (w=0.0 aw=0.0 lp=0 grd=0) started on engine pid=20279,rank=0,slot=1
command 2842 761.0.0 ended on engine pid=20259,rank=1,slot=0
Auto thread command 2848 763.0.0 (w=0.0 aw=0.0 lp=0 grd=0) started on engine pid=20259,rank=1,slot=0
command 2166 621.0.0 ended on engine pid=20279,rank=0,slot=1
Auto thread command 2151 618.0.0 (w=0.0 aw=0.0 lp=0 grd=0) started on engine pid=20279,rank=0,slot=1
command 2848 763.0.0 ended on engine pid=20259,rank=1,slot=0
Auto thread command 2138 615.0.0 (w=0.0 aw=0.0 lp=0 grd=0) started on engine pid=20259,rank=1,slot=0
command 2151 618.0.0 ended on engine pid=20279,rank=0,slot=1
command 2138 615.0.0 ended on engine pid=20259,rank=1,slot=0
Auto thread command 2127 613.0.0 (w=0.0 aw=0.0 lp=0 grd=0) started on engine pid=20279,rank=0,slot=1
Auto thread command 2112 610.0.0 (w=0.0 aw=0.0 lp=0 grd=0) started on engine pid=20259,rank=1,slot=0
command 2127 613.0.0 ended on engine pid=20279,rank=0,slot=1
Auto thread command 2130 614.0.0 (w=0.0 aw=0.0 lp=0 grd=0) started on engine pid=20279,rank=0,slot=1
command 2130 614.0.0 ended on engine pid=20279,rank=0,slot=1
command 2112 610.0.0 ended on engine pid=20259,rank=1,slot=0
Auto thread command 2116 611.0.0 (w=0.0 aw=0.0 lp=0 grd=0) started on engine pid=20279,rank=0,slot=1
Auto thread command 2102 608.0.0 (w=0.0 aw=0.0 lp=0 grd=0) started on engine pid=20259,rank=1,slot=0
command 2102 608.0.0 ended on engine pid=20259,rank=1,slot=0
command 2116 611.0.0 ended on engine pid=20279,rank=0,slot=1
Auto thread command 2105 609.0.0 (w=0.0 aw=0.0 lp=0 grd=0) started on engine pid=20259,rank=1,slot=0
Auto thread command 2119 612.0.0 (w=0.0 aw=0.0 lp=0 grd=0) started on engine pid=20279,rank=0,slot=1
command 2105 609.0.0 ended on engine pid=20259,rank=1,slot=0
Auto thread command 2091 606.0.0 (w=0.0 aw=0.0 lp=0 grd=0) started on engine pid=20259,rank=1,slot=0
command 2119 612.0.0 ended on engine pid=20279,rank=0,slot=1
Auto thread command 2081 604.0.0 (w=0.0 aw=0.0 lp=0 grd=0) started on engine pid=20279,rank=0,slot=1
command 2091 606.0.0 ended on engine pid=20259,rank=1,slot=0
command 2081 604.0.0 ended on engine pid=20279,rank=0,slot=1
Auto thread command 2094 607.0.0 (w=0.0 aw=0.0 lp=0 grd=0) started on engine pid=20259,rank=1,slot=0
Auto thread command 2084 605.0.0 (w=0.0 aw=0.0 lp=0 grd=0) started on engine pid=20279,rank=0,slot=1
command 2094 607.0.0 ended on engine pid=20259,rank=1,slot=0
Auto thread command 2065 600.0.0 (w=0.0 aw=0.0 lp=0 grd=0) started on engine pid=20259,rank=1,slot=0
command 2084 605.0.0 ended on engine pid=20279,rank=0,slot=1
Auto thread command 2058 598.0.0 (w=0.0 aw=0.0 lp=0 grd=0) started on engine pid=20279,rank=0,slot=1
command 2065 600.0.0 ended on engine pid=20259,rank=1,slot=0
Auto thread command 1854 546.0.0 (w=0.0 aw=0.0 lp=0 grd=0) started on engine pid=20259,rank=1,slot=0
command 2058 598.0.0 ended on engine pid=20279,rank=0,slot=1
Auto thread command 1493 417.0.0 (w=0.0 aw=0.0 lp=0 grd=0) started on engine pid=20279,rank=0,slot=1
command 1493 417.0.0 ended on engine pid=20279,rank=0,slot=1
command 1854 546.0.0 ended on engine pid=20259,rank=1,slot=0
Auto thread command 2212 630.0.0 (w=0.0 aw=0.0 lp=0 grd=0) started on engine pid=20279,rank=0,slot=1
command 2212 630.0.0 ended on engine pid=20279,rank=0,slot=1
Auto thread command 1862 548.0.0 (w=0.0 aw=0.0 lp=0 grd=0) started on engine pid=20259,rank=1,slot=0
Auto thread command 2215 631.0.0 (w=0.0 aw=0.0 lp=0 grd=0) started on engine pid=20279,rank=0,slot=1
command 1862 548.0.0 ended on engine pid=20259,rank=1,slot=0
Auto thread command 1858 547.0.0 (w=0.0 aw=0.0 lp=0 grd=0) started on engine pid=20259,rank=1,slot=0
command 2215 631.0.0 ended on engine pid=20279,rank=0,slot=1
command 1858 547.0.0 ended on engine pid=20259,rank=1,slot=0
Auto thread command 2203 628.0.0 (w=0.0 aw=0.0 lp=0 grd=0) started on engine pid=20279,rank=0,slot=1
Auto thread command 1866 549.0.0 (w=0.0 aw=0.0 lp=0 grd=0) started on engine pid=20259,rank=1,slot=0
command 2203 628.0.0 ended on engine pid=20279,rank=0,slot=1
Auto thread command 2200 627.0.0 (w=0.0 aw=0.0 lp=0 grd=0) started on engine pid=20279,rank=0,slot=1
command 1866 549.0.0 ended on engine pid=20259,rank=1,slot=0
Auto thread command 2190 625.0.0 (w=0.0 aw=0.0 lp=0 grd=0) started on engine pid=20259,rank=1,slot=0
command 2200 627.0.0 ended on engine pid=20279,rank=0,slot=1
Auto thread command 2180 623.0.0 (w=0.0 aw=0.0 lp=0 grd=0) started on engine pid=20279,rank=0,slot=1
command 2190 625.0.0 ended on engine pid=20259,rank=1,slot=0
command 2180 623.0.0 ended on engine pid=20279,rank=0,slot=1
Auto thread command 2193 626.0.0 (w=0.0 aw=0.0 lp=0 grd=0) started on engine pid=20259,rank=1,slot=0
Auto thread command 2183 624.0.0 (w=0.0 aw=0.0 lp=0 grd=0) started on engine pid=20279,rank=0,slot=1
command 2193 626.0.0 ended on engine pid=20259,rank=1,slot=0
Auto thread command 1477 413.0.0 (w=0.0 aw=0.0 lp=0 grd=0) started on engine pid=20259,rank=1,slot=0
command 2183 624.0.0 ended on engine pid=20279,rank=0,slot=1
Auto thread command 1461 409.0.0 (w=0.0 aw=0.0 lp=0 grd=0) started on engine pid=20279,rank=0,slot=1
command 1477 413.0.0 ended on engine pid=20259,rank=1,slot=0
command 1461 409.0.0 ended on engine pid=20279,rank=0,slot=1
Auto thread command 2339 656.0.0 (w=0.0 aw=0.0 lp=0 grd=0) started on engine pid=20259,rank=1,slot=0
Auto thread command 2265 641.0.0 (w=0.0 aw=0.0 lp=0 grd=0) started on engine pid=20279,rank=0,slot=1
command 2265 641.0.0 ended on engine pid=20279,rank=0,slot=1
Auto thread command 2268 642.0.0 (w=0.0 aw=0.0 lp=0 grd=0) started on engine pid=20279,rank=0,slot=1
command 2339 656.0.0 ended on engine pid=20259,rank=1,slot=0
Auto thread command 1965 580.0.0 (w=0.0 aw=0.0 lp=0 grd=0) started on engine pid=20259,rank=1,slot=0
command 2268 642.0.0 ended on engine pid=20279,rank=0,slot=1
Auto thread command 1931 573.0.0 (w=0.0 aw=0.0 lp=0 grd=0) started on engine pid=20279,rank=0,slot=1
command 1931 573.0.0 ended on engine pid=20279,rank=0,slot=1
command 1965 580.0.0 ended on engine pid=20259,rank=1,slot=0
Auto thread command 2143 617.0.0 (w=0.0 aw=0.0 lp=0 grd=0) started on engine pid=20279,rank=0,slot=1
Auto thread command 1957 579.0.0 (w=0.0 aw=0.0 lp=0 grd=0) started on engine pid=20259,rank=1,slot=0
command 1957 579.0.0 ended on engine pid=20259,rank=1,slot=0
Auto thread command 1947 577.0.0 (w=0.0 aw=0.0 lp=0 grd=0) started on engine pid=20259,rank=1,slot=0
command 2143 617.0.0 ended on engine pid=20279,rank=0,slot=1
Auto thread command 1934 574.0.0 (w=0.0 aw=0.0 lp=0 grd=0) started on engine pid=20279,rank=0,slot=1
command 1947 577.0.0 ended on engine pid=20259,rank=1,slot=0
Auto thread command 1919 569.0.0 (w=0.0 aw=0.0 lp=0 grd=0) started on engine pid=20259,rank=1,slot=0
command 1934 574.0.0 ended on engine pid=20279,rank=0,slot=1
Auto thread command 1941 575.0.0 (w=0.0 aw=0.0 lp=0 grd=0) started on engine pid=20279,rank=0,slot=1
command 1919 569.0.0 ended on engine pid=20259,rank=1,slot=0
Auto thread command 1923 570.0.0 (w=0.0 aw=0.0 lp=0 grd=0) started on engine pid=20259,rank=1,slot=0
command 1941 575.0.0 ended on engine pid=20279,rank=0,slot=1
Auto thread command 2333 655.0.0 (w=0.0 aw=0.0 lp=0 grd=0) started on engine pid=20279,rank=0,slot=1
command 1923 570.0.0 ended on engine pid=20259,rank=1,slot=0
Auto thread command 2322 653.0.0 (w=0.0 aw=0.0 lp=0 grd=0) started on engine pid=20259,rank=1,slot=0
command 2333 655.0.0 ended on engine pid=20279,rank=0,slot=1
Auto thread command 2298 648.0.0 (w=0.0 aw=0.0 lp=0 grd=0) started on engine pid=20279,rank=0,slot=1
command 2322 653.0.0 ended on engine pid=20259,rank=1,slot=0
Auto thread command 2294 647.0.0 (w=0.0 aw=0.0 lp=0 grd=0) started on engine pid=20259,rank=1,slot=0
command 2298 648.0.0 ended on engine pid=20279,rank=0,slot=1
Auto thread command 2256 639.0.0 (w=0.0 aw=0.0 lp=0 grd=0) started on engine pid=20279,rank=0,slot=1
command 2294 647.0.0 ended on engine pid=20259,rank=1,slot=0
command 2256 639.0.0 ended on engine pid=20279,rank=0,slot=1
Auto thread command 2259 640.0.0 (w=0.0 aw=0.0 lp=0 grd=0) started on engine pid=20279,rank=0,slot=1
Auto thread command 2229 633.0.0 (w=0.0 aw=0.0 lp=0 grd=0) started on engine pid=20259,rank=1,slot=0
command 2229 633.0.0 ended on engine pid=20259,rank=1,slot=0
command 2259 640.0.0 ended on engine pid=20279,rank=0,slot=1
Auto thread command 2314 652.0.0 (w=0.0 aw=0.0 lp=0 grd=0) started on engine pid=20259,rank=1,slot=0
Auto thread command 2274 643.0.0 (w=0.0 aw=0.0 lp=0 grd=0) started on engine pid=20279,rank=0,slot=1
command 2314 652.0.0 ended on engine pid=20259,rank=1,slot=0
Auto thread command 2304 650.0.0 (w=0.0 aw=0.0 lp=0 grd=0) started on engine pid=20259,rank=1,slot=0
command 2274 643.0.0 ended on engine pid=20279,rank=0,slot=1
Auto thread command 2245 637.0.0 (w=0.0 aw=0.0 lp=0 grd=0) started on engine pid=20279,rank=0,slot=1
command 2304 650.0.0 ended on engine pid=20259,rank=1,slot=0
Auto thread command 2232 634.0.0 (w=0.0 aw=0.0 lp=0 grd=0) started on engine pid=20259,rank=1,slot=0
command 2245 637.0.0 ended on engine pid=20279,rank=0,slot=1
command 2232 634.0.0 ended on engine pid=20259,rank=1,slot=0
Auto thread command 2252 638.0.0 (w=0.0 aw=0.0 lp=0 grd=0) started on engine pid=20279,rank=0,slot=1
Auto thread command 2239 635.0.0 (w=0.0 aw=0.0 lp=0 grd=0) started on engine pid=20259,rank=1,slot=0
command 2252 638.0.0 ended on engine pid=20279,rank=0,slot=1
command 2239 635.0.0 ended on engine pid=20259,rank=1,slot=0
Auto thread command 2223 632.0.0 (w=0.0 aw=0.0 lp=0 grd=0) started on engine pid=20279,rank=0,slot=1
Auto thread command 3869 1040.0.0 (w=0.0 aw=0.0 lp=0 grd=0) started on engine pid=20259,rank=1,slot=0
command 3869 1040.0.0 ended on engine pid=20259,rank=1,slot=0
Auto thread command 3404 895.0.0 (w=0.0 aw=0.0 lp=0 grd=0) started on engine pid=20259,rank=1,slot=0
command 2223 632.0.0 ended on engine pid=20279,rank=0,slot=1
command 3404 895.0.0 ended on engine pid=20259,rank=1,slot=0
Auto thread command 3397 892.0.0 (w=0.0 aw=0.0 lp=0 grd=0) started on engine pid=20279,rank=0,slot=1
command 3397 892.0.0 ended on engine pid=20279,rank=0,slot=1
Auto thread command 3426 906.0.0 (w=0.0 aw=0.0 lp=0 grd=0) started on engine pid=20259,rank=1,slot=0
Auto thread command 3265 850.0.0 (w=0.0 aw=0.0 lp=0 grd=0) started on engine pid=20279,rank=0,slot=1
command 3265 850.0.0 ended on engine pid=20279,rank=0,slot=1
Auto thread command 3263 849.0.0 (w=0.0 aw=0.0 lp=0 grd=0) started on engine pid=20279,rank=0,slot=1
command 3263 849.0.0 ended on engine pid=20279,rank=0,slot=1
Auto thread command 3290 859.0.0 (w=0.0 aw=0.0 lp=0 grd=0) started on engine pid=20279,rank=0,slot=1
command 3426 906.0.0 ended on engine pid=20259,rank=1,slot=0
Auto thread command 3428 907.0.0 (w=0.0 aw=0.0 lp=0 grd=0) started on engine pid=20259,rank=1,slot=0
command 3428 907.0.0 ended on engine pid=20259,rank=1,slot=0
command 3290 859.0.0 ended on engine pid=20279,rank=0,slot=1
Auto thread command 1901 564.0.0 (w=0.0 aw=0.0 lp=0 grd=0) started on engine pid=20259,rank=1,slot=0
Auto thread command 3292 860.0.0 (w=0.0 aw=0.0 lp=0 grd=0) started on engine pid=20279,rank=0,slot=1
command 1901 564.0.0 ended on engine pid=20259,rank=1,slot=0
Auto thread command 1899 563.0.0 (w=0.0 aw=0.0 lp=0 grd=0) started on engine pid=20259,rank=1,slot=0
command 1899 563.0.0 ended on engine pid=20259,rank=1,slot=0
Auto thread command 1897 562.0.0 (w=0.0 aw=0.0 lp=0 grd=0) started on engine pid=20259,rank=1,slot=0
command 1897 562.0.0 ended on engine pid=20259,rank=1,slot=0
Auto thread command 1895 561.0.0 (w=0.0 aw=0.0 lp=0 grd=0) started on engine pid=20259,rank=1,slot=0
command 1895 561.0.0 ended on engine pid=20259,rank=1,slot=0
Auto thread command 1893 560.0.0 (w=0.0 aw=0.0 lp=0 grd=0) started on engine pid=20259,rank=1,slot=0
command 1893 560.0.0 ended on engine pid=20259,rank=1,slot=0
Auto thread command 1891 559.0.0 (w=0.0 aw=0.0 lp=0 grd=0) started on engine pid=20259,rank=1,slot=0
command 1891 559.0.0 ended on engine pid=20259,rank=1,slot=0
Auto thread command 1889 558.0.0 (w=0.0 aw=0.0 lp=0 grd=0) started on engine pid=20259,rank=1,slot=0
command 1889 558.0.0 ended on engine pid=20259,rank=1,slot=0
Auto thread command 1887 557.0.0 (w=0.0 aw=0.0 lp=0 grd=0) started on engine pid=20259,rank=1,slot=0
command 1887 557.0.0 ended on engine pid=20259,rank=1,slot=0
Auto thread command 1885 556.0.0 (w=0.0 aw=0.0 lp=0 grd=0) started on engine pid=20259,rank=1,slot=0
command 1885 556.0.0 ended on engine pid=20259,rank=1,slot=0
Auto thread command 1883 555.0.0 (w=0.0 aw=0.0 lp=0 grd=0) started on engine pid=20259,rank=1,slot=0
command 1883 555.0.0 ended on engine pid=20259,rank=1,slot=0
Auto thread command 1881 554.0.0 (w=0.0 aw=0.0 lp=0 grd=0) started on engine pid=20259,rank=1,slot=0
command 1881 554.0.0 ended on engine pid=20259,rank=1,slot=0
Auto thread command 1879 553.0.0 (w=0.0 aw=0.0 lp=0 grd=0) started on engine pid=20259,rank=1,slot=0
command 1879 553.0.0 ended on engine pid=20259,rank=1,slot=0
Auto thread command 1877 552.0.0 (w=0.0 aw=0.0 lp=0 grd=0) started on engine pid=20259,rank=1,slot=0
command 1877 552.0.0 ended on engine pid=20259,rank=1,slot=0
Auto thread command 1848 543.0.0 (w=0.0 aw=0.0 lp=0 grd=0) started on engine pid=20259,rank=1,slot=0
command 1848 543.0.0 ended on engine pid=20259,rank=1,slot=0
Auto thread command 1845 541.0.0 (w=0.0 aw=0.0 lp=0 grd=0) started on engine pid=20259,rank=1,slot=0
command 1845 541.0.0 ended on engine pid=20259,rank=1,slot=0
Auto thread command 1842 539.0.0 (w=0.0 aw=0.0 lp=0 grd=0) started on engine pid=20259,rank=1,slot=0
command 3292 860.0.0 ended on engine pid=20279,rank=0,slot=1
command 1842 539.0.0 ended on engine pid=20259,rank=1,slot=0
Auto thread command 1839 537.0.0 (w=0.0 aw=0.0 lp=0 grd=0) started on engine pid=20279,rank=0,slot=1
Auto thread command 1836 535.0.0 (w=0.0 aw=0.0 lp=0 grd=0) started on engine pid=20259,rank=1,slot=0
command 1836 535.0.0 ended on engine pid=20259,rank=1,slot=0
command 1839 537.0.0 ended on engine pid=20279,rank=0,slot=1
Auto thread command 1833 533.0.0 (w=0.0 aw=0.0 lp=0 grd=0) started on engine pid=20279,rank=0,slot=1
Auto thread command 1830 531.0.0 (w=0.0 aw=0.0 lp=0 grd=0) started on engine pid=20259,rank=1,slot=0
command 1833 533.0.0 ended on engine pid=20279,rank=0,slot=1
command 1830 531.0.0 ended on engine pid=20259,rank=1,slot=0
Auto thread command 1827 529.0.0 (w=0.0 aw=0.0 lp=0 grd=0) started on engine pid=20279,rank=0,slot=1
command 1827 529.0.0 ended on engine pid=20279,rank=0,slot=1
Auto thread command 1824 527.0.0 (w=0.0 aw=0.0 lp=0 grd=0) started on engine pid=20259,rank=1,slot=0
Auto thread command 1821 525.0.0 (w=0.0 aw=0.0 lp=0 grd=0) started on engine pid=20279,rank=0,slot=1
command 1821 525.0.0 ended on engine pid=20279,rank=0,slot=1
command 1824 527.0.0 ended on engine pid=20259,rank=1,slot=0
Auto thread command 1802 518.0.0 (w=0.0 aw=0.0 lp=0 grd=0) started on engine pid=20279,rank=0,slot=1
command 1802 518.0.0 ended on engine pid=20279,rank=0,slot=1
Auto thread command 1799 516.0.0 (w=0.0 aw=0.0 lp=0 grd=0) started on engine pid=20259,rank=1,slot=0
command 1799 516.0.0 ended on engine pid=20259,rank=1,slot=0
Auto thread command 1780 509.0.0 (w=0.0 aw=0.0 lp=0 grd=0) started on engine pid=20279,rank=0,slot=1
Auto thread command 1777 507.0.0 (w=0.0 aw=0.0 lp=0 grd=0) started on engine pid=20259,rank=1,slot=0
command 1780 509.0.0 ended on engine pid=20279,rank=0,slot=1
command 1777 507.0.0 ended on engine pid=20259,rank=1,slot=0
Auto thread command 1758 500.0.0 (w=0.0 aw=0.0 lp=0 grd=0) started on engine pid=20279,rank=0,slot=1
command 1758 500.0.0 ended on engine pid=20279,rank=0,slot=1
Auto thread command 1755 498.0.0 (w=0.0 aw=0.0 lp=0 grd=0) started on engine pid=20259,rank=1,slot=0
command 1755 498.0.0 ended on engine pid=20259,rank=1,slot=0
Auto thread command 1752 496.0.0 (w=0.0 aw=0.0 lp=0 grd=0) started on engine pid=20279,rank=0,slot=1
command 1752 496.0.0 ended on engine pid=20279,rank=0,slot=1
Auto thread command 1749 494.0.0 (w=0.0 aw=0.0 lp=0 grd=0) started on engine pid=20259,rank=1,slot=0
Auto thread command 1746 492.0.0 (w=0.0 aw=0.0 lp=0 grd=0) started on engine pid=20279,rank=0,slot=1
command 1749 494.0.0 ended on engine pid=20259,rank=1,slot=0
command 1746 492.0.0 ended on engine pid=20279,rank=0,slot=1
Auto thread command 1743 490.0.0 (w=0.0 aw=0.0 lp=0 grd=0) started on engine pid=20259,rank=1,slot=0
command 1743 490.0.0 ended on engine pid=20259,rank=1,slot=0
Auto thread command 1740 488.0.0 (w=0.0 aw=0.0 lp=0 grd=0) started on engine pid=20279,rank=0,slot=1
command 1740 488.0.0 ended on engine pid=20279,rank=0,slot=1
Auto thread command 1737 486.0.0 (w=0.0 aw=0.0 lp=0 grd=0) started on engine pid=20259,rank=1,slot=0
Auto thread command 1718 479.0.0 (w=0.0 aw=0.0 lp=0 grd=0) started on engine pid=20279,rank=0,slot=1
command 1737 486.0.0 ended on engine pid=20259,rank=1,slot=0
command 1718 479.0.0 ended on engine pid=20279,rank=0,slot=1
Auto thread command 1715 477.0.0 (w=0.0 aw=0.0 lp=0 grd=0) started on engine pid=20259,rank=1,slot=0
Auto thread command 1696 470.0.0 (w=0.0 aw=0.0 lp=0 grd=0) started on engine pid=20279,rank=0,slot=1
command 1715 477.0.0 ended on engine pid=20259,rank=1,slot=0
command 1696 470.0.0 ended on engine pid=20279,rank=0,slot=1
Auto thread command 1693 468.0.0 (w=0.0 aw=0.0 lp=0 grd=0) started on engine pid=20259,rank=1,slot=0
command 1693 468.0.0 ended on engine pid=20259,rank=1,slot=0
Auto thread command 1385 389.0.0 (w=0.0 aw=0.0 lp=0 grd=0) started on engine pid=20279,rank=0,slot=1
command 1385 389.0.0 ended on engine pid=20279,rank=0,slot=1
Auto thread command 1927 571.0.0 (w=0.0 aw=0.0 lp=0 grd=0) started on engine pid=20259,rank=1,slot=0
Auto thread command 4195 1146.0.0 (w=0.0 aw=0.0 lp=0 grd=0) started on engine pid=20279,rank=0,slot=1
command 4195 1146.0.0 ended on engine pid=20279,rank=0,slot=1
Auto thread command 4269 1175.0.0 (w=0.0 aw=0.0 lp=0 grd=0) started on engine pid=20279,rank=0,slot=1
command 4269 1175.0.0 ended on engine pid=20279,rank=0,slot=1
Auto thread command 4006 1082.0.0 (w=0.0 aw=0.0 lp=0 grd=0) started on engine pid=20279,rank=0,slot=1
command 4006 1082.0.0 ended on engine pid=20279,rank=0,slot=1
Auto thread command 4084 1113.0.0 (w=0.0 aw=0.0 lp=0 grd=0) started on engine pid=20279,rank=0,slot=1
command 4084 1113.0.0 ended on engine pid=20279,rank=0,slot=1
Auto thread command 3813 1017.0.0 (w=0.0 aw=0.0 lp=0 grd=0) started on engine pid=20279,rank=0,slot=1
command 3813 1017.0.0 ended on engine pid=20279,rank=0,slot=1
Auto thread command 3894 1049.0.0 (w=0.0 aw=0.0 lp=0 grd=0) started on engine pid=20279,rank=0,slot=1
command 3894 1049.0.0 ended on engine pid=20279,rank=0,slot=1
Auto thread command 3591 962.0.0 (w=0.0 aw=0.0 lp=0 grd=0) started on engine pid=20279,rank=0,slot=1
command 3591 962.0.0 ended on engine pid=20279,rank=0,slot=1
Auto thread command 3456 915.0.0 (w=0.0 aw=0.0 lp=0 grd=0) started on engine pid=20279,rank=0,slot=1
command 3456 915.0.0 ended on engine pid=20279,rank=0,slot=1
Auto thread command 3320 868.0.0 (w=0.0 aw=0.0 lp=0 grd=0) started on engine pid=20279,rank=0,slot=1
command 3320 868.0.0 ended on engine pid=20279,rank=0,slot=1
command 1927 571.0.0 ended on engine pid=20259,rank=1,slot=0
Auto thread command 4188 1143.0.0 (w=0.0 aw=0.0 lp=0 grd=0) started on engine pid=20279,rank=0,slot=1
command 4188 1143.0.0 ended on engine pid=20279,rank=0,slot=1
Auto thread command 4370 1178.0.0 (w=0.0 aw=0.0 lp=0 grd=0) started on engine pid=20259,rank=1,slot=0
Auto thread command 4200 1148.0.0 (w=0.0 aw=0.0 lp=0 grd=0) started on engine pid=20279,rank=0,slot=1
command 4200 1148.0.0 ended on engine pid=20279,rank=0,slot=1
Auto thread command 4206 1150.0.0 (w=0.0 aw=0.0 lp=0 grd=0) started on engine pid=20279,rank=0,slot=1
command 4206 1150.0.0 ended on engine pid=20279,rank=0,slot=1
Auto thread command 4245 1166.0.0 (w=0.0 aw=0.0 lp=0 grd=0) started on engine pid=20279,rank=0,slot=1
command 4245 1166.0.0 ended on engine pid=20279,rank=0,slot=1
Auto thread command 1929 572.0.0 (w=0.0 aw=0.0 lp=0 grd=0) started on engine pid=20279,rank=0,slot=1
command 1929 572.0.0 ended on engine pid=20279,rank=0,slot=1
Auto thread command 3061 806.0.0 (w=0.0 aw=0.0 lp=0 grd=0) started on engine pid=20279,rank=0,slot=1
command 3061 806.0.0 ended on engine pid=20279,rank=0,slot=1
Auto thread command 2642 719.0.0 (w=0.0 aw=0.0 lp=0 grd=0) started on engine pid=20279,rank=0,slot=1
command 4370 1178.0.0 ended on engine pid=20259,rank=1,slot=0
Auto thread command 2634 718.0.0 (w=0.0 aw=0.0 lp=0 grd=0) started on engine pid=20259,rank=1,slot=0
command 2642 719.0.0 ended on engine pid=20279,rank=0,slot=1
Auto thread command 2424 674.0.0 (w=0.0 aw=0.0 lp=0 grd=0) started on engine pid=20279,rank=0,slot=1
command 2634 718.0.0 ended on engine pid=20259,rank=1,slot=0
command 2424 674.0.0 ended on engine pid=20279,rank=0,slot=1
Auto thread command 3999 1079.0.0 (w=0.0 aw=0.0 lp=0 grd=0) started on engine pid=20279,rank=0,slot=1
Auto thread command 3806 1014.0.0 (w=0.0 aw=0.0 lp=0 grd=0) started on engine pid=20259,rank=1,slot=0
command 3999 1079.0.0 ended on engine pid=20279,rank=0,slot=1
command 3806 1014.0.0 ended on engine pid=20259,rank=1,slot=0
Auto thread command 3818 1019.0.0 (w=0.0 aw=0.0 lp=0 grd=0) started on engine pid=20279,rank=0,slot=1
Auto thread command 4011 1084.0.0 (w=0.0 aw=0.0 lp=0 grd=0) started on engine pid=20259,rank=1,slot=0
command 3818 1019.0.0 ended on engine pid=20279,rank=0,slot=1
Auto thread command 3824 1021.0.0 (w=0.0 aw=0.0 lp=0 grd=0) started on engine pid=20279,rank=0,slot=1
command 4011 1084.0.0 ended on engine pid=20259,rank=1,slot=0
command 3824 1021.0.0 ended on engine pid=20279,rank=0,slot=1
Auto thread command 4017 1086.0.0 (w=0.0 aw=0.0 lp=0 grd=0) started on engine pid=20259,rank=1,slot=0
Auto thread command 4060 1104.0.0 (w=0.0 aw=0.0 lp=0 grd=0) started on engine pid=20279,rank=0,slot=1
command 4017 1086.0.0 ended on engine pid=20259,rank=1,slot=0
Auto thread command 3867 1039.0.0 (w=0.0 aw=0.0 lp=0 grd=0) started on engine pid=20259,rank=1,slot=0
command 4060 1104.0.0 ended on engine pid=20279,rank=0,slot=1
Auto thread command 3584 959.0.0 (w=0.0 aw=0.0 lp=0 grd=0) started on engine pid=20279,rank=0,slot=1
command 3584 959.0.0 ended on engine pid=20279,rank=0,slot=1
Auto thread command 3596 964.0.0 (w=0.0 aw=0.0 lp=0 grd=0) started on engine pid=20279,rank=0,slot=1
command 3867 1039.0.0 ended on engine pid=20259,rank=1,slot=0
command 3596 964.0.0 ended on engine pid=20279,rank=0,slot=1
Auto thread command 3449 912.0.0 (w=0.0 aw=0.0 lp=0 grd=0) started on engine pid=20259,rank=1,slot=0
command 3449 912.0.0 ended on engine pid=20259,rank=1,slot=0
Auto thread command 3602 966.0.0 (w=0.0 aw=0.0 lp=0 grd=0) started on engine pid=20279,rank=0,slot=1
Auto thread command 3461 917.0.0 (w=0.0 aw=0.0 lp=0 grd=0) started on engine pid=20259,rank=1,slot=0
command 3602 966.0.0 ended on engine pid=20279,rank=0,slot=1
Auto thread command 3645 984.0.0 (w=0.0 aw=0.0 lp=0 grd=0) started on engine pid=20279,rank=0,slot=1
command 3461 917.0.0 ended on engine pid=20259,rank=1,slot=0
Auto thread command 3467 919.0.0 (w=0.0 aw=0.0 lp=0 grd=0) started on engine pid=20259,rank=1,slot=0
command 3467 919.0.0 ended on engine pid=20259,rank=1,slot=0
Auto thread command 3510 937.0.0 (w=0.0 aw=0.0 lp=0 grd=0) started on engine pid=20259,rank=1,slot=0
command 3645 984.0.0 ended on engine pid=20279,rank=0,slot=1
Auto thread command 3313 865.0.0 (w=0.0 aw=0.0 lp=0 grd=0) started on engine pid=20279,rank=0,slot=1
command 3313 865.0.0 ended on engine pid=20279,rank=0,slot=1
Auto thread command 3325 870.0.0 (w=0.0 aw=0.0 lp=0 grd=0) started on engine pid=20279,rank=0,slot=1
command 3510 937.0.0 ended on engine pid=20259,rank=1,slot=0
command 3325 870.0.0 ended on engine pid=20279,rank=0,slot=1
Auto thread command 0 0 (w=0.0 aw=0.0 lp=0 grd=0) started on engine pid=20259,rank=1,slot=0
command 0 0 ended on engine pid=20259,rank=1,slot=0
Auto thread command 3331 872.0.0 (w=0.0 aw=0.0 lp=0 grd=0) started on engine pid=20279,rank=0,slot=1
Auto thread command 3375 890.0.0 (w=0.0 aw=0.0 lp=0 grd=0) started on engine pid=20259,rank=1,slot=0
command 3331 872.0.0 ended on engine pid=20279,rank=0,slot=1
Auto thread command 0 0 (w=0.0 aw=0.0 lp=0 grd=0) started on engine pid=20279,rank=0,slot=1
command 0 0 ended on engine pid=20279,rank=0,slot=1
command 3375 890.0.0 ended on engine pid=20259,rank=1,slot=0
Auto thread command 4377 1180.0.0 (w=0.0 aw=0.0 lp=0 grd=0) started on engine pid=20259,rank=1,slot=0
Auto thread command 4377 1180.0.0 (w=0.0 aw=0.0 lp=0 grd=0) started on engine pid=20279,rank=0,slot=1
command 4377 1180.0.0 ended on engine pid=20279,rank=0,slot=1
command 4377 1180.0.0 ended on engine pid=20259,rank=1,slot=0
Auto thread command 4378 1181.0.0 (w=0.0 aw=0.0 lp=0 grd=0) started on engine pid=20279,rank=0,slot=1
command 4378 1181.0.0 ended on engine pid=20279,rank=0,slot=1
Auto thread command 4380 1182.0.0 (w=0.0 aw=0.0 lp=0 grd=0) started on engine pid=20279,rank=0,slot=1
Auto thread command 4380 1182.0.0 (w=0.0 aw=0.0 lp=0 grd=0) started on engine pid=20259,rank=1,slot=0
Reported thread stats of engine 0, 1 to dp memory manager
[3.000853s] usr=0.01s, sys=0.05s
command 4380 1182.0.0 ended on engine pid=20259,rank=1,slot=0
command 4380 1182.0.0 ended on engine pid=20279,rank=0,slot=1
Auto thread command 26 10.0 (w=0.0 aw=0.0 lp=0 grd=0) started on engine pid=20259,rank=1,slot=0
Auto thread command 26 10.0 (w=0.0 aw=0.0 lp=0 grd=0) started on engine pid=20279,rank=0,slot=1
  Descriptor 24 hang up
Removing fd 24 from connection catalog
Closing socket 24
  Descriptor 23 hang up
Removing fd 23 from connection catalog
Closing socket 23
  Descriptor 20 hang up
Cannot identify connection with fd 20. No engine to shutdown.
Closing socket 20
  Descriptor 21 hang up
Cannot identify connection with fd 21. No engine to shutdown.
Closing socket 21
[4.001144s] usr=0.01s, sys=0.05s
Received msg 66 from parent process.
JudicatorDaemon terminated.
Closing socket 18
Closing socket 19
[JudicatorDaemon] exits
