5418:02 May 23:51:02.752 : Launched Redis process 5419 on port 36946. Attempting to connect...
5419:C 02 May 2022 23:51:02.759 # oO0OoO0OoO0Oo Redis is starting oO0OoO0OoO0Oo
5419:C 02 May 2022 23:51:02.759 # Redis version=6.0.9, bits=64, commit=00000000, modified=0, pid=5419, just started
5419:C 02 May 2022 23:51:02.759 # Configuration loaded
5419:M 02 May 2022 23:51:02.760 # You requested maxclients of 10000 requiring at least 10032 max file descriptors.
5419:M 02 May 2022 23:51:02.760 # Server can't set maximum open files to 10032 because of OS error: Operation not permitted.
5419:M 02 May 2022 23:51:02.760 # Current maximum open files is 4096. maxclients has been reduced to 4064 to compensate for low ulimit. If you need higher maxclients increase 'ulimit -n'.
5419:M 02 May 2022 23:51:02.760 * Running mode=standalone, port=36946.
5419:M 02 May 2022 23:51:02.760 # WARNING: The TCP backlog setting of 511 cannot be enforced because /proc/sys/net/core/somaxconn is set to the lower value of 128.
5419:M 02 May 2022 23:51:02.760 # Server initialized
5419:M 02 May 2022 23:51:02.760 # WARNING overcommit_memory is set to 0! Background save may fail under low memory condition. To fix this issue add 'vm.overcommit_memory = 1' to /etc/sysctl.conf and then reboot or run the command 'sysctl vm.overcommit_memory=1' for this to take effect.
5419:M 02 May 2022 23:51:02.761 # WARNING you have Transparent Huge Pages (THP) support enabled in your kernel. This will create latency and memory usage issues with Redis. To fix this issue run the command 'echo madvise > /sys/kernel/mm/transparent_hugepage/enabled' as root, and add it to your /etc/rc.local in order to retain the setting after a reboot. Redis must be restarted after THP is disabled (set to 'madvise' or 'never').
5419:M 02 May 2022 23:51:02.761 * Ready to accept connections
5418:02 May 23:51:02.763 : Successfully connected to Redis at 127.0.0.1:36946
5418:02 May 23:51:02.770 : Successfully connected to local Redis instance at grendel32.ece.ncsu.edu:36946
5425:02 May 23:51:09.725 : [02 May 23:51:02.807] Service 'lock_manager' registered on grendel32.ece.ncsu.edu:57582
5424:02 May 23:51:09.725 : [02 May 23:51:02.807] Service 'cluster' registered on grendel32.ece.ncsu.edu:53472
5428:02 May 23:51:09.725 : [02 May 23:51:02.813] Service 'cleanup' registered on grendel32.ece.ncsu.edu:47040
5427:02 May 23:51:09.725 : [02 May 23:51:02.813] Service 'memory_manager' registered on grendel32.ece.ncsu.edu:51520
5426:02 May 23:51:09.725 : [02 May 23:51:02.823] Service 'hdb' registered on grendel32.ece.ncsu.edu:60200
5438:02 May 23:51:09.725 : [02 May 23:51:04.951] Service 'license_manager' registered on grendel32.ece.ncsu.edu:33997
5409:02 May 23:51:09.725 : [02 May 23:51:05.177] Service 'add_host' registered on grendel32.ece.ncsu.edu:57618
5461:02 May 23:51:09.725 : [02 May 23:51:05.182] Per-host service 'worker_pool' registered on grendel32.ece.ncsu.edu:50675
5461:02 May 23:51:09.725 : [02 May 23:51:05.189] Per-host service 'host_stats' registered on grendel32.ece.ncsu.edu:42193
5424:02 May 23:51:09.725 : [02 May 23:51:09.640] Removing service 'service:cluster'
5425:02 May 23:51:09.725 : [02 May 23:51:09.640] Removing service 'service:lock_manager'
5426:02 May 23:51:09.725 : [02 May 23:51:09.640] Removing service 'service:hdb'
5427:02 May 23:51:09.725 : [02 May 23:51:09.640] Removing service 'service:memory_manager'
5438:02 May 23:51:09.726 : [02 May 23:51:09.643] Removing service 'service:license_manager'
5461:02 May 23:51:09.726 : [02 May 23:51:09.643] Removing service 'service:worker_pool:grendel32.ece.ncsu.edu'
5461:02 May 23:51:09.726 : [02 May 23:51:09.643] Removing service 'service:host_stats:grendel32.ece.ncsu.edu'
5409:02 May 23:51:09.726 : [02 May 23:51:09.683] Removing service 'service:add_host'
5418:02 May 23:51:09.726 : Parent died. Exiting.
5419:M 02 May 2022 23:51:09.726 # User requested shutdown...
5419:M 02 May 2022 23:51:09.726 # Redis is now ready to exit, bye bye...
