*****************************************************************************
Tool:		exportStream        S-2021.09
*****************************************************************************
Running: exportStream -logFile /afs/unity.ncsu.edu/users/z/zwmurray/ece546/proj_working/synopsys_custom/inv_2.icv.drc/inv_2.exportStream.log -lib mylib -libDefFile /afs/unity.ncsu.edu/users/z/zwmurray/ece546/proj_working/lib.defs -cell "inv_2" -hierDepth 256 -view "layout" -referenceMap /afs/unity.ncsu.edu/users/z/zwmurray/ece546/proj_working/synopsys_custom/inv_2.icv.drc/inv_2.custom_compiler.xml -keepPcells -keepVias -keepAbuts -useTechLayerMap -useTechObjectMap -textHeight matchOABBox -gds /afs/unity.ncsu.edu/users/z/zwmurray/ece546/proj_working/synopsys_custom/inv_2.icv.drc/inv_2.custom_compiler.gds -colorMapping honor
Started: Tue Apr 19 15:19:24 2022 (Hostname: grendel31.ece.ncsu.edu)
Reading layer map /afs/eos.ncsu.edu/lockers/research/ece/wdavis/tech/FreePDK3/syncust/NCSU_TechLib_FreePDK3/NCSU_TechLib_FreePDK3.layermap

INFO: (EXPORT_STREAM-80033): Translating design NCSU_TechLib_FreePDK3/nmos/layout as "nmos".
INFO: (EXPORT_STREAM-80033): Translating design NCSU_TechLib_FreePDK3/pmos/layout as "pmos".
INFO: (EXPORT_STREAM-80033): Translating design NCSU_TechLib_FreePDK3/BPR_M0A/layout as "BPR_M0A".
INFO: (EXPORT_STREAM-80033): Translating design NCSU_TechLib_FreePDK3/M0A_M0B/layout as "M0A_M0B".
INFO: (EXPORT_STREAM-80033): Translating design NCSU_TechLib_FreePDK3/GATE_M0B/layout as "GATE_M0B".
INFO: (EXPORT_STREAM-80033): Translating design mylib/inv_2/layout as "inv_2".

Primary Cell(s):
	1.inv_2

Cell Statistics:
	CellName  Rectangles  Polygons    Paths       PathSegs    Labels      Instances   Arrays      Nodes       
	BPR_M0A   3           0           0           0           0           0           0           0           
	GATE_M0B  3           0           0           0           0           0           0           0           
	M0A_M0B   3           0           0           0           0           0           0           0           
	inv_2     14          0           0           0           4           7           0           0           
	nmos      7           0           0           0           0           0           0           0           
	pmos      8           0           0           0           0           0           0           0           

Layer Statistics:
	Layer       Purpose  StreamLayer     StreamDataType  Rectangles  Polygons    Paths       PathSegs    Labels      Nodes       
	GCON        drawing  11              0               1           0           0           0           0           0
	V0A         drawing  10              0               1           0           0           0           0           0
	M0B         drawing  12              0               4           0           0           0           2           0
	BPR         drawing  0               0               5           0           0           0           2           0
	DUMMY       drawing  6               0               2           0           0           0           0           0
	NW          drawing  2               0               2           0           0           0           0           0
	PIM         drawing  8               0               2           0           0           0           0           0
	NIM         drawing  7               0               2           0           0           0           0           0
	ACT         drawing  3               0               2           0           0           0           0           0
	M0A         drawing  9               0               9           0           0           0           0           0
	VBPR        drawing  1               0               1           0           0           0           0           0
	GATE        drawing  4               0               7           0           0           0           0           0

Summary of Objects:
	Scalar Instances:             7
	Array Instances:              0
	Vector Instances:             0
	Vector Instance Bits:         0
	Polygons:                     0
	Paths:                        0
	Rectangles:                   38
	Lines:                        0
	Arcs:                         0
	Donuts:                       0
	Dots:                         0
	Ellipses:                     0
	Blockages:                    0
	Boundaries:                   0
	Routes:                       0
	Text:                         4
	Text Displays:                
	  PropDisplay:                0
	  AttrDisplay:                0
	  TextOverride:               0
	PathSeg:                      0
	StdVia:                       0
	CustomVia:                    0
	Cells:                        6


Finished:     exportStream
Time Elapsed: 1.02 seconds
CPU Time:     0.850585 seconds
System Time:  0.102029 seconds
Peak VM:      12644352 bytes
Messages:     0 error, 0 warning
