Unset QT_XCB_NATIVE_PAINTING for VUE
  + INFO: Connected to Custom Compiler at 45007.

< LAYOUT: start_vue >
V SET_COLOR white       white
V SET_COLOR red         red
V SET_COLOR darkRed     maroon
V SET_COLOR green       lime
V SET_COLOR darkGreen   forest
V SET_COLOR blue        blue
V SET_COLOR darkBlue    navy
V SET_COLOR cyan        cyan
V SET_COLOR darkCyan    cadetBlue
V SET_COLOR magenta     magenta
V SET_COLOR darkMagenta purple
V SET_COLOR yellow      yellow
V SET_FILL  blank       blank
V SET_FILL  solid       solid
V SET_FILL  backSlash   backSlash
V SET_FILL  slash       slash
V SET_FILL  dot         dots
V SET_FILL  diagCross   X
V SET_FILL  brick       brick
V SET_FILL  horizontal  hLine
V SET_FILL  vertical    vLine
L startFilter LAY
L setTopLayLCV  ""
L setCurLayLCV  ""

< LAYOUT: start_filter >
L setWorkingDir "[pwd]"
  + INFO: Timer already set.
  + INFO: Connected to Custom Compiler at 45007.

< SCHEMATIC: start_vue >
V SET_COLOR white       white
V SET_COLOR red         red
V SET_COLOR darkRed     maroon
V SET_COLOR green       lime
V SET_COLOR darkGreen   forest
V SET_COLOR blue        blue
V SET_COLOR darkBlue    navy
V SET_COLOR cyan        cyan
V SET_COLOR darkCyan    cadetBlue
V SET_COLOR magenta     magenta
V SET_COLOR darkMagenta purple
V SET_COLOR yellow      yellow
V SET_FILL  blank       blank
V SET_FILL  solid       solid
V SET_FILL  backSlash   backSlash
V SET_FILL  slash       slash
V SET_FILL  dot         dots
V SET_FILL  diagCross   X
V SET_FILL  brick       brick
V SET_FILL  horizontal  hLine
V SET_FILL  vertical    vLine
S startFilter SCH
S setCurModule ""

< SCHEMATIC: start_filter >
S setWorkingDir "[pwd]"

< LAYOUT: load_hercules >
L setWorkingDir /afs/unity.ncsu.edu/users/z/zwmurray/ece546/proj_working/synopsys_custom/tspc_flip_flop.icv.lvs
L setTopLayLCV /afs/unity.ncsu.edu/users/z/zwmurray/ece546/proj_working/synopsys_custom/tspc_flip_flop.icv.lvs/tspc_flip_flop.custom_compiler.gds/tspc_flip_flop/
L openLCV /afs/unity.ncsu.edu/users/z/zwmurray/ece546/proj_working/synopsys_custom/tspc_flip_flop.icv.lvs/tspc_flip_flop.custom_compiler.gds/tspc_flip_flop/

< SCHEMATIC: load_hercules >
S setCurModule tspc_flip_flop
S setWorkingDir /afs/unity.ncsu.edu/users/z/zwmurray/ece546/proj_working/synopsys_custom/tspc_flip_flop.icv.lvs
S openModule

< LAYOUT: remove_hilites >
L clearAllHighlights

< SCHEMATIC: remove_hilites >
S clearAllProbes

< LAYOUT: remove_hilites >
L clearAllHighlights

< SCHEMATIC: remove_hilites >
S clearAllProbes

< LAYOUT: load_hercules >
L setWorkingDir /afs/unity.ncsu.edu/users/z/zwmurray/ece546/proj_working/synopsys_custom/tspc_flip_flop.icv.lvs
L setTopLayLCV /afs/unity.ncsu.edu/users/z/zwmurray/ece546/proj_working/synopsys_custom/tspc_flip_flop.icv.lvs/tspc_flip_flop.custom_compiler.gds/tspc_flip_flop/
L openLCV /afs/unity.ncsu.edu/users/z/zwmurray/ece546/proj_working/synopsys_custom/tspc_flip_flop.icv.lvs/tspc_flip_flop.custom_compiler.gds/tspc_flip_flop/

< SCHEMATIC: load_hercules >
S setCurModule tspc_flip_flop
S setWorkingDir /afs/unity.ncsu.edu/users/z/zwmurray/ece546/proj_working/synopsys_custom/tspc_flip_flop.icv.lvs
S openModule

< LAYOUT: remove_hilites >
L clearAllHighlights

< SCHEMATIC: remove_hilites >
S clearAllProbes
  + INFO: Close the connection with Custom Compiler.
  + INFO: Close the connection with Custom Compiler.
