
                                 IC Validator 

          Version S-2021.06-SP2 for linux64 - Aug 30, 2021 cl#6831572

                    Copyright (c) 1996 - 2021 Synopsys, Inc.
   This software and the associated documentation are proprietary to Synopsys,
 Inc. This software may only be used in accordance with the terms and conditions
 of a written license agreement with Synopsys, Inc. All other use, reproduction,
   or distribution of this software is strictly prohibited.  Licensed Products
     communicate with Synopsys servers for the purpose of providing software
    updates, detecting software piracy and verifying that customers are using
    Licensed Products in conformity with the applicable License Key for such
  Licensed Products. Synopsys will use information gathered in connection with
    this process to deliver software updates and pursue software pirates and
                                   infringers.

 Inclusivity & Diversity - Visit SolvNetPlus to read the "Synopsys Statement on
            Inclusivity and Diversity" (Refer to article 000036315 at
                        https://solvnetplus.synopsys.com)

Called as: icv -f gdsii -i /afs/unity.ncsu.edu/users/z/zwmurray/ece546/proj_working/synopsys_custom/bit_conditioning.icv.lvs/bit_conditioning.custom_compiler.gds -c bit_conditioning -I /afs/eos.ncsu.edu/lockers/research/ece/wdavis/tech/FreePDK3/syncust/NCSU_TechLib_FreePDK3/../../icv -s /afs/unity.ncsu.edu/users/z/zwmurray/ece546/proj_working/synopsys_custom/bit_conditioning.icv.lvs/bit_conditioning.icv.sp -sf SPICE -stc bit_conditioning -oa_dm6 -vue /afs/unity.ncsu.edu/users/z/zwmurray/ece546/proj_working/synopsys_custom/bit_conditioning.icv.lvs/FreePDK3_main.lvs.lvs.rs




Parsing runset "/afs/unity.ncsu.edu/users/z/zwmurray/ece546/proj_working/synopsys_custom/bit_conditioning.icv.lvs/FreePDK3_main.lvs.lvs.rs"

/afs/eos.ncsu.edu/lockers/research/ece/wdavis/tech/FreePDK3/icv/FreePDK3_main.lvs.rs.user_functions:1: warning: Converted [CR+LF] to [LF]
    // 3nm FreePDK(TM) ICV LVS Functions
/afs/eos.ncsu.edu/lockers/research/ece/wdavis/tech/FreePDK3/icv/FreePDK3_main.lvs.rs.user_functions:1: warning: Converted [CR+LF] to [LF]
    // 3nm FreePDK(TM) ICV LVS Functions
/afs/eos.ncsu.edu/lockers/research/ece/wdavis/tech/FreePDK3/icv/FreePDK3_main.lvs.rs.user_functions:1: warning: Converted [CR+LF] to [LF]
    // 3nm FreePDK(TM) ICV LVS Functions
/afs/unity.ncsu.edu/users/z/zwmurray/ece546/proj_working/synopsys_custom/inv_2.icv.lvs/FreePDK3_main.lvs.lvs.rs:422: warning: ICV device extraction settings for write_property_to, processing_layer_hash_map, and pin_map has been automated. As of the 2016.06 release this behavior is the default and can be disabled with "-D ICV_REVERT_DEVICE_PROPERTY_DEPENDENCY_ANALYSIS". 
/afs/unity.ncsu.edu/users/z/zwmurray/ece546/proj_working/synopsys_custom/inv_2.icv.lvs/FreePDK3_main.lvs.lvs.rs:451: warning: ICV LVS device settings currently use overwrite mode. Use command line option '-D ICV_ENABLE_DEVICE_SETTING_APPEND_MODE' or runset instruction '#define ICV_ENABLE_DEVICE_SETTING_APPEND_MODE' to enable LVS device setting append mode in this release.
/afs/unity.ncsu.edu/users/z/zwmurray/ece546/proj_working/synopsys_custom/inv_2.icv.lvs/FreePDK3_main.lvs.lvs.rs:451: warning: Some LVS reports change since 2019.12 release. Set environment variable 'ICV_REVERT_LVS_REPORT_IN_IDENTICAL_STRING' to see old LVS reports.
Loaded runset from cache: /afs/unity.ncsu.edu/users/z/zwmurray/.icvrscache/87f9d36fef8f7cbd573bb0469a6823c1-C2698C7A-4162-45CD-8AA0-87414A2D4E73-grendel31.ece.ncsu.edu-20312.rscache
Cached Runset Compile Time=0:00:02 User=1.32 Sys=0.06 Mem=0.843 GB

Virtual Machine Init Time=0:00:00 User=0.01 Sys=0.00 Mem=0.843 GB


Host startup begins.
Host startup done: 2 successes, 0 failures.
	grendel27.ece.ncsu.edu: 2 total cores, maximum 2 commands in parallel.
Selecting "grendel27.ece.ncsu.edu" as Primary host

System Startup Time=0:00:00 User=0.00 Sys=0.03 Mem=0.843 GB


Command execution begins.  Details recorded in the summary and log files:
    /afs/unity.ncsu.edu/users/z/zwmurray/ece546/proj_working/synopsys_custom/bit_conditioning.icv.lvs/run_details/bit_conditioning.sum
    /afs/unity.ncsu.edu/users/z/zwmurray/ece546/proj_working/synopsys_custom/bit_conditioning.icv.lvs/run_details/FreePDK3_main.lvs.lvs.dp.log

Running ...
  ICV_Engine run is   1% complete.    Elapsed Time=0:00:00
  ICV_Engine run is   2% complete.    Elapsed Time=0:00:00
  ICV_Engine run is   3% complete.    Elapsed Time=0:00:01
  ICV_Engine run is   4% complete.    Elapsed Time=0:00:01
  ICV_Engine run is   5% complete.    Elapsed Time=0:00:01
  ICV_Engine run is  10% complete.    Elapsed Time=0:00:02
  ICV_Engine run is  15% complete.    Elapsed Time=0:00:02
  ICV_Engine run is  20% complete.    Elapsed Time=0:00:02
  ICV_Engine run is  25% complete.    Elapsed Time=0:00:02
  ICV_Engine run is  30% complete.    Elapsed Time=0:00:02
  ICV_Engine run is  35% complete.    Elapsed Time=0:00:02
  ICV_Engine run is  40% complete.    Elapsed Time=0:00:02
  ICV_Engine run is  45% complete.    Elapsed Time=0:00:02
  ICV_Engine run is  50% complete.    Elapsed Time=0:00:02
  ICV_Engine run is  55% complete.    Elapsed Time=0:00:02
  ICV_Engine run is  60% complete.    Elapsed Time=0:00:02
  ICV_Engine run is  65% complete.    Elapsed Time=0:00:02
  ICV_Engine run is  70% complete.    Elapsed Time=0:00:02
  ICV_Engine run is  75% complete.    Elapsed Time=0:00:02
  ICV_Engine run is  80% complete.    Elapsed Time=0:00:02
  ICV_Engine run is  85% complete.    Elapsed Time=0:00:03
  ICV_Engine run is  90% complete.    Elapsed Time=0:00:03
  ICV_Engine run is  95% complete.    Elapsed Time=0:00:03
Comparing schematic and layout netlists.
LVS compare start time    : 2022-05-04 02:36:35
/afs/eos.ncsu.edu/lockers/research/ece/wdavis/tech/FreePDK3/icv/FreePDK3_main.lvs.rs.user_functions:1: warning: Converted [CR+LF] to [LF]
    // 3nm FreePDK(TM) ICV LVS Functions

  ICV_Compare run is   0% complete.    Elapsed Time=0:00:00
  ICV_Compare run is   5% complete.    Elapsed Time=0:00:00
  ICV_Compare run is  10% complete.    Elapsed Time=0:00:00
  ICV_Compare run is  15% complete.    Elapsed Time=0:00:00
  ICV_Compare run is  20% complete.    Elapsed Time=0:00:00
  ICV_Compare run is  25% complete.    Elapsed Time=0:00:00
  ICV_Compare run is  30% complete.    Elapsed Time=0:00:00
  ICV_Compare run is 100% complete.    Elapsed Time=0:00:00
LVS compare end time      : 2022-05-04 02:36:35
Total runtime for LVS compare Time=0:00:00  User=0.39 Sys=0.07 Mem=0.015 GB
   Check Time=0:00:00  User=0.43 Sys=0.04 Mem=0.023 GB

  ICV_Engine run is 100% complete.    Elapsed Time=0:00:04

Completing error storage...
  Overall error storage time: User=0.00 Sys=0.01 Mem=0.000 GB

Generating bit_conditioning.LAYOUT_ERRORS...
  Generation Time=0:00:00  User=0.00 Sys=0.00 Mem=0.001 GB

   Check Time=0:00:00  User=0.00 Sys=0.00 Mem=0.003 GB


-------------
IC Validator Run: Time=0:00:07

IC Validator Machine Memory Report
grendel27.ece.ncsu.edu : Average = 0.069 GB, Peak = 0.195 GB

Overall Disk Usage Disk=0.006 GB
Network Disk Usage Peak=0.008 GB
Group File Disk Usage Peak=0.003 GB
Overall engine Time=0:00:07 Highest command Mem=0.069 GB

Overall Master Mem=0.966 GB
IC Validator is done.
