[JudicatorDaemon] Daemon started with pid = 18781
bind to socket file /tmp/judisock_liGvUA, socklen = 22.
started listen() on socket 18
  New connection to poll - 18
  New connection to poll - 19
  Listening socket is readable
  New connection to poll - 20
added new engine pid=18806,rank=1,slot=0
  Listening socket is readable
  New connection to poll - 21
Adding fd 21 (pid=18806,rank=1,slot=0) to connection catalog
Engine 1 (pid 18806) host memory = 128672MB.
  Listening socket is readable
  New connection to poll - 23
added new engine pid=18819,rank=0,slot=1
  Listening socket is readable
  New connection to poll - 24
Adding fd 24 (pid=18819,rank=0,slot=1) to connection catalog
Engine 0 (pid 18819) host memory = 128672MB.
Auto thread command 1383 387.0.0 (w=0.0 aw=0.0 lp=0 grd=0) started on engine pid=18806,rank=1,slot=0
command 1383 387.0.0 ended on engine pid=18806,rank=1,slot=0
Auto thread command 1383 387.0.0 (w=0.0 aw=0.0 lp=0 grd=0) started on engine pid=18819,rank=0,slot=1
command 1383 387.0.0 ended on engine pid=18819,rank=0,slot=1
Auto thread command 1147 317.0.0 (w=0.0 aw=0.0 lp=0 grd=0) started on engine pid=18819,rank=0,slot=1
command 1147 317.0.0 ended on engine pid=18819,rank=0,slot=1
Auto thread command 1154 319.0.0 (w=0.0 aw=0.0 lp=0 grd=0) started on engine pid=18819,rank=0,slot=1
command 1154 319.0.0 ended on engine pid=18819,rank=0,slot=1
Removing fd 24 from connection catalog
  Descriptor 24 hang up
Cannot identify connection with fd 24. No engine to shutdown.
Closing socket 24
  Listening socket is readable
  New connection to poll - 24
Adding fd 24 (pid=18819,rank=0,slot=1) to connection catalog
Engine 0 (pid 18819) host memory = 128672MB.
Auto thread command 1161 322.0.0 (w=0.0 aw=0.0 lp=0 grd=0) started on engine pid=18806,rank=1,slot=0
command 1161 322.0.0 ended on engine pid=18806,rank=1,slot=0
Removing fd 21 from connection catalog
  Descriptor 21 hang up
Cannot identify connection with fd 21. No engine to shutdown.
Closing socket 21
[1.000828s] usr=0.0s, sys=0.0s
Auto thread command 1383 387.0.0 (w=0.0 aw=0.0 lp=0 grd=0) started on engine pid=18819,rank=0,slot=1
command 1383 387.0.0 ended on engine pid=18819,rank=0,slot=1
  Listening socket is readable
  New connection to poll - 21
Adding fd 21 (pid=18806,rank=1,slot=0) to connection catalog
Engine 1 (pid 18806) host memory = 128672MB.
Auto thread command 1169 324.0.0 (w=0.0 aw=0.0 lp=0 grd=0) started on engine pid=18819,rank=0,slot=1
Auto thread command 1383 387.0.0 (w=0.0 aw=0.0 lp=0 grd=0) started on engine pid=18806,rank=1,slot=0
command 1383 387.0.0 ended on engine pid=18806,rank=1,slot=0
Auto thread command 0 0 (w=0.0 aw=0.0 lp=0 grd=0) started on engine pid=18806,rank=1,slot=0
command 0 0 ended on engine pid=18806,rank=1,slot=0
Removing fd 21 from connection catalog
  Descriptor 21 hang up
Cannot identify connection with fd 21. No engine to shutdown.
Closing socket 21
command 1169 324.0.0 ended on engine pid=18819,rank=0,slot=1
  Listening socket is readable
  New connection to poll - 21
Adding fd 21 (pid=18806,rank=1,slot=0) to connection catalog
Engine 1 (pid 18806) host memory = 128672MB.
Auto thread command 1391 391.0.0 (w=0.0 aw=0.0 lp=0 grd=0) started on engine pid=18819,rank=0,slot=1
Auto thread command 1383 387.0.0 (w=0.0 aw=0.0 lp=0 grd=0) started on engine pid=18806,rank=1,slot=0
command 1383 387.0.0 ended on engine pid=18806,rank=1,slot=0
Auto thread command 1627 451.0.0 (w=0.0 aw=0.0 lp=0 grd=0) started on engine pid=18806,rank=1,slot=0
command 1627 451.0.0 ended on engine pid=18806,rank=1,slot=0
Auto thread command 1611 447.0.0 (w=0.0 aw=0.0 lp=0 grd=0) started on engine pid=18806,rank=1,slot=0
command 1611 447.0.0 ended on engine pid=18806,rank=1,slot=0
Auto thread command 1595 443.0.0 (w=0.0 aw=0.0 lp=0 grd=0) started on engine pid=18806,rank=1,slot=0
command 1595 443.0.0 ended on engine pid=18806,rank=1,slot=0
Auto thread command 1579 439.0.0 (w=0.0 aw=0.0 lp=0 grd=0) started on engine pid=18806,rank=1,slot=0
command 1579 439.0.0 ended on engine pid=18806,rank=1,slot=0
Auto thread command 1563 435.0.0 (w=0.0 aw=0.0 lp=0 grd=0) started on engine pid=18806,rank=1,slot=0
command 1563 435.0.0 ended on engine pid=18806,rank=1,slot=0
Auto thread command 1547 431.0.0 (w=0.0 aw=0.0 lp=0 grd=0) started on engine pid=18806,rank=1,slot=0
command 1547 431.0.0 ended on engine pid=18806,rank=1,slot=0
Auto thread command 1531 427.0.0 (w=0.0 aw=0.0 lp=0 grd=0) started on engine pid=18806,rank=1,slot=0
command 1391 391.0.0 ended on engine pid=18819,rank=0,slot=1
Auto thread command 1400 392.0.0 (w=0.0 aw=0.0 lp=0 grd=0) started on engine pid=18819,rank=0,slot=1
command 1531 427.0.0 ended on engine pid=18806,rank=1,slot=0
Auto thread command 1515 423.0.0 (w=0.0 aw=0.0 lp=0 grd=0) started on engine pid=18806,rank=1,slot=0
command 1400 392.0.0 ended on engine pid=18819,rank=0,slot=1
command 1515 423.0.0 ended on engine pid=18806,rank=1,slot=0
Auto thread command 1499 419.0.0 (w=0.0 aw=0.0 lp=0 grd=0) started on engine pid=18806,rank=1,slot=0
Removing fd 24 from connection catalog
  Descriptor 24 hang up
Cannot identify connection with fd 24. No engine to shutdown.
Closing socket 24
command 1499 419.0.0 ended on engine pid=18806,rank=1,slot=0
Auto thread command 1483 415.0.0 (w=0.0 aw=0.0 lp=0 grd=0) started on engine pid=18806,rank=1,slot=0
command 1483 415.0.0 ended on engine pid=18806,rank=1,slot=0
Auto thread command 1467 411.0.0 (w=0.0 aw=0.0 lp=0 grd=0) started on engine pid=18806,rank=1,slot=0
command 1467 411.0.0 ended on engine pid=18806,rank=1,slot=0
Auto thread command 1444 407.0.0 (w=0.0 aw=0.0 lp=0 grd=0) started on engine pid=18806,rank=1,slot=0
command 1444 407.0.0 ended on engine pid=18806,rank=1,slot=0
Auto thread command 1388 390.0.0 (w=0.0 aw=0.0 lp=0 grd=0) started on engine pid=18806,rank=1,slot=0
command 1388 390.0.0 ended on engine pid=18806,rank=1,slot=0
Auto thread command 1456 408.0.0 (w=0.0 aw=0.0 lp=0 grd=0) started on engine pid=18806,rank=1,slot=0
command 1456 408.0.0 ended on engine pid=18806,rank=1,slot=0
Auto thread command 1472 412.0.0 (w=0.0 aw=0.0 lp=0 grd=0) started on engine pid=18806,rank=1,slot=0
command 1472 412.0.0 ended on engine pid=18806,rank=1,slot=0
Auto thread command 1488 416.0.0 (w=0.0 aw=0.0 lp=0 grd=0) started on engine pid=18806,rank=1,slot=0
command 1488 416.0.0 ended on engine pid=18806,rank=1,slot=0
Auto thread command 1504 420.0.0 (w=0.0 aw=0.0 lp=0 grd=0) started on engine pid=18806,rank=1,slot=0
command 1504 420.0.0 ended on engine pid=18806,rank=1,slot=0
Auto thread command 1520 424.0.0 (w=0.0 aw=0.0 lp=0 grd=0) started on engine pid=18806,rank=1,slot=0
command 1520 424.0.0 ended on engine pid=18806,rank=1,slot=0
Auto thread command 1536 428.0.0 (w=0.0 aw=0.0 lp=0 grd=0) started on engine pid=18806,rank=1,slot=0
command 1536 428.0.0 ended on engine pid=18806,rank=1,slot=0
Auto thread command 1632 452.0.0 (w=0.0 aw=0.0 lp=0 grd=0) started on engine pid=18806,rank=1,slot=0
command 1632 452.0.0 ended on engine pid=18806,rank=1,slot=0
Auto thread command 1616 448.0.0 (w=0.0 aw=0.0 lp=0 grd=0) started on engine pid=18806,rank=1,slot=0
command 1616 448.0.0 ended on engine pid=18806,rank=1,slot=0
Auto thread command 1600 444.0.0 (w=0.0 aw=0.0 lp=0 grd=0) started on engine pid=18806,rank=1,slot=0
command 1600 444.0.0 ended on engine pid=18806,rank=1,slot=0
Auto thread command 1584 440.0.0 (w=0.0 aw=0.0 lp=0 grd=0) started on engine pid=18806,rank=1,slot=0
command 1584 440.0.0 ended on engine pid=18806,rank=1,slot=0
Auto thread command 1568 436.0.0 (w=0.0 aw=0.0 lp=0 grd=0) started on engine pid=18806,rank=1,slot=0
command 1568 436.0.0 ended on engine pid=18806,rank=1,slot=0
Auto thread command 1552 432.0.0 (w=0.0 aw=0.0 lp=0 grd=0) started on engine pid=18806,rank=1,slot=0
command 1552 432.0.0 ended on engine pid=18806,rank=1,slot=0
Auto thread command 3848 1068.0.0 (w=0.0 aw=0.0 lp=0 grd=0) started on engine pid=18806,rank=1,slot=0
command 3848 1068.0.0 ended on engine pid=18806,rank=1,slot=0
Auto thread command 3844 1066.0.0 (w=0.0 aw=0.0 lp=0 grd=0) started on engine pid=18806,rank=1,slot=0
command 3844 1066.0.0 ended on engine pid=18806,rank=1,slot=0
Auto thread command 3838 1063.0.0 (w=0.0 aw=0.0 lp=0 grd=0) started on engine pid=18806,rank=1,slot=0
command 3838 1063.0.0 ended on engine pid=18806,rank=1,slot=0
Auto thread command 3836 1062.0.0 (w=0.0 aw=0.0 lp=0 grd=0) started on engine pid=18806,rank=1,slot=0
command 3836 1062.0.0 ended on engine pid=18806,rank=1,slot=0
Auto thread command 3830 1059.0.0 (w=0.0 aw=0.0 lp=0 grd=0) started on engine pid=18806,rank=1,slot=0
command 3830 1059.0.0 ended on engine pid=18806,rank=1,slot=0
Auto thread command 3823 1056.0.0 (w=0.0 aw=0.0 lp=0 grd=0) started on engine pid=18806,rank=1,slot=0
command 3823 1056.0.0 ended on engine pid=18806,rank=1,slot=0
Auto thread command 3659 1004.0.0 (w=0.0 aw=0.0 lp=0 grd=0) started on engine pid=18806,rank=1,slot=0
command 3659 1004.0.0 ended on engine pid=18806,rank=1,slot=0
Auto thread command 3655 1002.0.0 (w=0.0 aw=0.0 lp=0 grd=0) started on engine pid=18806,rank=1,slot=0
command 3655 1002.0.0 ended on engine pid=18806,rank=1,slot=0
Auto thread command 3649 999.0.0 (w=0.0 aw=0.0 lp=0 grd=0) started on engine pid=18806,rank=1,slot=0
command 3649 999.0.0 ended on engine pid=18806,rank=1,slot=0
Auto thread command 3647 998.0.0 (w=0.0 aw=0.0 lp=0 grd=0) started on engine pid=18806,rank=1,slot=0
command 3647 998.0.0 ended on engine pid=18806,rank=1,slot=0
Auto thread command 3641 995.0.0 (w=0.0 aw=0.0 lp=0 grd=0) started on engine pid=18806,rank=1,slot=0
command 3641 995.0.0 ended on engine pid=18806,rank=1,slot=0
Auto thread command 3634 992.0.0 (w=0.0 aw=0.0 lp=0 grd=0) started on engine pid=18806,rank=1,slot=0
command 3634 992.0.0 ended on engine pid=18806,rank=1,slot=0
Auto thread command 3466 939.0.0 (w=0.0 aw=0.0 lp=0 grd=0) started on engine pid=18806,rank=1,slot=0
command 3466 939.0.0 ended on engine pid=18806,rank=1,slot=0
Auto thread command 3462 937.0.0 (w=0.0 aw=0.0 lp=0 grd=0) started on engine pid=18806,rank=1,slot=0
command 3462 937.0.0 ended on engine pid=18806,rank=1,slot=0
Auto thread command 3456 934.0.0 (w=0.0 aw=0.0 lp=0 grd=0) started on engine pid=18806,rank=1,slot=0
command 3456 934.0.0 ended on engine pid=18806,rank=1,slot=0
Auto thread command 3454 933.0.0 (w=0.0 aw=0.0 lp=0 grd=0) started on engine pid=18806,rank=1,slot=0
command 3454 933.0.0 ended on engine pid=18806,rank=1,slot=0
Auto thread command 3448 930.0.0 (w=0.0 aw=0.0 lp=0 grd=0) started on engine pid=18806,rank=1,slot=0
command 3448 930.0.0 ended on engine pid=18806,rank=1,slot=0
Auto thread command 3441 927.0.0 (w=0.0 aw=0.0 lp=0 grd=0) started on engine pid=18806,rank=1,slot=0
command 3441 927.0.0 ended on engine pid=18806,rank=1,slot=0
Auto thread command 3272 892.0.0 (w=0.0 aw=0.0 lp=0 grd=0) started on engine pid=18806,rank=1,slot=0
command 3272 892.0.0 ended on engine pid=18806,rank=1,slot=0
Auto thread command 3268 890.0.0 (w=0.0 aw=0.0 lp=0 grd=0) started on engine pid=18806,rank=1,slot=0
command 3268 890.0.0 ended on engine pid=18806,rank=1,slot=0
Auto thread command 3262 887.0.0 (w=0.0 aw=0.0 lp=0 grd=0) started on engine pid=18806,rank=1,slot=0
command 3262 887.0.0 ended on engine pid=18806,rank=1,slot=0
Auto thread command 3260 886.0.0 (w=0.0 aw=0.0 lp=0 grd=0) started on engine pid=18806,rank=1,slot=0
command 3260 886.0.0 ended on engine pid=18806,rank=1,slot=0
Auto thread command 3254 883.0.0 (w=0.0 aw=0.0 lp=0 grd=0) started on engine pid=18806,rank=1,slot=0
command 3254 883.0.0 ended on engine pid=18806,rank=1,slot=0
Auto thread command 3247 880.0.0 (w=0.0 aw=0.0 lp=0 grd=0) started on engine pid=18806,rank=1,slot=0
command 3247 880.0.0 ended on engine pid=18806,rank=1,slot=0
Auto thread command 3137 845.0.0 (w=0.0 aw=0.0 lp=0 grd=0) started on engine pid=18806,rank=1,slot=0
command 3137 845.0.0 ended on engine pid=18806,rank=1,slot=0
Auto thread command 3133 843.0.0 (w=0.0 aw=0.0 lp=0 grd=0) started on engine pid=18806,rank=1,slot=0
command 3133 843.0.0 ended on engine pid=18806,rank=1,slot=0
Auto thread command 3127 840.0.0 (w=0.0 aw=0.0 lp=0 grd=0) started on engine pid=18806,rank=1,slot=0
command 3127 840.0.0 ended on engine pid=18806,rank=1,slot=0
Auto thread command 3125 839.0.0 (w=0.0 aw=0.0 lp=0 grd=0) started on engine pid=18806,rank=1,slot=0
command 3125 839.0.0 ended on engine pid=18806,rank=1,slot=0
Auto thread command 3119 836.0.0 (w=0.0 aw=0.0 lp=0 grd=0) started on engine pid=18806,rank=1,slot=0
command 3119 836.0.0 ended on engine pid=18806,rank=1,slot=0
Auto thread command 3112 833.0.0 (w=0.0 aw=0.0 lp=0 grd=0) started on engine pid=18806,rank=1,slot=0
command 3112 833.0.0 ended on engine pid=18806,rank=1,slot=0
Auto thread command 3001 798.0.0 (w=0.0 aw=0.0 lp=0 grd=0) started on engine pid=18806,rank=1,slot=0
command 3001 798.0.0 ended on engine pid=18806,rank=1,slot=0
Auto thread command 2997 796.0.0 (w=0.0 aw=0.0 lp=0 grd=0) started on engine pid=18806,rank=1,slot=0
command 2997 796.0.0 ended on engine pid=18806,rank=1,slot=0
Auto thread command 2991 793.0.0 (w=0.0 aw=0.0 lp=0 grd=0) started on engine pid=18806,rank=1,slot=0
command 2991 793.0.0 ended on engine pid=18806,rank=1,slot=0
Auto thread command 2989 792.0.0 (w=0.0 aw=0.0 lp=0 grd=0) started on engine pid=18806,rank=1,slot=0
command 2989 792.0.0 ended on engine pid=18806,rank=1,slot=0
Auto thread command 2983 789.0.0 (w=0.0 aw=0.0 lp=0 grd=0) started on engine pid=18806,rank=1,slot=0
command 2983 789.0.0 ended on engine pid=18806,rank=1,slot=0
Auto thread command 2975 786.0.0 (w=0.0 aw=0.0 lp=0 grd=0) started on engine pid=18806,rank=1,slot=0
command 2975 786.0.0 ended on engine pid=18806,rank=1,slot=0
Auto thread command 1877 561.0.0 (w=0.0 aw=0.0 lp=0 grd=0) started on engine pid=18806,rank=1,slot=0
command 1877 561.0.0 ended on engine pid=18806,rank=1,slot=0
Auto thread command 1875 560.0.0 (w=0.0 aw=0.0 lp=0 grd=0) started on engine pid=18806,rank=1,slot=0
command 1875 560.0.0 ended on engine pid=18806,rank=1,slot=0
Auto thread command 1873 559.0.0 (w=0.0 aw=0.0 lp=0 grd=0) started on engine pid=18806,rank=1,slot=0
command 1873 559.0.0 ended on engine pid=18806,rank=1,slot=0
Auto thread command 1871 558.0.0 (w=0.0 aw=0.0 lp=0 grd=0) started on engine pid=18806,rank=1,slot=0
command 1871 558.0.0 ended on engine pid=18806,rank=1,slot=0
Auto thread command 1869 557.0.0 (w=0.0 aw=0.0 lp=0 grd=0) started on engine pid=18806,rank=1,slot=0
command 1869 557.0.0 ended on engine pid=18806,rank=1,slot=0
Auto thread command 1867 556.0.0 (w=0.0 aw=0.0 lp=0 grd=0) started on engine pid=18806,rank=1,slot=0
command 1867 556.0.0 ended on engine pid=18806,rank=1,slot=0
Auto thread command 1865 555.0.0 (w=0.0 aw=0.0 lp=0 grd=0) started on engine pid=18806,rank=1,slot=0
command 1865 555.0.0 ended on engine pid=18806,rank=1,slot=0
Auto thread command 1863 554.0.0 (w=0.0 aw=0.0 lp=0 grd=0) started on engine pid=18806,rank=1,slot=0
command 1863 554.0.0 ended on engine pid=18806,rank=1,slot=0
Auto thread command 1861 553.0.0 (w=0.0 aw=0.0 lp=0 grd=0) started on engine pid=18806,rank=1,slot=0
command 1861 553.0.0 ended on engine pid=18806,rank=1,slot=0
Auto thread command 1859 552.0.0 (w=0.0 aw=0.0 lp=0 grd=0) started on engine pid=18806,rank=1,slot=0
command 1859 552.0.0 ended on engine pid=18806,rank=1,slot=0
Auto thread command 1857 551.0.0 (w=0.0 aw=0.0 lp=0 grd=0) started on engine pid=18806,rank=1,slot=0
command 1857 551.0.0 ended on engine pid=18806,rank=1,slot=0
Auto thread command 1855 550.0.0 (w=0.0 aw=0.0 lp=0 grd=0) started on engine pid=18806,rank=1,slot=0
command 1855 550.0.0 ended on engine pid=18806,rank=1,slot=0
Auto thread command 1853 549.0.0 (w=0.0 aw=0.0 lp=0 grd=0) started on engine pid=18806,rank=1,slot=0
command 1853 549.0.0 ended on engine pid=18806,rank=1,slot=0
Auto thread command 1851 548.0.0 (w=0.0 aw=0.0 lp=0 grd=0) started on engine pid=18806,rank=1,slot=0
command 1851 548.0.0 ended on engine pid=18806,rank=1,slot=0
Auto thread command 1822 539.0.0 (w=0.0 aw=0.0 lp=0 grd=0) started on engine pid=18806,rank=1,slot=0
command 1822 539.0.0 ended on engine pid=18806,rank=1,slot=0
Auto thread command 1819 537.0.0 (w=0.0 aw=0.0 lp=0 grd=0) started on engine pid=18806,rank=1,slot=0
command 1819 537.0.0 ended on engine pid=18806,rank=1,slot=0
Auto thread command 1816 535.0.0 (w=0.0 aw=0.0 lp=0 grd=0) started on engine pid=18806,rank=1,slot=0
command 1816 535.0.0 ended on engine pid=18806,rank=1,slot=0
Auto thread command 1813 533.0.0 (w=0.0 aw=0.0 lp=0 grd=0) started on engine pid=18806,rank=1,slot=0
command 1813 533.0.0 ended on engine pid=18806,rank=1,slot=0
Auto thread command 1810 531.0.0 (w=0.0 aw=0.0 lp=0 grd=0) started on engine pid=18806,rank=1,slot=0
command 1810 531.0.0 ended on engine pid=18806,rank=1,slot=0
Auto thread command 1807 529.0.0 (w=0.0 aw=0.0 lp=0 grd=0) started on engine pid=18806,rank=1,slot=0
command 1807 529.0.0 ended on engine pid=18806,rank=1,slot=0
Auto thread command 1804 527.0.0 (w=0.0 aw=0.0 lp=0 grd=0) started on engine pid=18806,rank=1,slot=0
command 1804 527.0.0 ended on engine pid=18806,rank=1,slot=0
Auto thread command 1801 525.0.0 (w=0.0 aw=0.0 lp=0 grd=0) started on engine pid=18806,rank=1,slot=0
command 1801 525.0.0 ended on engine pid=18806,rank=1,slot=0
Auto thread command 1798 523.0.0 (w=0.0 aw=0.0 lp=0 grd=0) started on engine pid=18806,rank=1,slot=0
command 1798 523.0.0 ended on engine pid=18806,rank=1,slot=0
Auto thread command 1795 521.0.0 (w=0.0 aw=0.0 lp=0 grd=0) started on engine pid=18806,rank=1,slot=0
command 1795 521.0.0 ended on engine pid=18806,rank=1,slot=0
Auto thread command 1776 514.0.0 (w=0.0 aw=0.0 lp=0 grd=0) started on engine pid=18806,rank=1,slot=0
command 1776 514.0.0 ended on engine pid=18806,rank=1,slot=0
Auto thread command 1773 512.0.0 (w=0.0 aw=0.0 lp=0 grd=0) started on engine pid=18806,rank=1,slot=0
command 1773 512.0.0 ended on engine pid=18806,rank=1,slot=0
Auto thread command 1754 505.0.0 (w=0.0 aw=0.0 lp=0 grd=0) started on engine pid=18806,rank=1,slot=0
command 1754 505.0.0 ended on engine pid=18806,rank=1,slot=0
Auto thread command 1751 503.0.0 (w=0.0 aw=0.0 lp=0 grd=0) started on engine pid=18806,rank=1,slot=0
command 1751 503.0.0 ended on engine pid=18806,rank=1,slot=0
Auto thread command 1732 496.0.0 (w=0.0 aw=0.0 lp=0 grd=0) started on engine pid=18806,rank=1,slot=0
command 1732 496.0.0 ended on engine pid=18806,rank=1,slot=0
Auto thread command 1729 494.0.0 (w=0.0 aw=0.0 lp=0 grd=0) started on engine pid=18806,rank=1,slot=0
command 1729 494.0.0 ended on engine pid=18806,rank=1,slot=0
Auto thread command 1726 492.0.0 (w=0.0 aw=0.0 lp=0 grd=0) started on engine pid=18806,rank=1,slot=0
command 1726 492.0.0 ended on engine pid=18806,rank=1,slot=0
Auto thread command 1723 490.0.0 (w=0.0 aw=0.0 lp=0 grd=0) started on engine pid=18806,rank=1,slot=0
command 1723 490.0.0 ended on engine pid=18806,rank=1,slot=0
Auto thread command 1720 488.0.0 (w=0.0 aw=0.0 lp=0 grd=0) started on engine pid=18806,rank=1,slot=0
command 1720 488.0.0 ended on engine pid=18806,rank=1,slot=0
Auto thread command 1717 486.0.0 (w=0.0 aw=0.0 lp=0 grd=0) started on engine pid=18806,rank=1,slot=0
command 1717 486.0.0 ended on engine pid=18806,rank=1,slot=0
Auto thread command 1714 484.0.0 (w=0.0 aw=0.0 lp=0 grd=0) started on engine pid=18806,rank=1,slot=0
command 1714 484.0.0 ended on engine pid=18806,rank=1,slot=0
Auto thread command 1711 482.0.0 (w=0.0 aw=0.0 lp=0 grd=0) started on engine pid=18806,rank=1,slot=0
command 1711 482.0.0 ended on engine pid=18806,rank=1,slot=0
Auto thread command 1692 475.0.0 (w=0.0 aw=0.0 lp=0 grd=0) started on engine pid=18806,rank=1,slot=0
command 1692 475.0.0 ended on engine pid=18806,rank=1,slot=0
Auto thread command 1689 473.0.0 (w=0.0 aw=0.0 lp=0 grd=0) started on engine pid=18806,rank=1,slot=0
command 1689 473.0.0 ended on engine pid=18806,rank=1,slot=0
Auto thread command 1670 466.0.0 (w=0.0 aw=0.0 lp=0 grd=0) started on engine pid=18806,rank=1,slot=0
command 1670 466.0.0 ended on engine pid=18806,rank=1,slot=0
Auto thread command 1667 464.0.0 (w=0.0 aw=0.0 lp=0 grd=0) started on engine pid=18806,rank=1,slot=0
command 1667 464.0.0 ended on engine pid=18806,rank=1,slot=0
Auto thread command 1646 457.0.0 (w=0.0 aw=0.0 lp=0 grd=0) started on engine pid=18806,rank=1,slot=0
command 1646 457.0.0 ended on engine pid=18806,rank=1,slot=0
Auto thread command 1643 455.0.0 (w=0.0 aw=0.0 lp=0 grd=0) started on engine pid=18806,rank=1,slot=0
command 1643 455.0.0 ended on engine pid=18806,rank=1,slot=0
Auto thread command 1385 389.0.0 (w=0.0 aw=0.0 lp=0 grd=0) started on engine pid=18806,rank=1,slot=0
command 1385 389.0.0 ended on engine pid=18806,rank=1,slot=0
Auto thread command 0 0 (w=0.0 aw=0.0 lp=0 grd=0) started on engine pid=18806,rank=1,slot=0
command 0 0 ended on engine pid=18806,rank=1,slot=0
Removing fd 21 from connection catalog
  Descriptor 21 hang up
Cannot identify connection with fd 21. No engine to shutdown.
Closing socket 21
  Listening socket is readable
  New connection to poll - 21
Adding fd 21 (pid=18819,rank=0,slot=1) to connection catalog
Engine 0 (pid 18819) host memory = 128672MB.
Auto thread command 1383 387.0.0 (w=0.0 aw=0.0 lp=0 grd=0) started on engine pid=18819,rank=0,slot=1
command 1383 387.0.0 ended on engine pid=18819,rank=0,slot=1
Auto thread command 1403 393.0.0 (w=0.0 aw=0.0 lp=0 grd=0) started on engine pid=18819,rank=0,slot=1
command 1403 393.0.0 ended on engine pid=18819,rank=0,slot=1
Auto thread command 3141 847.0.0 (w=0.0 aw=0.0 lp=0 grd=0) started on engine pid=18819,rank=0,slot=1
  Listening socket is readable
  New connection to poll - 24
Adding fd 24 (pid=18806,rank=1,slot=0) to connection catalog
Engine 1 (pid 18806) host memory = 128672MB.
command 3141 847.0.0 ended on engine pid=18819,rank=0,slot=1
Auto thread command 3852 1070.0.0 (w=0.0 aw=0.0 lp=0 grd=0) started on engine pid=18819,rank=0,slot=1
command 3852 1070.0.0 ended on engine pid=18819,rank=0,slot=1
Auto thread command 3663 1006.0.0 (w=0.0 aw=0.0 lp=0 grd=0) started on engine pid=18819,rank=0,slot=1
command 3663 1006.0.0 ended on engine pid=18819,rank=0,slot=1
Auto thread command 3470 941.0.0 (w=0.0 aw=0.0 lp=0 grd=0) started on engine pid=18819,rank=0,slot=1
command 3470 941.0.0 ended on engine pid=18819,rank=0,slot=1
[2.000573s] usr=0.0s, sys=0.01s
Auto thread command 3276 894.0.0 (w=0.0 aw=0.0 lp=0 grd=0) started on engine pid=18819,rank=0,slot=1
command 3276 894.0.0 ended on engine pid=18819,rank=0,slot=1
Auto thread command 3005 800.0.0 (w=0.0 aw=0.0 lp=0 grd=0) started on engine pid=18819,rank=0,slot=1
command 3005 800.0.0 ended on engine pid=18819,rank=0,slot=1
Auto thread command 3007 801.0.0 (w=0.0 aw=0.0 lp=0 grd=0) started on engine pid=18819,rank=0,slot=1
command 3007 801.0.0 ended on engine pid=18819,rank=0,slot=1
Auto thread command 3035 809.0.0 (w=0.0 aw=0.0 lp=0 grd=0) started on engine pid=18819,rank=0,slot=1
command 3035 809.0.0 ended on engine pid=18819,rank=0,slot=1
Auto thread command 3028 806.0.0 (w=0.0 aw=0.0 lp=0 grd=0) started on engine pid=18819,rank=0,slot=1
command 3028 806.0.0 ended on engine pid=18819,rank=0,slot=1
Auto thread command 3040 811.0.0 (w=0.0 aw=0.0 lp=0 grd=0) started on engine pid=18819,rank=0,slot=1
command 3040 811.0.0 ended on engine pid=18819,rank=0,slot=1
Auto thread command 3046 813.0.0 (w=0.0 aw=0.0 lp=0 grd=0) started on engine pid=18819,rank=0,slot=1
command 3046 813.0.0 ended on engine pid=18819,rank=0,slot=1
Auto thread command 3090 831.0.0 (w=0.0 aw=0.0 lp=0 grd=0) started on engine pid=18819,rank=0,slot=1
command 3090 831.0.0 ended on engine pid=18819,rank=0,slot=1
Auto thread command 3278 895.0.0 (w=0.0 aw=0.0 lp=0 grd=0) started on engine pid=18819,rank=0,slot=1
command 3278 895.0.0 ended on engine pid=18819,rank=0,slot=1
Auto thread command 3306 903.0.0 (w=0.0 aw=0.0 lp=0 grd=0) started on engine pid=18819,rank=0,slot=1
command 3306 903.0.0 ended on engine pid=18819,rank=0,slot=1
Auto thread command 3299 900.0.0 (w=0.0 aw=0.0 lp=0 grd=0) started on engine pid=18819,rank=0,slot=1
command 3299 900.0.0 ended on engine pid=18819,rank=0,slot=1
Auto thread command 3311 905.0.0 (w=0.0 aw=0.0 lp=0 grd=0) started on engine pid=18819,rank=0,slot=1
command 3311 905.0.0 ended on engine pid=18819,rank=0,slot=1
Auto thread command 3317 907.0.0 (w=0.0 aw=0.0 lp=0 grd=0) started on engine pid=18819,rank=0,slot=1
command 3317 907.0.0 ended on engine pid=18819,rank=0,slot=1
Auto thread command 3360 925.0.0 (w=0.0 aw=0.0 lp=0 grd=0) started on engine pid=18819,rank=0,slot=1
command 3360 925.0.0 ended on engine pid=18819,rank=0,slot=1
Auto thread command 3472 942.0.0 (w=0.0 aw=0.0 lp=0 grd=0) started on engine pid=18819,rank=0,slot=1
command 3472 942.0.0 ended on engine pid=18819,rank=0,slot=1
Auto thread command 3528 958.0.0 (w=0.0 aw=0.0 lp=0 grd=0) started on engine pid=18819,rank=0,slot=1
command 3528 958.0.0 ended on engine pid=18819,rank=0,slot=1
Auto thread command 3521 955.0.0 (w=0.0 aw=0.0 lp=0 grd=0) started on engine pid=18819,rank=0,slot=1
command 3521 955.0.0 ended on engine pid=18819,rank=0,slot=1
Auto thread command 3533 960.0.0 (w=0.0 aw=0.0 lp=0 grd=0) started on engine pid=18819,rank=0,slot=1
command 3533 960.0.0 ended on engine pid=18819,rank=0,slot=1
Auto thread command 3539 962.0.0 (w=0.0 aw=0.0 lp=0 grd=0) started on engine pid=18819,rank=0,slot=1
command 3539 962.0.0 ended on engine pid=18819,rank=0,slot=1
Auto thread command 3490 944.0.0 (w=0.0 aw=0.0 lp=0 grd=0) started on engine pid=18819,rank=0,slot=1
command 3490 944.0.0 ended on engine pid=18819,rank=0,slot=1
Auto thread command 3485 943.0.0 (w=0.0 aw=0.0 lp=0 grd=0) started on engine pid=18819,rank=0,slot=1
command 3485 943.0.0 ended on engine pid=18819,rank=0,slot=1
Auto thread command 3603 988.0.0 (w=0.0 aw=0.0 lp=0 grd=0) started on engine pid=18819,rank=0,slot=1
command 3603 988.0.0 ended on engine pid=18819,rank=0,slot=1
Auto thread command 3502 947.0.0 (w=0.0 aw=0.0 lp=0 grd=0) started on engine pid=18819,rank=0,slot=1
command 3502 947.0.0 ended on engine pid=18819,rank=0,slot=1
Auto thread command 3497 946.0.0 (w=0.0 aw=0.0 lp=0 grd=0) started on engine pid=18819,rank=0,slot=1
command 3497 946.0.0 ended on engine pid=18819,rank=0,slot=1
Auto thread command 3599 987.0.0 (w=0.0 aw=0.0 lp=0 grd=0) started on engine pid=18819,rank=0,slot=1
command 3599 987.0.0 ended on engine pid=18819,rank=0,slot=1
Auto thread command 3582 980.0.0 (w=0.0 aw=0.0 lp=0 grd=0) started on engine pid=18819,rank=0,slot=1
command 3582 980.0.0 ended on engine pid=18819,rank=0,slot=1
Auto thread command 3665 1007.0.0 (w=0.0 aw=0.0 lp=0 grd=0) started on engine pid=18819,rank=0,slot=1
command 3665 1007.0.0 ended on engine pid=18819,rank=0,slot=1
Auto thread command 3721 1023.0.0 (w=0.0 aw=0.0 lp=0 grd=0) started on engine pid=18819,rank=0,slot=1
command 3721 1023.0.0 ended on engine pid=18819,rank=0,slot=1
Auto thread command 3714 1020.0.0 (w=0.0 aw=0.0 lp=0 grd=0) started on engine pid=18819,rank=0,slot=1
command 3714 1020.0.0 ended on engine pid=18819,rank=0,slot=1
Auto thread command 3726 1025.0.0 (w=0.0 aw=0.0 lp=0 grd=0) started on engine pid=18819,rank=0,slot=1
command 3726 1025.0.0 ended on engine pid=18819,rank=0,slot=1
Auto thread command 3732 1027.0.0 (w=0.0 aw=0.0 lp=0 grd=0) started on engine pid=18819,rank=0,slot=1
command 3732 1027.0.0 ended on engine pid=18819,rank=0,slot=1
Auto thread command 3683 1009.0.0 (w=0.0 aw=0.0 lp=0 grd=0) started on engine pid=18819,rank=0,slot=1
command 3683 1009.0.0 ended on engine pid=18819,rank=0,slot=1
Auto thread command 3678 1008.0.0 (w=0.0 aw=0.0 lp=0 grd=0) started on engine pid=18819,rank=0,slot=1
command 3678 1008.0.0 ended on engine pid=18819,rank=0,slot=1
Auto thread command 3793 1052.0.0 (w=0.0 aw=0.0 lp=0 grd=0) started on engine pid=18819,rank=0,slot=1
command 3793 1052.0.0 ended on engine pid=18819,rank=0,slot=1
Auto thread command 3695 1012.0.0 (w=0.0 aw=0.0 lp=0 grd=0) started on engine pid=18819,rank=0,slot=1
command 3695 1012.0.0 ended on engine pid=18819,rank=0,slot=1
Auto thread command 3690 1011.0.0 (w=0.0 aw=0.0 lp=0 grd=0) started on engine pid=18819,rank=0,slot=1
command 3690 1011.0.0 ended on engine pid=18819,rank=0,slot=1
Auto thread command 3789 1051.0.0 (w=0.0 aw=0.0 lp=0 grd=0) started on engine pid=18819,rank=0,slot=1
command 3789 1051.0.0 ended on engine pid=18819,rank=0,slot=1
Auto thread command 3775 1045.0.0 (w=0.0 aw=0.0 lp=0 grd=0) started on engine pid=18819,rank=0,slot=1
command 3775 1045.0.0 ended on engine pid=18819,rank=0,slot=1
Auto thread command 3854 1071.0.0 (w=0.0 aw=0.0 lp=0 grd=0) started on engine pid=18819,rank=0,slot=1
command 3854 1071.0.0 ended on engine pid=18819,rank=0,slot=1
Auto thread command 3910 1087.0.0 (w=0.0 aw=0.0 lp=0 grd=0) started on engine pid=18819,rank=0,slot=1
command 3910 1087.0.0 ended on engine pid=18819,rank=0,slot=1
Auto thread command 3903 1084.0.0 (w=0.0 aw=0.0 lp=0 grd=0) started on engine pid=18819,rank=0,slot=1
command 3903 1084.0.0 ended on engine pid=18819,rank=0,slot=1
Auto thread command 3915 1089.0.0 (w=0.0 aw=0.0 lp=0 grd=0) started on engine pid=18819,rank=0,slot=1
command 3915 1089.0.0 ended on engine pid=18819,rank=0,slot=1
Auto thread command 3921 1091.0.0 (w=0.0 aw=0.0 lp=0 grd=0) started on engine pid=18819,rank=0,slot=1
command 3921 1091.0.0 ended on engine pid=18819,rank=0,slot=1
Auto thread command 3872 1073.0.0 (w=0.0 aw=0.0 lp=0 grd=0) started on engine pid=18819,rank=0,slot=1
command 3872 1073.0.0 ended on engine pid=18819,rank=0,slot=1
Auto thread command 3867 1072.0.0 (w=0.0 aw=0.0 lp=0 grd=0) started on engine pid=18819,rank=0,slot=1
command 3867 1072.0.0 ended on engine pid=18819,rank=0,slot=1
Auto thread command 3978 1114.0.0 (w=0.0 aw=0.0 lp=0 grd=0) started on engine pid=18819,rank=0,slot=1
command 3978 1114.0.0 ended on engine pid=18819,rank=0,slot=1
Auto thread command 3884 1076.0.0 (w=0.0 aw=0.0 lp=0 grd=0) started on engine pid=18819,rank=0,slot=1
command 3884 1076.0.0 ended on engine pid=18819,rank=0,slot=1
Auto thread command 3879 1075.0.0 (w=0.0 aw=0.0 lp=0 grd=0) started on engine pid=18819,rank=0,slot=1
command 3879 1075.0.0 ended on engine pid=18819,rank=0,slot=1
Auto thread command 1383 387.0.0 (w=0.0 aw=0.0 lp=0 grd=0) started on engine pid=18806,rank=1,slot=0
command 1383 387.0.0 ended on engine pid=18806,rank=1,slot=0
Auto thread command 3974 1113.0.0 (w=0.0 aw=0.0 lp=0 grd=0) started on engine pid=18819,rank=0,slot=1
Auto thread command 3960 1107.0.0 (w=0.0 aw=0.0 lp=0 grd=0) started on engine pid=18806,rank=1,slot=0
command 3974 1113.0.0 ended on engine pid=18819,rank=0,slot=1
Auto thread command 3143 848.0.0 (w=0.0 aw=0.0 lp=0 grd=0) started on engine pid=18819,rank=0,slot=1
command 3143 848.0.0 ended on engine pid=18819,rank=0,slot=1
command 3960 1107.0.0 ended on engine pid=18806,rank=1,slot=0
Auto thread command 3171 856.0.0 (w=0.0 aw=0.0 lp=0 grd=0) started on engine pid=18819,rank=0,slot=1
Auto thread command 3164 853.0.0 (w=0.0 aw=0.0 lp=0 grd=0) started on engine pid=18806,rank=1,slot=0
command 3164 853.0.0 ended on engine pid=18806,rank=1,slot=0
command 3171 856.0.0 ended on engine pid=18819,rank=0,slot=1
Auto thread command 3176 858.0.0 (w=0.0 aw=0.0 lp=0 grd=0) started on engine pid=18819,rank=0,slot=1
Auto thread command 1637 453.0.0 (w=0.0 aw=0.0 lp=0 grd=0) started on engine pid=18806,rank=1,slot=0
command 3176 858.0.0 ended on engine pid=18819,rank=0,slot=1
command 1637 453.0.0 ended on engine pid=18806,rank=1,slot=0
Auto thread command 3182 860.0.0 (w=0.0 aw=0.0 lp=0 grd=0) started on engine pid=18819,rank=0,slot=1
command 3182 860.0.0 ended on engine pid=18819,rank=0,slot=1
Auto thread command 2825 755.0.0 (w=0.0 aw=0.0 lp=0 grd=0) started on engine pid=18806,rank=1,slot=0
Auto thread command 2799 750.0.0 (w=0.0 aw=0.0 lp=0 grd=0) started on engine pid=18819,rank=0,slot=1
command 2799 750.0.0 ended on engine pid=18819,rank=0,slot=1
Auto thread command 2788 748.0.0 (w=0.0 aw=0.0 lp=0 grd=0) started on engine pid=18819,rank=0,slot=1
command 2825 755.0.0 ended on engine pid=18806,rank=1,slot=0
Auto thread command 2778 746.0.0 (w=0.0 aw=0.0 lp=0 grd=0) started on engine pid=18806,rank=1,slot=0
command 2788 748.0.0 ended on engine pid=18819,rank=0,slot=1
command 2778 746.0.0 ended on engine pid=18806,rank=1,slot=0
Auto thread command 2791 749.0.0 (w=0.0 aw=0.0 lp=0 grd=0) started on engine pid=18819,rank=0,slot=1
Auto thread command 2781 747.0.0 (w=0.0 aw=0.0 lp=0 grd=0) started on engine pid=18806,rank=1,slot=0
command 2791 749.0.0 ended on engine pid=18819,rank=0,slot=1
command 2781 747.0.0 ended on engine pid=18806,rank=1,slot=0
Auto thread command 2767 744.0.0 (w=0.0 aw=0.0 lp=0 grd=0) started on engine pid=18819,rank=0,slot=1
Auto thread command 2757 742.0.0 (w=0.0 aw=0.0 lp=0 grd=0) started on engine pid=18806,rank=1,slot=0
command 2767 744.0.0 ended on engine pid=18819,rank=0,slot=1
command 2757 742.0.0 ended on engine pid=18806,rank=1,slot=0
Auto thread command 2770 745.0.0 (w=0.0 aw=0.0 lp=0 grd=0) started on engine pid=18819,rank=0,slot=1
Auto thread command 2760 743.0.0 (w=0.0 aw=0.0 lp=0 grd=0) started on engine pid=18806,rank=1,slot=0
command 2770 745.0.0 ended on engine pid=18819,rank=0,slot=1
Auto thread command 2524 695.0.0 (w=0.0 aw=0.0 lp=0 grd=0) started on engine pid=18819,rank=0,slot=1
command 2760 743.0.0 ended on engine pid=18806,rank=1,slot=0
command 2524 695.0.0 ended on engine pid=18819,rank=0,slot=1
Auto thread command 2346 659.0.0 (w=0.0 aw=0.0 lp=0 grd=0) started on engine pid=18806,rank=1,slot=0
command 2346 659.0.0 ended on engine pid=18806,rank=1,slot=0
Auto thread command 2527 696.0.0 (w=0.0 aw=0.0 lp=0 grd=0) started on engine pid=18819,rank=0,slot=1
Auto thread command 3225 878.0.0 (w=0.0 aw=0.0 lp=0 grd=0) started on engine pid=18806,rank=1,slot=0
command 2527 696.0.0 ended on engine pid=18819,rank=0,slot=1
Auto thread command 2533 697.0.0 (w=0.0 aw=0.0 lp=0 grd=0) started on engine pid=18819,rank=0,slot=1
command 2533 697.0.0 ended on engine pid=18819,rank=0,slot=1
Auto thread command 2805 751.0.0 (w=0.0 aw=0.0 lp=0 grd=0) started on engine pid=18819,rank=0,slot=1
command 3225 878.0.0 ended on engine pid=18806,rank=1,slot=0
command 2805 751.0.0 ended on engine pid=18819,rank=0,slot=1
Auto thread command 1621 449.0.0 (w=0.0 aw=0.0 lp=0 grd=0) started on engine pid=18806,rank=1,slot=0
Auto thread command 1605 445.0.0 (w=0.0 aw=0.0 lp=0 grd=0) started on engine pid=18819,rank=0,slot=1
command 1621 449.0.0 ended on engine pid=18806,rank=1,slot=0
command 1605 445.0.0 ended on engine pid=18819,rank=0,slot=1
Auto thread command 2808 752.0.0 (w=0.0 aw=0.0 lp=0 grd=0) started on engine pid=18806,rank=1,slot=0
command 2808 752.0.0 ended on engine pid=18806,rank=1,slot=0
Auto thread command 2554 702.0.0 (w=0.0 aw=0.0 lp=0 grd=0) started on engine pid=18819,rank=0,slot=1
Auto thread command 2811 753.0.0 (w=0.0 aw=0.0 lp=0 grd=0) started on engine pid=18806,rank=1,slot=0
command 2554 702.0.0 ended on engine pid=18819,rank=0,slot=1
command 2811 753.0.0 ended on engine pid=18806,rank=1,slot=0
Auto thread command 2558 703.0.0 (w=0.0 aw=0.0 lp=0 grd=0) started on engine pid=18819,rank=0,slot=1
Auto thread command 2817 754.0.0 (w=0.0 aw=0.0 lp=0 grd=0) started on engine pid=18806,rank=1,slot=0
command 2558 703.0.0 ended on engine pid=18819,rank=0,slot=1
Auto thread command 2566 705.0.0 (w=0.0 aw=0.0 lp=0 grd=0) started on engine pid=18819,rank=0,slot=1
command 2566 705.0.0 ended on engine pid=18819,rank=0,slot=1
command 2817 754.0.0 ended on engine pid=18806,rank=1,slot=0
Auto thread command 2562 704.0.0 (w=0.0 aw=0.0 lp=0 grd=0) started on engine pid=18819,rank=0,slot=1
Auto thread command 2550 701.0.0 (w=0.0 aw=0.0 lp=0 grd=0) started on engine pid=18806,rank=1,slot=0
command 2562 704.0.0 ended on engine pid=18819,rank=0,slot=1
Auto thread command 2512 692.0.0 (w=0.0 aw=0.0 lp=0 grd=0) started on engine pid=18819,rank=0,slot=1
command 2512 692.0.0 ended on engine pid=18819,rank=0,slot=1
command 2550 701.0.0 ended on engine pid=18806,rank=1,slot=0
Auto thread command 2515 693.0.0 (w=0.0 aw=0.0 lp=0 grd=0) started on engine pid=18819,rank=0,slot=1
Auto thread command 2506 691.0.0 (w=0.0 aw=0.0 lp=0 grd=0) started on engine pid=18806,rank=1,slot=0
command 2506 691.0.0 ended on engine pid=18806,rank=1,slot=0
command 2515 693.0.0 ended on engine pid=18819,rank=0,slot=1
Auto thread command 2492 689.0.0 (w=0.0 aw=0.0 lp=0 grd=0) started on engine pid=18806,rank=1,slot=0
Auto thread command 2588 710.0.0 (w=0.0 aw=0.0 lp=0 grd=0) started on engine pid=18819,rank=0,slot=1
command 2588 710.0.0 ended on engine pid=18819,rank=0,slot=1
command 2492 689.0.0 ended on engine pid=18806,rank=1,slot=0
Auto thread command 2521 694.0.0 (w=0.0 aw=0.0 lp=0 grd=0) started on engine pid=18819,rank=0,slot=1
Auto thread command 2481 687.0.0 (w=0.0 aw=0.0 lp=0 grd=0) started on engine pid=18806,rank=1,slot=0
command 2521 694.0.0 ended on engine pid=18819,rank=0,slot=1
command 2481 687.0.0 ended on engine pid=18806,rank=1,slot=0
Auto thread command 2570 706.0.0 (w=0.0 aw=0.0 lp=0 grd=0) started on engine pid=18819,rank=0,slot=1
command 2570 706.0.0 ended on engine pid=18819,rank=0,slot=1
Auto thread command 2484 688.0.0 (w=0.0 aw=0.0 lp=0 grd=0) started on engine pid=18806,rank=1,slot=0
Auto thread command 2544 699.0.0 (w=0.0 aw=0.0 lp=0 grd=0) started on engine pid=18819,rank=0,slot=1
command 2484 688.0.0 ended on engine pid=18806,rank=1,slot=0
Auto thread command 2536 698.0.0 (w=0.0 aw=0.0 lp=0 grd=0) started on engine pid=18806,rank=1,slot=0
command 2544 699.0.0 ended on engine pid=18819,rank=0,slot=1
Auto thread command 2470 685.0.0 (w=0.0 aw=0.0 lp=0 grd=0) started on engine pid=18819,rank=0,slot=1
command 2470 685.0.0 ended on engine pid=18819,rank=0,slot=1
Auto thread command 2473 686.0.0 (w=0.0 aw=0.0 lp=0 grd=0) started on engine pid=18819,rank=0,slot=1
command 2536 698.0.0 ended on engine pid=18806,rank=1,slot=0
Auto thread command 2547 700.0.0 (w=0.0 aw=0.0 lp=0 grd=0) started on engine pid=18806,rank=1,slot=0
command 2473 686.0.0 ended on engine pid=18819,rank=0,slot=1
Auto thread command 2454 682.0.0 (w=0.0 aw=0.0 lp=0 grd=0) started on engine pid=18819,rank=0,slot=1
command 2547 700.0.0 ended on engine pid=18806,rank=1,slot=0
Auto thread command 2448 681.0.0 (w=0.0 aw=0.0 lp=0 grd=0) started on engine pid=18806,rank=1,slot=0
command 2454 682.0.0 ended on engine pid=18819,rank=0,slot=1
Auto thread command 2460 683.0.0 (w=0.0 aw=0.0 lp=0 grd=0) started on engine pid=18819,rank=0,slot=1
command 2448 681.0.0 ended on engine pid=18806,rank=1,slot=0
Auto thread command 2411 673.0.0 (w=0.0 aw=0.0 lp=0 grd=0) started on engine pid=18806,rank=1,slot=0
command 2460 683.0.0 ended on engine pid=18819,rank=0,slot=1
Auto thread command 2466 684.0.0 (w=0.0 aw=0.0 lp=0 grd=0) started on engine pid=18819,rank=0,slot=1
command 2466 684.0.0 ended on engine pid=18819,rank=0,slot=1
command 2411 673.0.0 ended on engine pid=18806,rank=1,slot=0
Auto thread command 2405 672.0.0 (w=0.0 aw=0.0 lp=0 grd=0) started on engine pid=18819,rank=0,slot=1
Auto thread command 2417 674.0.0 (w=0.0 aw=0.0 lp=0 grd=0) started on engine pid=18806,rank=1,slot=0
command 2417 674.0.0 ended on engine pid=18806,rank=1,slot=0
command 2405 672.0.0 ended on engine pid=18819,rank=0,slot=1
Auto thread command 2422 675.0.0 (w=0.0 aw=0.0 lp=0 grd=0) started on engine pid=18806,rank=1,slot=0
Auto thread command 2402 671.0.0 (w=0.0 aw=0.0 lp=0 grd=0) started on engine pid=18819,rank=0,slot=1
command 2422 675.0.0 ended on engine pid=18806,rank=1,slot=0
command 2402 671.0.0 ended on engine pid=18819,rank=0,slot=1
Auto thread command 2313 652.0.0 (w=0.0 aw=0.0 lp=0 grd=0) started on engine pid=18806,rank=1,slot=0
Auto thread command 1589 441.0.0 (w=0.0 aw=0.0 lp=0 grd=0) started on engine pid=18819,rank=0,slot=1
command 2313 652.0.0 ended on engine pid=18806,rank=1,slot=0
command 1589 441.0.0 ended on engine pid=18819,rank=0,slot=1
Auto thread command 2371 665.0.0 (w=0.0 aw=0.0 lp=0 grd=0) started on engine pid=18806,rank=1,slot=0
command 2371 665.0.0 ended on engine pid=18806,rank=1,slot=0
Auto thread command 2754 741.0.0 (w=0.0 aw=0.0 lp=0 grd=0) started on engine pid=18819,rank=0,slot=1
Auto thread command 2719 734.0.0 (w=0.0 aw=0.0 lp=0 grd=0) started on engine pid=18806,rank=1,slot=0
command 2754 741.0.0 ended on engine pid=18819,rank=0,slot=1
Auto thread command 2708 732.0.0 (w=0.0 aw=0.0 lp=0 grd=0) started on engine pid=18819,rank=0,slot=1
command 2719 734.0.0 ended on engine pid=18806,rank=1,slot=0
command 2708 732.0.0 ended on engine pid=18819,rank=0,slot=1
Auto thread command 2711 733.0.0 (w=0.0 aw=0.0 lp=0 grd=0) started on engine pid=18819,rank=0,slot=1
Auto thread command 2698 730.0.0 (w=0.0 aw=0.0 lp=0 grd=0) started on engine pid=18806,rank=1,slot=0
command 2698 730.0.0 ended on engine pid=18806,rank=1,slot=0
Auto thread command 2701 731.0.0 (w=0.0 aw=0.0 lp=0 grd=0) started on engine pid=18806,rank=1,slot=0
command 2711 733.0.0 ended on engine pid=18819,rank=0,slot=1
Auto thread command 2670 724.0.0 (w=0.0 aw=0.0 lp=0 grd=0) started on engine pid=18819,rank=0,slot=1
command 2701 731.0.0 ended on engine pid=18806,rank=1,slot=0
command 2670 724.0.0 ended on engine pid=18819,rank=0,slot=1
Auto thread command 2660 722.0.0 (w=0.0 aw=0.0 lp=0 grd=0) started on engine pid=18806,rank=1,slot=0
Auto thread command 2633 718.0.0 (w=0.0 aw=0.0 lp=0 grd=0) started on engine pid=18819,rank=0,slot=1
command 2660 722.0.0 ended on engine pid=18806,rank=1,slot=0
Auto thread command 2663 723.0.0 (w=0.0 aw=0.0 lp=0 grd=0) started on engine pid=18806,rank=1,slot=0
command 2633 718.0.0 ended on engine pid=18819,rank=0,slot=1
Auto thread command 2637 719.0.0 (w=0.0 aw=0.0 lp=0 grd=0) started on engine pid=18819,rank=0,slot=1
command 2663 723.0.0 ended on engine pid=18806,rank=1,slot=0
command 2637 719.0.0 ended on engine pid=18819,rank=0,slot=1
Auto thread command 2500 690.0.0 (w=0.0 aw=0.0 lp=0 grd=0) started on engine pid=18806,rank=1,slot=0
Auto thread command 2642 720.0.0 (w=0.0 aw=0.0 lp=0 grd=0) started on engine pid=18819,rank=0,slot=1
command 2642 720.0.0 ended on engine pid=18819,rank=0,slot=1
Auto thread command 2381 667.0.0 (w=0.0 aw=0.0 lp=0 grd=0) started on engine pid=18819,rank=0,slot=1
command 2500 690.0.0 ended on engine pid=18806,rank=1,slot=0
Auto thread command 2250 639.0.0 (w=0.0 aw=0.0 lp=0 grd=0) started on engine pid=18806,rank=1,slot=0
command 2381 667.0.0 ended on engine pid=18819,rank=0,slot=1
command 2250 639.0.0 ended on engine pid=18806,rank=1,slot=0
Auto thread command 2384 668.0.0 (w=0.0 aw=0.0 lp=0 grd=0) started on engine pid=18819,rank=0,slot=1
Auto thread command 2253 640.0.0 (w=0.0 aw=0.0 lp=0 grd=0) started on engine pid=18806,rank=1,slot=0
command 2384 668.0.0 ended on engine pid=18819,rank=0,slot=1
command 2253 640.0.0 ended on engine pid=18806,rank=1,slot=0
Auto thread command 1879 562.0.0 (w=0.0 aw=0.0 lp=0 grd=0) started on engine pid=18819,rank=0,slot=1
Auto thread command 2573 707.0.0 (w=0.0 aw=0.0 lp=0 grd=0) started on engine pid=18806,rank=1,slot=0
command 2573 707.0.0 ended on engine pid=18806,rank=1,slot=0
command 1879 562.0.0 ended on engine pid=18819,rank=0,slot=1
Auto thread command 2687 728.0.0 (w=0.0 aw=0.0 lp=0 grd=0) started on engine pid=18806,rank=1,slot=0
command 2687 728.0.0 ended on engine pid=18806,rank=1,slot=0
Auto thread command 1883 563.0.0 (w=0.0 aw=0.0 lp=0 grd=0) started on engine pid=18819,rank=0,slot=1
Auto thread command 2584 709.0.0 (w=0.0 aw=0.0 lp=0 grd=0) started on engine pid=18806,rank=1,slot=0
command 2584 709.0.0 ended on engine pid=18806,rank=1,slot=0
command 1883 563.0.0 ended on engine pid=18819,rank=0,slot=1
Auto thread command 2576 708.0.0 (w=0.0 aw=0.0 lp=0 grd=0) started on engine pid=18806,rank=1,slot=0
Auto thread command 2259 641.0.0 (w=0.0 aw=0.0 lp=0 grd=0) started on engine pid=18819,rank=0,slot=1
command 2259 641.0.0 ended on engine pid=18819,rank=0,slot=1
Auto thread command 2591 711.0.0 (w=0.0 aw=0.0 lp=0 grd=0) started on engine pid=18819,rank=0,slot=1
command 2576 708.0.0 ended on engine pid=18806,rank=1,slot=0
command 2591 711.0.0 ended on engine pid=18819,rank=0,slot=1
Auto thread command 2361 663.0.0 (w=0.0 aw=0.0 lp=0 grd=0) started on engine pid=18806,rank=1,slot=0
Auto thread command 2594 712.0.0 (w=0.0 aw=0.0 lp=0 grd=0) started on engine pid=18819,rank=0,slot=1
command 2361 663.0.0 ended on engine pid=18806,rank=1,slot=0
Auto thread command 2351 661.0.0 (w=0.0 aw=0.0 lp=0 grd=0) started on engine pid=18806,rank=1,slot=0
command 2594 712.0.0 ended on engine pid=18819,rank=0,slot=1
command 2351 661.0.0 ended on engine pid=18806,rank=1,slot=0
Auto thread command 2329 656.0.0 (w=0.0 aw=0.0 lp=0 grd=0) started on engine pid=18819,rank=0,slot=1
Auto thread command 2316 653.0.0 (w=0.0 aw=0.0 lp=0 grd=0) started on engine pid=18806,rank=1,slot=0
command 2316 653.0.0 ended on engine pid=18806,rank=1,slot=0
command 2329 656.0.0 ended on engine pid=18819,rank=0,slot=1
Auto thread command 2323 654.0.0 (w=0.0 aw=0.0 lp=0 grd=0) started on engine pid=18819,rank=0,slot=1
Auto thread command 2336 657.0.0 (w=0.0 aw=0.0 lp=0 grd=0) started on engine pid=18806,rank=1,slot=0
command 2323 654.0.0 ended on engine pid=18819,rank=0,slot=1
command 2336 657.0.0 ended on engine pid=18806,rank=1,slot=0
Auto thread command 1573 437.0.0 (w=0.0 aw=0.0 lp=0 grd=0) started on engine pid=18819,rank=0,slot=1
Auto thread command 1557 433.0.0 (w=0.0 aw=0.0 lp=0 grd=0) started on engine pid=18806,rank=1,slot=0
command 1573 437.0.0 ended on engine pid=18819,rank=0,slot=1
command 1557 433.0.0 ended on engine pid=18806,rank=1,slot=0
Auto thread command 2037 596.0.0 (w=0.0 aw=0.0 lp=0 grd=0) started on engine pid=18819,rank=0,slot=1
command 2037 596.0.0 ended on engine pid=18819,rank=0,slot=1
Auto thread command 2043 598.0.0 (w=0.0 aw=0.0 lp=0 grd=0) started on engine pid=18806,rank=1,slot=0
Auto thread command 2040 597.0.0 (w=0.0 aw=0.0 lp=0 grd=0) started on engine pid=18819,rank=0,slot=1
command 2040 597.0.0 ended on engine pid=18819,rank=0,slot=1
Auto thread command 2023 592.0.0 (w=0.0 aw=0.0 lp=0 grd=0) started on engine pid=18819,rank=0,slot=1
command 2043 598.0.0 ended on engine pid=18806,rank=1,slot=0
Auto thread command 2003 588.0.0 (w=0.0 aw=0.0 lp=0 grd=0) started on engine pid=18806,rank=1,slot=0
command 2023 592.0.0 ended on engine pid=18819,rank=0,slot=1
command 2003 588.0.0 ended on engine pid=18806,rank=1,slot=0
Auto thread command 2030 594.0.0 (w=0.0 aw=0.0 lp=0 grd=0) started on engine pid=18819,rank=0,slot=1
command 2030 594.0.0 ended on engine pid=18819,rank=0,slot=1
Auto thread command 2006 589.0.0 (w=0.0 aw=0.0 lp=0 grd=0) started on engine pid=18806,rank=1,slot=0
Auto thread command 1970 582.0.0 (w=0.0 aw=0.0 lp=0 grd=0) started on engine pid=18819,rank=0,slot=1
command 1970 582.0.0 ended on engine pid=18819,rank=0,slot=1
command 2006 589.0.0 ended on engine pid=18806,rank=1,slot=0
Auto thread command 1973 583.0.0 (w=0.0 aw=0.0 lp=0 grd=0) started on engine pid=18819,rank=0,slot=1
Auto thread command 1959 580.0.0 (w=0.0 aw=0.0 lp=0 grd=0) started on engine pid=18806,rank=1,slot=0
command 1959 580.0.0 ended on engine pid=18806,rank=1,slot=0
command 1973 583.0.0 ended on engine pid=18819,rank=0,slot=1
Auto thread command 1962 581.0.0 (w=0.0 aw=0.0 lp=0 grd=0) started on engine pid=18806,rank=1,slot=0
Auto thread command 1939 576.0.0 (w=0.0 aw=0.0 lp=0 grd=0) started on engine pid=18819,rank=0,slot=1
command 1939 576.0.0 ended on engine pid=18819,rank=0,slot=1
command 1962 581.0.0 ended on engine pid=18806,rank=1,slot=0
Auto thread command 1942 577.0.0 (w=0.0 aw=0.0 lp=0 grd=0) started on engine pid=18819,rank=0,slot=1
Auto thread command 2013 590.0.0 (w=0.0 aw=0.0 lp=0 grd=0) started on engine pid=18806,rank=1,slot=0
command 2013 590.0.0 ended on engine pid=18806,rank=1,slot=0
command 1942 577.0.0 ended on engine pid=18819,rank=0,slot=1
Auto thread command 2016 591.0.0 (w=0.0 aw=0.0 lp=0 grd=0) started on engine pid=18806,rank=1,slot=0
Auto thread command 1992 586.0.0 (w=0.0 aw=0.0 lp=0 grd=0) started on engine pid=18819,rank=0,slot=1
command 1992 586.0.0 ended on engine pid=18819,rank=0,slot=1
command 2016 591.0.0 ended on engine pid=18806,rank=1,slot=0
Auto thread command 1995 587.0.0 (w=0.0 aw=0.0 lp=0 grd=0) started on engine pid=18819,rank=0,slot=1
Auto thread command 1981 584.0.0 (w=0.0 aw=0.0 lp=0 grd=0) started on engine pid=18806,rank=1,slot=0
command 1981 584.0.0 ended on engine pid=18806,rank=1,slot=0
command 1995 587.0.0 ended on engine pid=18819,rank=0,slot=1
Auto thread command 1984 585.0.0 (w=0.0 aw=0.0 lp=0 grd=0) started on engine pid=18806,rank=1,slot=0
Auto thread command 1949 578.0.0 (w=0.0 aw=0.0 lp=0 grd=0) started on engine pid=18819,rank=0,slot=1
command 1949 578.0.0 ended on engine pid=18819,rank=0,slot=1
command 1984 585.0.0 ended on engine pid=18806,rank=1,slot=0
Auto thread command 1952 579.0.0 (w=0.0 aw=0.0 lp=0 grd=0) started on engine pid=18819,rank=0,slot=1
Auto thread command 1541 429.0.0 (w=0.0 aw=0.0 lp=0 grd=0) started on engine pid=18806,rank=1,slot=0
command 1952 579.0.0 ended on engine pid=18819,rank=0,slot=1
command 1541 429.0.0 ended on engine pid=18806,rank=1,slot=0
Auto thread command 1525 425.0.0 (w=0.0 aw=0.0 lp=0 grd=0) started on engine pid=18819,rank=0,slot=1
command 1525 425.0.0 ended on engine pid=18819,rank=0,slot=1
Auto thread command 2956 782.0.0 (w=0.0 aw=0.0 lp=0 grd=0) started on engine pid=18806,rank=1,slot=0
command 2956 782.0.0 ended on engine pid=18806,rank=1,slot=0
Auto thread command 2950 781.0.0 (w=0.0 aw=0.0 lp=0 grd=0) started on engine pid=18819,rank=0,slot=1
Auto thread command 2959 783.0.0 (w=0.0 aw=0.0 lp=0 grd=0) started on engine pid=18806,rank=1,slot=0
command 2959 783.0.0 ended on engine pid=18806,rank=1,slot=0
Auto thread command 2865 764.0.0 (w=0.0 aw=0.0 lp=0 grd=0) started on engine pid=18806,rank=1,slot=0
command 2950 781.0.0 ended on engine pid=18819,rank=0,slot=1
Auto thread command 2828 756.0.0 (w=0.0 aw=0.0 lp=0 grd=0) started on engine pid=18819,rank=0,slot=1
command 2828 756.0.0 ended on engine pid=18819,rank=0,slot=1
command 2865 764.0.0 ended on engine pid=18806,rank=1,slot=0
Auto thread command 2895 771.0.0 (w=0.0 aw=0.0 lp=0 grd=0) started on engine pid=18819,rank=0,slot=1
Auto thread command 2886 769.0.0 (w=0.0 aw=0.0 lp=0 grd=0) started on engine pid=18806,rank=1,slot=0
command 2895 771.0.0 ended on engine pid=18819,rank=0,slot=1
Auto thread command 2844 760.0.0 (w=0.0 aw=0.0 lp=0 grd=0) started on engine pid=18819,rank=0,slot=1
command 2886 769.0.0 ended on engine pid=18806,rank=1,slot=0
Auto thread command 2831 757.0.0 (w=0.0 aw=0.0 lp=0 grd=0) started on engine pid=18806,rank=1,slot=0
command 2844 760.0.0 ended on engine pid=18819,rank=0,slot=1
Auto thread command 2673 725.0.0 (w=0.0 aw=0.0 lp=0 grd=0) started on engine pid=18819,rank=0,slot=1
command 2831 757.0.0 ended on engine pid=18806,rank=1,slot=0
command 2673 725.0.0 ended on engine pid=18819,rank=0,slot=1
Auto thread command 2838 758.0.0 (w=0.0 aw=0.0 lp=0 grd=0) started on engine pid=18806,rank=1,slot=0
Auto thread command 2676 726.0.0 (w=0.0 aw=0.0 lp=0 grd=0) started on engine pid=18819,rank=0,slot=1
command 2838 758.0.0 ended on engine pid=18806,rank=1,slot=0
Auto thread command 2618 715.0.0 (w=0.0 aw=0.0 lp=0 grd=0) started on engine pid=18806,rank=1,slot=0
command 2676 726.0.0 ended on engine pid=18819,rank=0,slot=1
Auto thread command 2425 676.0.0 (w=0.0 aw=0.0 lp=0 grd=0) started on engine pid=18819,rank=0,slot=1
command 2618 715.0.0 ended on engine pid=18806,rank=1,slot=0
Auto thread command 2621 716.0.0 (w=0.0 aw=0.0 lp=0 grd=0) started on engine pid=18806,rank=1,slot=0
command 2425 676.0.0 ended on engine pid=18819,rank=0,slot=1
Auto thread command 2431 677.0.0 (w=0.0 aw=0.0 lp=0 grd=0) started on engine pid=18819,rank=0,slot=1
command 2621 716.0.0 ended on engine pid=18806,rank=1,slot=0
Auto thread command 2340 658.0.0 (w=0.0 aw=0.0 lp=0 grd=0) started on engine pid=18806,rank=1,slot=0
command 2431 677.0.0 ended on engine pid=18819,rank=0,slot=1
Auto thread command 2436 678.0.0 (w=0.0 aw=0.0 lp=0 grd=0) started on engine pid=18819,rank=0,slot=1
command 2340 658.0.0 ended on engine pid=18806,rank=1,slot=0
Auto thread command 2298 649.0.0 (w=0.0 aw=0.0 lp=0 grd=0) started on engine pid=18806,rank=1,slot=0
command 2436 678.0.0 ended on engine pid=18819,rank=0,slot=1
Auto thread command 2177 624.0.0 (w=0.0 aw=0.0 lp=0 grd=0) started on engine pid=18819,rank=0,slot=1
command 2298 649.0.0 ended on engine pid=18806,rank=1,slot=0
Auto thread command 1825 541.0.0 (w=0.0 aw=0.0 lp=0 grd=0) started on engine pid=18806,rank=1,slot=0
command 2177 624.0.0 ended on engine pid=18819,rank=0,slot=1
Auto thread command 2944 780.0.0 (w=0.0 aw=0.0 lp=0 grd=0) started on engine pid=18819,rank=0,slot=1
command 1825 541.0.0 ended on engine pid=18806,rank=1,slot=0
Auto thread command 1843 546.0.0 (w=0.0 aw=0.0 lp=0 grd=0) started on engine pid=18806,rank=1,slot=0
command 2944 780.0.0 ended on engine pid=18819,rank=0,slot=1
Auto thread command 2911 773.0.0 (w=0.0 aw=0.0 lp=0 grd=0) started on engine pid=18819,rank=0,slot=1
command 2911 773.0.0 ended on engine pid=18819,rank=0,slot=1
command 1843 546.0.0 ended on engine pid=18806,rank=1,slot=0
Auto thread command 2936 779.0.0 (w=0.0 aw=0.0 lp=0 grd=0) started on engine pid=18819,rank=0,slot=1
Auto thread command 1847 547.0.0 (w=0.0 aw=0.0 lp=0 grd=0) started on engine pid=18806,rank=1,slot=0
command 2936 779.0.0 ended on engine pid=18819,rank=0,slot=1
Auto thread command 2927 777.0.0 (w=0.0 aw=0.0 lp=0 grd=0) started on engine pid=18819,rank=0,slot=1
command 1847 547.0.0 ended on engine pid=18806,rank=1,slot=0
command 2927 777.0.0 ended on engine pid=18819,rank=0,slot=1
Auto thread command 2914 774.0.0 (w=0.0 aw=0.0 lp=0 grd=0) started on engine pid=18806,rank=1,slot=0
Auto thread command 2852 761.0.0 (w=0.0 aw=0.0 lp=0 grd=0) started on engine pid=18819,rank=0,slot=1
command 2852 761.0.0 ended on engine pid=18819,rank=0,slot=1
Auto thread command 2857 763.0.0 (w=0.0 aw=0.0 lp=0 grd=0) started on engine pid=18819,rank=0,slot=1
command 2914 774.0.0 ended on engine pid=18806,rank=1,slot=0
Auto thread command 2921 775.0.0 (w=0.0 aw=0.0 lp=0 grd=0) started on engine pid=18806,rank=1,slot=0
command 2857 763.0.0 ended on engine pid=18819,rank=0,slot=1
Auto thread command 2627 717.0.0 (w=0.0 aw=0.0 lp=0 grd=0) started on engine pid=18819,rank=0,slot=1
command 2921 775.0.0 ended on engine pid=18806,rank=1,slot=0
Auto thread command 2439 679.0.0 (w=0.0 aw=0.0 lp=0 grd=0) started on engine pid=18806,rank=1,slot=0
command 2439 679.0.0 ended on engine pid=18806,rank=1,slot=0
command 2627 717.0.0 ended on engine pid=18819,rank=0,slot=1
Auto thread command 2442 680.0.0 (w=0.0 aw=0.0 lp=0 grd=0) started on engine pid=18806,rank=1,slot=0
Auto thread command 1509 421.0.0 (w=0.0 aw=0.0 lp=0 grd=0) started on engine pid=18819,rank=0,slot=1
command 1509 421.0.0 ended on engine pid=18819,rank=0,slot=1
command 2442 680.0.0 ended on engine pid=18806,rank=1,slot=0
Auto thread command 2965 784.0.0 (w=0.0 aw=0.0 lp=0 grd=0) started on engine pid=18819,rank=0,slot=1
Auto thread command 2871 765.0.0 (w=0.0 aw=0.0 lp=0 grd=0) started on engine pid=18806,rank=1,slot=0
command 2871 765.0.0 ended on engine pid=18806,rank=1,slot=0
Auto thread command 2876 767.0.0 (w=0.0 aw=0.0 lp=0 grd=0) started on engine pid=18806,rank=1,slot=0
command 2965 784.0.0 ended on engine pid=18819,rank=0,slot=1
Auto thread command 2744 739.0.0 (w=0.0 aw=0.0 lp=0 grd=0) started on engine pid=18819,rank=0,slot=1
command 2876 767.0.0 ended on engine pid=18806,rank=1,slot=0
Auto thread command 2725 735.0.0 (w=0.0 aw=0.0 lp=0 grd=0) started on engine pid=18806,rank=1,slot=0
command 2744 739.0.0 ended on engine pid=18819,rank=0,slot=1
Auto thread command 2750 740.0.0 (w=0.0 aw=0.0 lp=0 grd=0) started on engine pid=18819,rank=0,slot=1
command 2725 735.0.0 ended on engine pid=18806,rank=1,slot=0
Auto thread command 2729 736.0.0 (w=0.0 aw=0.0 lp=0 grd=0) started on engine pid=18806,rank=1,slot=0
command 2729 736.0.0 ended on engine pid=18806,rank=1,slot=0
command 2750 740.0.0 ended on engine pid=18819,rank=0,slot=1
Auto thread command 2732 737.0.0 (w=0.0 aw=0.0 lp=0 grd=0) started on engine pid=18806,rank=1,slot=0
Auto thread command 2125 614.0.0 (w=0.0 aw=0.0 lp=0 grd=0) started on engine pid=18819,rank=0,slot=1
command 2125 614.0.0 ended on engine pid=18819,rank=0,slot=1
command 2732 737.0.0 ended on engine pid=18806,rank=1,slot=0
Auto thread command 2128 615.0.0 (w=0.0 aw=0.0 lp=0 grd=0) started on engine pid=18819,rank=0,slot=1
Auto thread command 2737 738.0.0 (w=0.0 aw=0.0 lp=0 grd=0) started on engine pid=18806,rank=1,slot=0
command 2128 615.0.0 ended on engine pid=18819,rank=0,slot=1
command 2737 738.0.0 ended on engine pid=18806,rank=1,slot=0
Auto thread command 2684 727.0.0 (w=0.0 aw=0.0 lp=0 grd=0) started on engine pid=18819,rank=0,slot=1
Auto thread command 2134 616.0.0 (w=0.0 aw=0.0 lp=0 grd=0) started on engine pid=18806,rank=1,slot=0
command 2684 727.0.0 ended on engine pid=18819,rank=0,slot=1
Auto thread command 2690 729.0.0 (w=0.0 aw=0.0 lp=0 grd=0) started on engine pid=18819,rank=0,slot=1
command 2134 616.0.0 ended on engine pid=18806,rank=1,slot=0
Auto thread command 2119 613.0.0 (w=0.0 aw=0.0 lp=0 grd=0) started on engine pid=18806,rank=1,slot=0
command 2690 729.0.0 ended on engine pid=18819,rank=0,slot=1
command 2119 613.0.0 ended on engine pid=18806,rank=1,slot=0
Auto thread command 2106 610.0.0 (w=0.0 aw=0.0 lp=0 grd=0) started on engine pid=18819,rank=0,slot=1
Auto thread command 2095 608.0.0 (w=0.0 aw=0.0 lp=0 grd=0) started on engine pid=18806,rank=1,slot=0
command 2106 610.0.0 ended on engine pid=18819,rank=0,slot=1
command 2095 608.0.0 ended on engine pid=18806,rank=1,slot=0
Auto thread command 2080 605.0.0 (w=0.0 aw=0.0 lp=0 grd=0) started on engine pid=18819,rank=0,slot=1
Auto thread command 2098 609.0.0 (w=0.0 aw=0.0 lp=0 grd=0) started on engine pid=18806,rank=1,slot=0
command 2080 605.0.0 ended on engine pid=18819,rank=0,slot=1
Auto thread command 2084 606.0.0 (w=0.0 aw=0.0 lp=0 grd=0) started on engine pid=18819,rank=0,slot=1
command 2098 609.0.0 ended on engine pid=18806,rank=1,slot=0
Auto thread command 2070 603.0.0 (w=0.0 aw=0.0 lp=0 grd=0) started on engine pid=18806,rank=1,slot=0
command 2084 606.0.0 ended on engine pid=18819,rank=0,slot=1
command 2070 603.0.0 ended on engine pid=18806,rank=1,slot=0
Auto thread command 2087 607.0.0 (w=0.0 aw=0.0 lp=0 grd=0) started on engine pid=18819,rank=0,slot=1
Auto thread command 2073 604.0.0 (w=0.0 aw=0.0 lp=0 grd=0) started on engine pid=18806,rank=1,slot=0
command 2087 607.0.0 ended on engine pid=18819,rank=0,slot=1
Auto thread command 2059 601.0.0 (w=0.0 aw=0.0 lp=0 grd=0) started on engine pid=18819,rank=0,slot=1
command 2073 604.0.0 ended on engine pid=18806,rank=1,slot=0
Auto thread command 2049 599.0.0 (w=0.0 aw=0.0 lp=0 grd=0) started on engine pid=18806,rank=1,slot=0
command 2059 601.0.0 ended on engine pid=18819,rank=0,slot=1
command 2049 599.0.0 ended on engine pid=18806,rank=1,slot=0
Auto thread command 2062 602.0.0 (w=0.0 aw=0.0 lp=0 grd=0) started on engine pid=18819,rank=0,slot=1
Auto thread command 2052 600.0.0 (w=0.0 aw=0.0 lp=0 grd=0) started on engine pid=18806,rank=1,slot=0
command 2062 602.0.0 ended on engine pid=18819,rank=0,slot=1
Auto thread command 2033 595.0.0 (w=0.0 aw=0.0 lp=0 grd=0) started on engine pid=18819,rank=0,slot=1
command 2052 600.0.0 ended on engine pid=18806,rank=1,slot=0
Auto thread command 2026 593.0.0 (w=0.0 aw=0.0 lp=0 grd=0) started on engine pid=18806,rank=1,slot=0
command 2033 595.0.0 ended on engine pid=18819,rank=0,slot=1
Auto thread command 1828 542.0.0 (w=0.0 aw=0.0 lp=0 grd=0) started on engine pid=18819,rank=0,slot=1
command 2026 593.0.0 ended on engine pid=18806,rank=1,slot=0
Auto thread command 1493 417.0.0 (w=0.0 aw=0.0 lp=0 grd=0) started on engine pid=18806,rank=1,slot=0
command 1828 542.0.0 ended on engine pid=18819,rank=0,slot=1
command 1493 417.0.0 ended on engine pid=18806,rank=1,slot=0
Auto thread command 1836 544.0.0 (w=0.0 aw=0.0 lp=0 grd=0) started on engine pid=18819,rank=0,slot=1
Auto thread command 2180 625.0.0 (w=0.0 aw=0.0 lp=0 grd=0) started on engine pid=18806,rank=1,slot=0
command 2180 625.0.0 ended on engine pid=18806,rank=1,slot=0
command 1836 544.0.0 ended on engine pid=18819,rank=0,slot=1
Auto thread command 2183 626.0.0 (w=0.0 aw=0.0 lp=0 grd=0) started on engine pid=18806,rank=1,slot=0
Auto thread command 2171 623.0.0 (w=0.0 aw=0.0 lp=0 grd=0) started on engine pid=18819,rank=0,slot=1
command 2171 623.0.0 ended on engine pid=18819,rank=0,slot=1
Auto thread command 2168 622.0.0 (w=0.0 aw=0.0 lp=0 grd=0) started on engine pid=18819,rank=0,slot=1
command 2183 626.0.0 ended on engine pid=18806,rank=1,slot=0
Auto thread command 2158 620.0.0 (w=0.0 aw=0.0 lp=0 grd=0) started on engine pid=18806,rank=1,slot=0
command 2168 622.0.0 ended on engine pid=18819,rank=0,slot=1
command 2158 620.0.0 ended on engine pid=18806,rank=1,slot=0
Auto thread command 2148 618.0.0 (w=0.0 aw=0.0 lp=0 grd=0) started on engine pid=18819,rank=0,slot=1
command 2148 618.0.0 ended on engine pid=18819,rank=0,slot=1
Auto thread command 2161 621.0.0 (w=0.0 aw=0.0 lp=0 grd=0) started on engine pid=18806,rank=1,slot=0
Auto thread command 2151 619.0.0 (w=0.0 aw=0.0 lp=0 grd=0) started on engine pid=18819,rank=0,slot=1
command 2161 621.0.0 ended on engine pid=18806,rank=1,slot=0
Auto thread command 1832 543.0.0 (w=0.0 aw=0.0 lp=0 grd=0) started on engine pid=18806,rank=1,slot=0
command 2151 619.0.0 ended on engine pid=18819,rank=0,slot=1
Auto thread command 1477 413.0.0 (w=0.0 aw=0.0 lp=0 grd=0) started on engine pid=18819,rank=0,slot=1
command 1477 413.0.0 ended on engine pid=18819,rank=0,slot=1
command 1832 543.0.0 ended on engine pid=18806,rank=1,slot=0
Auto thread command 2307 651.0.0 (w=0.0 aw=0.0 lp=0 grd=0) started on engine pid=18819,rank=0,slot=1
Auto thread command 1840 545.0.0 (w=0.0 aw=0.0 lp=0 grd=0) started on engine pid=18806,rank=1,slot=0
command 1840 545.0.0 ended on engine pid=18806,rank=1,slot=0
command 2307 651.0.0 ended on engine pid=18819,rank=0,slot=1
Auto thread command 2301 650.0.0 (w=0.0 aw=0.0 lp=0 grd=0) started on engine pid=18806,rank=1,slot=0
Auto thread command 2290 648.0.0 (w=0.0 aw=0.0 lp=0 grd=0) started on engine pid=18819,rank=0,slot=1
command 2290 648.0.0 ended on engine pid=18819,rank=0,slot=1
Auto thread command 2266 643.0.0 (w=0.0 aw=0.0 lp=0 grd=0) started on engine pid=18819,rank=0,slot=1
command 2301 650.0.0 ended on engine pid=18806,rank=1,slot=0
Auto thread command 2262 642.0.0 (w=0.0 aw=0.0 lp=0 grd=0) started on engine pid=18806,rank=1,slot=0
command 2266 643.0.0 ended on engine pid=18819,rank=0,slot=1
Auto thread command 2224 634.0.0 (w=0.0 aw=0.0 lp=0 grd=0) started on engine pid=18819,rank=0,slot=1
command 2262 642.0.0 ended on engine pid=18806,rank=1,slot=0
command 2224 634.0.0 ended on engine pid=18819,rank=0,slot=1
Auto thread command 2227 635.0.0 (w=0.0 aw=0.0 lp=0 grd=0) started on engine pid=18819,rank=0,slot=1
Auto thread command 2197 628.0.0 (w=0.0 aw=0.0 lp=0 grd=0) started on engine pid=18806,rank=1,slot=0
command 2197 628.0.0 ended on engine pid=18806,rank=1,slot=0
command 2227 635.0.0 ended on engine pid=18819,rank=0,slot=1
Auto thread command 2282 647.0.0 (w=0.0 aw=0.0 lp=0 grd=0) started on engine pid=18806,rank=1,slot=0
Auto thread command 2272 645.0.0 (w=0.0 aw=0.0 lp=0 grd=0) started on engine pid=18819,rank=0,slot=1
command 2282 647.0.0 ended on engine pid=18806,rank=1,slot=0
Auto thread command 2213 632.0.0 (w=0.0 aw=0.0 lp=0 grd=0) started on engine pid=18806,rank=1,slot=0
command 2272 645.0.0 ended on engine pid=18819,rank=0,slot=1
Auto thread command 2200 629.0.0 (w=0.0 aw=0.0 lp=0 grd=0) started on engine pid=18819,rank=0,slot=1
command 2213 632.0.0 ended on engine pid=18806,rank=1,slot=0
Auto thread command 2220 633.0.0 (w=0.0 aw=0.0 lp=0 grd=0) started on engine pid=18806,rank=1,slot=0
command 2200 629.0.0 ended on engine pid=18819,rank=0,slot=1
Auto thread command 2207 630.0.0 (w=0.0 aw=0.0 lp=0 grd=0) started on engine pid=18819,rank=0,slot=1
command 2220 633.0.0 ended on engine pid=18806,rank=1,slot=0
Auto thread command 2191 627.0.0 (w=0.0 aw=0.0 lp=0 grd=0) started on engine pid=18806,rank=1,slot=0
command 2207 630.0.0 ended on engine pid=18819,rank=0,slot=1
Auto thread command 1461 409.0.0 (w=0.0 aw=0.0 lp=0 grd=0) started on engine pid=18819,rank=0,slot=1
command 2191 627.0.0 ended on engine pid=18806,rank=1,slot=0
command 1461 409.0.0 ended on engine pid=18819,rank=0,slot=1
Auto thread command 3584 981.0.0 (w=0.0 aw=0.0 lp=0 grd=0) started on engine pid=18806,rank=1,slot=0
command 3584 981.0.0 ended on engine pid=18806,rank=1,slot=0
Auto thread command 2233 636.0.0 (w=0.0 aw=0.0 lp=0 grd=0) started on engine pid=18819,rank=0,slot=1
command 2233 636.0.0 ended on engine pid=18819,rank=0,slot=1
Auto thread command 3984 1116.0.0 (w=0.0 aw=0.0 lp=0 grd=0) started on engine pid=18806,rank=1,slot=0
Auto thread command 2236 637.0.0 (w=0.0 aw=0.0 lp=0 grd=0) started on engine pid=18819,rank=0,slot=1
command 2236 637.0.0 ended on engine pid=18819,rank=0,slot=1
Auto thread command 2242 638.0.0 (w=0.0 aw=0.0 lp=0 grd=0) started on engine pid=18819,rank=0,slot=1
command 2242 638.0.0 ended on engine pid=18819,rank=0,slot=1
Auto thread command 3799 1054.0.0 (w=0.0 aw=0.0 lp=0 grd=0) started on engine pid=18819,rank=0,slot=1
command 3984 1116.0.0 ended on engine pid=18806,rank=1,slot=0
Auto thread command 3609 990.0.0 (w=0.0 aw=0.0 lp=0 grd=0) started on engine pid=18806,rank=1,slot=0
command 3799 1054.0.0 ended on engine pid=18819,rank=0,slot=1
Auto thread command 1933 575.0.0 (w=0.0 aw=0.0 lp=0 grd=0) started on engine pid=18819,rank=0,slot=1
command 3609 990.0.0 ended on engine pid=18806,rank=1,slot=0
command 1933 575.0.0 ended on engine pid=18819,rank=0,slot=1
Auto thread command 1899 568.0.0 (w=0.0 aw=0.0 lp=0 grd=0) started on engine pid=18819,rank=0,slot=1
Auto thread command 1887 564.0.0 (w=0.0 aw=0.0 lp=0 grd=0) started on engine pid=18806,rank=1,slot=0
command 1899 568.0.0 ended on engine pid=18819,rank=0,slot=1
command 1887 564.0.0 ended on engine pid=18806,rank=1,slot=0
Auto thread command 2111 612.0.0 (w=0.0 aw=0.0 lp=0 grd=0) started on engine pid=18819,rank=0,slot=1
Auto thread command 1891 565.0.0 (w=0.0 aw=0.0 lp=0 grd=0) started on engine pid=18806,rank=1,slot=0
command 2111 612.0.0 ended on engine pid=18819,rank=0,slot=1
command 1891 565.0.0 ended on engine pid=18806,rank=1,slot=0
Auto thread command 1925 574.0.0 (w=0.0 aw=0.0 lp=0 grd=0) started on engine pid=18819,rank=0,slot=1
command 1925 574.0.0 ended on engine pid=18819,rank=0,slot=1
Auto thread command 1895 566.0.0 (w=0.0 aw=0.0 lp=0 grd=0) started on engine pid=18806,rank=1,slot=0
Auto thread command 1915 572.0.0 (w=0.0 aw=0.0 lp=0 grd=0) started on engine pid=18819,rank=0,slot=1
command 1915 572.0.0 ended on engine pid=18819,rank=0,slot=1
Auto thread command 1902 569.0.0 (w=0.0 aw=0.0 lp=0 grd=0) started on engine pid=18819,rank=0,slot=1
command 1902 569.0.0 ended on engine pid=18819,rank=0,slot=1
Auto thread command 1909 570.0.0 (w=0.0 aw=0.0 lp=0 grd=0) started on engine pid=18819,rank=0,slot=1
command 1909 570.0.0 ended on engine pid=18819,rank=0,slot=1
Auto thread command 0 0 (w=0.0 aw=0.0 lp=0 grd=0) started on engine pid=18819,rank=0,slot=1
command 0 0 ended on engine pid=18819,rank=0,slot=1
command 1895 566.0.0 ended on engine pid=18806,rank=1,slot=0
Auto thread command 4085 1119.0.0 (w=0.0 aw=0.0 lp=0 grd=0) started on engine pid=18819,rank=0,slot=1
Auto thread command 1897 567.0.0 (w=0.0 aw=0.0 lp=0 grd=0) started on engine pid=18806,rank=1,slot=0
command 1897 567.0.0 ended on engine pid=18806,rank=1,slot=0
Auto thread command 2903 772.0.0 (w=0.0 aw=0.0 lp=0 grd=0) started on engine pid=18806,rank=1,slot=0
command 2903 772.0.0 ended on engine pid=18806,rank=1,slot=0
Auto thread command 2610 714.0.0 (w=0.0 aw=0.0 lp=0 grd=0) started on engine pid=18806,rank=1,slot=0
command 2610 714.0.0 ended on engine pid=18806,rank=1,slot=0
Auto thread command 2602 713.0.0 (w=0.0 aw=0.0 lp=0 grd=0) started on engine pid=18806,rank=1,slot=0
command 4085 1119.0.0 ended on engine pid=18819,rank=0,slot=1
command 2602 713.0.0 ended on engine pid=18806,rank=1,slot=0
Auto thread command 2392 669.0.0 (w=0.0 aw=0.0 lp=0 grd=0) started on engine pid=18819,rank=0,slot=1
Auto thread command 0 0 (w=0.0 aw=0.0 lp=0 grd=0) started on engine pid=18806,rank=1,slot=0
command 0 0 ended on engine pid=18806,rank=1,slot=0
command 2392 669.0.0 ended on engine pid=18819,rank=0,slot=1
Auto thread command 4092 1121.0.0 (w=0.0 aw=0.0 lp=0 grd=0) started on engine pid=18819,rank=0,slot=1
Auto thread command 4092 1121.0.0 (w=0.0 aw=0.0 lp=0 grd=0) started on engine pid=18806,rank=1,slot=0
command 4092 1121.0.0 ended on engine pid=18819,rank=0,slot=1
command 4092 1121.0.0 ended on engine pid=18806,rank=1,slot=0
Auto thread command 4093 1122.0.0 (w=0.0 aw=0.0 lp=0 grd=0) started on engine pid=18819,rank=0,slot=1
command 4093 1122.0.0 ended on engine pid=18819,rank=0,slot=1
Auto thread command 4095 1123.0.0 (w=0.0 aw=0.0 lp=0 grd=0) started on engine pid=18819,rank=0,slot=1
Auto thread command 4095 1123.0.0 (w=0.0 aw=0.0 lp=0 grd=0) started on engine pid=18806,rank=1,slot=0
command 4095 1123.0.0 ended on engine pid=18819,rank=0,slot=1
command 4095 1123.0.0 ended on engine pid=18806,rank=1,slot=0
Auto thread command 26 10.0 (w=0.0 aw=0.0 lp=0 grd=0) started on engine pid=18806,rank=1,slot=0
Auto thread command 26 10.0 (w=0.0 aw=0.0 lp=0 grd=0) started on engine pid=18819,rank=0,slot=1
  Descriptor 21 hang up
Removing fd 21 from connection catalog
Closing socket 21
  Descriptor 24 hang up
Removing fd 24 from connection catalog
Closing socket 24
  Descriptor 20 hang up
Cannot identify connection with fd 20. No engine to shutdown.
Closing socket 20
  Descriptor 23 hang up
Cannot identify connection with fd 23. No engine to shutdown.
Closing socket 23
Reported thread stats of engine 0, 1 to dp memory manager
[3.001074s] usr=0.01s, sys=0.04s
Received msg 66 from parent process.
JudicatorDaemon terminated.
Closing socket 18
Closing socket 19
[JudicatorDaemon] exits
