3160:02 May 16:34:55.667 : Launched Redis process 3161 on port 36118. Attempting to connect...
3161:C 02 May 2022 16:34:55.675 # oO0OoO0OoO0Oo Redis is starting oO0OoO0OoO0Oo
3161:C 02 May 2022 16:34:55.675 # Redis version=6.0.9, bits=64, commit=00000000, modified=0, pid=3161, just started
3161:C 02 May 2022 16:34:55.675 # Configuration loaded
3161:M 02 May 2022 16:34:55.676 # You requested maxclients of 10000 requiring at least 10032 max file descriptors.
3161:M 02 May 2022 16:34:55.676 # Server can't set maximum open files to 10032 because of OS error: Operation not permitted.
3161:M 02 May 2022 16:34:55.676 # Current maximum open files is 4096. maxclients has been reduced to 4064 to compensate for low ulimit. If you need higher maxclients increase 'ulimit -n'.
3161:M 02 May 2022 16:34:55.676 * Running mode=standalone, port=36118.
3161:M 02 May 2022 16:34:55.676 # WARNING: The TCP backlog setting of 511 cannot be enforced because /proc/sys/net/core/somaxconn is set to the lower value of 128.
3161:M 02 May 2022 16:34:55.676 # Server initialized
3161:M 02 May 2022 16:34:55.676 # WARNING overcommit_memory is set to 0! Background save may fail under low memory condition. To fix this issue add 'vm.overcommit_memory = 1' to /etc/sysctl.conf and then reboot or run the command 'sysctl vm.overcommit_memory=1' for this to take effect.
3161:M 02 May 2022 16:34:55.676 # WARNING you have Transparent Huge Pages (THP) support enabled in your kernel. This will create latency and memory usage issues with Redis. To fix this issue run the command 'echo madvise > /sys/kernel/mm/transparent_hugepage/enabled' as root, and add it to your /etc/rc.local in order to retain the setting after a reboot. Redis must be restarted after THP is disabled (set to 'madvise' or 'never').
3161:M 02 May 2022 16:34:55.677 * Ready to accept connections
3160:02 May 16:34:55.678 : Successfully connected to Redis at 127.0.0.1:36118
3160:02 May 16:34:55.687 : Successfully connected to local Redis instance at grendel32.ece.ncsu.edu:36118
3166:02 May 16:35:03.090 : [02 May 16:34:55.709] Service 'cluster' registered on grendel32.ece.ncsu.edu:42262
3167:02 May 16:35:03.090 : [02 May 16:34:55.709] Service 'lock_manager' registered on grendel32.ece.ncsu.edu:37713
3169:02 May 16:35:03.090 : [02 May 16:34:55.714] Service 'memory_manager' registered on grendel32.ece.ncsu.edu:45586
3170:02 May 16:35:03.090 : [02 May 16:34:55.715] Service 'cleanup' registered on grendel32.ece.ncsu.edu:36769
3168:02 May 16:35:03.090 : [02 May 16:34:55.753] Service 'hdb' registered on grendel32.ece.ncsu.edu:44996
3185:02 May 16:35:03.090 : [02 May 16:34:57.962] Service 'license_manager' registered on grendel32.ece.ncsu.edu:57992
3151:02 May 16:35:03.090 : [02 May 16:34:58.227] Service 'add_host' registered on grendel32.ece.ncsu.edu:48824
3205:02 May 16:35:03.090 : [02 May 16:34:58.232] Per-host service 'worker_pool' registered on grendel32.ece.ncsu.edu:57669
3205:02 May 16:35:03.090 : [02 May 16:34:58.237] Per-host service 'host_stats' registered on grendel32.ece.ncsu.edu:51459
3167:02 May 16:35:03.090 : [02 May 16:35:03.004] Removing service 'service:lock_manager'
3166:02 May 16:35:03.090 : [02 May 16:35:03.004] Removing service 'service:cluster'
3168:02 May 16:35:03.090 : [02 May 16:35:03.004] Removing service 'service:hdb'
3169:02 May 16:35:03.091 : [02 May 16:35:03.004] Removing service 'service:memory_manager'
3185:02 May 16:35:03.091 : [02 May 16:35:03.008] Removing service 'service:license_manager'
3205:02 May 16:35:03.091 : [02 May 16:35:03.008] Removing service 'service:worker_pool:grendel32.ece.ncsu.edu'
3205:02 May 16:35:03.091 : [02 May 16:35:03.008] Removing service 'service:host_stats:grendel32.ece.ncsu.edu'
3151:02 May 16:35:03.091 : [02 May 16:35:03.048] Removing service 'service:add_host'
3160:02 May 16:35:03.091 : Parent died. Exiting.
3161:M 02 May 2022 16:35:03.091 # User requested shutdown...
3161:M 02 May 2022 16:35:03.091 # Redis is now ready to exit, bye bye...
