*****************************************************************************
Tool:		exportStream        S-2021.09
*****************************************************************************
Running: exportStream -logFile /afs/unity.ncsu.edu/users/z/zwmurray/ece546/proj_working/synopsys_custom/and_2.icv.lvs/and_2.exportStream.log -lib mylib -libDefFile /afs/unity.ncsu.edu/users/z/zwmurray/ece546/proj_working/lib.defs -cell "and_2" -hierDepth 256 -view "layout" -referenceMap /afs/unity.ncsu.edu/users/z/zwmurray/ece546/proj_working/synopsys_custom/and_2.icv.lvs/and_2.custom_compiler.xml -keepPcells -keepVias -keepAbuts -useTechLayerMap -useTechObjectMap -textHeight matchOABBox -gds /afs/unity.ncsu.edu/users/z/zwmurray/ece546/proj_working/synopsys_custom/and_2.icv.lvs/and_2.custom_compiler.gds -colorMapping honor
Started: Mon May  2 16:35:48 2022 (Hostname: grendel32.ece.ncsu.edu)
Reading layer map /afs/eos.ncsu.edu/lockers/research/ece/wdavis/tech/FreePDK3/syncust/NCSU_TechLib_FreePDK3/NCSU_TechLib_FreePDK3.layermap

INFO: (EXPORT_STREAM-80033): Translating design NCSU_TechLib_FreePDK3/pmos/layout as "pmos".
INFO: (EXPORT_STREAM-80033): Translating design NCSU_TechLib_FreePDK3/nmos/layout as "nmos".
INFO: (EXPORT_STREAM-80033): Translating design NCSU_TechLib_FreePDK3/GATE_M0B/layout as "GATE_M0B".
INFO: (EXPORT_STREAM-80033): Translating design NCSU_TechLib_FreePDK3/M0A_M0B/layout as "M0A_M0B".
INFO: (EXPORT_STREAM-80033): Translating design NCSU_TechLib_FreePDK3/M0B_M1/layout as "M0B_M1".
INFO: (EXPORT_STREAM-80033): Translating design NCSU_TechLib_FreePDK3/BPR_M0A/layout as "BPR_M0A".
INFO: (EXPORT_STREAM-80033): Translating design mylib/and_2/layout as "and_2".

Primary Cell(s):
	1.and_2

Cell Statistics:
	CellName  Rectangles  Polygons    Paths       PathSegs    Labels      Instances   Arrays      Nodes       
	BPR_M0A   3           0           0           0           0           0           0           0           
	GATE_M0B  3           0           0           0           0           0           0           0           
	M0A_M0B   3           0           0           0           0           0           0           0           
	M0B_M1    3           0           0           0           0           0           0           0           
	and_2     43          0           0           0           5           28          0           0           
	nmos      7           0           0           0           0           0           0           0           
	pmos      8           0           0           0           0           0           0           0           

Layer Statistics:
	Layer       Purpose  StreamLayer     StreamDataType  Rectangles  Polygons    Paths       PathSegs    Labels      Nodes       
	BPR         drawing  0               0               5           0           0           0           2           0
	M1          drawing  14              0               3           0           0           0           0           0
	V0A         drawing  10              0               1           0           0           0           0           0
	M0B         drawing  12              0               9           0           0           0           3           0
	GCON        drawing  11              0               1           0           0           0           0           0
	V0B         drawing  13              0               1           0           0           0           0           0
	NIM         drawing  7               0               2           0           0           0           0           0
	DUMMY       drawing  6               0               13          0           0           0           0           0
	NW          drawing  2               0               2           0           0           0           0           0
	PIM         drawing  8               0               2           0           0           0           0           0
	M0A         drawing  9               0               17          0           0           0           0           0
	ACT         drawing  3               0               3           0           0           0           0           0
	VBPR        drawing  1               0               1           0           0           0           0           0
	GATE        drawing  4               0               10          0           0           0           0           0

Summary of Objects:
	Scalar Instances:             28
	Array Instances:              0
	Vector Instances:             0
	Vector Instance Bits:         0
	Polygons:                     0
	Paths:                        0
	Rectangles:                   70
	Lines:                        0
	Arcs:                         0
	Donuts:                       0
	Dots:                         0
	Ellipses:                     0
	Blockages:                    0
	Boundaries:                   0
	Routes:                       0
	Text:                         0
	Text Displays:                
	  PropDisplay:                0
	  AttrDisplay:                5
	  TextOverride:               0
	PathSeg:                      0
	StdVia:                       0
	CustomVia:                    0
	Cells:                        7


Finished:     exportStream
Time Elapsed: 0.85 seconds
CPU Time:     0.706366 seconds
System Time:  0.08892 seconds
Peak VM:      12705792 bytes
Messages:     0 error, 0 warning
